2018-07-26T13:42:36.726Z - [32minfo[39m: Handler Setup - Registering {"type":"position","enabled":true,"fspList":["dfsp1"]}!
2018-07-26T13:42:36.772Z - [32minfo[39m: Handler Setup - Registering {"type":"position","enabled":true,"fspList":["dfsp2"]}!
2018-07-26T13:42:36.806Z - [32minfo[39m: Handler Setup - Registering {"type":"fulfil","enabled":true}!
2018-07-26T13:42:36.838Z - [32minfo[39m: Handler Setup - Registering {"type":"transfer","enabled":true}!
2018-07-26T13:42:36.863Z - [32minfo[39m: Handler Setup - Registering {"type":"prepare","enabled":true,"fspList":["dfsp1"]}!
2018-07-26T13:42:36.865Z - [32minfo[39m: Registering prepareHandler for Participant: dfsp1
2018-07-26T13:42:36.887Z - [32minfo[39m: node-rdkafka v0.11.4 ready - {"name":"position-prepare#consumer-1"}
2018-07-26T13:42:36.888Z - [32minfo[39m: start[1532612556775] time[112] tag[metricConsumerConnectProcessingTime]
2018-07-26T13:42:36.890Z - [32minfo[39m: CreateHandle::connect successful topic: topic-dfsp2-position-prepare
2018-07-26T13:42:36.891Z - [32minfo[39m: start[1532612556891] time[0] tag[metricConsumeRecursiveProcessingTime]
2018-07-26T13:42:36.892Z - [32minfo[39m: Handler Setup - Registering {"type":"prepare","enabled":true,"fspList":["dfsp2"]}!
2018-07-26T13:42:36.892Z - [32minfo[39m: start[1532612556890] time[1] tag[metricConsumeProcessingTime]
2018-07-26T13:42:36.893Z - [32minfo[39m: Registering prepareHandler for Participant: dfsp2
2018-07-26T13:42:36.893Z - [32minfo[39m: start[1532612556773] time[120] tag[metricCenLedgerCreatePositionHandlers]
2018-07-26T13:42:36.893Z - [32minfo[39m: start[1532612556773] time[120] tag[metricCenLedgerRegisterPositionHandlers]
2018-07-26T13:42:36.893Z - [32minfo[39m: start[1532612556775] time[117] tag[metricCenLedgerCreateHandler]
2018-07-26T13:42:36.915Z - [32minfo[39m: node-rdkafka v0.11.4 ready - {"name":"topic-transfer-fulfil#consumer-1"}
2018-07-26T13:42:36.916Z - [32minfo[39m: start[1532612556810] time[105] tag[metricConsumerConnectProcessingTime]
2018-07-26T13:42:36.917Z - [32minfo[39m: CreateHandle::connect successful topic: topic-transfer-fulfil
2018-07-26T13:42:36.919Z - [32minfo[39m: start[1532612556918] time[0] tag[metricConsumeRecursiveProcessingTime]
2018-07-26T13:42:36.919Z - [32minfo[39m: start[1532612556918] time[1] tag[metricConsumeProcessingTime]
2018-07-26T13:42:36.920Z - [32minfo[39m: start[1532612556808] time[112] tag[metricCenLedgerCreateFulfilHandler]
2018-07-26T13:42:36.920Z - [32minfo[39m: start[1532612556810] time[110] tag[metricCenLedgerCreateHandler]
2018-07-26T13:42:36.952Z - [32minfo[39m: node-rdkafka v0.11.4 ready - {"name":"position-prepare#consumer-1"}
2018-07-26T13:42:36.953Z - [32minfo[39m: start[1532612556732] time[221] tag[metricConsumerConnectProcessingTime]
2018-07-26T13:42:36.956Z - [32minfo[39m: CreateHandle::connect successful topic: topic-dfsp1-position-prepare
2018-07-26T13:42:36.958Z - [32minfo[39m: start[1532612556957] time[1] tag[metricConsumeProcessingTime]
2018-07-26T13:42:36.958Z - [32minfo[39m: start[1532612556958] time[0] tag[metricConsumeRecursiveProcessingTime]
2018-07-26T13:42:36.960Z - [32minfo[39m: start[1532612556728] time[232] tag[metricCenLedgerCreatePositionHandlers]
2018-07-26T13:42:36.960Z - [32minfo[39m: start[1532612556728] time[232] tag[metricCenLedgerRegisterPositionHandlers]
2018-07-26T13:42:36.960Z - [32minfo[39m: start[1532612556731] time[229] tag[metricCenLedgerCreateHandler]
2018-07-26T13:42:37.050Z - [32minfo[39m: node-rdkafka v0.11.4 ready - {"name":"topic-transfer-transfer#consumer-1"}
2018-07-26T13:42:37.052Z - [32minfo[39m: start[1532612556844] time[207] tag[metricConsumerConnectProcessingTime]
2018-07-26T13:42:37.054Z - [32minfo[39m: CreateHandle::connect successful topic: topic-transfer-transfer
2018-07-26T13:42:37.055Z - [32minfo[39m: start[1532612557054] time[1] tag[metricConsumeProcessingTime]
2018-07-26T13:42:37.055Z - [32minfo[39m: start[1532612557055] time[0] tag[metricConsumeRecursiveProcessingTime]
2018-07-26T13:42:37.056Z - [32minfo[39m: start[1532612556840] time[216] tag[metricCenLedgerCreateTransferHandler]
2018-07-26T13:42:37.056Z - [32minfo[39m: start[1532612556844] time[212] tag[metricCenLedgerCreateHandler]
2018-07-26T13:42:37.076Z - [32minfo[39m: node-rdkafka v0.11.4 ready - {"name":"topic-dfsp1-transfer-prepare#consumer-1"}
2018-07-26T13:42:37.077Z - [32minfo[39m: start[1532612556870] time[207] tag[metricConsumerConnectProcessingTime]
2018-07-26T13:42:37.080Z - [32minfo[39m: CreateHandle::connect successful topic: topic-dfsp1-transfer-prepare
2018-07-26T13:42:37.082Z - [32minfo[39m: start[1532612557080] time[2] tag[metricConsumeProcessingTime]
2018-07-26T13:42:37.082Z - [32minfo[39m: start[1532612557081] time[0] tag[metricConsumeRecursiveProcessingTime]
2018-07-26T13:42:37.083Z - [32minfo[39m: start[1532612556865] time[218] tag[metricCenLedgerCreatePrepareHandler]
2018-07-26T13:42:37.083Z - [32minfo[39m: start[1532612556865] time[218] tag[metricCenLedgerCreatePrepareHandler]
2018-07-26T13:42:37.083Z - [32minfo[39m: start[1532612556870] time[213] tag[metricCenLedgerCreateHandler]
2018-07-26T13:42:37.101Z - [32minfo[39m: node-rdkafka v0.11.4 ready - {"name":"topic-dfsp2-transfer-prepare#consumer-1"}
2018-07-26T13:42:37.102Z - [32minfo[39m: start[1532612556896] time[206] tag[metricConsumerConnectProcessingTime]
2018-07-26T13:42:37.104Z - [32minfo[39m: CreateHandle::connect successful topic: topic-dfsp2-transfer-prepare
2018-07-26T13:42:37.106Z - [32minfo[39m: start[1532612557104] time[2] tag[metricConsumeProcessingTime]
2018-07-26T13:42:37.106Z - [32minfo[39m: start[1532612557105] time[0] tag[metricConsumeRecursiveProcessingTime]
2018-07-26T13:42:37.107Z - [32minfo[39m: start[1532612556893] time[214] tag[metricCenLedgerCreatePrepareHandler]
2018-07-26T13:42:37.107Z - [32minfo[39m: start[1532612556893] time[214] tag[metricCenLedgerCreatePrepareHandler]
2018-07-26T13:42:37.107Z - [32minfo[39m: start[1532612556896] time[211] tag[metricCenLedgerCreateHandler]
2018-07-26T13:42:37.992Z - [32minfo[39m: start[1532612557992] time[0] tag[metricConsumeRecursiveProcessingTime]
2018-07-26T13:42:38.018Z - [32minfo[39m: start[1532612558018] time[0] tag[metricConsumeRecursiveProcessingTime]
2018-07-26T13:42:38.062Z - [32minfo[39m: start[1532612558062] time[0] tag[metricConsumeRecursiveProcessingTime]
2018-07-26T13:42:38.156Z - [32minfo[39m: start[1532612558156] time[0] tag[metricConsumeRecursiveProcessingTime]
2018-07-26T13:42:38.182Z - [32minfo[39m: start[1532612558182] time[0] tag[metricConsumeRecursiveProcessingTime]
2018-07-26T13:42:38.206Z - [32minfo[39m: start[1532612558206] time[0] tag[metricConsumeRecursiveProcessingTime]
2018-07-26T13:42:39.252Z - [32minfo[39m: start[1532612559252] time[0] tag[metricConsumeRecursiveProcessingTime]
2018-07-26T13:42:39.259Z - [32minfo[39m: start[1532612559259] time[0] tag[metricConsumeRecursiveProcessingTime]
2018-07-26T13:42:39.261Z - [32minfo[39m: start[1532612559261] time[0] tag[metricConsumeRecursiveProcessingTime]
2018-07-26T13:42:39.263Z - [32minfo[39m: start[1532612559263] time[0] tag[metricConsumeRecursiveProcessingTime]
2018-07-26T13:42:39.284Z - [32minfo[39m: start[1532612559284] time[0] tag[metricConsumeRecursiveProcessingTime]
2018-07-26T13:42:39.306Z - [32minfo[39m: start[1532612559306] time[0] tag[metricConsumeRecursiveProcessingTime]
2018-07-26T13:42:40.352Z - [32minfo[39m: start[1532612560352] time[0] tag[metricConsumeRecursiveProcessingTime]
2018-07-26T13:42:40.359Z - [32minfo[39m: start[1532612560359] time[0] tag[metricConsumeRecursiveProcessingTime]
2018-07-26T13:42:40.360Z - [32minfo[39m: start[1532612560360] time[0] tag[metricConsumeRecursiveProcessingTime]
2018-07-26T13:42:40.367Z - [32minfo[39m: start[1532612560367] time[0] tag[metricConsumeRecursiveProcessingTime]
2018-07-26T13:42:40.385Z - [32minfo[39m: start[1532612560385] time[0] tag[metricConsumeRecursiveProcessingTime]
2018-07-26T13:42:40.411Z - [32minfo[39m: start[1532612560411] time[0] tag[metricConsumeRecursiveProcessingTime]
2018-07-26T13:42:41.453Z - [32minfo[39m: start[1532612561453] time[0] tag[metricConsumeRecursiveProcessingTime]
2018-07-26T13:42:41.460Z - [32minfo[39m: start[1532612561460] time[0] tag[metricConsumeRecursiveProcessingTime]
2018-07-26T13:42:41.460Z - [32minfo[39m: start[1532612561460] time[0] tag[metricConsumeRecursiveProcessingTime]
2018-07-26T13:42:41.468Z - [32minfo[39m: start[1532612561468] time[0] tag[metricConsumeRecursiveProcessingTime]
2018-07-26T13:42:41.487Z - [32minfo[39m: start[1532612561487] time[0] tag[metricConsumeRecursiveProcessingTime]
2018-07-26T13:42:41.511Z - [32minfo[39m: start[1532612561511] time[0] tag[metricConsumeRecursiveProcessingTime]
2018-07-26T13:42:42.553Z - [32minfo[39m: start[1532612562553] time[0] tag[metricConsumeRecursiveProcessingTime]
2018-07-26T13:42:42.559Z - [32minfo[39m: start[1532612562559] time[0] tag[metricConsumeRecursiveProcessingTime]
2018-07-26T13:42:42.564Z - [32minfo[39m: start[1532612562564] time[0] tag[metricConsumeRecursiveProcessingTime]
2018-07-26T13:42:42.575Z - [32minfo[39m: start[1532612562575] time[0] tag[metricConsumeRecursiveProcessingTime]
2018-07-26T13:42:42.587Z - [32minfo[39m: start[1532612562587] time[0] tag[metricConsumeRecursiveProcessingTime]
2018-07-26T13:42:42.611Z - [32minfo[39m: start[1532612562611] time[0] tag[metricConsumeRecursiveProcessingTime]
2018-07-26T13:42:43.652Z - [32minfo[39m: start[1532612563652] time[0] tag[metricConsumeRecursiveProcessingTime]
2018-07-26T13:42:43.663Z - [32minfo[39m: start[1532612563663] time[0] tag[metricConsumeRecursiveProcessingTime]
2018-07-26T13:42:43.669Z - [32minfo[39m: start[1532612563669] time[0] tag[metricConsumeRecursiveProcessingTime]
2018-07-26T13:42:43.674Z - [32minfo[39m: start[1532612563674] time[0] tag[metricConsumeRecursiveProcessingTime]
2018-07-26T13:42:43.687Z - [32minfo[39m: start[1532612563687] time[0] tag[metricConsumeRecursiveProcessingTime]
2018-07-26T13:42:43.714Z - [32minfo[39m: start[1532612563714] time[0] tag[metricConsumeRecursiveProcessingTime]
2018-07-26T13:42:44.752Z - [32minfo[39m: start[1532612564752] time[0] tag[metricConsumeRecursiveProcessingTime]
2018-07-26T13:42:44.763Z - [32minfo[39m: start[1532612564763] time[0] tag[metricConsumeRecursiveProcessingTime]
2018-07-26T13:42:44.768Z - [32minfo[39m: start[1532612564768] time[0] tag[metricConsumeRecursiveProcessingTime]
2018-07-26T13:42:44.779Z - [32minfo[39m: start[1532612564779] time[0] tag[metricConsumeRecursiveProcessingTime]
2018-07-26T13:42:44.786Z - [32minfo[39m: start[1532612564786] time[0] tag[metricConsumeRecursiveProcessingTime]
2018-07-26T13:42:44.814Z - [32minfo[39m: start[1532612564814] time[0] tag[metricConsumeRecursiveProcessingTime]
2018-07-26T13:42:45.851Z - [32minfo[39m: start[1532612565851] time[0] tag[metricConsumeRecursiveProcessingTime]
2018-07-26T13:42:45.863Z - [32minfo[39m: start[1532612565863] time[0] tag[metricConsumeRecursiveProcessingTime]
2018-07-26T13:42:45.871Z - [32minfo[39m: start[1532612565871] time[0] tag[metricConsumeRecursiveProcessingTime]
2018-07-26T13:42:45.883Z - [32minfo[39m: start[1532612565883] time[0] tag[metricConsumeRecursiveProcessingTime]
2018-07-26T13:42:45.886Z - [32minfo[39m: start[1532612565886] time[0] tag[metricConsumeRecursiveProcessingTime]
2018-07-26T13:42:45.914Z - [32minfo[39m: start[1532612565914] time[0] tag[metricConsumeRecursiveProcessingTime]
2018-07-26T13:42:46.950Z - [32minfo[39m: start[1532612566950] time[0] tag[metricConsumeRecursiveProcessingTime]
2018-07-26T13:42:46.967Z - [32minfo[39m: start[1532612566967] time[0] tag[metricConsumeRecursiveProcessingTime]
2018-07-26T13:42:46.971Z - [32minfo[39m: start[1532612566971] time[0] tag[metricConsumeRecursiveProcessingTime]
2018-07-26T13:42:46.985Z - [32minfo[39m: start[1532612566985] time[0] tag[metricConsumeRecursiveProcessingTime]
2018-07-26T13:42:46.988Z - [32minfo[39m: start[1532612566988] time[0] tag[metricConsumeRecursiveProcessingTime]
2018-07-26T13:42:47.015Z - [32minfo[39m: start[1532612567015] time[0] tag[metricConsumeRecursiveProcessingTime]
2018-07-26T13:42:48.049Z - [32minfo[39m: start[1532612568049] time[0] tag[metricConsumeRecursiveProcessingTime]
2018-07-26T13:42:48.067Z - [32minfo[39m: start[1532612568067] time[0] tag[metricConsumeRecursiveProcessingTime]
2018-07-26T13:42:48.070Z - [32minfo[39m: start[1532612568070] time[0] tag[metricConsumeRecursiveProcessingTime]
2018-07-26T13:42:48.085Z - [32minfo[39m: start[1532612568085] time[0] tag[metricConsumeRecursiveProcessingTime]
2018-07-26T13:42:48.088Z - [32minfo[39m: start[1532612568088] time[0] tag[metricConsumeRecursiveProcessingTime]
2018-07-26T13:42:48.114Z - [32minfo[39m: start[1532612568114] time[0] tag[metricConsumeRecursiveProcessingTime]
2018-07-26T13:42:49.150Z - [32minfo[39m: start[1532612569150] time[0] tag[metricConsumeRecursiveProcessingTime]
2018-07-26T13:42:49.167Z - [32minfo[39m: start[1532612569167] time[0] tag[metricConsumeRecursiveProcessingTime]
2018-07-26T13:42:49.169Z - [32minfo[39m: start[1532612569169] time[0] tag[metricConsumeRecursiveProcessingTime]
2018-07-26T13:42:49.185Z - [32minfo[39m: start[1532612569185] time[0] tag[metricConsumeRecursiveProcessingTime]
2018-07-26T13:42:49.188Z - [32minfo[39m: start[1532612569188] time[0] tag[metricConsumeRecursiveProcessingTime]
2018-07-26T13:42:49.214Z - [32minfo[39m: start[1532612569214] time[0] tag[metricConsumeRecursiveProcessingTime]
2018-07-26T13:42:50.249Z - [32minfo[39m: start[1532612570249] time[0] tag[metricConsumeRecursiveProcessingTime]
2018-07-26T13:42:50.268Z - [32minfo[39m: start[1532612570268] time[0] tag[metricConsumeRecursiveProcessingTime]
2018-07-26T13:42:50.271Z - [32minfo[39m: start[1532612570271] time[0] tag[metricConsumeRecursiveProcessingTime]
2018-07-26T13:42:50.284Z - [32minfo[39m: start[1532612570284] time[0] tag[metricConsumeRecursiveProcessingTime]
2018-07-26T13:42:50.292Z - [32minfo[39m: start[1532612570292] time[0] tag[metricConsumeRecursiveProcessingTime]
2018-07-26T13:42:50.315Z - [32minfo[39m: start[1532612570315] time[0] tag[metricConsumeRecursiveProcessingTime]
2018-07-26T13:42:51.347Z - [32minfo[39m: start[1532612571347] time[0] tag[metricConsumeRecursiveProcessingTime]
2018-07-26T13:42:51.368Z - [32minfo[39m: start[1532612571368] time[0] tag[metricConsumeRecursiveProcessingTime]
2018-07-26T13:42:51.371Z - [32minfo[39m: start[1532612571371] time[0] tag[metricConsumeRecursiveProcessingTime]
2018-07-26T13:42:51.383Z - [32minfo[39m: start[1532612571383] time[0] tag[metricConsumeRecursiveProcessingTime]
2018-07-26T13:42:51.392Z - [32minfo[39m: start[1532612571392] time[0] tag[metricConsumeRecursiveProcessingTime]
2018-07-26T13:42:51.415Z - [32minfo[39m: start[1532612571415] time[0] tag[metricConsumeRecursiveProcessingTime]
2018-07-26T13:42:52.448Z - [32minfo[39m: start[1532612572448] time[0] tag[metricConsumeRecursiveProcessingTime]
2018-07-26T13:42:52.467Z - [32minfo[39m: start[1532612572467] time[0] tag[metricConsumeRecursiveProcessingTime]
2018-07-26T13:42:52.472Z - [32minfo[39m: start[1532612572471] time[0] tag[metricConsumeRecursiveProcessingTime]
2018-07-26T13:42:52.484Z - [32minfo[39m: start[1532612572484] time[0] tag[metricConsumeRecursiveProcessingTime]
2018-07-26T13:42:52.492Z - [32minfo[39m: start[1532612572492] time[0] tag[metricConsumeRecursiveProcessingTime]
2018-07-26T13:42:52.514Z - [32minfo[39m: start[1532612572514] time[0] tag[metricConsumeRecursiveProcessingTime]
2018-07-26T13:42:53.548Z - [32minfo[39m: start[1532612573548] time[0] tag[metricConsumeRecursiveProcessingTime]
2018-07-26T13:42:53.571Z - [32minfo[39m: start[1532612573571] time[0] tag[metricConsumeRecursiveProcessingTime]
2018-07-26T13:42:53.579Z - [32minfo[39m: start[1532612573579] time[0] tag[metricConsumeRecursiveProcessingTime]
2018-07-26T13:42:53.584Z - [32minfo[39m: start[1532612573584] time[0] tag[metricConsumeRecursiveProcessingTime]
2018-07-26T13:42:53.595Z - [32minfo[39m: start[1532612573595] time[0] tag[metricConsumeRecursiveProcessingTime]
2018-07-26T13:42:53.615Z - [32minfo[39m: start[1532612573615] time[0] tag[metricConsumeRecursiveProcessingTime]
2018-07-26T13:42:54.648Z - [32minfo[39m: start[1532612574648] time[0] tag[metricConsumeRecursiveProcessingTime]
2018-07-26T13:42:54.676Z - [32minfo[39m: start[1532612574676] time[0] tag[metricConsumeRecursiveProcessingTime]
2018-07-26T13:42:54.679Z - [32minfo[39m: start[1532612574679] time[0] tag[metricConsumeRecursiveProcessingTime]
2018-07-26T13:42:54.685Z - [32minfo[39m: start[1532612574685] time[0] tag[metricConsumeRecursiveProcessingTime]
2018-07-26T13:42:54.695Z - [32minfo[39m: start[1532612574695] time[0] tag[metricConsumeRecursiveProcessingTime]
2018-07-26T13:42:54.719Z - [32minfo[39m: start[1532612574719] time[0] tag[metricConsumeRecursiveProcessingTime]
2018-07-26T13:42:55.747Z - [32minfo[39m: start[1532612575747] time[0] tag[metricConsumeRecursiveProcessingTime]
2018-07-26T13:42:55.776Z - [32minfo[39m: start[1532612575776] time[0] tag[metricConsumeRecursiveProcessingTime]
2018-07-26T13:42:55.778Z - [32minfo[39m: start[1532612575778] time[0] tag[metricConsumeRecursiveProcessingTime]
2018-07-26T13:42:55.788Z - [32minfo[39m: start[1532612575787] time[1] tag[metricConsumeRecursiveProcessingTime]
2018-07-26T13:42:55.789Z - [32minfo[39m: start[1532612575787] time[0] tag[metricConsumeRecursiveConsumeProcessingTime]
2018-07-26T13:42:55.791Z - [32minfo[39m: TransferHandler::prepare
2018-07-26T13:42:55.791Z - [32minfo[39m: guid=89acbb2b-0ea6-46c5-bd92-e11b1797d27c:uuid - startPrepareTransferHandler:process
2018-07-26T13:42:55.795Z - [32minfo[39m: start[1532612575790] time[5] tag[metricConsumeSyncQueueProcessingTime]
2018-07-26T13:42:55.799Z - [32minfo[39m: start[1532612575799] time[0] tag[metricConsumeRecursiveProcessingTime]
2018-07-26T13:42:55.802Z - [32minfo[39m: TransferHandler::prepare::validationPassed
2018-07-26T13:42:55.819Z - [32minfo[39m: TransferHandler::prepare::validationPassed::newEntry
2018-07-26T13:42:55.824Z - [32minfo[39m: start[1532612575824] time[0] tag[metricConsumeRecursiveProcessingTime]
2018-07-26T13:42:55.876Z - [32minfo[39m: Producer::connect::start
2018-07-26T13:42:55.876Z - [32minfo[39m: Producer::start::topic=topic-dfsp1-position-prepare
2018-07-26T13:42:55.996Z - [32minfo[39m: Producer.sendMessage:: messageProtocol:'{"from":"dfsp1","to":"dfsp2","id":"89acbb2b-0ea6-46c5-bd92-e11b1797d27c","content":{"headers":{"content-type":"application/json","date":"2017-11-02T00:00:00.000Z","fspiop-destination":"dfsp2","fspiop-source":"dfsp1","content-length":1049},"payload":{"transferId":"89acbb2b-0ea6-46c5-bd92-e11b1797d27c","payeeFsp":"dfsp2","payerFsp":"dfsp1","amount":{"amount":"100","currency":"USD"},"ilpPacket":"AQAAAAAAAABkEGcuZXdwMjEuaWQuODAwMjCCAhd7InRyYW5zYWN0aW9uSWQiOiJmODU0NzdkYi0xMzVkLTRlMDgtYThiNy0xMmIyMmQ4MmMwZDYiLCJxdW90ZUlkIjoiOWU2NGYzMjEtYzMyNC00ZDI0LTg5MmYtYzQ3ZWY0ZThkZTkxIiwicGF5ZWUiOnsicGFydHlJZEluZm8iOnsicGFydHlJZFR5cGUiOiJNU0lTRE4iLCJwYXJ0eUlkZW50aWZpZXIiOiIyNTYxMjM0NTYiLCJmc3BJZCI6IjIxIn19LCJwYXllciI6eyJwYXJ0eUlkSW5mbyI6eyJwYXJ0eUlkVHlwZSI6Ik1TSVNETiIsInBhcnR5SWRlbnRpZmllciI6IjI1NjIwMTAwMDAxIiwiZnNwSWQiOiIyMCJ9LCJwZXJzb25hbEluZm8iOnsiY29tcGxleE5hbWUiOnsiZmlyc3ROYW1lIjoiTWF0cyIsImxhc3ROYW1lIjoiSGFnbWFuIn0sImRhdGVPZkJpcnRoIjoiMTk4My0xMC0yNSJ9fSwiYW1vdW50Ijp7ImFtb3VudCI6IjEwMCIsImN1cnJlbmN5IjoiVVNEIn0sInRyYW5zYWN0aW9uVHlwZSI6eyJzY2VuYXJpbyI6IlRSQU5TRkVSIiwiaW5pdGlhdG9yIjoiUEFZRVIiLCJpbml0aWF0b3JUeXBlIjoiQ09OU1VNRVIifSwibm90ZSI6ImhlaiJ9","condition":"uU0nuZNNPgilLlLX2n2r-sSE7-N6U4DukIj3rOLvzek","expiration":"2018-11-08T21:31:00.534+01:00"}},"type":"application/json","metadata":{"event":{"id":"6792e7d2-dc3e-4553-ba1f-7366c6686481","type":"position","action":"prepare","createdAt":"2018-07-26T13:42:54.685Z","state":{"status":"success","code":0,"description":"action successful"},"responseTo":"ebf8f0f5-9daf-4644-8ef7-a66f69414fce"},"protocol.createdAt":1532612574710}}'
2018-07-26T13:42:55.996Z - [32minfo[39m: Producer::connect::end
2018-07-26T13:42:55.996Z - [32minfo[39m: start[1532612575877] time[119] tag[metricProducerConnectProcessingTime]
2018-07-26T13:42:55.997Z - [32minfo[39m: Producer::end
2018-07-26T13:42:55.997Z - [32minfo[39m: guid=89acbb2b-0ea6-46c5-bd92-e11b1797d27c:uuid - endPrepareTransferHandler:process
2018-07-26T13:42:55.997Z - [32minfo[39m: start[1532612575791] time[206] tag[metricCenLedgerTransferPrepare]
2018-07-26T13:42:55.997Z - [32minfo[39m: start[1532612575876] time[121] tag[metricCenLedgerProduceMessage]
2018-07-26T13:42:55.997Z - [32minfo[39m: start[1532612575997] time[0] tag[metricProducerSendMessageProcessingTime]
2018-07-26T13:42:55.998Z - [32minfo[39m: start[1532612575998] time[0] tag[metricConsumeRecursiveProcessingTime]
2018-07-26T13:42:55.998Z - [32minfo[39m: start[1532612575998] time[0] tag[metricConsumeSyncQueueResolveProcessingTime]
2018-07-26T13:42:56.200Z - [32minfo[39m: start[1532612575799] time[1] tag[metricConsumeRecursiveConsumeProcessingTime]
2018-07-26T13:42:56.201Z - [32minfo[39m: TransferHandler::position
2018-07-26T13:42:56.201Z - [32minfo[39m: guid=89acbb2b-0ea6-46c5-bd92-e11b1797d27c:uuid - startPositionHandler:process
2018-07-26T13:42:56.202Z - [32minfo[39m: start[1532612576200] time[2] tag[metricConsumeSyncQueueProcessingTime]
2018-07-26T13:42:56.228Z - [32minfo[39m: Producer::connect::start
2018-07-26T13:42:56.228Z - [32minfo[39m: Producer::start::topic=topic-transfer-transfer
2018-07-26T13:42:56.444Z - [32minfo[39m: start[1532612576229] time[215] tag[metricProducerConnectProcessingTime]
2018-07-26T13:42:56.445Z - [32minfo[39m: Producer.sendMessage:: messageProtocol:'{"from":"dfsp1","to":"dfsp2","id":"89acbb2b-0ea6-46c5-bd92-e11b1797d27c","content":{"headers":{"content-type":"application/json","date":"2017-11-02T00:00:00.000Z","fspiop-destination":"dfsp2","fspiop-source":"dfsp1","content-length":1049},"payload":{"transferId":"89acbb2b-0ea6-46c5-bd92-e11b1797d27c","payeeFsp":"dfsp2","payerFsp":"dfsp1","amount":{"amount":"100","currency":"USD"},"ilpPacket":"AQAAAAAAAABkEGcuZXdwMjEuaWQuODAwMjCCAhd7InRyYW5zYWN0aW9uSWQiOiJmODU0NzdkYi0xMzVkLTRlMDgtYThiNy0xMmIyMmQ4MmMwZDYiLCJxdW90ZUlkIjoiOWU2NGYzMjEtYzMyNC00ZDI0LTg5MmYtYzQ3ZWY0ZThkZTkxIiwicGF5ZWUiOnsicGFydHlJZEluZm8iOnsicGFydHlJZFR5cGUiOiJNU0lTRE4iLCJwYXJ0eUlkZW50aWZpZXIiOiIyNTYxMjM0NTYiLCJmc3BJZCI6IjIxIn19LCJwYXllciI6eyJwYXJ0eUlkSW5mbyI6eyJwYXJ0eUlkVHlwZSI6Ik1TSVNETiIsInBhcnR5SWRlbnRpZmllciI6IjI1NjIwMTAwMDAxIiwiZnNwSWQiOiIyMCJ9LCJwZXJzb25hbEluZm8iOnsiY29tcGxleE5hbWUiOnsiZmlyc3ROYW1lIjoiTWF0cyIsImxhc3ROYW1lIjoiSGFnbWFuIn0sImRhdGVPZkJpcnRoIjoiMTk4My0xMC0yNSJ9fSwiYW1vdW50Ijp7ImFtb3VudCI6IjEwMCIsImN1cnJlbmN5IjoiVVNEIn0sInRyYW5zYWN0aW9uVHlwZSI6eyJzY2VuYXJpbyI6IlRSQU5TRkVSIiwiaW5pdGlhdG9yIjoiUEFZRVIiLCJpbml0aWF0b3JUeXBlIjoiQ09OU1VNRVIifSwibm90ZSI6ImhlaiJ9","condition":"uU0nuZNNPgilLlLX2n2r-sSE7-N6U4DukIj3rOLvzek","expiration":"2018-11-08T21:31:00.534+01:00"}},"type":"application/json","metadata":{"event":{"id":"1fa765a5-88ac-4d12-a942-4cae923d74bc","type":"transfer","action":"prepare","createdAt":"2018-07-26T13:42:54.685Z","state":{"status":"success","code":0,"description":"action successful"},"responseTo":"6792e7d2-dc3e-4553-ba1f-7366c6686481"},"protocol.createdAt":1532612575997}}'
2018-07-26T13:42:56.445Z - [32minfo[39m: Producer::connect::end
2018-07-26T13:42:56.446Z - [32minfo[39m: Producer::end
2018-07-26T13:42:56.446Z - [32minfo[39m: guid=89acbb2b-0ea6-46c5-bd92-e11b1797d27c:uuid - endPositionHandler:process
2018-07-26T13:42:56.446Z - [32minfo[39m: start[1532612576201] time[245] tag[metricCenLedgerPositions]
2018-07-26T13:42:56.446Z - [32minfo[39m: start[1532612576228] time[218] tag[metricCenLedgerProduceMessage]
2018-07-26T13:42:56.446Z - [32minfo[39m: start[1532612576445] time[1] tag[metricProducerSendMessageProcessingTime]
2018-07-26T13:42:56.447Z - [32minfo[39m: start[1532612576446] time[1] tag[metricConsumeSyncQueueResolveProcessingTime]
2018-07-26T13:42:56.447Z - [32minfo[39m: start[1532612576447] time[0] tag[metricConsumeRecursiveProcessingTime]
2018-07-26T13:42:56.460Z - [32minfo[39m: start[1532612575778] time[1] tag[metricConsumeRecursiveConsumeProcessingTime]
2018-07-26T13:42:56.462Z - [32minfo[39m: TransferHandler::transfer
2018-07-26T13:42:56.462Z - [32minfo[39m: TransferHandler::transfer action: prepare
2018-07-26T13:42:56.462Z - [32minfo[39m: TransferHandler::transfer status: success
2018-07-26T13:42:56.462Z - [32minfo[39m: guid=89acbb2b-0ea6-46c5-bd92-e11b1797d27c:uuid - startTransferHandler:process
2018-07-26T13:42:56.463Z - [32minfo[39m: Producer::connect::start
2018-07-26T13:42:56.463Z - [32minfo[39m: Producer::start::topic=topic-notification-event
2018-07-26T13:42:56.465Z - [32minfo[39m: start[1532612576461] time[4] tag[metricConsumeSyncQueueProcessingTime]
2018-07-26T13:42:56.684Z - [32minfo[39m: Producer.sendMessage:: messageProtocol:'{"from":"dfsp1","to":"dfsp2","id":"89acbb2b-0ea6-46c5-bd92-e11b1797d27c","content":{"headers":{"content-type":"application/json","date":"2017-11-02T00:00:00.000Z","fspiop-destination":"dfsp2","fspiop-source":"dfsp1","content-length":1049},"payload":{"transferId":"89acbb2b-0ea6-46c5-bd92-e11b1797d27c","payeeFsp":"dfsp2","payerFsp":"dfsp1","amount":{"amount":"100","currency":"USD"},"ilpPacket":"AQAAAAAAAABkEGcuZXdwMjEuaWQuODAwMjCCAhd7InRyYW5zYWN0aW9uSWQiOiJmODU0NzdkYi0xMzVkLTRlMDgtYThiNy0xMmIyMmQ4MmMwZDYiLCJxdW90ZUlkIjoiOWU2NGYzMjEtYzMyNC00ZDI0LTg5MmYtYzQ3ZWY0ZThkZTkxIiwicGF5ZWUiOnsicGFydHlJZEluZm8iOnsicGFydHlJZFR5cGUiOiJNU0lTRE4iLCJwYXJ0eUlkZW50aWZpZXIiOiIyNTYxMjM0NTYiLCJmc3BJZCI6IjIxIn19LCJwYXllciI6eyJwYXJ0eUlkSW5mbyI6eyJwYXJ0eUlkVHlwZSI6Ik1TSVNETiIsInBhcnR5SWRlbnRpZmllciI6IjI1NjIwMTAwMDAxIiwiZnNwSWQiOiIyMCJ9LCJwZXJzb25hbEluZm8iOnsiY29tcGxleE5hbWUiOnsiZmlyc3ROYW1lIjoiTWF0cyIsImxhc3ROYW1lIjoiSGFnbWFuIn0sImRhdGVPZkJpcnRoIjoiMTk4My0xMC0yNSJ9fSwiYW1vdW50Ijp7ImFtb3VudCI6IjEwMCIsImN1cnJlbmN5IjoiVVNEIn0sInRyYW5zYWN0aW9uVHlwZSI6eyJzY2VuYXJpbyI6IlRSQU5TRkVSIiwiaW5pdGlhdG9yIjoiUEFZRVIiLCJpbml0aWF0b3JUeXBlIjoiQ09OU1VNRVIifSwibm90ZSI6ImhlaiJ9","condition":"uU0nuZNNPgilLlLX2n2r-sSE7-N6U4DukIj3rOLvzek","expiration":"2018-11-08T21:31:00.534+01:00"}},"type":"application/json","metadata":{"event":{"id":"0703e157-16b8-49da-9da8-d7f588bd64d8","type":"notification","action":"prepare","createdAt":"2018-07-26T13:42:54.685Z","state":{"status":"success","code":0,"description":"action successful"},"responseTo":"1fa765a5-88ac-4d12-a942-4cae923d74bc"},"protocol.createdAt":1532612576445}}'
2018-07-26T13:42:56.684Z - [32minfo[39m: Producer::connect::end
2018-07-26T13:42:56.684Z - [32minfo[39m: start[1532612576464] time[220] tag[metricProducerConnectProcessingTime]
2018-07-26T13:42:56.685Z - [32minfo[39m: Producer::end
2018-07-26T13:42:56.685Z - [32minfo[39m: start[1532612576463] time[222] tag[metricCenLedgerProduceMessage]
2018-07-26T13:42:56.685Z - [32minfo[39m: start[1532612576685] time[0] tag[metricProducerSendMessageProcessingTime]
2018-07-26T13:42:56.686Z - [32minfo[39m: guid=89acbb2b-0ea6-46c5-bd92-e11b1797d27c:uuid - endTransferHandler:process
2018-07-26T13:42:56.686Z - [32minfo[39m: start[1532612576462] time[224] tag[metricCenLedgerTransferTransfer]
2018-07-26T13:42:56.687Z - [32minfo[39m: start[1532612576686] time[1] tag[metricConsumeSyncQueueResolveProcessingTime]
2018-07-26T13:42:56.687Z - [32minfo[39m: start[1532612576687] time[0] tag[metricConsumeRecursiveProcessingTime]
2018-07-26T13:42:56.846Z - [32minfo[39m: start[1532612576846] time[0] tag[metricConsumeRecursiveProcessingTime]
2018-07-26T13:42:56.876Z - [32minfo[39m: start[1532612576876] time[0] tag[metricConsumeRecursiveProcessingTime]
2018-07-26T13:42:56.924Z - [32minfo[39m: start[1532612576924] time[0] tag[metricConsumeRecursiveProcessingTime]
2018-07-26T13:42:57.099Z - [32minfo[39m: start[1532612577099] time[0] tag[metricConsumeRecursiveProcessingTime]
2018-07-26T13:42:57.546Z - [32minfo[39m: start[1532612577546] time[0] tag[metricConsumeRecursiveProcessingTime]
2018-07-26T13:42:57.791Z - [32minfo[39m: start[1532612577791] time[0] tag[metricConsumeRecursiveProcessingTime]
2018-07-26T13:42:57.945Z - [32minfo[39m: start[1532612577945] time[0] tag[metricConsumeRecursiveProcessingTime]
2018-07-26T13:42:57.975Z - [32minfo[39m: start[1532612577975] time[0] tag[metricConsumeRecursiveProcessingTime]
2018-07-26T13:42:58.025Z - [32minfo[39m: start[1532612578025] time[0] tag[metricConsumeRecursiveProcessingTime]
2018-07-26T13:42:58.203Z - [32minfo[39m: start[1532612578203] time[0] tag[metricConsumeRecursiveProcessingTime]
2018-07-26T13:42:58.646Z - [32minfo[39m: start[1532612578646] time[0] tag[metricConsumeRecursiveProcessingTime]
2018-07-26T13:42:58.892Z - [32minfo[39m: start[1532612578892] time[0] tag[metricConsumeRecursiveProcessingTime]
2018-07-26T13:42:59.048Z - [32minfo[39m: start[1532612579048] time[0] tag[metricConsumeRecursiveProcessingTime]
2018-07-26T13:42:59.075Z - [32minfo[39m: start[1532612579075] time[0] tag[metricConsumeRecursiveProcessingTime]
2018-07-26T13:42:59.130Z - [32minfo[39m: start[1532612579129] time[0] tag[metricConsumeRecursiveProcessingTime]
2018-07-26T13:42:59.305Z - [32minfo[39m: start[1532612579305] time[0] tag[metricConsumeRecursiveProcessingTime]
2018-07-26T13:42:59.747Z - [32minfo[39m: start[1532612579746] time[0] tag[metricConsumeRecursiveProcessingTime]
2018-07-26T13:42:59.996Z - [32minfo[39m: start[1532612579996] time[0] tag[metricConsumeRecursiveProcessingTime]
2018-07-26T13:43:00.148Z - [32minfo[39m: start[1532612580148] time[0] tag[metricConsumeRecursiveProcessingTime]
2018-07-26T13:43:00.183Z - [32minfo[39m: start[1532612580183] time[0] tag[metricConsumeRecursiveProcessingTime]
2018-07-26T13:43:00.231Z - [32minfo[39m: start[1532612580231] time[0] tag[metricConsumeRecursiveProcessingTime]
2018-07-26T13:43:00.407Z - [32minfo[39m: start[1532612580407] time[0] tag[metricConsumeRecursiveProcessingTime]
2018-07-26T13:43:00.846Z - [32minfo[39m: start[1532612580846] time[0] tag[metricConsumeRecursiveProcessingTime]
2018-07-26T13:43:01.099Z - [32minfo[39m: start[1532612581099] time[0] tag[metricConsumeRecursiveProcessingTime]
2018-07-26T13:43:01.255Z - [32minfo[39m: start[1532612581255] time[0] tag[metricConsumeRecursiveProcessingTime]
2018-07-26T13:43:01.283Z - [32minfo[39m: start[1532612581283] time[0] tag[metricConsumeRecursiveProcessingTime]
2018-07-26T13:43:01.331Z - [32minfo[39m: start[1532612581331] time[0] tag[metricConsumeRecursiveProcessingTime]
2018-07-26T13:43:01.510Z - [32minfo[39m: start[1532612581510] time[0] tag[metricConsumeRecursiveProcessingTime]
2018-07-26T13:43:01.948Z - [32minfo[39m: start[1532612581948] time[0] tag[metricConsumeRecursiveProcessingTime]
2018-07-26T13:43:02.197Z - [32minfo[39m: start[1532612582197] time[0] tag[metricConsumeRecursiveProcessingTime]
2018-07-26T13:43:02.355Z - [32minfo[39m: start[1532612582355] time[0] tag[metricConsumeRecursiveProcessingTime]
2018-07-26T13:43:02.383Z - [32minfo[39m: start[1532612582383] time[0] tag[metricConsumeRecursiveProcessingTime]
2018-07-26T13:43:02.430Z - [32minfo[39m: start[1532612582430] time[0] tag[metricConsumeRecursiveProcessingTime]
2018-07-26T13:43:02.611Z - [32minfo[39m: start[1532612582611] time[0] tag[metricConsumeRecursiveProcessingTime]
2018-07-26T13:43:03.047Z - [32minfo[39m: start[1532612583047] time[0] tag[metricConsumeRecursiveProcessingTime]
2018-07-26T13:43:03.297Z - [32minfo[39m: start[1532612583296] time[0] tag[metricConsumeRecursiveProcessingTime]
2018-07-26T13:43:03.455Z - [32minfo[39m: start[1532612583455] time[0] tag[metricConsumeRecursiveProcessingTime]
2018-07-26T13:43:03.483Z - [32minfo[39m: start[1532612583483] time[0] tag[metricConsumeRecursiveProcessingTime]
2018-07-26T13:43:03.530Z - [32minfo[39m: start[1532612583529] time[0] tag[metricConsumeRecursiveProcessingTime]
2018-07-26T13:43:03.711Z - [32minfo[39m: start[1532612583711] time[0] tag[metricConsumeRecursiveProcessingTime]
2018-07-26T13:43:04.148Z - [32minfo[39m: start[1532612584148] time[0] tag[metricConsumeRecursiveProcessingTime]
2018-07-26T13:43:04.399Z - [32minfo[39m: start[1532612584399] time[0] tag[metricConsumeRecursiveProcessingTime]
2018-07-26T13:43:04.555Z - [32minfo[39m: start[1532612584555] time[0] tag[metricConsumeRecursiveProcessingTime]
2018-07-26T13:43:04.582Z - [32minfo[39m: start[1532612584582] time[0] tag[metricConsumeRecursiveProcessingTime]
2018-07-26T13:43:04.631Z - [32minfo[39m: start[1532612584631] time[0] tag[metricConsumeRecursiveProcessingTime]
2018-07-26T13:43:04.811Z - [32minfo[39m: start[1532612584811] time[0] tag[metricConsumeRecursiveProcessingTime]
2018-07-26T13:43:05.254Z - [32minfo[39m: start[1532612585254] time[0] tag[metricConsumeRecursiveProcessingTime]
2018-07-26T13:43:05.503Z - [32minfo[39m: start[1532612585502] time[0] tag[metricConsumeRecursiveProcessingTime]
2018-07-26T13:43:05.655Z - [32minfo[39m: start[1532612585655] time[0] tag[metricConsumeRecursiveProcessingTime]
2018-07-26T13:43:05.682Z - [32minfo[39m: start[1532612585681] time[0] tag[metricConsumeRecursiveProcessingTime]
2018-07-26T13:43:05.735Z - [32minfo[39m: start[1532612585735] time[0] tag[metricConsumeRecursiveProcessingTime]
2018-07-26T13:43:05.912Z - [32minfo[39m: start[1532612585912] time[0] tag[metricConsumeRecursiveProcessingTime]
2018-07-26T13:43:06.354Z - [32minfo[39m: start[1532612586354] time[0] tag[metricConsumeRecursiveProcessingTime]
2018-07-26T13:43:06.604Z - [32minfo[39m: start[1532612586604] time[0] tag[metricConsumeRecursiveProcessingTime]
2018-07-26T13:43:06.754Z - [32minfo[39m: start[1532612586754] time[0] tag[metricConsumeRecursiveProcessingTime]
2018-07-26T13:43:06.781Z - [32minfo[39m: start[1532612586781] time[0] tag[metricConsumeRecursiveProcessingTime]
2018-07-26T13:43:06.835Z - [32minfo[39m: start[1532612586835] time[0] tag[metricConsumeRecursiveProcessingTime]
2018-07-26T13:43:07.011Z - [32minfo[39m: start[1532612587011] time[0] tag[metricConsumeRecursiveProcessingTime]
2018-07-26T13:43:07.453Z - [32minfo[39m: start[1532612587453] time[0] tag[metricConsumeRecursiveProcessingTime]
2018-07-26T13:43:07.704Z - [32minfo[39m: start[1532612587704] time[0] tag[metricConsumeRecursiveProcessingTime]
2018-07-26T13:43:07.856Z - [32minfo[39m: start[1532612587856] time[0] tag[metricConsumeRecursiveProcessingTime]
2018-07-26T13:43:07.880Z - [32minfo[39m: start[1532612587880] time[0] tag[metricConsumeRecursiveProcessingTime]
2018-07-26T13:43:07.935Z - [32minfo[39m: start[1532612587935] time[0] tag[metricConsumeRecursiveProcessingTime]
