2018-07-26T13:54:22.809Z - [32minfo[39m: Handler Setup - Registering {"type":"fulfil","enabled":true}!
2018-07-26T13:54:22.824Z - [32minfo[39m: Handler Setup - Registering {"type":"prepare","enabled":true,"fspList":["dfsp1"]}!
2018-07-26T13:54:22.826Z - [32minfo[39m: Registering prepareHandler for Participant: dfsp1
2018-07-26T13:54:22.860Z - [32minfo[39m: Handler Setup - Registering {"type":"transfer","enabled":true}!
2018-07-26T13:54:22.880Z - [32minfo[39m: Handler Setup - Registering {"type":"position","enabled":true,"fspList":["dfsp1"]}!
2018-07-26T13:54:22.915Z - [32minfo[39m: Handler Setup - Registering {"type":"position","enabled":true,"fspList":["dfsp2"]}!
2018-07-26T13:54:22.920Z - [32minfo[39m: node-rdkafka v0.11.4 ready - {"name":"topic-transfer-fulfil#consumer-1"}
2018-07-26T13:54:22.921Z - [32minfo[39m: start[1532613262814] time[107] tag[metricConsumerConnectProcessingTime]
2018-07-26T13:54:22.923Z - [32minfo[39m: CreateHandle::connect successful topic: topic-transfer-fulfil
2018-07-26T13:54:22.924Z - [32minfo[39m: start[1532613262924] time[0] tag[metricConsumeRecursiveProcessingTime]
2018-07-26T13:54:22.925Z - [32minfo[39m: start[1532613262924] time[1] tag[metricConsumeProcessingTime]
2018-07-26T13:54:22.926Z - [32minfo[39m: start[1532613262811] time[115] tag[metricCenLedgerCreateFulfilHandler]
2018-07-26T13:54:22.926Z - [32minfo[39m: start[1532613262814] time[112] tag[metricCenLedgerCreateHandler]
2018-07-26T13:54:22.958Z - [32minfo[39m: Handler Setup - Registering {"type":"prepare","enabled":true,"fspList":["dfsp2"]}!
2018-07-26T13:54:22.959Z - [32minfo[39m: Registering prepareHandler for Participant: dfsp2
2018-07-26T13:54:22.970Z - [32minfo[39m: node-rdkafka v0.11.4 ready - {"name":"topic-transfer-transfer#consumer-1"}
2018-07-26T13:54:22.971Z - [32minfo[39m: start[1532613262864] time[107] tag[metricConsumerConnectProcessingTime]
2018-07-26T13:54:22.972Z - [32minfo[39m: CreateHandle::connect successful topic: topic-transfer-transfer
2018-07-26T13:54:22.973Z - [32minfo[39m: start[1532613262973] time[0] tag[metricConsumeRecursiveProcessingTime]
2018-07-26T13:54:22.974Z - [32minfo[39m: start[1532613262861] time[113] tag[metricCenLedgerCreateTransferHandler]
2018-07-26T13:54:22.974Z - [32minfo[39m: start[1532613262864] time[110] tag[metricCenLedgerCreateHandler]
2018-07-26T13:54:22.974Z - [32minfo[39m: start[1532613262973] time[1] tag[metricConsumeProcessingTime]
2018-07-26T13:54:23.042Z - [32minfo[39m: node-rdkafka v0.11.4 ready - {"name":"topic-dfsp1-transfer-prepare#consumer-1"}
2018-07-26T13:54:23.043Z - [32minfo[39m: start[1532613262829] time[214] tag[metricConsumerConnectProcessingTime]
2018-07-26T13:54:23.045Z - [32minfo[39m: CreateHandle::connect successful topic: topic-dfsp1-transfer-prepare
2018-07-26T13:54:23.047Z - [32minfo[39m: start[1532613263046] time[1] tag[metricConsumeProcessingTime]
2018-07-26T13:54:23.047Z - [32minfo[39m: start[1532613263047] time[0] tag[metricConsumeRecursiveProcessingTime]
2018-07-26T13:54:23.048Z - [32minfo[39m: start[1532613262826] time[222] tag[metricCenLedgerCreatePrepareHandler]
2018-07-26T13:54:23.048Z - [32minfo[39m: start[1532613262826] time[222] tag[metricCenLedgerCreatePrepareHandler]
2018-07-26T13:54:23.048Z - [32minfo[39m: start[1532613262829] time[219] tag[metricCenLedgerCreateHandler]
2018-07-26T13:54:23.089Z - [32minfo[39m: node-rdkafka v0.11.4 ready - {"name":"position-prepare#consumer-1"}
2018-07-26T13:54:23.089Z - [32minfo[39m: start[1532613262884] time[205] tag[metricConsumerConnectProcessingTime]
2018-07-26T13:54:23.091Z - [32minfo[39m: CreateHandle::connect successful topic: topic-dfsp1-position-prepare
2018-07-26T13:54:23.093Z - [32minfo[39m: start[1532613263092] time[1] tag[metricConsumeProcessingTime]
2018-07-26T13:54:23.093Z - [32minfo[39m: start[1532613263092] time[1] tag[metricConsumeRecursiveProcessingTime]
2018-07-26T13:54:23.094Z - [32minfo[39m: start[1532613262882] time[212] tag[metricCenLedgerCreatePositionHandlers]
2018-07-26T13:54:23.094Z - [32minfo[39m: start[1532613262882] time[212] tag[metricCenLedgerRegisterPositionHandlers]
2018-07-26T13:54:23.094Z - [32minfo[39m: start[1532613262884] time[210] tag[metricCenLedgerCreateHandler]
2018-07-26T13:54:23.127Z - [32minfo[39m: node-rdkafka v0.11.4 ready - {"name":"position-prepare#consumer-1"}
2018-07-26T13:54:23.127Z - [32minfo[39m: start[1532613262919] time[208] tag[metricConsumerConnectProcessingTime]
2018-07-26T13:54:23.129Z - [32minfo[39m: CreateHandle::connect successful topic: topic-dfsp2-position-prepare
2018-07-26T13:54:23.131Z - [32minfo[39m: start[1532613263130] time[1] tag[metricConsumeProcessingTime]
2018-07-26T13:54:23.131Z - [32minfo[39m: start[1532613263131] time[0] tag[metricConsumeRecursiveProcessingTime]
2018-07-26T13:54:23.132Z - [32minfo[39m: start[1532613262917] time[215] tag[metricCenLedgerCreatePositionHandlers]
2018-07-26T13:54:23.132Z - [32minfo[39m: start[1532613262917] time[215] tag[metricCenLedgerRegisterPositionHandlers]
2018-07-26T13:54:23.132Z - [32minfo[39m: start[1532613262918] time[214] tag[metricCenLedgerCreateHandler]
2018-07-26T13:54:23.166Z - [32minfo[39m: node-rdkafka v0.11.4 ready - {"name":"topic-dfsp2-transfer-prepare#consumer-1"}
2018-07-26T13:54:23.166Z - [32minfo[39m: start[1532613262961] time[205] tag[metricConsumerConnectProcessingTime]
2018-07-26T13:54:23.168Z - [32minfo[39m: CreateHandle::connect successful topic: topic-dfsp2-transfer-prepare
2018-07-26T13:54:23.169Z - [32minfo[39m: start[1532613263168] time[1] tag[metricConsumeProcessingTime]
2018-07-26T13:54:23.169Z - [32minfo[39m: start[1532613263169] time[0] tag[metricConsumeRecursiveProcessingTime]
2018-07-26T13:54:23.170Z - [32minfo[39m: start[1532613262959] time[211] tag[metricCenLedgerCreatePrepareHandler]
2018-07-26T13:54:23.170Z - [32minfo[39m: start[1532613262959] time[211] tag[metricCenLedgerCreatePrepareHandler]
2018-07-26T13:54:23.170Z - [32minfo[39m: start[1532613262961] time[209] tag[metricCenLedgerCreateHandler]
2018-07-26T13:54:24.074Z - [32minfo[39m: start[1532613264074] time[0] tag[metricConsumeRecursiveProcessingTime]
2018-07-26T13:54:24.157Z - [32minfo[39m: start[1532613264157] time[0] tag[metricConsumeRecursiveProcessingTime]
2018-07-26T13:54:24.164Z - [32minfo[39m: start[1532613264164] time[0] tag[metricConsumeRecursiveProcessingTime]
2018-07-26T13:54:24.195Z - [32minfo[39m: start[1532613264195] time[0] tag[metricConsumeRecursiveProcessingTime]
2018-07-26T13:54:24.233Z - [32minfo[39m: start[1532613264233] time[0] tag[metricConsumeRecursiveProcessingTime]
2018-07-26T13:54:24.274Z - [32minfo[39m: start[1532613264274] time[0] tag[metricConsumeRecursiveProcessingTime]
2018-07-26T13:54:25.351Z - [32minfo[39m: start[1532613265351] time[0] tag[metricConsumeRecursiveProcessingTime]
2018-07-26T13:54:25.355Z - [32minfo[39m: start[1532613265355] time[0] tag[metricConsumeRecursiveProcessingTime]
2018-07-26T13:54:25.360Z - [32minfo[39m: start[1532613265359] time[0] tag[metricConsumeRecursiveProcessingTime]
2018-07-26T13:54:25.386Z - [32minfo[39m: start[1532613265386] time[0] tag[metricConsumeRecursiveProcessingTime]
2018-07-26T13:54:25.387Z - [32minfo[39m: start[1532613265387] time[0] tag[metricConsumeRecursiveProcessingTime]
2018-07-26T13:54:25.428Z - [32minfo[39m: start[1532613265428] time[0] tag[metricConsumeRecursiveProcessingTime]
2018-07-26T13:54:26.451Z - [32minfo[39m: start[1532613266450] time[0] tag[metricConsumeRecursiveProcessingTime]
2018-07-26T13:54:26.455Z - [32minfo[39m: start[1532613266455] time[0] tag[metricConsumeRecursiveProcessingTime]
2018-07-26T13:54:26.460Z - [32minfo[39m: start[1532613266460] time[0] tag[metricConsumeRecursiveProcessingTime]
2018-07-26T13:54:26.487Z - [32minfo[39m: start[1532613266487] time[0] tag[metricConsumeRecursiveProcessingTime]
2018-07-26T13:54:26.490Z - [32minfo[39m: start[1532613266490] time[0] tag[metricConsumeRecursiveProcessingTime]
2018-07-26T13:54:26.530Z - [32minfo[39m: start[1532613266530] time[0] tag[metricConsumeRecursiveProcessingTime]
2018-07-26T13:54:27.551Z - [32minfo[39m: start[1532613267551] time[0] tag[metricConsumeRecursiveProcessingTime]
2018-07-26T13:54:27.555Z - [32minfo[39m: start[1532613267555] time[0] tag[metricConsumeRecursiveProcessingTime]
2018-07-26T13:54:27.559Z - [32minfo[39m: start[1532613267559] time[0] tag[metricConsumeRecursiveProcessingTime]
2018-07-26T13:54:27.591Z - [32minfo[39m: start[1532613267591] time[0] tag[metricConsumeRecursiveProcessingTime]
2018-07-26T13:54:27.594Z - [32minfo[39m: start[1532613267594] time[0] tag[metricConsumeRecursiveProcessingTime]
2018-07-26T13:54:27.631Z - [32minfo[39m: start[1532613267630] time[1] tag[metricConsumeRecursiveProcessingTime]
2018-07-26T13:54:28.651Z - [32minfo[39m: start[1532613268651] time[0] tag[metricConsumeRecursiveProcessingTime]
2018-07-26T13:54:28.655Z - [32minfo[39m: start[1532613268655] time[0] tag[metricConsumeRecursiveProcessingTime]
2018-07-26T13:54:28.665Z - [32minfo[39m: start[1532613268665] time[0] tag[metricConsumeRecursiveProcessingTime]
2018-07-26T13:54:28.699Z - [32minfo[39m: start[1532613268699] time[0] tag[metricConsumeRecursiveProcessingTime]
2018-07-26T13:54:28.700Z - [32minfo[39m: start[1532613268700] time[0] tag[metricConsumeRecursiveProcessingTime]
2018-07-26T13:54:28.735Z - [32minfo[39m: start[1532613268735] time[0] tag[metricConsumeRecursiveProcessingTime]
2018-07-26T13:54:29.751Z - [32minfo[39m: start[1532613269751] time[0] tag[metricConsumeRecursiveProcessingTime]
2018-07-26T13:54:29.754Z - [32minfo[39m: start[1532613269754] time[0] tag[metricConsumeRecursiveProcessingTime]
2018-07-26T13:54:29.767Z - [32minfo[39m: start[1532613269766] time[1] tag[metricConsumeRecursiveProcessingTime]
2018-07-26T13:54:29.799Z - [32minfo[39m: start[1532613269799] time[0] tag[metricConsumeRecursiveProcessingTime]
2018-07-26T13:54:29.800Z - [32minfo[39m: start[1532613269799] time[0] tag[metricConsumeRecursiveProcessingTime]
2018-07-26T13:54:29.835Z - [32minfo[39m: start[1532613269835] time[0] tag[metricConsumeRecursiveProcessingTime]
2018-07-26T13:54:30.852Z - [32minfo[39m: start[1532613270852] time[0] tag[metricConsumeRecursiveProcessingTime]
2018-07-26T13:54:30.853Z - [32minfo[39m: start[1532613270853] time[0] tag[metricConsumeRecursiveProcessingTime]
2018-07-26T13:54:30.866Z - [32minfo[39m: start[1532613270865] time[0] tag[metricConsumeRecursiveProcessingTime]
2018-07-26T13:54:30.899Z - [32minfo[39m: start[1532613270899] time[0] tag[metricConsumeRecursiveProcessingTime]
2018-07-26T13:54:30.899Z - [32minfo[39m: start[1532613270899] time[0] tag[metricConsumeRecursiveProcessingTime]
2018-07-26T13:54:30.934Z - [32minfo[39m: start[1532613270934] time[0] tag[metricConsumeRecursiveProcessingTime]
2018-07-26T13:54:31.955Z - [32minfo[39m: start[1532613271955] time[0] tag[metricConsumeRecursiveProcessingTime]
2018-07-26T13:54:31.955Z - [32minfo[39m: start[1532613271955] time[0] tag[metricConsumeRecursiveProcessingTime]
2018-07-26T13:54:31.971Z - [32minfo[39m: start[1532613271971] time[0] tag[metricConsumeRecursiveProcessingTime]
2018-07-26T13:54:32.001Z - [32minfo[39m: start[1532613272001] time[0] tag[metricConsumeRecursiveProcessingTime]
2018-07-26T13:54:32.007Z - [32minfo[39m: start[1532613272007] time[0] tag[metricConsumeRecursiveProcessingTime]
2018-07-26T13:54:32.033Z - [32minfo[39m: start[1532613272033] time[0] tag[metricConsumeRecursiveProcessingTime]
2018-07-26T13:54:33.054Z - [32minfo[39m: start[1532613273054] time[0] tag[metricConsumeRecursiveProcessingTime]
2018-07-26T13:54:33.055Z - [32minfo[39m: start[1532613273055] time[0] tag[metricConsumeRecursiveProcessingTime]
2018-07-26T13:54:33.057Z - [32minfo[39m: start[1532613273055] time[0] tag[metricConsumeRecursiveConsumeProcessingTime]
2018-07-26T13:54:33.058Z - [32minfo[39m: TransferHandler::prepare
2018-07-26T13:54:33.059Z - [32minfo[39m: guid=eca87a2f-c542-413d-8b8e-ef017a0b981b:uuid - startPrepareTransferHandler:process
2018-07-26T13:54:33.065Z - [32minfo[39m: start[1532613273058] time[7] tag[metricConsumeSyncQueueProcessingTime]
2018-07-26T13:54:33.075Z - [32minfo[39m: TransferHandler::prepare::validationPassed
2018-07-26T13:54:33.076Z - [32minfo[39m: start[1532613273076] time[0] tag[metricConsumeRecursiveProcessingTime]
2018-07-26T13:54:33.088Z - [32minfo[39m: TransferHandler::prepare::validationPassed::newEntry
2018-07-26T13:54:33.106Z - [32minfo[39m: start[1532613273106] time[0] tag[metricConsumeRecursiveProcessingTime]
2018-07-26T13:54:33.108Z - [32minfo[39m: start[1532613273108] time[0] tag[metricConsumeRecursiveProcessingTime]
2018-07-26T13:54:33.136Z - [32minfo[39m: start[1532613273135] time[1] tag[metricConsumeRecursiveProcessingTime]
2018-07-26T13:54:33.152Z - [32minfo[39m: Producer::connect::start
2018-07-26T13:54:33.152Z - [32minfo[39m: Producer::start::topic=topic-dfsp1-position-prepare
2018-07-26T13:54:33.271Z - [32minfo[39m: Producer.sendMessage:: messageProtocol:'{"from":"dfsp1","to":"dfsp2","id":"eca87a2f-c542-413d-8b8e-ef017a0b981b","content":{"headers":{"content-type":"application/json","date":"2017-11-02T00:00:00.000Z","fspiop-destination":"dfsp2","fspiop-source":"dfsp1","content-length":1049},"payload":{"transferId":"eca87a2f-c542-413d-8b8e-ef017a0b981b","payeeFsp":"dfsp2","payerFsp":"dfsp1","amount":{"amount":"100","currency":"USD"},"ilpPacket":"AQAAAAAAAABkEGcuZXdwMjEuaWQuODAwMjCCAhd7InRyYW5zYWN0aW9uSWQiOiJmODU0NzdkYi0xMzVkLTRlMDgtYThiNy0xMmIyMmQ4MmMwZDYiLCJxdW90ZUlkIjoiOWU2NGYzMjEtYzMyNC00ZDI0LTg5MmYtYzQ3ZWY0ZThkZTkxIiwicGF5ZWUiOnsicGFydHlJZEluZm8iOnsicGFydHlJZFR5cGUiOiJNU0lTRE4iLCJwYXJ0eUlkZW50aWZpZXIiOiIyNTYxMjM0NTYiLCJmc3BJZCI6IjIxIn19LCJwYXllciI6eyJwYXJ0eUlkSW5mbyI6eyJwYXJ0eUlkVHlwZSI6Ik1TSVNETiIsInBhcnR5SWRlbnRpZmllciI6IjI1NjIwMTAwMDAxIiwiZnNwSWQiOiIyMCJ9LCJwZXJzb25hbEluZm8iOnsiY29tcGxleE5hbWUiOnsiZmlyc3ROYW1lIjoiTWF0cyIsImxhc3ROYW1lIjoiSGFnbWFuIn0sImRhdGVPZkJpcnRoIjoiMTk4My0xMC0yNSJ9fSwiYW1vdW50Ijp7ImFtb3VudCI6IjEwMCIsImN1cnJlbmN5IjoiVVNEIn0sInRyYW5zYWN0aW9uVHlwZSI6eyJzY2VuYXJpbyI6IlRSQU5TRkVSIiwiaW5pdGlhdG9yIjoiUEFZRVIiLCJpbml0aWF0b3JUeXBlIjoiQ09OU1VNRVIifSwibm90ZSI6ImhlaiJ9","condition":"uU0nuZNNPgilLlLX2n2r-sSE7-N6U4DukIj3rOLvzek","expiration":"2018-11-08T21:31:00.534+01:00"}},"type":"application/json","metadata":{"event":{"id":"6c8eaff0-6085-4b60-99e6-0410ffbf9fc6","type":"position","action":"prepare","createdAt":"2018-07-26T13:54:31.963Z","state":{"status":"success","code":0,"description":"action successful"},"responseTo":"f9fcdeda-8f29-40fa-a07b-01b48f9ac67c"},"protocol.createdAt":1532613272021}}'
2018-07-26T13:54:33.271Z - [32minfo[39m: Producer::connect::end
2018-07-26T13:54:33.271Z - [32minfo[39m: start[1532613273153] time[118] tag[metricProducerConnectProcessingTime]
2018-07-26T13:54:33.272Z - [32minfo[39m: Producer::end
2018-07-26T13:54:33.272Z - [32minfo[39m: guid=eca87a2f-c542-413d-8b8e-ef017a0b981b:uuid - endPrepareTransferHandler:process
2018-07-26T13:54:33.272Z - [32minfo[39m: start[1532613273058] time[214] tag[metricCenLedgerTransferPrepare]
2018-07-26T13:54:33.272Z - [32minfo[39m: start[1532613273152] time[120] tag[metricCenLedgerProduceMessage]
2018-07-26T13:54:33.272Z - [32minfo[39m: start[1532613273272] time[0] tag[metricProducerSendMessageProcessingTime]
2018-07-26T13:54:33.273Z - [32minfo[39m: start[1532613273273] time[0] tag[metricConsumeRecursiveProcessingTime]
2018-07-26T13:54:33.273Z - [32minfo[39m: start[1532613273273] time[0] tag[metricConsumeSyncQueueResolveProcessingTime]
2018-07-26T13:54:33.472Z - [32minfo[39m: start[1532613273106] time[1] tag[metricConsumeRecursiveConsumeProcessingTime]
2018-07-26T13:54:33.473Z - [32minfo[39m: TransferHandler::position
2018-07-26T13:54:33.473Z - [32minfo[39m: guid=eca87a2f-c542-413d-8b8e-ef017a0b981b:uuid - startPositionHandler:process
2018-07-26T13:54:33.474Z - [32minfo[39m: start[1532613273473] time[1] tag[metricConsumeSyncQueueProcessingTime]
2018-07-26T13:54:33.496Z - [32minfo[39m: Producer::start::topic=topic-transfer-transfer
2018-07-26T13:54:33.497Z - [32minfo[39m: Producer::connect::start
2018-07-26T13:54:33.709Z - [32minfo[39m: Producer.sendMessage:: messageProtocol:'{"from":"dfsp1","to":"dfsp2","id":"eca87a2f-c542-413d-8b8e-ef017a0b981b","content":{"headers":{"content-type":"application/json","date":"2017-11-02T00:00:00.000Z","fspiop-destination":"dfsp2","fspiop-source":"dfsp1","content-length":1049},"payload":{"transferId":"eca87a2f-c542-413d-8b8e-ef017a0b981b","payeeFsp":"dfsp2","payerFsp":"dfsp1","amount":{"amount":"100","currency":"USD"},"ilpPacket":"AQAAAAAAAABkEGcuZXdwMjEuaWQuODAwMjCCAhd7InRyYW5zYWN0aW9uSWQiOiJmODU0NzdkYi0xMzVkLTRlMDgtYThiNy0xMmIyMmQ4MmMwZDYiLCJxdW90ZUlkIjoiOWU2NGYzMjEtYzMyNC00ZDI0LTg5MmYtYzQ3ZWY0ZThkZTkxIiwicGF5ZWUiOnsicGFydHlJZEluZm8iOnsicGFydHlJZFR5cGUiOiJNU0lTRE4iLCJwYXJ0eUlkZW50aWZpZXIiOiIyNTYxMjM0NTYiLCJmc3BJZCI6IjIxIn19LCJwYXllciI6eyJwYXJ0eUlkSW5mbyI6eyJwYXJ0eUlkVHlwZSI6Ik1TSVNETiIsInBhcnR5SWRlbnRpZmllciI6IjI1NjIwMTAwMDAxIiwiZnNwSWQiOiIyMCJ9LCJwZXJzb25hbEluZm8iOnsiY29tcGxleE5hbWUiOnsiZmlyc3ROYW1lIjoiTWF0cyIsImxhc3ROYW1lIjoiSGFnbWFuIn0sImRhdGVPZkJpcnRoIjoiMTk4My0xMC0yNSJ9fSwiYW1vdW50Ijp7ImFtb3VudCI6IjEwMCIsImN1cnJlbmN5IjoiVVNEIn0sInRyYW5zYWN0aW9uVHlwZSI6eyJzY2VuYXJpbyI6IlRSQU5TRkVSIiwiaW5pdGlhdG9yIjoiUEFZRVIiLCJpbml0aWF0b3JUeXBlIjoiQ09OU1VNRVIifSwibm90ZSI6ImhlaiJ9","condition":"uU0nuZNNPgilLlLX2n2r-sSE7-N6U4DukIj3rOLvzek","expiration":"2018-11-08T21:31:00.534+01:00"}},"type":"application/json","metadata":{"event":{"id":"01a498e0-5053-4183-8b26-d73843f469a8","type":"transfer","action":"prepare","createdAt":"2018-07-26T13:54:31.963Z","state":{"status":"success","code":0,"description":"action successful"},"responseTo":"6c8eaff0-6085-4b60-99e6-0410ffbf9fc6"},"protocol.createdAt":1532613273272}}'
2018-07-26T13:54:33.709Z - [32minfo[39m: Producer::connect::end
2018-07-26T13:54:33.709Z - [32minfo[39m: start[1532613273497] time[212] tag[metricProducerConnectProcessingTime]
2018-07-26T13:54:33.710Z - [32minfo[39m: Producer::end
2018-07-26T13:54:33.710Z - [32minfo[39m: guid=eca87a2f-c542-413d-8b8e-ef017a0b981b:uuid - endPositionHandler:process
2018-07-26T13:54:33.710Z - [32minfo[39m: start[1532613273473] time[237] tag[metricCenLedgerPositions]
2018-07-26T13:54:33.710Z - [32minfo[39m: start[1532613273496] time[214] tag[metricCenLedgerProduceMessage]
2018-07-26T13:54:33.710Z - [32minfo[39m: start[1532613273709] time[1] tag[metricProducerSendMessageProcessingTime]
2018-07-26T13:54:33.711Z - [32minfo[39m: start[1532613273711] time[0] tag[metricConsumeRecursiveProcessingTime]
2018-07-26T13:54:33.711Z - [32minfo[39m: start[1532613273711] time[0] tag[metricConsumeSyncQueueResolveProcessingTime]
2018-07-26T13:54:33.718Z - [32minfo[39m: start[1532613273076] time[0] tag[metricConsumeRecursiveConsumeProcessingTime]
2018-07-26T13:54:33.720Z - [32minfo[39m: TransferHandler::transfer
2018-07-26T13:54:33.720Z - [32minfo[39m: TransferHandler::transfer action: prepare
2018-07-26T13:54:33.720Z - [32minfo[39m: TransferHandler::transfer status: success
2018-07-26T13:54:33.720Z - [32minfo[39m: guid=eca87a2f-c542-413d-8b8e-ef017a0b981b:uuid - startTransferHandler:process
2018-07-26T13:54:33.721Z - [32minfo[39m: Producer::connect::start
2018-07-26T13:54:33.721Z - [32minfo[39m: Producer::start::topic=topic-notification-event
2018-07-26T13:54:33.723Z - [32minfo[39m: start[1532613273719] time[4] tag[metricConsumeSyncQueueProcessingTime]
2018-07-26T13:54:33.943Z - [32minfo[39m: Producer.sendMessage:: messageProtocol:'{"from":"dfsp1","to":"dfsp2","id":"eca87a2f-c542-413d-8b8e-ef017a0b981b","content":{"headers":{"content-type":"application/json","date":"2017-11-02T00:00:00.000Z","fspiop-destination":"dfsp2","fspiop-source":"dfsp1","content-length":1049},"payload":{"transferId":"eca87a2f-c542-413d-8b8e-ef017a0b981b","payeeFsp":"dfsp2","payerFsp":"dfsp1","amount":{"amount":"100","currency":"USD"},"ilpPacket":"AQAAAAAAAABkEGcuZXdwMjEuaWQuODAwMjCCAhd7InRyYW5zYWN0aW9uSWQiOiJmODU0NzdkYi0xMzVkLTRlMDgtYThiNy0xMmIyMmQ4MmMwZDYiLCJxdW90ZUlkIjoiOWU2NGYzMjEtYzMyNC00ZDI0LTg5MmYtYzQ3ZWY0ZThkZTkxIiwicGF5ZWUiOnsicGFydHlJZEluZm8iOnsicGFydHlJZFR5cGUiOiJNU0lTRE4iLCJwYXJ0eUlkZW50aWZpZXIiOiIyNTYxMjM0NTYiLCJmc3BJZCI6IjIxIn19LCJwYXllciI6eyJwYXJ0eUlkSW5mbyI6eyJwYXJ0eUlkVHlwZSI6Ik1TSVNETiIsInBhcnR5SWRlbnRpZmllciI6IjI1NjIwMTAwMDAxIiwiZnNwSWQiOiIyMCJ9LCJwZXJzb25hbEluZm8iOnsiY29tcGxleE5hbWUiOnsiZmlyc3ROYW1lIjoiTWF0cyIsImxhc3ROYW1lIjoiSGFnbWFuIn0sImRhdGVPZkJpcnRoIjoiMTk4My0xMC0yNSJ9fSwiYW1vdW50Ijp7ImFtb3VudCI6IjEwMCIsImN1cnJlbmN5IjoiVVNEIn0sInRyYW5zYWN0aW9uVHlwZSI6eyJzY2VuYXJpbyI6IlRSQU5TRkVSIiwiaW5pdGlhdG9yIjoiUEFZRVIiLCJpbml0aWF0b3JUeXBlIjoiQ09OU1VNRVIifSwibm90ZSI6ImhlaiJ9","condition":"uU0nuZNNPgilLlLX2n2r-sSE7-N6U4DukIj3rOLvzek","expiration":"2018-11-08T21:31:00.534+01:00"}},"type":"application/json","metadata":{"event":{"id":"41b2d2a1-83eb-46f5-9ea3-099b85bf3260","type":"notification","action":"prepare","createdAt":"2018-07-26T13:54:31.963Z","state":{"status":"success","code":0,"description":"action successful"},"responseTo":"01a498e0-5053-4183-8b26-d73843f469a8"},"protocol.createdAt":1532613273709}}'
2018-07-26T13:54:33.943Z - [32minfo[39m: Producer::connect::end
2018-07-26T13:54:33.943Z - [32minfo[39m: start[1532613273721] time[222] tag[metricProducerConnectProcessingTime]
2018-07-26T13:54:33.944Z - [32minfo[39m: Producer::end
2018-07-26T13:54:33.944Z - [32minfo[39m: guid=eca87a2f-c542-413d-8b8e-ef017a0b981b:uuid - endTransferHandler:process
2018-07-26T13:54:33.944Z - [32minfo[39m: start[1532613273720] time[224] tag[metricCenLedgerTransferTransfer]
2018-07-26T13:54:33.944Z - [32minfo[39m: start[1532613273721] time[223] tag[metricCenLedgerProduceMessage]
2018-07-26T13:54:33.944Z - [32minfo[39m: start[1532613273943] time[1] tag[metricProducerSendMessageProcessingTime]
2018-07-26T13:54:33.945Z - [32minfo[39m: start[1532613273945] time[0] tag[metricConsumeRecursiveProcessingTime]
2018-07-26T13:54:33.945Z - [32minfo[39m: start[1532613273945] time[0] tag[metricConsumeSyncQueueResolveProcessingTime]
2018-07-26T13:54:34.156Z - [32minfo[39m: start[1532613274156] time[0] tag[metricConsumeRecursiveProcessingTime]
2018-07-26T13:54:34.207Z - [32minfo[39m: start[1532613274207] time[0] tag[metricConsumeRecursiveProcessingTime]
2018-07-26T13:54:34.235Z - [32minfo[39m: start[1532613274235] time[0] tag[metricConsumeRecursiveProcessingTime]
2018-07-26T13:54:34.374Z - [32minfo[39m: start[1532613274374] time[0] tag[metricConsumeRecursiveProcessingTime]
2018-07-26T13:54:34.814Z - [32minfo[39m: start[1532613274814] time[0] tag[metricConsumeRecursiveProcessingTime]
2018-07-26T13:54:35.045Z - [32minfo[39m: start[1532613275045] time[0] tag[metricConsumeRecursiveProcessingTime]
2018-07-26T13:54:35.259Z - [32minfo[39m: start[1532613275259] time[0] tag[metricConsumeRecursiveProcessingTime]
2018-07-26T13:54:35.307Z - [32minfo[39m: start[1532613275307] time[0] tag[metricConsumeRecursiveProcessingTime]
2018-07-26T13:54:35.337Z - [32minfo[39m: start[1532613275337] time[0] tag[metricConsumeRecursiveProcessingTime]
2018-07-26T13:54:35.474Z - [32minfo[39m: start[1532613275474] time[0] tag[metricConsumeRecursiveProcessingTime]
2018-07-26T13:54:35.914Z - [32minfo[39m: start[1532613275914] time[0] tag[metricConsumeRecursiveProcessingTime]
2018-07-26T13:54:36.147Z - [32minfo[39m: start[1532613276147] time[0] tag[metricConsumeRecursiveProcessingTime]
2018-07-26T13:54:36.360Z - [32minfo[39m: start[1532613276360] time[0] tag[metricConsumeRecursiveProcessingTime]
2018-07-26T13:54:36.412Z - [32minfo[39m: start[1532613276412] time[0] tag[metricConsumeRecursiveProcessingTime]
2018-07-26T13:54:36.437Z - [32minfo[39m: start[1532613276437] time[0] tag[metricConsumeRecursiveProcessingTime]
2018-07-26T13:54:36.576Z - [32minfo[39m: start[1532613276576] time[0] tag[metricConsumeRecursiveProcessingTime]
2018-07-26T13:54:37.016Z - [32minfo[39m: start[1532613277016] time[0] tag[metricConsumeRecursiveProcessingTime]
2018-07-26T13:54:37.248Z - [32minfo[39m: start[1532613277248] time[0] tag[metricConsumeRecursiveProcessingTime]
2018-07-26T13:54:37.462Z - [32minfo[39m: start[1532613277462] time[0] tag[metricConsumeRecursiveProcessingTime]
2018-07-26T13:54:37.512Z - [32minfo[39m: start[1532613277511] time[1] tag[metricConsumeRecursiveProcessingTime]
2018-07-26T13:54:37.537Z - [32minfo[39m: start[1532613277536] time[1] tag[metricConsumeRecursiveProcessingTime]
2018-07-26T13:54:37.679Z - [32minfo[39m: start[1532613277679] time[0] tag[metricConsumeRecursiveProcessingTime]
2018-07-26T13:54:38.115Z - [32minfo[39m: start[1532613278115] time[0] tag[metricConsumeRecursiveProcessingTime]
2018-07-26T13:54:38.351Z - [32minfo[39m: start[1532613278351] time[0] tag[metricConsumeRecursiveProcessingTime]
2018-07-26T13:54:38.562Z - [32minfo[39m: start[1532613278562] time[0] tag[metricConsumeRecursiveProcessingTime]
2018-07-26T13:54:38.611Z - [32minfo[39m: start[1532613278611] time[0] tag[metricConsumeRecursiveProcessingTime]
2018-07-26T13:54:38.636Z - [32minfo[39m: start[1532613278636] time[0] tag[metricConsumeRecursiveProcessingTime]
2018-07-26T13:54:38.783Z - [32minfo[39m: start[1532613278783] time[0] tag[metricConsumeRecursiveProcessingTime]
2018-07-26T13:54:39.219Z - [32minfo[39m: start[1532613279219] time[0] tag[metricConsumeRecursiveProcessingTime]
2018-07-26T13:54:39.451Z - [32minfo[39m: start[1532613279451] time[0] tag[metricConsumeRecursiveProcessingTime]
2018-07-26T13:54:39.662Z - [32minfo[39m: start[1532613279662] time[0] tag[metricConsumeRecursiveProcessingTime]
2018-07-26T13:54:39.712Z - [32minfo[39m: start[1532613279712] time[0] tag[metricConsumeRecursiveProcessingTime]
2018-07-26T13:54:39.736Z - [32minfo[39m: start[1532613279736] time[0] tag[metricConsumeRecursiveProcessingTime]
2018-07-26T13:54:39.887Z - [32minfo[39m: start[1532613279887] time[0] tag[metricConsumeRecursiveProcessingTime]
2018-07-26T13:54:40.320Z - [32minfo[39m: start[1532613280319] time[0] tag[metricConsumeRecursiveProcessingTime]
2018-07-26T13:54:40.551Z - [32minfo[39m: start[1532613280551] time[0] tag[metricConsumeRecursiveProcessingTime]
2018-07-26T13:54:40.766Z - [32minfo[39m: start[1532613280765] time[1] tag[metricConsumeRecursiveProcessingTime]
2018-07-26T13:54:40.812Z - [32minfo[39m: start[1532613280812] time[0] tag[metricConsumeRecursiveProcessingTime]
2018-07-26T13:54:40.843Z - [32minfo[39m: start[1532613280843] time[0] tag[metricConsumeRecursiveProcessingTime]
2018-07-26T13:54:40.991Z - [32minfo[39m: start[1532613280991] time[0] tag[metricConsumeRecursiveProcessingTime]
2018-07-26T13:54:41.420Z - [32minfo[39m: start[1532613281420] time[0] tag[metricConsumeRecursiveProcessingTime]
2018-07-26T13:54:41.650Z - [32minfo[39m: start[1532613281650] time[0] tag[metricConsumeRecursiveProcessingTime]
2018-07-26T13:54:41.867Z - [32minfo[39m: start[1532613281866] time[1] tag[metricConsumeRecursiveProcessingTime]
2018-07-26T13:54:41.915Z - [32minfo[39m: start[1532613281915] time[0] tag[metricConsumeRecursiveProcessingTime]
2018-07-26T13:54:41.946Z - [32minfo[39m: start[1532613281946] time[0] tag[metricConsumeRecursiveProcessingTime]
2018-07-26T13:54:42.094Z - [32minfo[39m: start[1532613282094] time[0] tag[metricConsumeRecursiveProcessingTime]
2018-07-26T13:54:42.520Z - [32minfo[39m: start[1532613282520] time[0] tag[metricConsumeRecursiveProcessingTime]
2018-07-26T13:54:42.750Z - [32minfo[39m: start[1532613282750] time[0] tag[metricConsumeRecursiveProcessingTime]
2018-07-26T13:54:42.967Z - [32minfo[39m: start[1532613282967] time[0] tag[metricConsumeRecursiveProcessingTime]
2018-07-26T13:54:43.016Z - [32minfo[39m: start[1532613283016] time[0] tag[metricConsumeRecursiveProcessingTime]
2018-07-26T13:54:43.048Z - [32minfo[39m: start[1532613283048] time[0] tag[metricConsumeRecursiveProcessingTime]
2018-07-26T13:54:43.194Z - [32minfo[39m: start[1532613283194] time[0] tag[metricConsumeRecursiveProcessingTime]
2018-07-26T13:54:43.620Z - [32minfo[39m: start[1532613283620] time[0] tag[metricConsumeRecursiveProcessingTime]
2018-07-26T13:54:43.851Z - [32minfo[39m: start[1532613283851] time[0] tag[metricConsumeRecursiveProcessingTime]
2018-07-26T13:54:44.067Z - [32minfo[39m: start[1532613284067] time[0] tag[metricConsumeRecursiveProcessingTime]
2018-07-26T13:54:44.119Z - [32minfo[39m: start[1532613284119] time[0] tag[metricConsumeRecursiveProcessingTime]
2018-07-26T13:54:44.152Z - [32minfo[39m: start[1532613284152] time[0] tag[metricConsumeRecursiveProcessingTime]
2018-07-26T13:54:44.293Z - [32minfo[39m: start[1532613284293] time[0] tag[metricConsumeRecursiveProcessingTime]
2018-07-26T13:54:44.723Z - [32minfo[39m: start[1532613284723] time[0] tag[metricConsumeRecursiveProcessingTime]
2018-07-26T13:54:44.955Z - [32minfo[39m: start[1532613284955] time[0] tag[metricConsumeRecursiveProcessingTime]
2018-07-26T13:54:45.168Z - [32minfo[39m: start[1532613285168] time[0] tag[metricConsumeRecursiveProcessingTime]
2018-07-26T13:54:45.220Z - [32minfo[39m: start[1532613285220] time[0] tag[metricConsumeRecursiveProcessingTime]
2018-07-26T13:54:45.250Z - [32minfo[39m: start[1532613285250] time[0] tag[metricConsumeRecursiveProcessingTime]
2018-07-26T13:54:45.393Z - [32minfo[39m: start[1532613285393] time[0] tag[metricConsumeRecursiveProcessingTime]
2018-07-26T13:54:45.824Z - [32minfo[39m: start[1532613285824] time[0] tag[metricConsumeRecursiveProcessingTime]
2018-07-26T13:54:46.056Z - [32minfo[39m: start[1532613286056] time[0] tag[metricConsumeRecursiveProcessingTime]
2018-07-26T13:54:46.268Z - [32minfo[39m: start[1532613286268] time[0] tag[metricConsumeRecursiveProcessingTime]
2018-07-26T13:54:46.320Z - [32minfo[39m: start[1532613286320] time[0] tag[metricConsumeRecursiveProcessingTime]
2018-07-26T13:54:46.350Z - [32minfo[39m: start[1532613286350] time[0] tag[metricConsumeRecursiveProcessingTime]
2018-07-26T13:54:46.494Z - [32minfo[39m: start[1532613286494] time[0] tag[metricConsumeRecursiveProcessingTime]
2018-07-26T13:54:46.924Z - [32minfo[39m: start[1532613286924] time[0] tag[metricConsumeRecursiveProcessingTime]
2018-07-26T13:54:47.155Z - [32minfo[39m: start[1532613287155] time[0] tag[metricConsumeRecursiveProcessingTime]
2018-07-26T13:54:47.368Z - [32minfo[39m: start[1532613287368] time[0] tag[metricConsumeRecursiveProcessingTime]
2018-07-26T13:54:47.420Z - [32minfo[39m: start[1532613287420] time[0] tag[metricConsumeRecursiveProcessingTime]
2018-07-26T13:54:47.451Z - [32minfo[39m: start[1532613287451] time[0] tag[metricConsumeRecursiveProcessingTime]
2018-07-26T13:54:47.594Z - [32minfo[39m: start[1532613287594] time[0] tag[metricConsumeRecursiveProcessingTime]
2018-07-26T13:54:48.024Z - [32minfo[39m: start[1532613288024] time[0] tag[metricConsumeRecursiveProcessingTime]
2018-07-26T13:54:48.254Z - [32minfo[39m: start[1532613288254] time[0] tag[metricConsumeRecursiveProcessingTime]
2018-07-26T13:54:48.472Z - [32minfo[39m: start[1532613288472] time[0] tag[metricConsumeRecursiveProcessingTime]
2018-07-26T13:54:48.520Z - [32minfo[39m: start[1532613288520] time[0] tag[metricConsumeRecursiveProcessingTime]
2018-07-26T13:54:48.550Z - [32minfo[39m: start[1532613288549] time[0] tag[metricConsumeRecursiveProcessingTime]
2018-07-26T13:54:48.695Z - [32minfo[39m: start[1532613288695] time[0] tag[metricConsumeRecursiveProcessingTime]
2018-07-26T13:54:49.130Z - [32minfo[39m: start[1532613289129] time[0] tag[metricConsumeRecursiveProcessingTime]
2018-07-26T13:54:49.353Z - [32minfo[39m: start[1532613289353] time[0] tag[metricConsumeRecursiveProcessingTime]
2018-07-26T13:54:49.572Z - [32minfo[39m: start[1532613289572] time[0] tag[metricConsumeRecursiveProcessingTime]
2018-07-26T13:54:49.619Z - [32minfo[39m: start[1532613289619] time[0] tag[metricConsumeRecursiveProcessingTime]
2018-07-26T13:54:49.648Z - [32minfo[39m: start[1532613289648] time[0] tag[metricConsumeRecursiveProcessingTime]
2018-07-26T13:54:49.794Z - [32minfo[39m: start[1532613289793] time[0] tag[metricConsumeRecursiveProcessingTime]
2018-07-26T13:54:50.232Z - [32minfo[39m: start[1532613290231] time[0] tag[metricConsumeRecursiveProcessingTime]
2018-07-26T13:54:50.453Z - [32minfo[39m: start[1532613290453] time[0] tag[metricConsumeRecursiveProcessingTime]
2018-07-26T13:54:50.672Z - [32minfo[39m: start[1532613290672] time[0] tag[metricConsumeRecursiveProcessingTime]
2018-07-26T13:54:50.723Z - [32minfo[39m: start[1532613290723] time[0] tag[metricConsumeRecursiveProcessingTime]
2018-07-26T13:54:50.748Z - [32minfo[39m: start[1532613290748] time[0] tag[metricConsumeRecursiveProcessingTime]
2018-07-26T13:54:50.899Z - [32minfo[39m: start[1532613290899] time[0] tag[metricConsumeRecursiveProcessingTime]
2018-07-26T13:54:51.331Z - [32minfo[39m: start[1532613291331] time[0] tag[metricConsumeRecursiveProcessingTime]
2018-07-26T13:54:51.554Z - [32minfo[39m: start[1532613291554] time[0] tag[metricConsumeRecursiveProcessingTime]
2018-07-26T13:54:51.772Z - [32minfo[39m: start[1532613291772] time[0] tag[metricConsumeRecursiveProcessingTime]
2018-07-26T13:54:51.823Z - [32minfo[39m: start[1532613291823] time[0] tag[metricConsumeRecursiveProcessingTime]
2018-07-26T13:54:51.847Z - [32minfo[39m: start[1532613291847] time[0] tag[metricConsumeRecursiveProcessingTime]
2018-07-26T13:54:51.999Z - [32minfo[39m: start[1532613291999] time[0] tag[metricConsumeRecursiveProcessingTime]
2018-07-26T13:54:52.431Z - [32minfo[39m: start[1532613292431] time[0] tag[metricConsumeRecursiveProcessingTime]
2018-07-26T13:54:52.657Z - [32minfo[39m: start[1532613292657] time[0] tag[metricConsumeRecursiveProcessingTime]
2018-07-26T13:54:52.872Z - [32minfo[39m: start[1532613292872] time[0] tag[metricConsumeRecursiveProcessingTime]
2018-07-26T13:54:52.930Z - [32minfo[39m: start[1532613292930] time[0] tag[metricConsumeRecursiveProcessingTime]
2018-07-26T13:54:52.955Z - [32minfo[39m: start[1532613292955] time[0] tag[metricConsumeRecursiveProcessingTime]
2018-07-26T13:54:53.099Z - [32minfo[39m: start[1532613293099] time[0] tag[metricConsumeRecursiveProcessingTime]
2018-07-26T13:54:53.531Z - [32minfo[39m: start[1532613293531] time[0] tag[metricConsumeRecursiveProcessingTime]
2018-07-26T13:54:53.766Z - [32minfo[39m: start[1532613293766] time[0] tag[metricConsumeRecursiveProcessingTime]
2018-07-26T13:54:53.971Z - [32minfo[39m: start[1532613293971] time[0] tag[metricConsumeRecursiveProcessingTime]
2018-07-26T13:54:54.029Z - [32minfo[39m: start[1532613294029] time[0] tag[metricConsumeRecursiveProcessingTime]
2018-07-26T13:54:54.055Z - [32minfo[39m: start[1532613294055] time[0] tag[metricConsumeRecursiveProcessingTime]
2018-07-26T13:54:54.200Z - [32minfo[39m: start[1532613294200] time[0] tag[metricConsumeRecursiveProcessingTime]
2018-07-26T13:54:54.631Z - [32minfo[39m: start[1532613294631] time[0] tag[metricConsumeRecursiveProcessingTime]
2018-07-26T13:54:54.866Z - [32minfo[39m: start[1532613294866] time[0] tag[metricConsumeRecursiveProcessingTime]
2018-07-26T13:54:55.072Z - [32minfo[39m: start[1532613295072] time[0] tag[metricConsumeRecursiveProcessingTime]
2018-07-26T13:54:55.131Z - [32minfo[39m: start[1532613295131] time[0] tag[metricConsumeRecursiveProcessingTime]
2018-07-26T13:54:55.155Z - [32minfo[39m: start[1532613295155] time[0] tag[metricConsumeRecursiveProcessingTime]
2018-07-26T13:54:55.303Z - [32minfo[39m: start[1532613295303] time[0] tag[metricConsumeRecursiveProcessingTime]
2018-07-26T13:54:55.730Z - [32minfo[39m: start[1532613295730] time[0] tag[metricConsumeRecursiveProcessingTime]
2018-07-26T13:54:55.972Z - [32minfo[39m: start[1532613295972] time[0] tag[metricConsumeRecursiveProcessingTime]
2018-07-26T13:54:56.171Z - [32minfo[39m: start[1532613296171] time[0] tag[metricConsumeRecursiveProcessingTime]
2018-07-26T13:54:56.230Z - [32minfo[39m: start[1532613296230] time[0] tag[metricConsumeRecursiveProcessingTime]
2018-07-26T13:54:56.255Z - [32minfo[39m: start[1532613296255] time[0] tag[metricConsumeRecursiveProcessingTime]
2018-07-26T13:54:56.403Z - [32minfo[39m: start[1532613296403] time[0] tag[metricConsumeRecursiveProcessingTime]
2018-07-26T13:54:56.830Z - [32minfo[39m: start[1532613296830] time[0] tag[metricConsumeRecursiveProcessingTime]
