2018-07-26T17:20:42.541Z - [32minfo[39m: guid=3e7916ee-ceff-48aa-a83e-2198caa289b7:uuid - startTransferPrepareAPI:process
2018-07-26T17:20:42.567Z - [32minfo[39m: guid=3e7916ee-ceff-48aa-a83e-2198caa289b7:uuid - endTransferPrepareAPI:process
2018-07-26T17:20:42.584Z - [32minfo[39m: guid=70adeb6b-1edf-4655-998e-6bb78e5e1879:uuid - startTransferPrepareAPI:process
2018-07-26T17:20:42.589Z - [32minfo[39m: guid=70adeb6b-1edf-4655-998e-6bb78e5e1879:uuid - endTransferPrepareAPI:process
2018-07-26T17:20:42.594Z - [32minfo[39m: guid=bfb29c62-e4d5-4bfd-bdab-61995335ec8b:uuid - startTransferPrepareAPI:process
2018-07-26T17:20:42.603Z - [32minfo[39m: guid=bfb29c62-e4d5-4bfd-bdab-61995335ec8b:uuid - endTransferPrepareAPI:process
2018-07-26T17:20:42.607Z - [32minfo[39m: guid=17b2ce4a-0448-405e-90d1-8bc529e687ed:uuid - startTransferPrepareAPI:process
2018-07-26T17:20:42.612Z - [32minfo[39m: guid=17b2ce4a-0448-405e-90d1-8bc529e687ed:uuid - endTransferPrepareAPI:process
2018-07-26T17:20:42.614Z - [32minfo[39m: guid=d4862e22-3724-44d3-8d62-1ba5173f1040:uuid - startTransferPrepareAPI:process
2018-07-26T17:20:42.626Z - [32minfo[39m: guid=d4862e22-3724-44d3-8d62-1ba5173f1040:uuid - endTransferPrepareAPI:process
2018-07-26T17:20:42.633Z - [32minfo[39m: guid=58a1b473-3a07-45a8-b90e-29289c02cd9b:uuid - startTransferPrepareAPI:process
2018-07-26T17:20:42.639Z - [32minfo[39m: guid=58a1b473-3a07-45a8-b90e-29289c02cd9b:uuid - endTransferPrepareAPI:process
2018-07-26T17:20:42.643Z - [32minfo[39m: guid=98cf3c74-8dd5-4f3a-9a8f-e419840f4438:uuid - startTransferPrepareAPI:process
2018-07-26T17:20:42.647Z - [32minfo[39m: guid=98cf3c74-8dd5-4f3a-9a8f-e419840f4438:uuid - endTransferPrepareAPI:process
2018-07-26T17:20:42.650Z - [32minfo[39m: guid=bbabe9ec-3a31-4aeb-b887-f8b0b7d0aa99:uuid - startTransferPrepareAPI:process
2018-07-26T17:20:42.656Z - [32minfo[39m: guid=bbabe9ec-3a31-4aeb-b887-f8b0b7d0aa99:uuid - endTransferPrepareAPI:process
2018-07-26T17:20:42.659Z - [32minfo[39m: guid=42eb1b73-6886-4b52-b9a9-24a00bfa217f:uuid - startTransferPrepareAPI:process
2018-07-26T17:20:42.663Z - [32minfo[39m: guid=42eb1b73-6886-4b52-b9a9-24a00bfa217f:uuid - endTransferPrepareAPI:process
2018-07-26T17:20:42.666Z - [32minfo[39m: guid=67fe0b8d-38fd-4067-b2ae-a93865d14f42:uuid - startTransferPrepareAPI:process
2018-07-26T17:20:42.701Z - [32minfo[39m: guid=67fe0b8d-38fd-4067-b2ae-a93865d14f42:uuid - endTransferPrepareAPI:process
2018-07-26T17:20:42.724Z - [32minfo[39m: guid=5181c531-c23c-457e-a6b6-25f74f92232e:uuid - startTransferPrepareAPI:process
2018-07-26T17:20:42.728Z - [32minfo[39m: guid=5181c531-c23c-457e-a6b6-25f74f92232e:uuid - endTransferPrepareAPI:process
2018-07-26T17:20:42.733Z - [32minfo[39m: guid=4bf2c899-a8a6-485c-bb87-81fcc0832372:uuid - startTransferPrepareAPI:process
2018-07-26T17:20:42.744Z - [32minfo[39m: guid=4bf2c899-a8a6-485c-bb87-81fcc0832372:uuid - endTransferPrepareAPI:process
2018-07-26T17:20:42.748Z - [32minfo[39m: guid=3b485ced-9b9d-46b9-ad31-104536e6b53b:uuid - startTransferPrepareAPI:process
2018-07-26T17:20:42.761Z - [32minfo[39m: guid=3b485ced-9b9d-46b9-ad31-104536e6b53b:uuid - endTransferPrepareAPI:process
2018-07-26T17:20:42.765Z - [32minfo[39m: guid=9bbe0512-37e4-4b77-ad05-890af23d332d:uuid - startTransferPrepareAPI:process
2018-07-26T17:20:42.772Z - [32minfo[39m: guid=9bbe0512-37e4-4b77-ad05-890af23d332d:uuid - endTransferPrepareAPI:process
2018-07-26T17:20:42.775Z - [32minfo[39m: guid=446977ec-49ea-4d74-a6eb-a835a650dc15:uuid - startTransferPrepareAPI:process
2018-07-26T17:20:42.787Z - [32minfo[39m: guid=446977ec-49ea-4d74-a6eb-a835a650dc15:uuid - endTransferPrepareAPI:process
2018-07-26T17:20:42.822Z - [32minfo[39m: guid=bfb29c62-e4d5-4bfd-bdab-61995335ec8b:uuid - startPrepareTransferHandler:process
2018-07-26T17:20:42.823Z - [32minfo[39m: guid=c777368e-a407-4084-b230-72a666e2f778:uuid - startTransferPrepareAPI:process
2018-07-26T17:20:42.853Z - [32minfo[39m: guid=c777368e-a407-4084-b230-72a666e2f778:uuid - endTransferPrepareAPI:process
2018-07-26T17:20:42.857Z - [32minfo[39m: guid=d109d3d3-b2ad-423f-a20e-c2dd5254bd78:uuid - startTransferPrepareAPI:process
2018-07-26T17:20:42.876Z - [32minfo[39m: guid=d109d3d3-b2ad-423f-a20e-c2dd5254bd78:uuid - endTransferPrepareAPI:process
2018-07-26T17:20:42.883Z - [32minfo[39m: guid=c04b6483-08b6-4efa-acaf-1a17bfaaea2c:uuid - startTransferPrepareAPI:process
2018-07-26T17:20:42.896Z - [32minfo[39m: guid=c04b6483-08b6-4efa-acaf-1a17bfaaea2c:uuid - endTransferPrepareAPI:process
2018-07-26T17:20:42.900Z - [32minfo[39m: guid=4d3f7a9b-d8da-478e-9340-a81aa829b8e0:uuid - startTransferPrepareAPI:process
2018-07-26T17:20:42.905Z - [32minfo[39m: guid=4d3f7a9b-d8da-478e-9340-a81aa829b8e0:uuid - endTransferPrepareAPI:process
2018-07-26T17:20:42.909Z - [32minfo[39m: guid=ee13ed11-f352-4ce2-a651-f665e963edf3:uuid - startTransferPrepareAPI:process
2018-07-26T17:20:42.927Z - [32minfo[39m: guid=3e12b4a4-d1c3-4144-a3b5-8e4d61428b65:uuid - startTransferPrepareAPI:process
2018-07-26T17:20:42.938Z - [32minfo[39m: guid=ee13ed11-f352-4ce2-a651-f665e963edf3:uuid - endTransferPrepareAPI:process
2018-07-26T17:20:42.949Z - [32minfo[39m: guid=3e12b4a4-d1c3-4144-a3b5-8e4d61428b65:uuid - endTransferPrepareAPI:process
2018-07-26T17:20:42.953Z - [32minfo[39m: guid=3a23baa0-d53b-4399-b2ff-38e5b0c46990:uuid - startTransferPrepareAPI:process
2018-07-26T17:20:42.981Z - [32minfo[39m: guid=3a23baa0-d53b-4399-b2ff-38e5b0c46990:uuid - endTransferPrepareAPI:process
2018-07-26T17:20:42.984Z - [32minfo[39m: guid=6b827c08-6612-4cce-8c21-b66f423acd0d:uuid - startTransferPrepareAPI:process
2018-07-26T17:20:43.014Z - [32minfo[39m: guid=bfb29c62-e4d5-4bfd-bdab-61995335ec8b:uuid - endPrepareTransferHandler:process
2018-07-26T17:20:43.017Z - [32minfo[39m: guid=58a1b473-3a07-45a8-b90e-29289c02cd9b:uuid - startPrepareTransferHandler:process
2018-07-26T17:20:43.049Z - [32minfo[39m: guid=6b827c08-6612-4cce-8c21-b66f423acd0d:uuid - endTransferPrepareAPI:process
2018-07-26T17:20:43.053Z - [32minfo[39m: guid=87e2804e-f511-4176-9ffd-f5abd13630ee:uuid - startTransferPrepareAPI:process
2018-07-26T17:20:43.062Z - [32minfo[39m: guid=58a1b473-3a07-45a8-b90e-29289c02cd9b:uuid - endPrepareTransferHandler:process
2018-07-26T17:20:43.085Z - [32minfo[39m: guid=87e2804e-f511-4176-9ffd-f5abd13630ee:uuid - endTransferPrepareAPI:process
2018-07-26T17:20:43.088Z - [32minfo[39m: guid=5f742ee0-70d2-4613-8c6b-a604bb87a05a:uuid - startTransferPrepareAPI:process
2018-07-26T17:20:43.112Z - [32minfo[39m: guid=5f742ee0-70d2-4613-8c6b-a604bb87a05a:uuid - endTransferPrepareAPI:process
2018-07-26T17:20:43.116Z - [32minfo[39m: guid=9a54afa3-b30e-44e9-9e00-588e21d8b1f6:uuid - startTransferPrepareAPI:process
2018-07-26T17:20:43.122Z - [32minfo[39m: guid=a2b00008-33ef-4ae1-b066-3f05e4938d64:uuid - startTransferPrepareAPI:process
2018-07-26T17:20:43.145Z - [32minfo[39m: guid=a2b00008-33ef-4ae1-b066-3f05e4938d64:uuid - endTransferPrepareAPI:process
2018-07-26T17:20:43.147Z - [32minfo[39m: guid=9a54afa3-b30e-44e9-9e00-588e21d8b1f6:uuid - endTransferPrepareAPI:process
2018-07-26T17:20:43.149Z - [32minfo[39m: guid=771c4b86-3049-4cc3-b3c6-d8784e497544:uuid - startTransferPrepareAPI:process
2018-07-26T17:20:43.151Z - [32minfo[39m: guid=3ff2191d-9602-495a-aa6d-99195a56799f:uuid - startTransferPrepareAPI:process
2018-07-26T17:20:43.177Z - [32minfo[39m: guid=771c4b86-3049-4cc3-b3c6-d8784e497544:uuid - endTransferPrepareAPI:process
2018-07-26T17:20:43.181Z - [32minfo[39m: guid=a43f2a22-a534-4b5e-87b8-bff038dc0c60:uuid - startTransferPrepareAPI:process
2018-07-26T17:20:43.193Z - [32minfo[39m: guid=b7799a27-da1c-4bd0-b690-6b4d49355db3:uuid - startTransferPrepareAPI:process
2018-07-26T17:20:43.197Z - [32minfo[39m: guid=15d609b2-cfc8-4cc7-8b4c-78796d44c651:uuid - startTransferPrepareAPI:process
2018-07-26T17:20:43.211Z - [32minfo[39m: guid=bfb29c62-e4d5-4bfd-bdab-61995335ec8b:uuid - startPositionHandler:process
2018-07-26T17:20:43.212Z - [32minfo[39m: guid=15d609b2-cfc8-4cc7-8b4c-78796d44c651:uuid - endTransferPrepareAPI:process
2018-07-26T17:20:43.217Z - [32minfo[39m: guid=e8d19d77-662d-4459-bade-70dc443fe2d1:uuid - startTransferPrepareAPI:process
2018-07-26T17:20:43.224Z - [32minfo[39m: guid=df45f129-af0f-476f-9a34-a4d7d4939628:uuid - startTransferPrepareAPI:process
2018-07-26T17:20:43.234Z - [32minfo[39m: guid=e8d19d77-662d-4459-bade-70dc443fe2d1:uuid - endTransferPrepareAPI:process
2018-07-26T17:20:43.238Z - [32minfo[39m: guid=7342c350-f3c4-42ee-abf2-e941262e6ffc:uuid - startTransferPrepareAPI:process
2018-07-26T17:20:43.254Z - [32minfo[39m: guid=6e469641-5f99-4214-a33c-5ca2890244c3:uuid - startTransferPrepareAPI:process
2018-07-26T17:20:43.259Z - [32minfo[39m: guid=7342c350-f3c4-42ee-abf2-e941262e6ffc:uuid - endTransferPrepareAPI:process
2018-07-26T17:20:43.262Z - [32minfo[39m: guid=2da820d4-bdea-40b6-946b-556f8c937acc:uuid - startTransferPrepareAPI:process
2018-07-26T17:20:43.281Z - [32minfo[39m: guid=6e469641-5f99-4214-a33c-5ca2890244c3:uuid - endTransferPrepareAPI:process
2018-07-26T17:20:43.284Z - [32minfo[39m: guid=2da820d4-bdea-40b6-946b-556f8c937acc:uuid - endTransferPrepareAPI:process
2018-07-26T17:20:43.287Z - [32minfo[39m: guid=90d3e4ec-a092-4166-ae16-7d3058a9b94c:uuid - startTransferPrepareAPI:process
2018-07-26T17:20:43.312Z - [32minfo[39m: guid=90d3e4ec-a092-4166-ae16-7d3058a9b94c:uuid - endTransferPrepareAPI:process
2018-07-26T17:20:43.315Z - [32minfo[39m: guid=7342c350-f3c4-42ee-abf2-e941262e6ffc:uuid - startPrepareTransferHandler:process
2018-07-26T17:20:43.316Z - [32minfo[39m: guid=e8e8043e-6f80-40b7-8a1f-5e9d698d6f07:uuid - startTransferPrepareAPI:process
2018-07-26T17:20:43.324Z - [32minfo[39m: guid=6320eb49-f71f-402e-bd03-dcfcb3ae6896:uuid - startTransferPrepareAPI:process
2018-07-26T17:20:43.342Z - [32minfo[39m: guid=6320eb49-f71f-402e-bd03-dcfcb3ae6896:uuid - endTransferPrepareAPI:process
2018-07-26T17:20:43.345Z - [32minfo[39m: guid=08b1d944-74f9-454c-ae60-1761744d4355:uuid - startTransferPrepareAPI:process
2018-07-26T17:20:43.348Z - [32minfo[39m: guid=7342c350-f3c4-42ee-abf2-e941262e6ffc:uuid - endPrepareTransferHandler:process
2018-07-26T17:20:43.359Z - [32minfo[39m: guid=3e589fcc-c68e-4f52-a0a9-c15e2736f724:uuid - startTransferPrepareAPI:process
2018-07-26T17:20:43.371Z - [32minfo[39m: guid=abf22cb0-3a26-4cb4-8cce-8dd923c5c074:uuid - startTransferPrepareAPI:process
2018-07-26T17:20:43.381Z - [32minfo[39m: guid=3e589fcc-c68e-4f52-a0a9-c15e2736f724:uuid - endTransferPrepareAPI:process
2018-07-26T17:20:43.388Z - [32minfo[39m: guid=abf22cb0-3a26-4cb4-8cce-8dd923c5c074:uuid - endTransferPrepareAPI:process
2018-07-26T17:20:43.394Z - [32minfo[39m: guid=2c101575-a3fb-4799-bcff-64ec7fea5c5a:uuid - startTransferPrepareAPI:process
2018-07-26T17:20:43.465Z - [32minfo[39m: guid=bfb29c62-e4d5-4bfd-bdab-61995335ec8b:uuid - endPositionHandler:process
2018-07-26T17:20:43.468Z - [32minfo[39m: guid=58a1b473-3a07-45a8-b90e-29289c02cd9b:uuid - startPositionHandler:process
2018-07-26T17:20:43.483Z - [32minfo[39m: guid=58a1b473-3a07-45a8-b90e-29289c02cd9b:uuid - endPositionHandler:process
2018-07-26T17:20:43.485Z - [32minfo[39m: guid=7342c350-f3c4-42ee-abf2-e941262e6ffc:uuid - startPositionHandler:process
2018-07-26T17:20:43.491Z - [32minfo[39m: guid=7342c350-f3c4-42ee-abf2-e941262e6ffc:uuid - endPositionHandler:process
2018-07-26T17:20:43.518Z - [32minfo[39m: guid=bfb29c62-e4d5-4bfd-bdab-61995335ec8b:uuid - startTransferHandler:process
2018-07-26T17:20:43.525Z - [32minfo[39m: guid=4ac973bf-19ec-419d-ab44-385bdba53faa:uuid - startTransferPrepareAPI:process
2018-07-26T17:20:43.533Z - [32minfo[39m: guid=2c101575-a3fb-4799-bcff-64ec7fea5c5a:uuid - endTransferPrepareAPI:process
2018-07-26T17:20:43.537Z - [32minfo[39m: guid=33f557f3-ede3-4cb0-a4bc-11f65380e052:uuid - startTransferPrepareAPI:process
2018-07-26T17:20:43.542Z - [32minfo[39m: guid=4ac973bf-19ec-419d-ab44-385bdba53faa:uuid - endTransferPrepareAPI:process
2018-07-26T17:20:43.549Z - [32minfo[39m: guid=a252bf6e-21e0-43c0-ac01-e48555a87e98:uuid - startTransferPrepareAPI:process
2018-07-26T17:20:43.562Z - [32minfo[39m: guid=33f557f3-ede3-4cb0-a4bc-11f65380e052:uuid - endTransferPrepareAPI:process
2018-07-26T17:20:43.565Z - [32minfo[39m: guid=a252bf6e-21e0-43c0-ac01-e48555a87e98:uuid - endTransferPrepareAPI:process
2018-07-26T17:20:43.573Z - [32minfo[39m: guid=f8e60bb8-69cb-4d5d-8ad4-a2acac3320e1:uuid - startTransferPrepareAPI:process
2018-07-26T17:20:43.574Z - [32minfo[39m: guid=ed71e46d-706e-4841-94a4-aa1e04a10d9a:uuid - startTransferPrepareAPI:process
2018-07-26T17:20:43.577Z - [32minfo[39m: guid=3e7916ee-ceff-48aa-a83e-2198caa289b7:uuid - startPrepareTransferHandler:process
2018-07-26T17:20:43.615Z - [32minfo[39m: guid=3e7916ee-ceff-48aa-a83e-2198caa289b7:uuid - endPrepareTransferHandler:process
2018-07-26T17:20:43.617Z - [32minfo[39m: guid=2c101575-a3fb-4799-bcff-64ec7fea5c5a:uuid - startPrepareTransferHandler:process
2018-07-26T17:20:43.619Z - [32minfo[39m: guid=f8e60bb8-69cb-4d5d-8ad4-a2acac3320e1:uuid - endTransferPrepareAPI:process
2018-07-26T17:20:43.625Z - [32minfo[39m: guid=0857d8c4-3eec-4ad7-80b8-961243f7267b:uuid - startTransferPrepareAPI:process
2018-07-26T17:20:43.628Z - [32minfo[39m: guid=3e7916ee-ceff-48aa-a83e-2198caa289b7:uuid - startPositionHandler:process
2018-07-26T17:20:43.636Z - [32minfo[39m: guid=3e7916ee-ceff-48aa-a83e-2198caa289b7:uuid - endPositionHandler:process
2018-07-26T17:20:43.648Z - [32minfo[39m: guid=2c101575-a3fb-4799-bcff-64ec7fea5c5a:uuid - endPrepareTransferHandler:process
2018-07-26T17:20:43.651Z - [32minfo[39m: guid=70adeb6b-1edf-4655-998e-6bb78e5e1879:uuid - startPrepareTransferHandler:process
2018-07-26T17:20:43.654Z - [32minfo[39m: guid=0857d8c4-3eec-4ad7-80b8-961243f7267b:uuid - endTransferPrepareAPI:process
2018-07-26T17:20:43.655Z - [32minfo[39m: guid=2c101575-a3fb-4799-bcff-64ec7fea5c5a:uuid - startPositionHandler:process
2018-07-26T17:20:43.658Z - [32minfo[39m: guid=8ebc59c8-18ad-47e0-aee9-e999b0194247:uuid - startTransferPrepareAPI:process
2018-07-26T17:20:43.664Z - [32minfo[39m: guid=2c101575-a3fb-4799-bcff-64ec7fea5c5a:uuid - endPositionHandler:process
2018-07-26T17:20:43.665Z - [32minfo[39m: guid=ed71e46d-706e-4841-94a4-aa1e04a10d9a:uuid - endTransferPrepareAPI:process
2018-07-26T17:20:43.669Z - [32minfo[39m: guid=fff39f36-3fcb-4519-a474-dea71e19c542:uuid - startTransferPrepareAPI:process
2018-07-26T17:20:43.690Z - [32minfo[39m: guid=fff39f36-3fcb-4519-a474-dea71e19c542:uuid - endTransferPrepareAPI:process
2018-07-26T17:20:43.694Z - [32minfo[39m: guid=8ebc59c8-18ad-47e0-aee9-e999b0194247:uuid - endTransferPrepareAPI:process
2018-07-26T17:20:43.697Z - [32minfo[39m: guid=56c67993-d323-4b31-8fa1-5c26c2307487:uuid - startTransferPrepareAPI:process
2018-07-26T17:20:43.700Z - [32minfo[39m: guid=574f0aa2-72fd-4862-8975-0142911bd92d:uuid - startTransferPrepareAPI:process
2018-07-26T17:20:43.702Z - [32minfo[39m: guid=70adeb6b-1edf-4655-998e-6bb78e5e1879:uuid - endPrepareTransferHandler:process
2018-07-26T17:20:43.706Z - [32minfo[39m: guid=4ac973bf-19ec-419d-ab44-385bdba53faa:uuid - startPrepareTransferHandler:process
2018-07-26T17:20:43.708Z - [32minfo[39m: guid=70adeb6b-1edf-4655-998e-6bb78e5e1879:uuid - startPositionHandler:process
2018-07-26T17:20:43.716Z - [32minfo[39m: guid=574f0aa2-72fd-4862-8975-0142911bd92d:uuid - endTransferPrepareAPI:process
2018-07-26T17:20:43.716Z - [32minfo[39m: guid=70adeb6b-1edf-4655-998e-6bb78e5e1879:uuid - endPositionHandler:process
2018-07-26T17:20:43.719Z - [32minfo[39m: guid=d4fb5233-e24a-437f-a4fd-d15c1f352106:uuid - startTransferPrepareAPI:process
2018-07-26T17:20:43.724Z - [32minfo[39m: guid=2e9798f6-44d8-466b-a861-31f2541ba070:uuid - startTransferPrepareAPI:process
2018-07-26T17:20:43.737Z - [32minfo[39m: guid=bfb29c62-e4d5-4bfd-bdab-61995335ec8b:uuid - endTransferHandler:process
2018-07-26T17:20:43.737Z - [32minfo[39m: guid=ffb2fd03-b041-4f69-8b49-22652be6efb9:uuid - startTransferPrepareAPI:process
2018-07-26T17:20:43.741Z - [32minfo[39m: guid=58a1b473-3a07-45a8-b90e-29289c02cd9b:uuid - startTransferHandler:process
2018-07-26T17:20:43.746Z - [32minfo[39m: guid=58a1b473-3a07-45a8-b90e-29289c02cd9b:uuid - endTransferHandler:process
2018-07-26T17:20:43.749Z - [32minfo[39m: guid=7342c350-f3c4-42ee-abf2-e941262e6ffc:uuid - startTransferHandler:process
2018-07-26T17:20:43.755Z - [32minfo[39m: guid=4ac973bf-19ec-419d-ab44-385bdba53faa:uuid - endPrepareTransferHandler:process
2018-07-26T17:20:43.756Z - [32minfo[39m: guid=7342c350-f3c4-42ee-abf2-e941262e6ffc:uuid - endTransferHandler:process
2018-07-26T17:20:43.758Z - [32minfo[39m: guid=4ac973bf-19ec-419d-ab44-385bdba53faa:uuid - startPositionHandler:process
2018-07-26T17:20:43.759Z - [32minfo[39m: guid=17b2ce4a-0448-405e-90d1-8bc529e687ed:uuid - startPrepareTransferHandler:process
2018-07-26T17:20:43.761Z - [32minfo[39m: guid=2e9798f6-44d8-466b-a861-31f2541ba070:uuid - endTransferPrepareAPI:process
2018-07-26T17:20:43.766Z - [32minfo[39m: guid=3e7916ee-ceff-48aa-a83e-2198caa289b7:uuid - startTransferHandler:process
2018-07-26T17:20:43.766Z - [32minfo[39m: guid=4ac973bf-19ec-419d-ab44-385bdba53faa:uuid - endPositionHandler:process
2018-07-26T17:20:43.771Z - [32minfo[39m: guid=3e7916ee-ceff-48aa-a83e-2198caa289b7:uuid - endTransferHandler:process
2018-07-26T17:20:43.777Z - [32minfo[39m: guid=ffb2fd03-b041-4f69-8b49-22652be6efb9:uuid - endTransferPrepareAPI:process
2018-07-26T17:20:43.778Z - [32minfo[39m: guid=2c101575-a3fb-4799-bcff-64ec7fea5c5a:uuid - startTransferHandler:process
2018-07-26T17:20:43.784Z - [32minfo[39m: guid=2c101575-a3fb-4799-bcff-64ec7fea5c5a:uuid - endTransferHandler:process
2018-07-26T17:20:43.785Z - [32minfo[39m: guid=bfb29c62-e4d5-4bfd-bdab-61995335ec8b:uuid - startNotificationHandler:process
2018-07-26T17:20:43.790Z - [32minfo[39m: guid=70adeb6b-1edf-4655-998e-6bb78e5e1879:uuid - startTransferHandler:process
2018-07-26T17:20:43.798Z - [32minfo[39m: guid=70adeb6b-1edf-4655-998e-6bb78e5e1879:uuid - endTransferHandler:process
2018-07-26T17:20:43.803Z - [32minfo[39m: guid=4ac973bf-19ec-419d-ab44-385bdba53faa:uuid - startTransferHandler:process
2018-07-26T17:20:43.806Z - [32minfo[39m: guid=4ac973bf-19ec-419d-ab44-385bdba53faa:uuid - endTransferHandler:process
2018-07-26T17:20:43.814Z - [32minfo[39m: guid=17b2ce4a-0448-405e-90d1-8bc529e687ed:uuid - endPrepareTransferHandler:process
2018-07-26T17:20:43.817Z - [32minfo[39m: guid=d4862e22-3724-44d3-8d62-1ba5173f1040:uuid - startPrepareTransferHandler:process
2018-07-26T17:20:43.821Z - [32minfo[39m: guid=5e6effec-5ef5-473b-9170-8d574986b03a:uuid - startTransferPrepareAPI:process
2018-07-26T17:20:43.823Z - [32minfo[39m: guid=17b2ce4a-0448-405e-90d1-8bc529e687ed:uuid - startPositionHandler:process
2018-07-26T17:20:43.830Z - [32minfo[39m: guid=f93d056d-6474-40ab-9858-f13e606ae311:uuid - startTransferPrepareAPI:process
2018-07-26T17:20:43.835Z - [32minfo[39m: guid=17b2ce4a-0448-405e-90d1-8bc529e687ed:uuid - endPositionHandler:process
2018-07-26T17:20:43.846Z - [32minfo[39m: guid=17b2ce4a-0448-405e-90d1-8bc529e687ed:uuid - startTransferHandler:process
2018-07-26T17:20:43.850Z - [32minfo[39m: guid=17b2ce4a-0448-405e-90d1-8bc529e687ed:uuid - endTransferHandler:process
2018-07-26T17:20:43.865Z - [32minfo[39m: guid=5e6effec-5ef5-473b-9170-8d574986b03a:uuid - endTransferPrepareAPI:process
2018-07-26T17:20:43.873Z - [32minfo[39m: guid=f93d056d-6474-40ab-9858-f13e606ae311:uuid - endTransferPrepareAPI:process
2018-07-26T17:20:43.875Z - [32minfo[39m: guid=74c07336-c051-44b1-8c78-d2ac394aea11:uuid - startTransferPrepareAPI:process
2018-07-26T17:20:43.884Z - [32minfo[39m: guid=d4862e22-3724-44d3-8d62-1ba5173f1040:uuid - endPrepareTransferHandler:process
2018-07-26T17:20:43.886Z - [32minfo[39m: guid=98cf3c74-8dd5-4f3a-9a8f-e419840f4438:uuid - startPrepareTransferHandler:process
2018-07-26T17:20:43.889Z - [32minfo[39m: guid=bfb29c62-e4d5-4bfd-bdab-61995335ec8b:uuid - endNotificationHandler:process
2018-07-26T17:20:43.892Z - [32minfo[39m: guid=d4862e22-3724-44d3-8d62-1ba5173f1040:uuid - startPositionHandler:process
2018-07-26T17:20:43.895Z - [32minfo[39m: guid=812f6072-c190-49a9-a97f-fcc0603cd5c2:uuid - startTransferPrepareAPI:process
2018-07-26T17:20:43.897Z - [32minfo[39m: guid=58a1b473-3a07-45a8-b90e-29289c02cd9b:uuid - startNotificationHandler:process
2018-07-26T17:20:43.902Z - [32minfo[39m: guid=d4862e22-3724-44d3-8d62-1ba5173f1040:uuid - endPositionHandler:process
2018-07-26T17:20:43.908Z - [32minfo[39m: guid=74c07336-c051-44b1-8c78-d2ac394aea11:uuid - endTransferPrepareAPI:process
2018-07-26T17:20:43.917Z - [32minfo[39m: guid=ccfad111-1e19-490d-9812-d1bb54d4b278:uuid - startTransferPrepareAPI:process
2018-07-26T17:20:43.918Z - [32minfo[39m: guid=d4862e22-3724-44d3-8d62-1ba5173f1040:uuid - startTransferHandler:process
2018-07-26T17:20:43.920Z - [32minfo[39m: guid=d4862e22-3724-44d3-8d62-1ba5173f1040:uuid - endTransferHandler:process
2018-07-26T17:20:43.921Z - [32minfo[39m: guid=58a1b473-3a07-45a8-b90e-29289c02cd9b:uuid - endNotificationHandler:process
2018-07-26T17:20:43.924Z - [32minfo[39m: guid=7342c350-f3c4-42ee-abf2-e941262e6ffc:uuid - startNotificationHandler:process
2018-07-26T17:20:43.927Z - [32minfo[39m: guid=812f6072-c190-49a9-a97f-fcc0603cd5c2:uuid - endTransferPrepareAPI:process
2018-07-26T17:20:43.929Z - [32minfo[39m: guid=26f788bb-5904-4441-b59c-79db37ba05d1:uuid - startTransferPrepareAPI:process
2018-07-26T17:20:43.933Z - [32minfo[39m: guid=98cf3c74-8dd5-4f3a-9a8f-e419840f4438:uuid - endPrepareTransferHandler:process
2018-07-26T17:20:43.934Z - [32minfo[39m: guid=bbabe9ec-3a31-4aeb-b887-f8b0b7d0aa99:uuid - startPrepareTransferHandler:process
2018-07-26T17:20:43.949Z - [32minfo[39m: guid=04302a6a-1be7-4ca4-8927-371a38a4544a:uuid - startTransferPrepareAPI:process
2018-07-26T17:20:43.949Z - [32minfo[39m: guid=98cf3c74-8dd5-4f3a-9a8f-e419840f4438:uuid - startPositionHandler:process
2018-07-26T17:20:43.957Z - [32minfo[39m: guid=98cf3c74-8dd5-4f3a-9a8f-e419840f4438:uuid - endPositionHandler:process
2018-07-26T17:20:43.978Z - [32minfo[39m: guid=98cf3c74-8dd5-4f3a-9a8f-e419840f4438:uuid - startTransferHandler:process
2018-07-26T17:20:43.979Z - [32minfo[39m: guid=98cf3c74-8dd5-4f3a-9a8f-e419840f4438:uuid - endTransferHandler:process
2018-07-26T17:20:43.989Z - [32minfo[39m: guid=6987ef89-45f9-458a-997c-875db2ee3990:uuid - startTransferPrepareAPI:process
2018-07-26T17:20:43.992Z - [32minfo[39m: guid=bbabe9ec-3a31-4aeb-b887-f8b0b7d0aa99:uuid - endPrepareTransferHandler:process
2018-07-26T17:20:43.994Z - [32minfo[39m: guid=42eb1b73-6886-4b52-b9a9-24a00bfa217f:uuid - startPrepareTransferHandler:process
2018-07-26T17:20:44.004Z - [32minfo[39m: guid=bbabe9ec-3a31-4aeb-b887-f8b0b7d0aa99:uuid - startPositionHandler:process
2018-07-26T17:20:44.025Z - [32minfo[39m: guid=bbabe9ec-3a31-4aeb-b887-f8b0b7d0aa99:uuid - endPositionHandler:process
2018-07-26T17:20:44.035Z - [32minfo[39m: guid=7342c350-f3c4-42ee-abf2-e941262e6ffc:uuid - endNotificationHandler:process
2018-07-26T17:20:44.036Z - [32minfo[39m: guid=bbabe9ec-3a31-4aeb-b887-f8b0b7d0aa99:uuid - startTransferHandler:process
2018-07-26T17:20:44.037Z - [32minfo[39m: guid=bbabe9ec-3a31-4aeb-b887-f8b0b7d0aa99:uuid - endTransferHandler:process
2018-07-26T17:20:44.042Z - [32minfo[39m: guid=053a6935-bacf-4292-8c0b-6324b6a82103:uuid - startTransferPrepareAPI:process
2018-07-26T17:20:44.058Z - [32minfo[39m: guid=3e7916ee-ceff-48aa-a83e-2198caa289b7:uuid - startNotificationHandler:process
2018-07-26T17:20:44.064Z - [32minfo[39m: guid=7c96d309-cd06-4e71-aa67-3002c3c427cd:uuid - startTransferPrepareAPI:process
2018-07-26T17:20:44.080Z - [32minfo[39m: guid=053a6935-bacf-4292-8c0b-6324b6a82103:uuid - endTransferPrepareAPI:process
2018-07-26T17:20:44.080Z - [32minfo[39m: guid=42eb1b73-6886-4b52-b9a9-24a00bfa217f:uuid - endPrepareTransferHandler:process
2018-07-26T17:20:44.081Z - [32minfo[39m: guid=67fe0b8d-38fd-4067-b2ae-a93865d14f42:uuid - startPrepareTransferHandler:process
2018-07-26T17:20:44.082Z - [32minfo[39m: guid=5173639b-1f2c-494e-bc2c-c667d61b2cc2:uuid - startTransferPrepareAPI:process
2018-07-26T17:20:44.091Z - [32minfo[39m: guid=75a50a2f-6156-43a2-ad4b-a8a687356dac:uuid - startTransferPrepareAPI:process
2018-07-26T17:20:44.096Z - [32minfo[39m: guid=42eb1b73-6886-4b52-b9a9-24a00bfa217f:uuid - startPositionHandler:process
2018-07-26T17:20:44.101Z - [32minfo[39m: guid=3e7916ee-ceff-48aa-a83e-2198caa289b7:uuid - endNotificationHandler:process
2018-07-26T17:20:44.103Z - [32minfo[39m: guid=5173639b-1f2c-494e-bc2c-c667d61b2cc2:uuid - endTransferPrepareAPI:process
2018-07-26T17:20:44.105Z - [32minfo[39m: guid=42eb1b73-6886-4b52-b9a9-24a00bfa217f:uuid - endPositionHandler:process
2018-07-26T17:20:44.113Z - [32minfo[39m: guid=42eb1b73-6886-4b52-b9a9-24a00bfa217f:uuid - startTransferHandler:process
2018-07-26T17:20:44.113Z - [32minfo[39m: guid=7c96d309-cd06-4e71-aa67-3002c3c427cd:uuid - endTransferPrepareAPI:process
2018-07-26T17:20:44.114Z - [32minfo[39m: guid=42eb1b73-6886-4b52-b9a9-24a00bfa217f:uuid - endTransferHandler:process
2018-07-26T17:20:44.119Z - [32minfo[39m: guid=2c101575-a3fb-4799-bcff-64ec7fea5c5a:uuid - startNotificationHandler:process
2018-07-26T17:20:44.121Z - [32minfo[39m: guid=75a50a2f-6156-43a2-ad4b-a8a687356dac:uuid - endTransferPrepareAPI:process
2018-07-26T17:20:44.126Z - [32minfo[39m: guid=67fe0b8d-38fd-4067-b2ae-a93865d14f42:uuid - endPrepareTransferHandler:process
2018-07-26T17:20:44.127Z - [32minfo[39m: guid=ed71e46d-706e-4841-94a4-aa1e04a10d9a:uuid - startPrepareTransferHandler:process
2018-07-26T17:20:44.132Z - [32minfo[39m: guid=1f026afa-8377-4ca3-88bd-ad8132781aec:uuid - startTransferPrepareAPI:process
2018-07-26T17:20:44.141Z - [32minfo[39m: guid=67fe0b8d-38fd-4067-b2ae-a93865d14f42:uuid - startPositionHandler:process
2018-07-26T17:20:44.141Z - [32minfo[39m: guid=b3337b15-085e-4c27-80ff-7af17712825b:uuid - startTransferPrepareAPI:process
2018-07-26T17:20:44.151Z - [32minfo[39m: guid=67fe0b8d-38fd-4067-b2ae-a93865d14f42:uuid - endPositionHandler:process
2018-07-26T17:20:44.154Z - [32minfo[39m: guid=884de504-b9d9-4cec-bb30-17445262f219:uuid - startTransferPrepareAPI:process
2018-07-26T17:20:44.155Z - [32minfo[39m: guid=67fe0b8d-38fd-4067-b2ae-a93865d14f42:uuid - startTransferHandler:process
2018-07-26T17:20:44.156Z - [32minfo[39m: guid=67fe0b8d-38fd-4067-b2ae-a93865d14f42:uuid - endTransferHandler:process
2018-07-26T17:20:44.169Z - [32minfo[39m: guid=2c101575-a3fb-4799-bcff-64ec7fea5c5a:uuid - endNotificationHandler:process
2018-07-26T17:20:44.171Z - [32minfo[39m: guid=1f026afa-8377-4ca3-88bd-ad8132781aec:uuid - endTransferPrepareAPI:process
2018-07-26T17:20:44.174Z - [32minfo[39m: guid=70adeb6b-1edf-4655-998e-6bb78e5e1879:uuid - startNotificationHandler:process
2018-07-26T17:20:44.174Z - [32minfo[39m: guid=7dd4d172-508f-45b8-b1fd-60af2d613363:uuid - startTransferPrepareAPI:process
2018-07-26T17:20:44.188Z - [32minfo[39m: guid=ed71e46d-706e-4841-94a4-aa1e04a10d9a:uuid - endPrepareTransferHandler:process
2018-07-26T17:20:44.189Z - [32minfo[39m: guid=5181c531-c23c-457e-a6b6-25f74f92232e:uuid - startPrepareTransferHandler:process
2018-07-26T17:20:44.199Z - [32minfo[39m: guid=ed71e46d-706e-4841-94a4-aa1e04a10d9a:uuid - startPositionHandler:process
2018-07-26T17:20:44.211Z - [32minfo[39m: guid=b4ccd322-56de-4701-a3be-b47f2ea824fb:uuid - startTransferPrepareAPI:process
2018-07-26T17:20:44.213Z - [32minfo[39m: guid=ed71e46d-706e-4841-94a4-aa1e04a10d9a:uuid - endPositionHandler:process
2018-07-26T17:20:44.218Z - [32minfo[39m: guid=ed71e46d-706e-4841-94a4-aa1e04a10d9a:uuid - startTransferHandler:process
2018-07-26T17:20:44.220Z - [32minfo[39m: guid=ed71e46d-706e-4841-94a4-aa1e04a10d9a:uuid - endTransferHandler:process
2018-07-26T17:20:44.237Z - [32minfo[39m: guid=eb1565b8-2ee9-4f05-9f20-1bf64f300303:uuid - startTransferPrepareAPI:process
2018-07-26T17:20:44.244Z - [32minfo[39m: guid=b533f1b8-9c3d-4446-b19b-6d7b2a244a62:uuid - startTransferPrepareAPI:process
2018-07-26T17:20:44.254Z - [32minfo[39m: guid=5181c531-c23c-457e-a6b6-25f74f92232e:uuid - endPrepareTransferHandler:process
2018-07-26T17:20:44.257Z - [32minfo[39m: guid=5181c531-c23c-457e-a6b6-25f74f92232e:uuid - startPositionHandler:process
2018-07-26T17:20:44.260Z - [32minfo[39m: guid=4bf2c899-a8a6-485c-bb87-81fcc0832372:uuid - startPrepareTransferHandler:process
2018-07-26T17:20:44.270Z - [32minfo[39m: guid=70adeb6b-1edf-4655-998e-6bb78e5e1879:uuid - endNotificationHandler:process
2018-07-26T17:20:44.272Z - [32minfo[39m: guid=5181c531-c23c-457e-a6b6-25f74f92232e:uuid - endPositionHandler:process
2018-07-26T17:20:44.282Z - [32minfo[39m: guid=5181c531-c23c-457e-a6b6-25f74f92232e:uuid - endTransferHandler:process
2018-07-26T17:20:44.282Z - [32minfo[39m: guid=5181c531-c23c-457e-a6b6-25f74f92232e:uuid - startTransferHandler:process
2018-07-26T17:20:44.290Z - [32minfo[39m: guid=4dcdf381-96e3-4fdb-9801-2786fa824e08:uuid - startTransferPrepareAPI:process
2018-07-26T17:20:44.309Z - [32minfo[39m: guid=4ac973bf-19ec-419d-ab44-385bdba53faa:uuid - startNotificationHandler:process
2018-07-26T17:20:44.321Z - [32minfo[39m: guid=b533f1b8-9c3d-4446-b19b-6d7b2a244a62:uuid - endTransferPrepareAPI:process
2018-07-26T17:20:44.332Z - [32minfo[39m: guid=f1b620a7-ab9a-4d0e-9e0f-19187dbbe775:uuid - startTransferPrepareAPI:process
2018-07-26T17:20:44.341Z - [32minfo[39m: guid=a05db199-f4b0-45b3-bd52-c8e877f25b68:uuid - startTransferPrepareAPI:process
2018-07-26T17:20:44.343Z - [32minfo[39m: guid=4bf2c899-a8a6-485c-bb87-81fcc0832372:uuid - endPrepareTransferHandler:process
2018-07-26T17:20:44.349Z - [32minfo[39m: guid=3b485ced-9b9d-46b9-ad31-104536e6b53b:uuid - startPrepareTransferHandler:process
2018-07-26T17:20:44.357Z - [32minfo[39m: guid=4bf2c899-a8a6-485c-bb87-81fcc0832372:uuid - startPositionHandler:process
2018-07-26T17:20:44.366Z - [32minfo[39m: guid=4bf2c899-a8a6-485c-bb87-81fcc0832372:uuid - endPositionHandler:process
2018-07-26T17:20:44.367Z - [32minfo[39m: guid=179de1e7-c7bc-4fc6-9dff-d1173d37cd3f:uuid - startTransferPrepareAPI:process
2018-07-26T17:20:44.373Z - [32minfo[39m: guid=4bf2c899-a8a6-485c-bb87-81fcc0832372:uuid - startTransferHandler:process
2018-07-26T17:20:44.376Z - [32minfo[39m: guid=4bf2c899-a8a6-485c-bb87-81fcc0832372:uuid - endTransferHandler:process
2018-07-26T17:20:44.379Z - [32minfo[39m: guid=c8f000f3-649e-4a28-8bf9-d525a5418845:uuid - startTransferPrepareAPI:process
2018-07-26T17:20:44.397Z - [32minfo[39m: guid=a05db199-f4b0-45b3-bd52-c8e877f25b68:uuid - endTransferPrepareAPI:process
2018-07-26T17:20:44.403Z - [32minfo[39m: guid=3b485ced-9b9d-46b9-ad31-104536e6b53b:uuid - endPrepareTransferHandler:process
2018-07-26T17:20:44.404Z - [32minfo[39m: guid=c8f000f3-649e-4a28-8bf9-d525a5418845:uuid - endTransferPrepareAPI:process
2018-07-26T17:20:44.405Z - [32minfo[39m: guid=9bbe0512-37e4-4b77-ad05-890af23d332d:uuid - startPrepareTransferHandler:process
2018-07-26T17:20:44.407Z - [32minfo[39m: guid=3b485ced-9b9d-46b9-ad31-104536e6b53b:uuid - startPositionHandler:process
2018-07-26T17:20:44.411Z - [32minfo[39m: guid=179de1e7-c7bc-4fc6-9dff-d1173d37cd3f:uuid - endTransferPrepareAPI:process
2018-07-26T17:20:44.416Z - [32minfo[39m: guid=3b485ced-9b9d-46b9-ad31-104536e6b53b:uuid - endPositionHandler:process
2018-07-26T17:20:44.419Z - [32minfo[39m: guid=ac4b2dc0-a65c-4128-92c5-4c3ffedf4ad7:uuid - startTransferPrepareAPI:process
2018-07-26T17:20:44.426Z - [32minfo[39m: guid=3b485ced-9b9d-46b9-ad31-104536e6b53b:uuid - startTransferHandler:process
2018-07-26T17:20:44.427Z - [32minfo[39m: guid=3b485ced-9b9d-46b9-ad31-104536e6b53b:uuid - endTransferHandler:process
2018-07-26T17:20:44.427Z - [32minfo[39m: guid=4ac973bf-19ec-419d-ab44-385bdba53faa:uuid - endNotificationHandler:process
2018-07-26T17:20:44.439Z - [32minfo[39m: guid=52df413f-6e6e-4aba-a44f-9fcee9881ab7:uuid - startTransferPrepareAPI:process
2018-07-26T17:20:44.451Z - [32minfo[39m: guid=3f2827a4-27cb-4390-966b-e7b0ab8cc597:uuid - startTransferPrepareAPI:process
2018-07-26T17:20:44.454Z - [32minfo[39m: guid=17b2ce4a-0448-405e-90d1-8bc529e687ed:uuid - startNotificationHandler:process
2018-07-26T17:20:44.458Z - [32minfo[39m: guid=52df413f-6e6e-4aba-a44f-9fcee9881ab7:uuid - endTransferPrepareAPI:process
2018-07-26T17:20:44.461Z - [32minfo[39m: guid=9bbe0512-37e4-4b77-ad05-890af23d332d:uuid - endPrepareTransferHandler:process
2018-07-26T17:20:44.462Z - [32minfo[39m: guid=1910f692-670d-4c31-9e79-4c0c0caf28bd:uuid - startTransferPrepareAPI:process
2018-07-26T17:20:44.466Z - [32minfo[39m: guid=446977ec-49ea-4d74-a6eb-a835a650dc15:uuid - startPrepareTransferHandler:process
2018-07-26T17:20:44.471Z - [32minfo[39m: guid=17b2ce4a-0448-405e-90d1-8bc529e687ed:uuid - endNotificationHandler:process
2018-07-26T17:20:44.471Z - [32minfo[39m: guid=9bbe0512-37e4-4b77-ad05-890af23d332d:uuid - startPositionHandler:process
2018-07-26T17:20:44.478Z - [32minfo[39m: guid=9bbe0512-37e4-4b77-ad05-890af23d332d:uuid - endPositionHandler:process
2018-07-26T17:20:44.483Z - [32minfo[39m: guid=ac4b2dc0-a65c-4128-92c5-4c3ffedf4ad7:uuid - endTransferPrepareAPI:process
2018-07-26T17:20:44.496Z - [32minfo[39m: guid=9bbe0512-37e4-4b77-ad05-890af23d332d:uuid - startTransferHandler:process
2018-07-26T17:20:44.497Z - [32minfo[39m: guid=9bbe0512-37e4-4b77-ad05-890af23d332d:uuid - endTransferHandler:process
2018-07-26T17:20:44.499Z - [32minfo[39m: guid=3f2827a4-27cb-4390-966b-e7b0ab8cc597:uuid - endTransferPrepareAPI:process
2018-07-26T17:20:44.501Z - [32minfo[39m: guid=d4862e22-3724-44d3-8d62-1ba5173f1040:uuid - startNotificationHandler:process
2018-07-26T17:20:44.515Z - [32minfo[39m: guid=1910f692-670d-4c31-9e79-4c0c0caf28bd:uuid - endTransferPrepareAPI:process
2018-07-26T17:20:44.527Z - [32minfo[39m: guid=446977ec-49ea-4d74-a6eb-a835a650dc15:uuid - endPrepareTransferHandler:process
2018-07-26T17:20:44.528Z - [32minfo[39m: guid=c777368e-a407-4084-b230-72a666e2f778:uuid - startPrepareTransferHandler:process
2018-07-26T17:20:44.533Z - [32minfo[39m: guid=446977ec-49ea-4d74-a6eb-a835a650dc15:uuid - startPositionHandler:process
2018-07-26T17:20:44.542Z - [32minfo[39m: guid=32eeb96c-8654-458f-82a1-bbfb0f3c3120:uuid - startTransferPrepareAPI:process
2018-07-26T17:20:44.545Z - [32minfo[39m: guid=446977ec-49ea-4d74-a6eb-a835a650dc15:uuid - endPositionHandler:process
2018-07-26T17:20:44.552Z - [32minfo[39m: guid=446977ec-49ea-4d74-a6eb-a835a650dc15:uuid - startTransferHandler:process
2018-07-26T17:20:44.554Z - [32minfo[39m: guid=446977ec-49ea-4d74-a6eb-a835a650dc15:uuid - endTransferHandler:process
2018-07-26T17:20:44.555Z - [32minfo[39m: guid=e0afecc8-07e9-4d52-9294-8ba2084361ae:uuid - startTransferPrepareAPI:process
2018-07-26T17:20:44.559Z - [32minfo[39m: guid=c777368e-a407-4084-b230-72a666e2f778:uuid - endPrepareTransferHandler:process
2018-07-26T17:20:44.563Z - [32minfo[39m: guid=d109d3d3-b2ad-423f-a20e-c2dd5254bd78:uuid - startPrepareTransferHandler:process
2018-07-26T17:20:44.571Z - [32minfo[39m: guid=2f7603d7-8698-4bfc-811a-70d52e624c44:uuid - startTransferPrepareAPI:process
2018-07-26T17:20:44.572Z - [32minfo[39m: guid=c777368e-a407-4084-b230-72a666e2f778:uuid - startPositionHandler:process
2018-07-26T17:20:44.588Z - [32minfo[39m: guid=c777368e-a407-4084-b230-72a666e2f778:uuid - endPositionHandler:process
2018-07-26T17:20:44.594Z - [32minfo[39m: guid=1ef528a9-b57e-4ca9-8ee0-36b6315cab65:uuid - startTransferPrepareAPI:process
2018-07-26T17:20:44.600Z - [32minfo[39m: guid=c777368e-a407-4084-b230-72a666e2f778:uuid - endTransferHandler:process
2018-07-26T17:20:44.600Z - [32minfo[39m: guid=c777368e-a407-4084-b230-72a666e2f778:uuid - startTransferHandler:process
2018-07-26T17:20:44.610Z - [32minfo[39m: guid=898a80fc-2949-4d01-b940-cb75175baaf4:uuid - startTransferPrepareAPI:process
2018-07-26T17:20:44.618Z - [32minfo[39m: guid=d109d3d3-b2ad-423f-a20e-c2dd5254bd78:uuid - startPositionHandler:process
2018-07-26T17:20:44.621Z - [32minfo[39m: guid=d109d3d3-b2ad-423f-a20e-c2dd5254bd78:uuid - endPrepareTransferHandler:process
2018-07-26T17:20:44.623Z - [32minfo[39m: guid=d4862e22-3724-44d3-8d62-1ba5173f1040:uuid - endNotificationHandler:process
2018-07-26T17:20:44.624Z - [32minfo[39m: guid=4d3f7a9b-d8da-478e-9340-a81aa829b8e0:uuid - startPrepareTransferHandler:process
2018-07-26T17:20:44.625Z - [32minfo[39m: guid=1ef528a9-b57e-4ca9-8ee0-36b6315cab65:uuid - endTransferPrepareAPI:process
2018-07-26T17:20:44.630Z - [32minfo[39m: guid=d109d3d3-b2ad-423f-a20e-c2dd5254bd78:uuid - endPositionHandler:process
2018-07-26T17:20:44.635Z - [32minfo[39m: guid=d109d3d3-b2ad-423f-a20e-c2dd5254bd78:uuid - startTransferHandler:process
2018-07-26T17:20:44.637Z - [32minfo[39m: guid=d109d3d3-b2ad-423f-a20e-c2dd5254bd78:uuid - endTransferHandler:process
2018-07-26T17:20:44.640Z - [32minfo[39m: guid=98cf3c74-8dd5-4f3a-9a8f-e419840f4438:uuid - startNotificationHandler:process
2018-07-26T17:20:44.650Z - [32minfo[39m: guid=898a80fc-2949-4d01-b940-cb75175baaf4:uuid - endTransferPrepareAPI:process
2018-07-26T17:20:44.660Z - [32minfo[39m: guid=b2a0c995-a23e-457c-b505-3262a77d3fda:uuid - startTransferPrepareAPI:process
2018-07-26T17:20:44.665Z - [32minfo[39m: guid=a253ea46-2669-475a-9d2c-1707750fae97:uuid - startTransferPrepareAPI:process
2018-07-26T17:20:44.693Z - [32minfo[39m: guid=98cf3c74-8dd5-4f3a-9a8f-e419840f4438:uuid - endNotificationHandler:process
2018-07-26T17:20:44.695Z - [32minfo[39m: guid=b2a0c995-a23e-457c-b505-3262a77d3fda:uuid - endTransferPrepareAPI:process
2018-07-26T17:20:44.696Z - [32minfo[39m: guid=a253ea46-2669-475a-9d2c-1707750fae97:uuid - endTransferPrepareAPI:process
2018-07-26T17:20:44.698Z - [32minfo[39m: guid=b366ee31-7e00-48e8-aa46-19f4a9ec2b61:uuid - startTransferPrepareAPI:process
2018-07-26T17:20:44.702Z - [32minfo[39m: guid=d6ebc47a-e764-44ff-b24f-67462044d19c:uuid - startTransferPrepareAPI:process
2018-07-26T17:20:44.707Z - [32minfo[39m: guid=bbabe9ec-3a31-4aeb-b887-f8b0b7d0aa99:uuid - startNotificationHandler:process
2018-07-26T17:20:44.711Z - [32minfo[39m: guid=b366ee31-7e00-48e8-aa46-19f4a9ec2b61:uuid - endTransferPrepareAPI:process
2018-07-26T17:20:44.718Z - [32minfo[39m: guid=d6ebc47a-e764-44ff-b24f-67462044d19c:uuid - endTransferPrepareAPI:process
2018-07-26T17:20:44.722Z - [32minfo[39m: guid=3a9b6dbb-60ae-430c-8cc4-550e1a10038f:uuid - startTransferPrepareAPI:process
2018-07-26T17:20:44.726Z - [32minfo[39m: guid=4d3f7a9b-d8da-478e-9340-a81aa829b8e0:uuid - endPrepareTransferHandler:process
2018-07-26T17:20:44.726Z - [32minfo[39m: guid=d2edac1a-feb4-47ad-abfe-4a13e942d28e:uuid - startTransferPrepareAPI:process
2018-07-26T17:20:44.731Z - [32minfo[39m: guid=4d3f7a9b-d8da-478e-9340-a81aa829b8e0:uuid - startPositionHandler:process
2018-07-26T17:20:44.738Z - [32minfo[39m: guid=4d3f7a9b-d8da-478e-9340-a81aa829b8e0:uuid - endPositionHandler:process
2018-07-26T17:20:44.738Z - [32minfo[39m: guid=c04b6483-08b6-4efa-acaf-1a17bfaaea2c:uuid - startPrepareTransferHandler:process
2018-07-26T17:20:44.748Z - [32minfo[39m: guid=bbabe9ec-3a31-4aeb-b887-f8b0b7d0aa99:uuid - endNotificationHandler:process
2018-07-26T17:20:44.751Z - [32minfo[39m: guid=4d3f7a9b-d8da-478e-9340-a81aa829b8e0:uuid - startTransferHandler:process
2018-07-26T17:20:44.754Z - [32minfo[39m: guid=42eb1b73-6886-4b52-b9a9-24a00bfa217f:uuid - startNotificationHandler:process
2018-07-26T17:20:44.754Z - [32minfo[39m: guid=4d3f7a9b-d8da-478e-9340-a81aa829b8e0:uuid - endTransferHandler:process
2018-07-26T17:20:44.758Z - [32minfo[39m: guid=3a9b6dbb-60ae-430c-8cc4-550e1a10038f:uuid - endTransferPrepareAPI:process
2018-07-26T17:20:44.762Z - [32minfo[39m: guid=854a15ce-8644-4650-896b-18301ac6d77c:uuid - startTransferPrepareAPI:process
2018-07-26T17:20:44.773Z - [32minfo[39m: guid=42eb1b73-6886-4b52-b9a9-24a00bfa217f:uuid - endNotificationHandler:process
2018-07-26T17:20:44.774Z - [32minfo[39m: guid=d2edac1a-feb4-47ad-abfe-4a13e942d28e:uuid - endTransferPrepareAPI:process
2018-07-26T17:20:44.777Z - [32minfo[39m: guid=67fe0b8d-38fd-4067-b2ae-a93865d14f42:uuid - startNotificationHandler:process
2018-07-26T17:20:44.785Z - [32minfo[39m: guid=43e0b811-902e-43ba-ad43-4da5bec242d7:uuid - startTransferPrepareAPI:process
2018-07-26T17:20:44.791Z - [32minfo[39m: guid=c04b6483-08b6-4efa-acaf-1a17bfaaea2c:uuid - endPrepareTransferHandler:process
2018-07-26T17:20:44.795Z - [32minfo[39m: guid=ee13ed11-f352-4ce2-a651-f665e963edf3:uuid - startPrepareTransferHandler:process
2018-07-26T17:20:44.800Z - [32minfo[39m: guid=c04b6483-08b6-4efa-acaf-1a17bfaaea2c:uuid - startPositionHandler:process
2018-07-26T17:20:44.808Z - [32minfo[39m: guid=c04b6483-08b6-4efa-acaf-1a17bfaaea2c:uuid - endPositionHandler:process
2018-07-26T17:20:44.815Z - [32minfo[39m: guid=c04b6483-08b6-4efa-acaf-1a17bfaaea2c:uuid - startTransferHandler:process
2018-07-26T17:20:44.819Z - [32minfo[39m: guid=c04b6483-08b6-4efa-acaf-1a17bfaaea2c:uuid - endTransferHandler:process
2018-07-26T17:20:44.821Z - [32minfo[39m: guid=67fe0b8d-38fd-4067-b2ae-a93865d14f42:uuid - endNotificationHandler:process
2018-07-26T17:20:44.826Z - [32minfo[39m: guid=adc253a9-689e-4dca-91e6-a43a5a71aad4:uuid - startTransferPrepareAPI:process
2018-07-26T17:20:44.833Z - [32minfo[39m: guid=ed71e46d-706e-4841-94a4-aa1e04a10d9a:uuid - startNotificationHandler:process
2018-07-26T17:20:44.839Z - [32minfo[39m: guid=ee13ed11-f352-4ce2-a651-f665e963edf3:uuid - endPrepareTransferHandler:process
2018-07-26T17:20:44.843Z - [32minfo[39m: guid=3e12b4a4-d1c3-4144-a3b5-8e4d61428b65:uuid - startPrepareTransferHandler:process
2018-07-26T17:20:44.844Z - [32minfo[39m: guid=ee13ed11-f352-4ce2-a651-f665e963edf3:uuid - startPositionHandler:process
2018-07-26T17:20:44.853Z - [32minfo[39m: guid=ee13ed11-f352-4ce2-a651-f665e963edf3:uuid - endPositionHandler:process
2018-07-26T17:20:44.870Z - [32minfo[39m: guid=ee13ed11-f352-4ce2-a651-f665e963edf3:uuid - startTransferHandler:process
2018-07-26T17:20:44.873Z - [32minfo[39m: guid=ee13ed11-f352-4ce2-a651-f665e963edf3:uuid - endTransferHandler:process
2018-07-26T17:20:44.884Z - [32minfo[39m: guid=3e12b4a4-d1c3-4144-a3b5-8e4d61428b65:uuid - endPrepareTransferHandler:process
2018-07-26T17:20:44.886Z - [32minfo[39m: guid=3a23baa0-d53b-4399-b2ff-38e5b0c46990:uuid - startPrepareTransferHandler:process
2018-07-26T17:20:44.898Z - [32minfo[39m: guid=ed71e46d-706e-4841-94a4-aa1e04a10d9a:uuid - endNotificationHandler:process
2018-07-26T17:20:44.900Z - [32minfo[39m: guid=3e12b4a4-d1c3-4144-a3b5-8e4d61428b65:uuid - startPositionHandler:process
2018-07-26T17:20:44.914Z - [32minfo[39m: guid=3e12b4a4-d1c3-4144-a3b5-8e4d61428b65:uuid - endPositionHandler:process
2018-07-26T17:20:44.915Z - [32minfo[39m: guid=adc253a9-689e-4dca-91e6-a43a5a71aad4:uuid - endTransferPrepareAPI:process
2018-07-26T17:20:44.916Z - [32minfo[39m: guid=5181c531-c23c-457e-a6b6-25f74f92232e:uuid - startNotificationHandler:process
2018-07-26T17:20:44.917Z - [32minfo[39m: guid=3e12b4a4-d1c3-4144-a3b5-8e4d61428b65:uuid - startTransferHandler:process
2018-07-26T17:20:44.918Z - [32minfo[39m: guid=3e12b4a4-d1c3-4144-a3b5-8e4d61428b65:uuid - endTransferHandler:process
2018-07-26T17:20:44.925Z - [32minfo[39m: guid=eff5e35a-a8d8-4ce9-b171-ea3eb62517a3:uuid - startTransferPrepareAPI:process
2018-07-26T17:20:44.940Z - [32minfo[39m: guid=5181c531-c23c-457e-a6b6-25f74f92232e:uuid - endNotificationHandler:process
2018-07-26T17:20:44.941Z - [32minfo[39m: guid=4bf2c899-a8a6-485c-bb87-81fcc0832372:uuid - startNotificationHandler:process
2018-07-26T17:20:44.945Z - [32minfo[39m: guid=3a23baa0-d53b-4399-b2ff-38e5b0c46990:uuid - endPrepareTransferHandler:process
2018-07-26T17:20:44.946Z - [32minfo[39m: guid=812f6072-c190-49a9-a97f-fcc0603cd5c2:uuid - startPrepareTransferHandler:process
2018-07-26T17:20:44.948Z - [32minfo[39m: guid=3a23baa0-d53b-4399-b2ff-38e5b0c46990:uuid - startPositionHandler:process
2018-07-26T17:20:44.948Z - [32minfo[39m: guid=eff5e35a-a8d8-4ce9-b171-ea3eb62517a3:uuid - endTransferPrepareAPI:process
2018-07-26T17:20:44.959Z - [32minfo[39m: guid=3a23baa0-d53b-4399-b2ff-38e5b0c46990:uuid - endPositionHandler:process
2018-07-26T17:20:44.965Z - [32minfo[39m: guid=3a23baa0-d53b-4399-b2ff-38e5b0c46990:uuid - startTransferHandler:process
2018-07-26T17:20:44.966Z - [32minfo[39m: guid=3a23baa0-d53b-4399-b2ff-38e5b0c46990:uuid - endTransferHandler:process
2018-07-26T17:20:44.966Z - [32minfo[39m: guid=4bf2c899-a8a6-485c-bb87-81fcc0832372:uuid - endNotificationHandler:process
2018-07-26T17:20:44.968Z - [32minfo[39m: guid=3b485ced-9b9d-46b9-ad31-104536e6b53b:uuid - startNotificationHandler:process
2018-07-26T17:20:44.984Z - [32minfo[39m: guid=812f6072-c190-49a9-a97f-fcc0603cd5c2:uuid - endPrepareTransferHandler:process
2018-07-26T17:20:44.986Z - [32minfo[39m: guid=3b485ced-9b9d-46b9-ad31-104536e6b53b:uuid - endNotificationHandler:process
2018-07-26T17:20:44.987Z - [32minfo[39m: guid=6b827c08-6612-4cce-8c21-b66f423acd0d:uuid - startPrepareTransferHandler:process
2018-07-26T17:20:44.988Z - [32minfo[39m: guid=9bbe0512-37e4-4b77-ad05-890af23d332d:uuid - startNotificationHandler:process
2018-07-26T17:20:44.989Z - [32minfo[39m: guid=812f6072-c190-49a9-a97f-fcc0603cd5c2:uuid - startPositionHandler:process
2018-07-26T17:20:45.001Z - [32minfo[39m: guid=812f6072-c190-49a9-a97f-fcc0603cd5c2:uuid - endPositionHandler:process
2018-07-26T17:20:45.004Z - [32minfo[39m: guid=9bbe0512-37e4-4b77-ad05-890af23d332d:uuid - endNotificationHandler:process
2018-07-26T17:20:45.006Z - [32minfo[39m: guid=446977ec-49ea-4d74-a6eb-a835a650dc15:uuid - startNotificationHandler:process
2018-07-26T17:20:45.008Z - [32minfo[39m: guid=812f6072-c190-49a9-a97f-fcc0603cd5c2:uuid - startTransferHandler:process
2018-07-26T17:20:45.009Z - [32minfo[39m: guid=812f6072-c190-49a9-a97f-fcc0603cd5c2:uuid - endTransferHandler:process
2018-07-26T17:20:45.017Z - [32minfo[39m: guid=446977ec-49ea-4d74-a6eb-a835a650dc15:uuid - endNotificationHandler:process
2018-07-26T17:20:45.018Z - [32minfo[39m: guid=c777368e-a407-4084-b230-72a666e2f778:uuid - startNotificationHandler:process
2018-07-26T17:20:45.020Z - [32minfo[39m: guid=6b827c08-6612-4cce-8c21-b66f423acd0d:uuid - endPrepareTransferHandler:process
2018-07-26T17:20:45.023Z - [32minfo[39m: guid=87e2804e-f511-4176-9ffd-f5abd13630ee:uuid - startPrepareTransferHandler:process
2018-07-26T17:20:45.033Z - [32minfo[39m: guid=c777368e-a407-4084-b230-72a666e2f778:uuid - endNotificationHandler:process
2018-07-26T17:20:45.036Z - [32minfo[39m: guid=d109d3d3-b2ad-423f-a20e-c2dd5254bd78:uuid - startNotificationHandler:process
2018-07-26T17:20:45.038Z - [32minfo[39m: guid=6b827c08-6612-4cce-8c21-b66f423acd0d:uuid - startPositionHandler:process
2018-07-26T17:20:45.045Z - [32minfo[39m: guid=d109d3d3-b2ad-423f-a20e-c2dd5254bd78:uuid - endNotificationHandler:process
2018-07-26T17:20:45.046Z - [32minfo[39m: guid=6b827c08-6612-4cce-8c21-b66f423acd0d:uuid - endPositionHandler:process
2018-07-26T17:20:45.051Z - [32minfo[39m: guid=4d3f7a9b-d8da-478e-9340-a81aa829b8e0:uuid - startNotificationHandler:process
2018-07-26T17:20:45.052Z - [32minfo[39m: guid=6b827c08-6612-4cce-8c21-b66f423acd0d:uuid - startTransferHandler:process
2018-07-26T17:20:45.053Z - [32minfo[39m: guid=6b827c08-6612-4cce-8c21-b66f423acd0d:uuid - endTransferHandler:process
2018-07-26T17:20:45.058Z - [32minfo[39m: guid=87e2804e-f511-4176-9ffd-f5abd13630ee:uuid - endPrepareTransferHandler:process
2018-07-26T17:20:45.061Z - [32minfo[39m: guid=87e2804e-f511-4176-9ffd-f5abd13630ee:uuid - startPositionHandler:process
2018-07-26T17:20:45.062Z - [32minfo[39m: guid=4d3f7a9b-d8da-478e-9340-a81aa829b8e0:uuid - endNotificationHandler:process
2018-07-26T17:20:45.063Z - [32minfo[39m: guid=5f742ee0-70d2-4613-8c6b-a604bb87a05a:uuid - startPrepareTransferHandler:process
2018-07-26T17:20:45.064Z - [32minfo[39m: guid=c04b6483-08b6-4efa-acaf-1a17bfaaea2c:uuid - startNotificationHandler:process
2018-07-26T17:20:45.071Z - [32minfo[39m: guid=87e2804e-f511-4176-9ffd-f5abd13630ee:uuid - endPositionHandler:process
2018-07-26T17:20:45.079Z - [32minfo[39m: guid=c04b6483-08b6-4efa-acaf-1a17bfaaea2c:uuid - endNotificationHandler:process
2018-07-26T17:20:45.080Z - [32minfo[39m: guid=87e2804e-f511-4176-9ffd-f5abd13630ee:uuid - startTransferHandler:process
2018-07-26T17:20:45.080Z - [32minfo[39m: guid=ee13ed11-f352-4ce2-a651-f665e963edf3:uuid - startNotificationHandler:process
2018-07-26T17:20:45.081Z - [32minfo[39m: guid=87e2804e-f511-4176-9ffd-f5abd13630ee:uuid - endTransferHandler:process
2018-07-26T17:20:45.096Z - [32minfo[39m: guid=5f742ee0-70d2-4613-8c6b-a604bb87a05a:uuid - endPrepareTransferHandler:process
2018-07-26T17:20:45.097Z - [32minfo[39m: guid=ee13ed11-f352-4ce2-a651-f665e963edf3:uuid - endNotificationHandler:process
2018-07-26T17:20:45.098Z - [32minfo[39m: guid=053a6935-bacf-4292-8c0b-6324b6a82103:uuid - startPrepareTransferHandler:process
2018-07-26T17:20:45.099Z - [32minfo[39m: guid=3e12b4a4-d1c3-4144-a3b5-8e4d61428b65:uuid - startNotificationHandler:process
2018-07-26T17:20:45.108Z - [32minfo[39m: guid=5f742ee0-70d2-4613-8c6b-a604bb87a05a:uuid - startPositionHandler:process
2018-07-26T17:20:45.117Z - [32minfo[39m: guid=3e12b4a4-d1c3-4144-a3b5-8e4d61428b65:uuid - endNotificationHandler:process
2018-07-26T17:20:45.119Z - [32minfo[39m: guid=3a23baa0-d53b-4399-b2ff-38e5b0c46990:uuid - startNotificationHandler:process
2018-07-26T17:20:45.120Z - [32minfo[39m: guid=5f742ee0-70d2-4613-8c6b-a604bb87a05a:uuid - endPositionHandler:process
2018-07-26T17:20:45.131Z - [32minfo[39m: guid=3a23baa0-d53b-4399-b2ff-38e5b0c46990:uuid - endNotificationHandler:process
2018-07-26T17:20:45.132Z - [32minfo[39m: guid=053a6935-bacf-4292-8c0b-6324b6a82103:uuid - endPrepareTransferHandler:process
2018-07-26T17:20:45.133Z - [32minfo[39m: guid=812f6072-c190-49a9-a97f-fcc0603cd5c2:uuid - startNotificationHandler:process
2018-07-26T17:20:45.134Z - [32minfo[39m: guid=a2b00008-33ef-4ae1-b066-3f05e4938d64:uuid - startPrepareTransferHandler:process
2018-07-26T17:20:45.138Z - [32minfo[39m: guid=053a6935-bacf-4292-8c0b-6324b6a82103:uuid - startPositionHandler:process
2018-07-26T17:20:45.140Z - [32minfo[39m: guid=5f742ee0-70d2-4613-8c6b-a604bb87a05a:uuid - startTransferHandler:process
2018-07-26T17:20:45.141Z - [32minfo[39m: guid=5f742ee0-70d2-4613-8c6b-a604bb87a05a:uuid - endTransferHandler:process
2018-07-26T17:20:45.144Z - [32minfo[39m: guid=053a6935-bacf-4292-8c0b-6324b6a82103:uuid - endPositionHandler:process
2018-07-26T17:20:45.151Z - [32minfo[39m: guid=812f6072-c190-49a9-a97f-fcc0603cd5c2:uuid - endNotificationHandler:process
2018-07-26T17:20:45.152Z - [32minfo[39m: guid=053a6935-bacf-4292-8c0b-6324b6a82103:uuid - startTransferHandler:process
2018-07-26T17:20:45.152Z - [32minfo[39m: guid=6b827c08-6612-4cce-8c21-b66f423acd0d:uuid - startNotificationHandler:process
2018-07-26T17:20:45.153Z - [32minfo[39m: guid=053a6935-bacf-4292-8c0b-6324b6a82103:uuid - endTransferHandler:process
2018-07-26T17:20:45.173Z - [32minfo[39m: guid=6b827c08-6612-4cce-8c21-b66f423acd0d:uuid - endNotificationHandler:process
2018-07-26T17:20:45.183Z - [32minfo[39m: guid=a2b00008-33ef-4ae1-b066-3f05e4938d64:uuid - endPrepareTransferHandler:process
2018-07-26T17:20:45.185Z - [32minfo[39m: guid=87e2804e-f511-4176-9ffd-f5abd13630ee:uuid - startNotificationHandler:process
2018-07-26T17:20:45.185Z - [32minfo[39m: guid=9a54afa3-b30e-44e9-9e00-588e21d8b1f6:uuid - startPrepareTransferHandler:process
2018-07-26T17:20:45.192Z - [32minfo[39m: guid=a2b00008-33ef-4ae1-b066-3f05e4938d64:uuid - startPositionHandler:process
2018-07-26T17:20:45.205Z - [32minfo[39m: guid=a2b00008-33ef-4ae1-b066-3f05e4938d64:uuid - endPositionHandler:process
2018-07-26T17:20:45.208Z - [32minfo[39m: guid=87e2804e-f511-4176-9ffd-f5abd13630ee:uuid - endNotificationHandler:process
2018-07-26T17:20:45.209Z - [32minfo[39m: guid=a2b00008-33ef-4ae1-b066-3f05e4938d64:uuid - endTransferHandler:process
2018-07-26T17:20:45.209Z - [32minfo[39m: guid=a2b00008-33ef-4ae1-b066-3f05e4938d64:uuid - startTransferHandler:process
2018-07-26T17:20:45.212Z - [32minfo[39m: guid=5f742ee0-70d2-4613-8c6b-a604bb87a05a:uuid - startNotificationHandler:process
2018-07-26T17:20:45.225Z - [32minfo[39m: guid=9a54afa3-b30e-44e9-9e00-588e21d8b1f6:uuid - endPrepareTransferHandler:process
2018-07-26T17:20:45.227Z - [32minfo[39m: guid=771c4b86-3049-4cc3-b3c6-d8784e497544:uuid - startPrepareTransferHandler:process
2018-07-26T17:20:45.231Z - [32minfo[39m: guid=9a54afa3-b30e-44e9-9e00-588e21d8b1f6:uuid - startPositionHandler:process
2018-07-26T17:20:45.246Z - [32minfo[39m: guid=5f742ee0-70d2-4613-8c6b-a604bb87a05a:uuid - endNotificationHandler:process
2018-07-26T17:20:45.249Z - [32minfo[39m: guid=053a6935-bacf-4292-8c0b-6324b6a82103:uuid - startNotificationHandler:process
2018-07-26T17:20:45.252Z - [32minfo[39m: guid=9a54afa3-b30e-44e9-9e00-588e21d8b1f6:uuid - endPositionHandler:process
2018-07-26T17:20:45.264Z - [32minfo[39m: guid=053a6935-bacf-4292-8c0b-6324b6a82103:uuid - endNotificationHandler:process
2018-07-26T17:20:45.266Z - [32minfo[39m: guid=a2b00008-33ef-4ae1-b066-3f05e4938d64:uuid - startNotificationHandler:process
2018-07-26T17:20:45.271Z - [32minfo[39m: guid=9a54afa3-b30e-44e9-9e00-588e21d8b1f6:uuid - startTransferHandler:process
2018-07-26T17:20:45.274Z - [32minfo[39m: guid=9a54afa3-b30e-44e9-9e00-588e21d8b1f6:uuid - endTransferHandler:process
2018-07-26T17:20:45.277Z - [32minfo[39m: guid=a2b00008-33ef-4ae1-b066-3f05e4938d64:uuid - endNotificationHandler:process
2018-07-26T17:20:45.278Z - [32minfo[39m: guid=771c4b86-3049-4cc3-b3c6-d8784e497544:uuid - endPrepareTransferHandler:process
2018-07-26T17:20:45.279Z - [32minfo[39m: guid=15d609b2-cfc8-4cc7-8b4c-78796d44c651:uuid - startPrepareTransferHandler:process
2018-07-26T17:20:45.280Z - [32minfo[39m: guid=9a54afa3-b30e-44e9-9e00-588e21d8b1f6:uuid - startNotificationHandler:process
2018-07-26T17:20:45.283Z - [32minfo[39m: guid=771c4b86-3049-4cc3-b3c6-d8784e497544:uuid - startPositionHandler:process
2018-07-26T17:20:45.293Z - [32minfo[39m: guid=771c4b86-3049-4cc3-b3c6-d8784e497544:uuid - endPositionHandler:process
2018-07-26T17:20:45.294Z - [32minfo[39m: guid=771c4b86-3049-4cc3-b3c6-d8784e497544:uuid - startTransferHandler:process
2018-07-26T17:20:45.295Z - [32minfo[39m: guid=9a54afa3-b30e-44e9-9e00-588e21d8b1f6:uuid - endNotificationHandler:process
2018-07-26T17:20:45.296Z - [32minfo[39m: guid=771c4b86-3049-4cc3-b3c6-d8784e497544:uuid - endTransferHandler:process
2018-07-26T17:20:45.305Z - [32minfo[39m: guid=771c4b86-3049-4cc3-b3c6-d8784e497544:uuid - startNotificationHandler:process
2018-07-26T17:20:45.321Z - [32minfo[39m: guid=771c4b86-3049-4cc3-b3c6-d8784e497544:uuid - endNotificationHandler:process
2018-07-26T17:20:45.340Z - [32minfo[39m: guid=15d609b2-cfc8-4cc7-8b4c-78796d44c651:uuid - endPrepareTransferHandler:process
2018-07-26T17:20:45.343Z - [32minfo[39m: guid=e8d19d77-662d-4459-bade-70dc443fe2d1:uuid - startPrepareTransferHandler:process
2018-07-26T17:20:45.345Z - [32minfo[39m: guid=15d609b2-cfc8-4cc7-8b4c-78796d44c651:uuid - startPositionHandler:process
2018-07-26T17:20:45.352Z - [32minfo[39m: guid=15d609b2-cfc8-4cc7-8b4c-78796d44c651:uuid - endPositionHandler:process
2018-07-26T17:20:45.365Z - [32minfo[39m: guid=15d609b2-cfc8-4cc7-8b4c-78796d44c651:uuid - startTransferHandler:process
2018-07-26T17:20:45.366Z - [32minfo[39m: guid=15d609b2-cfc8-4cc7-8b4c-78796d44c651:uuid - endTransferHandler:process
2018-07-26T17:20:45.376Z - [32minfo[39m: guid=15d609b2-cfc8-4cc7-8b4c-78796d44c651:uuid - startNotificationHandler:process
2018-07-26T17:20:45.392Z - [32minfo[39m: guid=e8d19d77-662d-4459-bade-70dc443fe2d1:uuid - endPrepareTransferHandler:process
2018-07-26T17:20:45.394Z - [32minfo[39m: guid=15d609b2-cfc8-4cc7-8b4c-78796d44c651:uuid - endNotificationHandler:process
2018-07-26T17:20:45.395Z - [32minfo[39m: guid=6e469641-5f99-4214-a33c-5ca2890244c3:uuid - startPrepareTransferHandler:process
2018-07-26T17:20:45.402Z - [32minfo[39m: guid=e8d19d77-662d-4459-bade-70dc443fe2d1:uuid - startPositionHandler:process
2018-07-26T17:20:45.411Z - [32minfo[39m: guid=e8d19d77-662d-4459-bade-70dc443fe2d1:uuid - endPositionHandler:process
2018-07-26T17:20:45.432Z - [32minfo[39m: guid=6e469641-5f99-4214-a33c-5ca2890244c3:uuid - endPrepareTransferHandler:process
2018-07-26T17:20:45.436Z - [32minfo[39m: guid=2da820d4-bdea-40b6-946b-556f8c937acc:uuid - startPrepareTransferHandler:process
2018-07-26T17:20:45.436Z - [32minfo[39m: guid=e8d19d77-662d-4459-bade-70dc443fe2d1:uuid - startTransferHandler:process
2018-07-26T17:20:45.437Z - [32minfo[39m: guid=e8d19d77-662d-4459-bade-70dc443fe2d1:uuid - endTransferHandler:process
2018-07-26T17:20:45.440Z - [32minfo[39m: guid=6e469641-5f99-4214-a33c-5ca2890244c3:uuid - startPositionHandler:process
2018-07-26T17:20:45.446Z - [32minfo[39m: guid=e8d19d77-662d-4459-bade-70dc443fe2d1:uuid - startNotificationHandler:process
2018-07-26T17:20:45.449Z - [32minfo[39m: guid=6e469641-5f99-4214-a33c-5ca2890244c3:uuid - endPositionHandler:process
2018-07-26T17:20:45.454Z - [32minfo[39m: guid=6e469641-5f99-4214-a33c-5ca2890244c3:uuid - startTransferHandler:process
2018-07-26T17:20:45.456Z - [32minfo[39m: guid=6e469641-5f99-4214-a33c-5ca2890244c3:uuid - endTransferHandler:process
2018-07-26T17:20:45.472Z - [32minfo[39m: guid=e8d19d77-662d-4459-bade-70dc443fe2d1:uuid - endNotificationHandler:process
2018-07-26T17:20:45.474Z - [32minfo[39m: guid=6e469641-5f99-4214-a33c-5ca2890244c3:uuid - startNotificationHandler:process
2018-07-26T17:20:45.477Z - [32minfo[39m: guid=2da820d4-bdea-40b6-946b-556f8c937acc:uuid - endPrepareTransferHandler:process
2018-07-26T17:20:45.478Z - [32minfo[39m: guid=90d3e4ec-a092-4166-ae16-7d3058a9b94c:uuid - startPrepareTransferHandler:process
2018-07-26T17:20:45.484Z - [32minfo[39m: guid=6e469641-5f99-4214-a33c-5ca2890244c3:uuid - endNotificationHandler:process
2018-07-26T17:20:45.492Z - [32minfo[39m: guid=2da820d4-bdea-40b6-946b-556f8c937acc:uuid - startPositionHandler:process
2018-07-26T17:20:45.500Z - [32minfo[39m: guid=2da820d4-bdea-40b6-946b-556f8c937acc:uuid - endPositionHandler:process
2018-07-26T17:20:45.508Z - [32minfo[39m: guid=2da820d4-bdea-40b6-946b-556f8c937acc:uuid - startTransferHandler:process
2018-07-26T17:20:45.509Z - [32minfo[39m: guid=90d3e4ec-a092-4166-ae16-7d3058a9b94c:uuid - endPrepareTransferHandler:process
2018-07-26T17:20:45.510Z - [32minfo[39m: guid=6320eb49-f71f-402e-bd03-dcfcb3ae6896:uuid - startPrepareTransferHandler:process
2018-07-26T17:20:45.511Z - [32minfo[39m: guid=2da820d4-bdea-40b6-946b-556f8c937acc:uuid - endTransferHandler:process
2018-07-26T17:20:45.523Z - [32minfo[39m: guid=90d3e4ec-a092-4166-ae16-7d3058a9b94c:uuid - startPositionHandler:process
2018-07-26T17:20:45.524Z - [32minfo[39m: guid=2da820d4-bdea-40b6-946b-556f8c937acc:uuid - startNotificationHandler:process
2018-07-26T17:20:45.532Z - [32minfo[39m: guid=90d3e4ec-a092-4166-ae16-7d3058a9b94c:uuid - endPositionHandler:process
2018-07-26T17:20:45.541Z - [32minfo[39m: guid=6320eb49-f71f-402e-bd03-dcfcb3ae6896:uuid - endPrepareTransferHandler:process
2018-07-26T17:20:45.542Z - [32minfo[39m: guid=b533f1b8-9c3d-4446-b19b-6d7b2a244a62:uuid - startPrepareTransferHandler:process
2018-07-26T17:20:45.545Z - [32minfo[39m: guid=2da820d4-bdea-40b6-946b-556f8c937acc:uuid - endNotificationHandler:process
2018-07-26T17:20:45.548Z - [32minfo[39m: guid=90d3e4ec-a092-4166-ae16-7d3058a9b94c:uuid - startTransferHandler:process
2018-07-26T17:20:45.549Z - [32minfo[39m: guid=90d3e4ec-a092-4166-ae16-7d3058a9b94c:uuid - endTransferHandler:process
2018-07-26T17:20:45.558Z - [32minfo[39m: guid=6320eb49-f71f-402e-bd03-dcfcb3ae6896:uuid - startPositionHandler:process
2018-07-26T17:20:45.566Z - [32minfo[39m: guid=6320eb49-f71f-402e-bd03-dcfcb3ae6896:uuid - endPositionHandler:process
2018-07-26T17:20:45.567Z - [32minfo[39m: guid=b533f1b8-9c3d-4446-b19b-6d7b2a244a62:uuid - endPrepareTransferHandler:process
2018-07-26T17:20:45.568Z - [32minfo[39m: guid=3e589fcc-c68e-4f52-a0a9-c15e2736f724:uuid - startPrepareTransferHandler:process
2018-07-26T17:20:45.570Z - [32minfo[39m: guid=6320eb49-f71f-402e-bd03-dcfcb3ae6896:uuid - startTransferHandler:process
2018-07-26T17:20:45.571Z - [32minfo[39m: guid=6320eb49-f71f-402e-bd03-dcfcb3ae6896:uuid - endTransferHandler:process
2018-07-26T17:20:45.573Z - [32minfo[39m: guid=90d3e4ec-a092-4166-ae16-7d3058a9b94c:uuid - startNotificationHandler:process
2018-07-26T17:20:45.584Z - [32minfo[39m: guid=b533f1b8-9c3d-4446-b19b-6d7b2a244a62:uuid - startPositionHandler:process
2018-07-26T17:20:45.585Z - [32minfo[39m: guid=90d3e4ec-a092-4166-ae16-7d3058a9b94c:uuid - endNotificationHandler:process
2018-07-26T17:20:45.591Z - [32minfo[39m: guid=6320eb49-f71f-402e-bd03-dcfcb3ae6896:uuid - startNotificationHandler:process
2018-07-26T17:20:45.595Z - [32minfo[39m: guid=b533f1b8-9c3d-4446-b19b-6d7b2a244a62:uuid - endPositionHandler:process
2018-07-26T17:20:45.600Z - [32minfo[39m: guid=6320eb49-f71f-402e-bd03-dcfcb3ae6896:uuid - endNotificationHandler:process
2018-07-26T17:20:45.603Z - [32minfo[39m: guid=3e589fcc-c68e-4f52-a0a9-c15e2736f724:uuid - endPrepareTransferHandler:process
2018-07-26T17:20:45.604Z - [32minfo[39m: guid=abf22cb0-3a26-4cb4-8cce-8dd923c5c074:uuid - startPrepareTransferHandler:process
2018-07-26T17:20:45.612Z - [32minfo[39m: guid=3e589fcc-c68e-4f52-a0a9-c15e2736f724:uuid - startPositionHandler:process
2018-07-26T17:20:45.613Z - [32minfo[39m: guid=b533f1b8-9c3d-4446-b19b-6d7b2a244a62:uuid - startTransferHandler:process
2018-07-26T17:20:45.614Z - [32minfo[39m: guid=b533f1b8-9c3d-4446-b19b-6d7b2a244a62:uuid - endTransferHandler:process
2018-07-26T17:20:45.624Z - [32minfo[39m: guid=b533f1b8-9c3d-4446-b19b-6d7b2a244a62:uuid - startNotificationHandler:process
2018-07-26T17:20:45.631Z - [32minfo[39m: guid=3e589fcc-c68e-4f52-a0a9-c15e2736f724:uuid - endPositionHandler:process
2018-07-26T17:20:45.640Z - [32minfo[39m: guid=abf22cb0-3a26-4cb4-8cce-8dd923c5c074:uuid - endPrepareTransferHandler:process
2018-07-26T17:20:45.643Z - [32minfo[39m: guid=a05db199-f4b0-45b3-bd52-c8e877f25b68:uuid - startPrepareTransferHandler:process
2018-07-26T17:20:45.648Z - [32minfo[39m: guid=3e589fcc-c68e-4f52-a0a9-c15e2736f724:uuid - startTransferHandler:process
2018-07-26T17:20:45.649Z - [32minfo[39m: guid=3e589fcc-c68e-4f52-a0a9-c15e2736f724:uuid - endTransferHandler:process
2018-07-26T17:20:45.651Z - [32minfo[39m: guid=b533f1b8-9c3d-4446-b19b-6d7b2a244a62:uuid - endNotificationHandler:process
2018-07-26T17:20:45.657Z - [32minfo[39m: guid=3e589fcc-c68e-4f52-a0a9-c15e2736f724:uuid - startNotificationHandler:process
2018-07-26T17:20:45.657Z - [32minfo[39m: guid=abf22cb0-3a26-4cb4-8cce-8dd923c5c074:uuid - startPositionHandler:process
2018-07-26T17:20:45.664Z - [32minfo[39m: guid=3e589fcc-c68e-4f52-a0a9-c15e2736f724:uuid - endNotificationHandler:process
2018-07-26T17:20:45.666Z - [32minfo[39m: guid=abf22cb0-3a26-4cb4-8cce-8dd923c5c074:uuid - endPositionHandler:process
2018-07-26T17:20:45.669Z - [32minfo[39m: guid=abf22cb0-3a26-4cb4-8cce-8dd923c5c074:uuid - startTransferHandler:process
2018-07-26T17:20:45.670Z - [32minfo[39m: guid=abf22cb0-3a26-4cb4-8cce-8dd923c5c074:uuid - endTransferHandler:process
2018-07-26T17:20:45.680Z - [32minfo[39m: guid=abf22cb0-3a26-4cb4-8cce-8dd923c5c074:uuid - startNotificationHandler:process
2018-07-26T17:20:45.682Z - [32minfo[39m: guid=a05db199-f4b0-45b3-bd52-c8e877f25b68:uuid - endPrepareTransferHandler:process
2018-07-26T17:20:45.684Z - [32minfo[39m: guid=c8f000f3-649e-4a28-8bf9-d525a5418845:uuid - startPrepareTransferHandler:process
2018-07-26T17:20:45.693Z - [32minfo[39m: guid=a05db199-f4b0-45b3-bd52-c8e877f25b68:uuid - startPositionHandler:process
2018-07-26T17:20:45.701Z - [32minfo[39m: guid=a05db199-f4b0-45b3-bd52-c8e877f25b68:uuid - endPositionHandler:process
2018-07-26T17:20:45.707Z - [32minfo[39m: guid=abf22cb0-3a26-4cb4-8cce-8dd923c5c074:uuid - endNotificationHandler:process
2018-07-26T17:20:45.712Z - [32minfo[39m: guid=a05db199-f4b0-45b3-bd52-c8e877f25b68:uuid - startTransferHandler:process
2018-07-26T17:20:45.714Z - [32minfo[39m: guid=a05db199-f4b0-45b3-bd52-c8e877f25b68:uuid - endTransferHandler:process
2018-07-26T17:20:45.723Z - [32minfo[39m: guid=a05db199-f4b0-45b3-bd52-c8e877f25b68:uuid - startNotificationHandler:process
2018-07-26T17:20:45.732Z - [32minfo[39m: guid=c8f000f3-649e-4a28-8bf9-d525a5418845:uuid - endPrepareTransferHandler:process
2018-07-26T17:20:45.735Z - [32minfo[39m: guid=179de1e7-c7bc-4fc6-9dff-d1173d37cd3f:uuid - startPrepareTransferHandler:process
2018-07-26T17:20:45.741Z - [32minfo[39m: guid=c8f000f3-649e-4a28-8bf9-d525a5418845:uuid - startPositionHandler:process
2018-07-26T17:20:45.743Z - [32minfo[39m: guid=a05db199-f4b0-45b3-bd52-c8e877f25b68:uuid - endNotificationHandler:process
2018-07-26T17:20:45.750Z - [32minfo[39m: guid=c8f000f3-649e-4a28-8bf9-d525a5418845:uuid - endPositionHandler:process
2018-07-26T17:20:45.756Z - [32minfo[39m: guid=c8f000f3-649e-4a28-8bf9-d525a5418845:uuid - startTransferHandler:process
2018-07-26T17:20:45.757Z - [32minfo[39m: guid=c8f000f3-649e-4a28-8bf9-d525a5418845:uuid - endTransferHandler:process
2018-07-26T17:20:45.762Z - [32minfo[39m: guid=179de1e7-c7bc-4fc6-9dff-d1173d37cd3f:uuid - endPrepareTransferHandler:process
2018-07-26T17:20:45.764Z - [32minfo[39m: guid=52df413f-6e6e-4aba-a44f-9fcee9881ab7:uuid - startPrepareTransferHandler:process
2018-07-26T17:20:45.766Z - [32minfo[39m: guid=179de1e7-c7bc-4fc6-9dff-d1173d37cd3f:uuid - startPositionHandler:process
2018-07-26T17:20:45.767Z - [32minfo[39m: guid=c8f000f3-649e-4a28-8bf9-d525a5418845:uuid - startNotificationHandler:process
2018-07-26T17:20:45.778Z - [32minfo[39m: guid=179de1e7-c7bc-4fc6-9dff-d1173d37cd3f:uuid - endPositionHandler:process
2018-07-26T17:20:45.786Z - [32minfo[39m: guid=179de1e7-c7bc-4fc6-9dff-d1173d37cd3f:uuid - startTransferHandler:process
2018-07-26T17:20:45.787Z - [32minfo[39m: guid=179de1e7-c7bc-4fc6-9dff-d1173d37cd3f:uuid - endTransferHandler:process
2018-07-26T17:20:45.790Z - [32minfo[39m: guid=52df413f-6e6e-4aba-a44f-9fcee9881ab7:uuid - endPrepareTransferHandler:process
2018-07-26T17:20:45.791Z - [32minfo[39m: guid=33f557f3-ede3-4cb0-a4bc-11f65380e052:uuid - startPrepareTransferHandler:process
2018-07-26T17:20:45.791Z - [32minfo[39m: guid=c8f000f3-649e-4a28-8bf9-d525a5418845:uuid - endNotificationHandler:process
2018-07-26T17:20:45.803Z - [32minfo[39m: guid=179de1e7-c7bc-4fc6-9dff-d1173d37cd3f:uuid - startNotificationHandler:process
2018-07-26T17:20:45.807Z - [32minfo[39m: guid=52df413f-6e6e-4aba-a44f-9fcee9881ab7:uuid - startPositionHandler:process
2018-07-26T17:20:45.816Z - [32minfo[39m: guid=52df413f-6e6e-4aba-a44f-9fcee9881ab7:uuid - endPositionHandler:process
2018-07-26T17:20:45.819Z - [32minfo[39m: guid=33f557f3-ede3-4cb0-a4bc-11f65380e052:uuid - endPrepareTransferHandler:process
2018-07-26T17:20:45.824Z - [32minfo[39m: guid=a252bf6e-21e0-43c0-ac01-e48555a87e98:uuid - startPrepareTransferHandler:process
2018-07-26T17:20:45.825Z - [32minfo[39m: guid=33f557f3-ede3-4cb0-a4bc-11f65380e052:uuid - startPositionHandler:process
2018-07-26T17:20:45.827Z - [32minfo[39m: guid=179de1e7-c7bc-4fc6-9dff-d1173d37cd3f:uuid - endNotificationHandler:process
2018-07-26T17:20:45.830Z - [32minfo[39m: guid=52df413f-6e6e-4aba-a44f-9fcee9881ab7:uuid - startTransferHandler:process
2018-07-26T17:20:45.832Z - [32minfo[39m: guid=52df413f-6e6e-4aba-a44f-9fcee9881ab7:uuid - endTransferHandler:process
2018-07-26T17:20:45.833Z - [32minfo[39m: guid=33f557f3-ede3-4cb0-a4bc-11f65380e052:uuid - endPositionHandler:process
2018-07-26T17:20:45.841Z - [32minfo[39m: guid=52df413f-6e6e-4aba-a44f-9fcee9881ab7:uuid - startNotificationHandler:process
2018-07-26T17:20:45.846Z - [32minfo[39m: guid=33f557f3-ede3-4cb0-a4bc-11f65380e052:uuid - startTransferHandler:process
2018-07-26T17:20:45.847Z - [32minfo[39m: guid=33f557f3-ede3-4cb0-a4bc-11f65380e052:uuid - endTransferHandler:process
2018-07-26T17:20:45.856Z - [32minfo[39m: guid=52df413f-6e6e-4aba-a44f-9fcee9881ab7:uuid - endNotificationHandler:process
2018-07-26T17:20:45.898Z - [32minfo[39m: guid=a252bf6e-21e0-43c0-ac01-e48555a87e98:uuid - endPrepareTransferHandler:process
2018-07-26T17:20:45.900Z - [32minfo[39m: guid=0857d8c4-3eec-4ad7-80b8-961243f7267b:uuid - startPrepareTransferHandler:process
2018-07-26T17:20:45.919Z - [32minfo[39m: guid=a252bf6e-21e0-43c0-ac01-e48555a87e98:uuid - startPositionHandler:process
2018-07-26T17:20:45.926Z - [32minfo[39m: guid=a252bf6e-21e0-43c0-ac01-e48555a87e98:uuid - endPositionHandler:process
2018-07-26T17:20:45.930Z - [32minfo[39m: guid=0857d8c4-3eec-4ad7-80b8-961243f7267b:uuid - endPrepareTransferHandler:process
2018-07-26T17:20:45.934Z - [32minfo[39m: guid=0857d8c4-3eec-4ad7-80b8-961243f7267b:uuid - startPositionHandler:process
2018-07-26T17:20:45.937Z - [32minfo[39m: guid=f8e60bb8-69cb-4d5d-8ad4-a2acac3320e1:uuid - startPrepareTransferHandler:process
2018-07-26T17:20:45.939Z - [32minfo[39m: guid=a252bf6e-21e0-43c0-ac01-e48555a87e98:uuid - startTransferHandler:process
2018-07-26T17:20:45.941Z - [32minfo[39m: guid=a252bf6e-21e0-43c0-ac01-e48555a87e98:uuid - endTransferHandler:process
2018-07-26T17:20:45.942Z - [32minfo[39m: guid=0857d8c4-3eec-4ad7-80b8-961243f7267b:uuid - endPositionHandler:process
2018-07-26T17:20:45.948Z - [32minfo[39m: guid=0857d8c4-3eec-4ad7-80b8-961243f7267b:uuid - startTransferHandler:process
2018-07-26T17:20:45.949Z - [32minfo[39m: guid=0857d8c4-3eec-4ad7-80b8-961243f7267b:uuid - endTransferHandler:process
2018-07-26T17:20:45.983Z - [32minfo[39m: guid=f8e60bb8-69cb-4d5d-8ad4-a2acac3320e1:uuid - endPrepareTransferHandler:process
2018-07-26T17:20:45.984Z - [32minfo[39m: guid=fff39f36-3fcb-4519-a474-dea71e19c542:uuid - startPrepareTransferHandler:process
2018-07-26T17:20:45.986Z - [32minfo[39m: guid=f8e60bb8-69cb-4d5d-8ad4-a2acac3320e1:uuid - startPositionHandler:process
2018-07-26T17:20:45.995Z - [32minfo[39m: guid=f8e60bb8-69cb-4d5d-8ad4-a2acac3320e1:uuid - endPositionHandler:process
2018-07-26T17:20:46.004Z - [32minfo[39m: guid=f8e60bb8-69cb-4d5d-8ad4-a2acac3320e1:uuid - startTransferHandler:process
2018-07-26T17:20:46.005Z - [32minfo[39m: guid=f8e60bb8-69cb-4d5d-8ad4-a2acac3320e1:uuid - endTransferHandler:process
2018-07-26T17:20:46.015Z - [32minfo[39m: guid=33f557f3-ede3-4cb0-a4bc-11f65380e052:uuid - startNotificationHandler:process
2018-07-26T17:20:46.019Z - [32minfo[39m: guid=fff39f36-3fcb-4519-a474-dea71e19c542:uuid - endPrepareTransferHandler:process
2018-07-26T17:20:46.020Z - [32minfo[39m: guid=8ebc59c8-18ad-47e0-aee9-e999b0194247:uuid - startPrepareTransferHandler:process
2018-07-26T17:20:46.027Z - [32minfo[39m: guid=fff39f36-3fcb-4519-a474-dea71e19c542:uuid - startPositionHandler:process
2018-07-26T17:20:46.037Z - [32minfo[39m: guid=fff39f36-3fcb-4519-a474-dea71e19c542:uuid - endPositionHandler:process
2018-07-26T17:20:46.039Z - [32minfo[39m: guid=fff39f36-3fcb-4519-a474-dea71e19c542:uuid - startTransferHandler:process
2018-07-26T17:20:46.040Z - [32minfo[39m: guid=33f557f3-ede3-4cb0-a4bc-11f65380e052:uuid - endNotificationHandler:process
2018-07-26T17:20:46.041Z - [32minfo[39m: guid=fff39f36-3fcb-4519-a474-dea71e19c542:uuid - endTransferHandler:process
2018-07-26T17:20:46.048Z - [32minfo[39m: guid=a252bf6e-21e0-43c0-ac01-e48555a87e98:uuid - startNotificationHandler:process
2018-07-26T17:20:46.050Z - [32minfo[39m: guid=8ebc59c8-18ad-47e0-aee9-e999b0194247:uuid - endPrepareTransferHandler:process
2018-07-26T17:20:46.051Z - [32minfo[39m: guid=574f0aa2-72fd-4862-8975-0142911bd92d:uuid - startPrepareTransferHandler:process
2018-07-26T17:20:46.062Z - [32minfo[39m: guid=a252bf6e-21e0-43c0-ac01-e48555a87e98:uuid - endNotificationHandler:process
2018-07-26T17:20:46.068Z - [32minfo[39m: guid=8ebc59c8-18ad-47e0-aee9-e999b0194247:uuid - startPositionHandler:process
2018-07-26T17:20:46.069Z - [32minfo[39m: guid=0857d8c4-3eec-4ad7-80b8-961243f7267b:uuid - startNotificationHandler:process
2018-07-26T17:20:46.082Z - [32minfo[39m: guid=8ebc59c8-18ad-47e0-aee9-e999b0194247:uuid - endPositionHandler:process
2018-07-26T17:20:46.084Z - [32minfo[39m: guid=0857d8c4-3eec-4ad7-80b8-961243f7267b:uuid - endNotificationHandler:process
2018-07-26T17:20:46.086Z - [32minfo[39m: guid=f8e60bb8-69cb-4d5d-8ad4-a2acac3320e1:uuid - startNotificationHandler:process
2018-07-26T17:20:46.088Z - [32minfo[39m: guid=574f0aa2-72fd-4862-8975-0142911bd92d:uuid - endPrepareTransferHandler:process
2018-07-26T17:20:46.088Z - [32minfo[39m: guid=8ebc59c8-18ad-47e0-aee9-e999b0194247:uuid - startTransferHandler:process
2018-07-26T17:20:46.089Z - [32minfo[39m: guid=8ebc59c8-18ad-47e0-aee9-e999b0194247:uuid - endTransferHandler:process
2018-07-26T17:20:46.091Z - [32minfo[39m: guid=574f0aa2-72fd-4862-8975-0142911bd92d:uuid - startPositionHandler:process
2018-07-26T17:20:46.099Z - [32minfo[39m: guid=574f0aa2-72fd-4862-8975-0142911bd92d:uuid - endPositionHandler:process
2018-07-26T17:20:46.100Z - [32minfo[39m: guid=2e9798f6-44d8-466b-a861-31f2541ba070:uuid - startPrepareTransferHandler:process
2018-07-26T17:20:46.101Z - [32minfo[39m: guid=574f0aa2-72fd-4862-8975-0142911bd92d:uuid - startTransferHandler:process
2018-07-26T17:20:46.101Z - [32minfo[39m: guid=f8e60bb8-69cb-4d5d-8ad4-a2acac3320e1:uuid - endNotificationHandler:process
2018-07-26T17:20:46.102Z - [32minfo[39m: guid=574f0aa2-72fd-4862-8975-0142911bd92d:uuid - endTransferHandler:process
2018-07-26T17:20:46.104Z - [32minfo[39m: guid=fff39f36-3fcb-4519-a474-dea71e19c542:uuid - startNotificationHandler:process
2018-07-26T17:20:46.120Z - [32minfo[39m: guid=fff39f36-3fcb-4519-a474-dea71e19c542:uuid - endNotificationHandler:process
2018-07-26T17:20:46.122Z - [32minfo[39m: guid=8ebc59c8-18ad-47e0-aee9-e999b0194247:uuid - startNotificationHandler:process
2018-07-26T17:20:46.133Z - [32minfo[39m: guid=8ebc59c8-18ad-47e0-aee9-e999b0194247:uuid - endNotificationHandler:process
2018-07-26T17:20:46.138Z - [32minfo[39m: guid=574f0aa2-72fd-4862-8975-0142911bd92d:uuid - startNotificationHandler:process
2018-07-26T17:20:46.144Z - [32minfo[39m: guid=574f0aa2-72fd-4862-8975-0142911bd92d:uuid - endNotificationHandler:process
2018-07-26T17:20:46.146Z - [32minfo[39m: guid=2e9798f6-44d8-466b-a861-31f2541ba070:uuid - endPrepareTransferHandler:process
2018-07-26T17:20:46.149Z - [32minfo[39m: guid=ffb2fd03-b041-4f69-8b49-22652be6efb9:uuid - startPrepareTransferHandler:process
2018-07-26T17:20:46.151Z - [32minfo[39m: guid=2e9798f6-44d8-466b-a861-31f2541ba070:uuid - startPositionHandler:process
2018-07-26T17:20:46.160Z - [32minfo[39m: guid=2e9798f6-44d8-466b-a861-31f2541ba070:uuid - endPositionHandler:process
2018-07-26T17:20:46.169Z - [32minfo[39m: guid=2e9798f6-44d8-466b-a861-31f2541ba070:uuid - startTransferHandler:process
2018-07-26T17:20:46.172Z - [32minfo[39m: guid=2e9798f6-44d8-466b-a861-31f2541ba070:uuid - endTransferHandler:process
2018-07-26T17:20:46.177Z - [32minfo[39m: guid=ffb2fd03-b041-4f69-8b49-22652be6efb9:uuid - endPrepareTransferHandler:process
2018-07-26T17:20:46.178Z - [32minfo[39m: guid=b366ee31-7e00-48e8-aa46-19f4a9ec2b61:uuid - startPrepareTransferHandler:process
2018-07-26T17:20:46.180Z - [32minfo[39m: guid=2e9798f6-44d8-466b-a861-31f2541ba070:uuid - startNotificationHandler:process
2018-07-26T17:20:46.182Z - [32minfo[39m: guid=ffb2fd03-b041-4f69-8b49-22652be6efb9:uuid - startPositionHandler:process
2018-07-26T17:20:46.193Z - [32minfo[39m: guid=ffb2fd03-b041-4f69-8b49-22652be6efb9:uuid - endPositionHandler:process
2018-07-26T17:20:46.197Z - [32minfo[39m: guid=ffb2fd03-b041-4f69-8b49-22652be6efb9:uuid - startTransferHandler:process
2018-07-26T17:20:46.199Z - [32minfo[39m: guid=ffb2fd03-b041-4f69-8b49-22652be6efb9:uuid - endTransferHandler:process
2018-07-26T17:20:46.207Z - [32minfo[39m: guid=2e9798f6-44d8-466b-a861-31f2541ba070:uuid - endNotificationHandler:process
2018-07-26T17:20:46.209Z - [32minfo[39m: guid=ffb2fd03-b041-4f69-8b49-22652be6efb9:uuid - startNotificationHandler:process
2018-07-26T17:20:46.216Z - [32minfo[39m: guid=b366ee31-7e00-48e8-aa46-19f4a9ec2b61:uuid - endPrepareTransferHandler:process
2018-07-26T17:20:46.218Z - [32minfo[39m: guid=d6ebc47a-e764-44ff-b24f-67462044d19c:uuid - startPrepareTransferHandler:process
2018-07-26T17:20:46.224Z - [32minfo[39m: guid=ffb2fd03-b041-4f69-8b49-22652be6efb9:uuid - endNotificationHandler:process
2018-07-26T17:20:46.229Z - [32minfo[39m: guid=b366ee31-7e00-48e8-aa46-19f4a9ec2b61:uuid - startPositionHandler:process
2018-07-26T17:20:46.236Z - [32minfo[39m: guid=b366ee31-7e00-48e8-aa46-19f4a9ec2b61:uuid - endPositionHandler:process
2018-07-26T17:20:46.252Z - [32minfo[39m: guid=d6ebc47a-e764-44ff-b24f-67462044d19c:uuid - endPrepareTransferHandler:process
2018-07-26T17:20:46.254Z - [32minfo[39m: guid=d2edac1a-feb4-47ad-abfe-4a13e942d28e:uuid - startPrepareTransferHandler:process
2018-07-26T17:20:46.256Z - [32minfo[39m: guid=b366ee31-7e00-48e8-aa46-19f4a9ec2b61:uuid - startTransferHandler:process
2018-07-26T17:20:46.257Z - [32minfo[39m: guid=b366ee31-7e00-48e8-aa46-19f4a9ec2b61:uuid - endTransferHandler:process
2018-07-26T17:20:46.261Z - [32minfo[39m: guid=b366ee31-7e00-48e8-aa46-19f4a9ec2b61:uuid - startNotificationHandler:process
2018-07-26T17:20:46.264Z - [32minfo[39m: guid=d6ebc47a-e764-44ff-b24f-67462044d19c:uuid - startPositionHandler:process
2018-07-26T17:20:46.274Z - [32minfo[39m: guid=d6ebc47a-e764-44ff-b24f-67462044d19c:uuid - endPositionHandler:process
2018-07-26T17:20:46.277Z - [32minfo[39m: guid=b366ee31-7e00-48e8-aa46-19f4a9ec2b61:uuid - endNotificationHandler:process
2018-07-26T17:20:46.278Z - [32minfo[39m: guid=d6ebc47a-e764-44ff-b24f-67462044d19c:uuid - startTransferHandler:process
2018-07-26T17:20:46.280Z - [32minfo[39m: guid=d6ebc47a-e764-44ff-b24f-67462044d19c:uuid - endTransferHandler:process
2018-07-26T17:20:46.284Z - [32minfo[39m: guid=d2edac1a-feb4-47ad-abfe-4a13e942d28e:uuid - endPrepareTransferHandler:process
2018-07-26T17:20:46.285Z - [32minfo[39m: guid=5e6effec-5ef5-473b-9170-8d574986b03a:uuid - startPrepareTransferHandler:process
2018-07-26T17:20:46.285Z - [32minfo[39m: guid=d2edac1a-feb4-47ad-abfe-4a13e942d28e:uuid - startPositionHandler:process
2018-07-26T17:20:46.285Z - [32minfo[39m: guid=d6ebc47a-e764-44ff-b24f-67462044d19c:uuid - startNotificationHandler:process
2018-07-26T17:20:46.294Z - [32minfo[39m: guid=d2edac1a-feb4-47ad-abfe-4a13e942d28e:uuid - endPositionHandler:process
2018-07-26T17:20:46.308Z - [32minfo[39m: guid=d2edac1a-feb4-47ad-abfe-4a13e942d28e:uuid - startTransferHandler:process
2018-07-26T17:20:46.310Z - [32minfo[39m: guid=d2edac1a-feb4-47ad-abfe-4a13e942d28e:uuid - endTransferHandler:process
2018-07-26T17:20:46.310Z - [32minfo[39m: guid=d6ebc47a-e764-44ff-b24f-67462044d19c:uuid - endNotificationHandler:process
2018-07-26T17:20:46.312Z - [32minfo[39m: guid=d2edac1a-feb4-47ad-abfe-4a13e942d28e:uuid - startNotificationHandler:process
2018-07-26T17:20:46.319Z - [32minfo[39m: guid=5e6effec-5ef5-473b-9170-8d574986b03a:uuid - startPositionHandler:process
2018-07-26T17:20:46.320Z - [32minfo[39m: guid=5e6effec-5ef5-473b-9170-8d574986b03a:uuid - endPrepareTransferHandler:process
2018-07-26T17:20:46.323Z - [32minfo[39m: guid=f93d056d-6474-40ab-9858-f13e606ae311:uuid - startPrepareTransferHandler:process
2018-07-26T17:20:46.326Z - [32minfo[39m: guid=5e6effec-5ef5-473b-9170-8d574986b03a:uuid - endPositionHandler:process
2018-07-26T17:20:46.329Z - [32minfo[39m: guid=d2edac1a-feb4-47ad-abfe-4a13e942d28e:uuid - endNotificationHandler:process
2018-07-26T17:20:46.330Z - [32minfo[39m: guid=5e6effec-5ef5-473b-9170-8d574986b03a:uuid - startTransferHandler:process
2018-07-26T17:20:46.331Z - [32minfo[39m: guid=5e6effec-5ef5-473b-9170-8d574986b03a:uuid - endTransferHandler:process
2018-07-26T17:20:46.348Z - [32minfo[39m: guid=5e6effec-5ef5-473b-9170-8d574986b03a:uuid - startNotificationHandler:process
2018-07-26T17:20:46.359Z - [32minfo[39m: guid=f93d056d-6474-40ab-9858-f13e606ae311:uuid - endPrepareTransferHandler:process
2018-07-26T17:20:46.361Z - [32minfo[39m: guid=74c07336-c051-44b1-8c78-d2ac394aea11:uuid - startPrepareTransferHandler:process
2018-07-26T17:20:46.364Z - [32minfo[39m: guid=5e6effec-5ef5-473b-9170-8d574986b03a:uuid - endNotificationHandler:process
2018-07-26T17:20:46.369Z - [32minfo[39m: guid=f93d056d-6474-40ab-9858-f13e606ae311:uuid - startPositionHandler:process
2018-07-26T17:20:46.377Z - [32minfo[39m: guid=f93d056d-6474-40ab-9858-f13e606ae311:uuid - endPositionHandler:process
2018-07-26T17:20:46.379Z - [32minfo[39m: guid=f93d056d-6474-40ab-9858-f13e606ae311:uuid - startTransferHandler:process
2018-07-26T17:20:46.380Z - [32minfo[39m: guid=f93d056d-6474-40ab-9858-f13e606ae311:uuid - endTransferHandler:process
2018-07-26T17:20:46.395Z - [32minfo[39m: guid=74c07336-c051-44b1-8c78-d2ac394aea11:uuid - endPrepareTransferHandler:process
2018-07-26T17:20:46.397Z - [32minfo[39m: guid=adc253a9-689e-4dca-91e6-a43a5a71aad4:uuid - startPrepareTransferHandler:process
2018-07-26T17:20:46.397Z - [32minfo[39m: guid=f93d056d-6474-40ab-9858-f13e606ae311:uuid - startNotificationHandler:process
2018-07-26T17:20:46.406Z - [32minfo[39m: guid=74c07336-c051-44b1-8c78-d2ac394aea11:uuid - startPositionHandler:process
2018-07-26T17:20:46.412Z - [32minfo[39m: guid=f93d056d-6474-40ab-9858-f13e606ae311:uuid - endNotificationHandler:process
2018-07-26T17:20:46.417Z - [32minfo[39m: guid=74c07336-c051-44b1-8c78-d2ac394aea11:uuid - endPositionHandler:process
2018-07-26T17:20:46.421Z - [32minfo[39m: guid=74c07336-c051-44b1-8c78-d2ac394aea11:uuid - startTransferHandler:process
2018-07-26T17:20:46.422Z - [32minfo[39m: guid=74c07336-c051-44b1-8c78-d2ac394aea11:uuid - endTransferHandler:process
2018-07-26T17:20:46.424Z - [32minfo[39m: guid=74c07336-c051-44b1-8c78-d2ac394aea11:uuid - startNotificationHandler:process
2018-07-26T17:20:46.425Z - [32minfo[39m: guid=adc253a9-689e-4dca-91e6-a43a5a71aad4:uuid - endPrepareTransferHandler:process
2018-07-26T17:20:46.428Z - [32minfo[39m: guid=5173639b-1f2c-494e-bc2c-c667d61b2cc2:uuid - startPrepareTransferHandler:process
2018-07-26T17:20:46.428Z - [32minfo[39m: guid=adc253a9-689e-4dca-91e6-a43a5a71aad4:uuid - startPositionHandler:process
2018-07-26T17:20:46.435Z - [32minfo[39m: guid=74c07336-c051-44b1-8c78-d2ac394aea11:uuid - endNotificationHandler:process
2018-07-26T17:20:46.436Z - [32minfo[39m: guid=adc253a9-689e-4dca-91e6-a43a5a71aad4:uuid - endPositionHandler:process
2018-07-26T17:20:46.439Z - [32minfo[39m: guid=adc253a9-689e-4dca-91e6-a43a5a71aad4:uuid - startTransferHandler:process
2018-07-26T17:20:46.440Z - [32minfo[39m: guid=adc253a9-689e-4dca-91e6-a43a5a71aad4:uuid - endTransferHandler:process
2018-07-26T17:20:46.461Z - [32minfo[39m: guid=5173639b-1f2c-494e-bc2c-c667d61b2cc2:uuid - endPrepareTransferHandler:process
2018-07-26T17:20:46.462Z - [32minfo[39m: guid=7c96d309-cd06-4e71-aa67-3002c3c427cd:uuid - startPrepareTransferHandler:process
2018-07-26T17:20:46.495Z - [32minfo[39m: guid=7c96d309-cd06-4e71-aa67-3002c3c427cd:uuid - endPrepareTransferHandler:process
2018-07-26T17:20:46.496Z - [32minfo[39m: guid=75a50a2f-6156-43a2-ad4b-a8a687356dac:uuid - startPrepareTransferHandler:process
2018-07-26T17:20:46.531Z - [32minfo[39m: guid=75a50a2f-6156-43a2-ad4b-a8a687356dac:uuid - endPrepareTransferHandler:process
2018-07-26T17:20:46.532Z - [32minfo[39m: guid=1f026afa-8377-4ca3-88bd-ad8132781aec:uuid - startPrepareTransferHandler:process
2018-07-26T17:20:46.568Z - [32minfo[39m: guid=adc253a9-689e-4dca-91e6-a43a5a71aad4:uuid - startNotificationHandler:process
2018-07-26T17:20:46.569Z - [32minfo[39m: guid=1f026afa-8377-4ca3-88bd-ad8132781aec:uuid - endPrepareTransferHandler:process
2018-07-26T17:20:46.571Z - [32minfo[39m: guid=ac4b2dc0-a65c-4128-92c5-4c3ffedf4ad7:uuid - startPrepareTransferHandler:process
2018-07-26T17:20:46.582Z - [32minfo[39m: guid=5173639b-1f2c-494e-bc2c-c667d61b2cc2:uuid - startPositionHandler:process
2018-07-26T17:20:46.592Z - [32minfo[39m: guid=adc253a9-689e-4dca-91e6-a43a5a71aad4:uuid - endNotificationHandler:process
2018-07-26T17:20:46.594Z - [32minfo[39m: guid=5173639b-1f2c-494e-bc2c-c667d61b2cc2:uuid - endPositionHandler:process
2018-07-26T17:20:46.597Z - [32minfo[39m: guid=7c96d309-cd06-4e71-aa67-3002c3c427cd:uuid - startPositionHandler:process
2018-07-26T17:20:46.599Z - [32minfo[39m: guid=5173639b-1f2c-494e-bc2c-c667d61b2cc2:uuid - startTransferHandler:process
2018-07-26T17:20:46.600Z - [32minfo[39m: guid=5173639b-1f2c-494e-bc2c-c667d61b2cc2:uuid - endTransferHandler:process
2018-07-26T17:20:46.611Z - [32minfo[39m: guid=7c96d309-cd06-4e71-aa67-3002c3c427cd:uuid - endPositionHandler:process
2018-07-26T17:20:46.612Z - [32minfo[39m: guid=ac4b2dc0-a65c-4128-92c5-4c3ffedf4ad7:uuid - endPrepareTransferHandler:process
2018-07-26T17:20:46.614Z - [32minfo[39m: guid=75a50a2f-6156-43a2-ad4b-a8a687356dac:uuid - startPositionHandler:process
2018-07-26T17:20:46.616Z - [32minfo[39m: guid=3f2827a4-27cb-4390-966b-e7b0ab8cc597:uuid - startPrepareTransferHandler:process
2018-07-26T17:20:46.616Z - [32minfo[39m: guid=5173639b-1f2c-494e-bc2c-c667d61b2cc2:uuid - startNotificationHandler:process
2018-07-26T17:20:46.625Z - [32minfo[39m: guid=7c96d309-cd06-4e71-aa67-3002c3c427cd:uuid - startTransferHandler:process
2018-07-26T17:20:46.626Z - [32minfo[39m: guid=7c96d309-cd06-4e71-aa67-3002c3c427cd:uuid - endTransferHandler:process
2018-07-26T17:20:46.627Z - [32minfo[39m: guid=75a50a2f-6156-43a2-ad4b-a8a687356dac:uuid - endPositionHandler:process
2018-07-26T17:20:46.628Z - [32minfo[39m: guid=1f026afa-8377-4ca3-88bd-ad8132781aec:uuid - startPositionHandler:process
2018-07-26T17:20:46.629Z - [32minfo[39m: guid=5173639b-1f2c-494e-bc2c-c667d61b2cc2:uuid - endNotificationHandler:process
2018-07-26T17:20:46.635Z - [32minfo[39m: guid=75a50a2f-6156-43a2-ad4b-a8a687356dac:uuid - startTransferHandler:process
2018-07-26T17:20:46.636Z - [32minfo[39m: guid=75a50a2f-6156-43a2-ad4b-a8a687356dac:uuid - endTransferHandler:process
2018-07-26T17:20:46.643Z - [32minfo[39m: guid=1f026afa-8377-4ca3-88bd-ad8132781aec:uuid - endPositionHandler:process
2018-07-26T17:20:46.644Z - [32minfo[39m: guid=ac4b2dc0-a65c-4128-92c5-4c3ffedf4ad7:uuid - startPositionHandler:process
2018-07-26T17:20:46.648Z - [32minfo[39m: guid=1f026afa-8377-4ca3-88bd-ad8132781aec:uuid - startTransferHandler:process
2018-07-26T17:20:46.649Z - [32minfo[39m: guid=1f026afa-8377-4ca3-88bd-ad8132781aec:uuid - endTransferHandler:process
2018-07-26T17:20:46.649Z - [32minfo[39m: guid=3f2827a4-27cb-4390-966b-e7b0ab8cc597:uuid - endPrepareTransferHandler:process
2018-07-26T17:20:46.650Z - [32minfo[39m: guid=1910f692-670d-4c31-9e79-4c0c0caf28bd:uuid - startPrepareTransferHandler:process
2018-07-26T17:20:46.653Z - [32minfo[39m: guid=7c96d309-cd06-4e71-aa67-3002c3c427cd:uuid - startNotificationHandler:process
2018-07-26T17:20:46.654Z - [32minfo[39m: guid=ac4b2dc0-a65c-4128-92c5-4c3ffedf4ad7:uuid - endPositionHandler:process
2018-07-26T17:20:46.664Z - [32minfo[39m: guid=ac4b2dc0-a65c-4128-92c5-4c3ffedf4ad7:uuid - startTransferHandler:process
2018-07-26T17:20:46.665Z - [32minfo[39m: guid=ac4b2dc0-a65c-4128-92c5-4c3ffedf4ad7:uuid - endTransferHandler:process
2018-07-26T17:20:46.666Z - [32minfo[39m: guid=3f2827a4-27cb-4390-966b-e7b0ab8cc597:uuid - startPositionHandler:process
2018-07-26T17:20:46.668Z - [32minfo[39m: guid=7c96d309-cd06-4e71-aa67-3002c3c427cd:uuid - endNotificationHandler:process
2018-07-26T17:20:46.672Z - [32minfo[39m: guid=75a50a2f-6156-43a2-ad4b-a8a687356dac:uuid - startNotificationHandler:process
2018-07-26T17:20:46.678Z - [32minfo[39m: guid=3f2827a4-27cb-4390-966b-e7b0ab8cc597:uuid - endPositionHandler:process
2018-07-26T17:20:46.688Z - [32minfo[39m: guid=1910f692-670d-4c31-9e79-4c0c0caf28bd:uuid - endPrepareTransferHandler:process
2018-07-26T17:20:46.688Z - [32minfo[39m: guid=3f2827a4-27cb-4390-966b-e7b0ab8cc597:uuid - startTransferHandler:process
2018-07-26T17:20:46.689Z - [32minfo[39m: guid=1ef528a9-b57e-4ca9-8ee0-36b6315cab65:uuid - startPrepareTransferHandler:process
2018-07-26T17:20:46.689Z - [32minfo[39m: guid=3f2827a4-27cb-4390-966b-e7b0ab8cc597:uuid - endTransferHandler:process
2018-07-26T17:20:46.689Z - [32minfo[39m: guid=75a50a2f-6156-43a2-ad4b-a8a687356dac:uuid - endNotificationHandler:process
2018-07-26T17:20:46.691Z - [32minfo[39m: guid=1f026afa-8377-4ca3-88bd-ad8132781aec:uuid - startNotificationHandler:process
2018-07-26T17:20:46.699Z - [32minfo[39m: guid=1910f692-670d-4c31-9e79-4c0c0caf28bd:uuid - startPositionHandler:process
2018-07-26T17:20:46.708Z - [32minfo[39m: guid=1910f692-670d-4c31-9e79-4c0c0caf28bd:uuid - endPositionHandler:process
2018-07-26T17:20:46.712Z - [32minfo[39m: guid=1910f692-670d-4c31-9e79-4c0c0caf28bd:uuid - startTransferHandler:process
2018-07-26T17:20:46.713Z - [32minfo[39m: guid=1910f692-670d-4c31-9e79-4c0c0caf28bd:uuid - endTransferHandler:process
2018-07-26T17:20:46.732Z - [32minfo[39m: guid=1ef528a9-b57e-4ca9-8ee0-36b6315cab65:uuid - endPrepareTransferHandler:process
2018-07-26T17:20:46.732Z - [32minfo[39m: guid=1f026afa-8377-4ca3-88bd-ad8132781aec:uuid - endNotificationHandler:process
2018-07-26T17:20:46.733Z - [32minfo[39m: guid=ac4b2dc0-a65c-4128-92c5-4c3ffedf4ad7:uuid - startNotificationHandler:process
2018-07-26T17:20:46.735Z - [32minfo[39m: guid=898a80fc-2949-4d01-b940-cb75175baaf4:uuid - startPrepareTransferHandler:process
2018-07-26T17:20:46.744Z - [32minfo[39m: guid=1ef528a9-b57e-4ca9-8ee0-36b6315cab65:uuid - startPositionHandler:process
2018-07-26T17:20:46.745Z - [32minfo[39m: guid=ac4b2dc0-a65c-4128-92c5-4c3ffedf4ad7:uuid - endNotificationHandler:process
2018-07-26T17:20:46.747Z - [32minfo[39m: guid=3f2827a4-27cb-4390-966b-e7b0ab8cc597:uuid - startNotificationHandler:process
2018-07-26T17:20:46.759Z - [32minfo[39m: guid=1ef528a9-b57e-4ca9-8ee0-36b6315cab65:uuid - endPositionHandler:process
2018-07-26T17:20:46.780Z - [32minfo[39m: guid=3f2827a4-27cb-4390-966b-e7b0ab8cc597:uuid - endNotificationHandler:process
2018-07-26T17:20:46.782Z - [32minfo[39m: guid=1910f692-670d-4c31-9e79-4c0c0caf28bd:uuid - startNotificationHandler:process
2018-07-26T17:20:46.791Z - [32minfo[39m: guid=898a80fc-2949-4d01-b940-cb75175baaf4:uuid - endPrepareTransferHandler:process
2018-07-26T17:20:46.793Z - [32minfo[39m: guid=b2a0c995-a23e-457c-b505-3262a77d3fda:uuid - startPrepareTransferHandler:process
2018-07-26T17:20:46.794Z - [32minfo[39m: guid=1910f692-670d-4c31-9e79-4c0c0caf28bd:uuid - endNotificationHandler:process
2018-07-26T17:20:46.797Z - [32minfo[39m: guid=898a80fc-2949-4d01-b940-cb75175baaf4:uuid - startPositionHandler:process
2018-07-26T17:20:46.798Z - [32minfo[39m: guid=1ef528a9-b57e-4ca9-8ee0-36b6315cab65:uuid - startTransferHandler:process
2018-07-26T17:20:46.799Z - [32minfo[39m: guid=1ef528a9-b57e-4ca9-8ee0-36b6315cab65:uuid - endTransferHandler:process
2018-07-26T17:20:46.804Z - [32minfo[39m: guid=898a80fc-2949-4d01-b940-cb75175baaf4:uuid - endPositionHandler:process
2018-07-26T17:20:46.805Z - [32minfo[39m: guid=1ef528a9-b57e-4ca9-8ee0-36b6315cab65:uuid - startNotificationHandler:process
2018-07-26T17:20:46.814Z - [32minfo[39m: guid=898a80fc-2949-4d01-b940-cb75175baaf4:uuid - startTransferHandler:process
2018-07-26T17:20:46.816Z - [32minfo[39m: guid=898a80fc-2949-4d01-b940-cb75175baaf4:uuid - endTransferHandler:process
2018-07-26T17:20:46.819Z - [32minfo[39m: guid=1ef528a9-b57e-4ca9-8ee0-36b6315cab65:uuid - endNotificationHandler:process
2018-07-26T17:20:46.827Z - [32minfo[39m: guid=898a80fc-2949-4d01-b940-cb75175baaf4:uuid - startNotificationHandler:process
2018-07-26T17:20:46.827Z - [32minfo[39m: guid=b2a0c995-a23e-457c-b505-3262a77d3fda:uuid - endPrepareTransferHandler:process
2018-07-26T17:20:46.829Z - [32minfo[39m: guid=a253ea46-2669-475a-9d2c-1707750fae97:uuid - startPrepareTransferHandler:process
2018-07-26T17:20:46.832Z - [32minfo[39m: guid=b2a0c995-a23e-457c-b505-3262a77d3fda:uuid - startPositionHandler:process
2018-07-26T17:20:46.840Z - [32minfo[39m: guid=898a80fc-2949-4d01-b940-cb75175baaf4:uuid - endNotificationHandler:process
2018-07-26T17:20:46.842Z - [32minfo[39m: guid=b2a0c995-a23e-457c-b505-3262a77d3fda:uuid - endPositionHandler:process
2018-07-26T17:20:46.845Z - [32minfo[39m: guid=b2a0c995-a23e-457c-b505-3262a77d3fda:uuid - endTransferHandler:process
2018-07-26T17:20:46.845Z - [32minfo[39m: guid=b2a0c995-a23e-457c-b505-3262a77d3fda:uuid - startTransferHandler:process
2018-07-26T17:20:46.855Z - [32minfo[39m: guid=b2a0c995-a23e-457c-b505-3262a77d3fda:uuid - startNotificationHandler:process
2018-07-26T17:20:46.871Z - [32minfo[39m: guid=b2a0c995-a23e-457c-b505-3262a77d3fda:uuid - endNotificationHandler:process
2018-07-26T17:20:46.879Z - [32minfo[39m: guid=a253ea46-2669-475a-9d2c-1707750fae97:uuid - endPrepareTransferHandler:process
2018-07-26T17:20:46.880Z - [32minfo[39m: guid=3a9b6dbb-60ae-430c-8cc4-550e1a10038f:uuid - startPrepareTransferHandler:process
2018-07-26T17:20:46.900Z - [32minfo[39m: guid=a253ea46-2669-475a-9d2c-1707750fae97:uuid - startPositionHandler:process
2018-07-26T17:20:46.913Z - [32minfo[39m: guid=a253ea46-2669-475a-9d2c-1707750fae97:uuid - endPositionHandler:process
2018-07-26T17:20:46.917Z - [32minfo[39m: guid=a253ea46-2669-475a-9d2c-1707750fae97:uuid - endTransferHandler:process
2018-07-26T17:20:46.917Z - [32minfo[39m: guid=a253ea46-2669-475a-9d2c-1707750fae97:uuid - startTransferHandler:process
2018-07-26T17:20:46.921Z - [32minfo[39m: guid=a253ea46-2669-475a-9d2c-1707750fae97:uuid - startNotificationHandler:process
2018-07-26T17:20:46.924Z - [32minfo[39m: guid=3a9b6dbb-60ae-430c-8cc4-550e1a10038f:uuid - endPrepareTransferHandler:process
2018-07-26T17:20:46.928Z - [32minfo[39m: guid=eff5e35a-a8d8-4ce9-b171-ea3eb62517a3:uuid - startPrepareTransferHandler:process
2018-07-26T17:20:46.930Z - [32minfo[39m: guid=3a9b6dbb-60ae-430c-8cc4-550e1a10038f:uuid - startPositionHandler:process
2018-07-26T17:20:46.932Z - [32minfo[39m: guid=a253ea46-2669-475a-9d2c-1707750fae97:uuid - endNotificationHandler:process
2018-07-26T17:20:46.940Z - [32minfo[39m: guid=3a9b6dbb-60ae-430c-8cc4-550e1a10038f:uuid - endPositionHandler:process
2018-07-26T17:20:46.947Z - [32minfo[39m: guid=3a9b6dbb-60ae-430c-8cc4-550e1a10038f:uuid - startTransferHandler:process
2018-07-26T17:20:46.948Z - [32minfo[39m: guid=3a9b6dbb-60ae-430c-8cc4-550e1a10038f:uuid - endTransferHandler:process
2018-07-26T17:20:46.952Z - [32minfo[39m: guid=3a9b6dbb-60ae-430c-8cc4-550e1a10038f:uuid - startNotificationHandler:process
2018-07-26T17:20:46.954Z - [32minfo[39m: guid=eff5e35a-a8d8-4ce9-b171-ea3eb62517a3:uuid - endPrepareTransferHandler:process
2018-07-26T17:20:46.957Z - [32minfo[39m: guid=eff5e35a-a8d8-4ce9-b171-ea3eb62517a3:uuid - startPositionHandler:process
2018-07-26T17:20:46.963Z - [32minfo[39m: guid=eff5e35a-a8d8-4ce9-b171-ea3eb62517a3:uuid - endPositionHandler:process
2018-07-26T17:20:46.969Z - [32minfo[39m: guid=eff5e35a-a8d8-4ce9-b171-ea3eb62517a3:uuid - startTransferHandler:process
2018-07-26T17:20:46.970Z - [32minfo[39m: guid=eff5e35a-a8d8-4ce9-b171-ea3eb62517a3:uuid - endTransferHandler:process
2018-07-26T17:20:46.971Z - [32minfo[39m: guid=3a9b6dbb-60ae-430c-8cc4-550e1a10038f:uuid - endNotificationHandler:process
2018-07-26T17:20:46.984Z - [32minfo[39m: guid=eff5e35a-a8d8-4ce9-b171-ea3eb62517a3:uuid - startNotificationHandler:process
2018-07-26T17:20:47.020Z - [32minfo[39m: guid=eff5e35a-a8d8-4ce9-b171-ea3eb62517a3:uuid - endNotificationHandler:process
