/usr/local/opt/node@8/bin/node --inspect-brk=56872 /Users/mdebarros/Documents/ModusDocs/Projects/MojaLoop/git/fork/ml-api-adapter/src/api/index.js
Debugger listening on ws://127.0.0.1:56872/7a3a921b-ceb8-4369-85c5-0520b6edf18f
For help see https://nodejs.org/en/docs/inspector
Debugger attached.
2018-07-06T13:17:10.432Z - debug: Server running at:  http://Miguels-MacBook-Pro.local:4000
http://Miguels-MacBook-Pro.local:4000
  GET    /                              Metadata
  GET    /documentation
  GET    /health                        Status of adapter
  GET    /swagger.json
  GET    /swaggerui/{path*}
  GET    /swaggerui/extend.js
  POST   /transfers                     Transfer API.
  PUT    /transfers/{id}                Fulfil a transfer

2018-07-06T13:17:10.433Z - info: Notification::startConsumer
2018-07-06T13:17:10.434Z - info: Notification::startConsumer::topicName: topic-notification-event
2018-07-06T13:17:10.435Z - info: Notification::startConsumer::Consumer: new
2018-07-06T13:17:10.465Z - debug: node-rdkafka v0.11.4 ready - {"name":"topic-notification-event#consumer-1"}
2018-07-06T13:17:10.468Z - info: Kafka Consumer connected
2018-07-06T13:17:10.469Z - info: Kafka Consumer handler created
2018-07-06T13:21:46.214Z - info: guid=fc9e2830-bac4-1b9e-a2e7-345eb9730e21:uuid - startTransferPrepareAPI:process
2018-07-06T13:21:46.230Z - info: guid=fc9e2830-bac4-1b9e-a2e7-345eb9730e21:uuid - endTransferPrepareAPI:process
2018-07-06T13:21:46.214Z - debug: create::start({"transferId":"fc9e2830-bac4-1b9e-a2e7-345eb9730e21","payeeFsp":"dfsp2","payerFsp":"dfsp1","amount":{"amount":"100","currency":"USD"},"ilpPacket":"AQAAAAAAAABkEGcuZXdwMjEuaWQuODAwMjCCAhd7InRyYW5zYWN0aW9uSWQiOiJmODU0NzdkYi0xMzVkLTRlMDgtYThiNy0xMmIyMmQ4MmMwZDYiLCJxdW90ZUlkIjoiOWU2NGYzMjEtYzMyNC00ZDI0LTg5MmYtYzQ3ZWY0ZThkZTkxIiwicGF5ZWUiOnsicGFydHlJZEluZm8iOnsicGFydHlJZFR5cGUiOiJNU0lTRE4iLCJwYXJ0eUlkZW50aWZpZXIiOiIyNTYxMjM0NTYiLCJmc3BJZCI6IjIxIn19LCJwYXllciI6eyJwYXJ0eUlkSW5mbyI6eyJwYXJ0eUlkVHlwZSI6Ik1TSVNETiIsInBhcnR5SWRlbnRpZmllciI6IjI1NjIwMTAwMDAxIiwiZnNwSWQiOiIyMCJ9LCJwZXJzb25hbEluZm8iOnsiY29tcGxleE5hbWUiOnsiZmlyc3ROYW1lIjoiTWF0cyIsImxhc3ROYW1lIjoiSGFnbWFuIn0sImRhdGVPZkJpcnRoIjoiMTk4My0xMC0yNSJ9fSwiYW1vdW50Ijp7ImFtb3VudCI6IjEwMCIsImN1cnJlbmN5IjoiVVNEIn0sInRyYW5zYWN0aW9uVHlwZSI6eyJzY2VuYXJpbyI6IlRSQU5TRkVSIiwiaW5pdGlhdG9yIjoiUEFZRVIiLCJpbml0aWF0b3JUeXBlIjoiQ09OU1VNRVIifSwibm90ZSI6ImhlaiJ9","condition":"uU0nuZNNPgilLlLX2n2r-sSE7-N6U4DukIj3rOLvzek","expiration":"2018-11-08T21:31:00.534+01:00"})
2018-07-06T13:21:46.214Z - debug: prepare::start([object Object], [object Object])
2018-07-06T13:21:46.216Z - debug: Producer::start::topic=topic-dfsp1-transfer-prepare
2018-07-06T13:21:46.217Z - debug: Producer::connect::start
2018-07-06T13:21:46.228Z - debug: Producer::connect::end
2018-07-06T13:21:46.228Z - debug: Producer.sendMessage:: messageProtocol:'{"id":"fc9e2830-bac4-1b9e-a2e7-345eb9730e21","to":"dfsp2","from":"dfsp1","type":"application/json","content":{"headers":{"content-type":"application/json","date":"2017-11-02T00:00:00.000Z","fspiop-destination":"dfsp2","fspiop-source":"dfsp1","content-length":1038},"payload":{"transferId":"fc9e2830-bac4-1b9e-a2e7-345eb9730e21","payeeFsp":"dfsp2","payerFsp":"dfsp1","amount":{"amount":"100","currency":"USD"},"ilpPacket":"AQAAAAAAAABkEGcuZXdwMjEuaWQuODAwMjCCAhd7InRyYW5zYWN0aW9uSWQiOiJmODU0NzdkYi0xMzVkLTRlMDgtYThiNy0xMmIyMmQ4MmMwZDYiLCJxdW90ZUlkIjoiOWU2NGYzMjEtYzMyNC00ZDI0LTg5MmYtYzQ3ZWY0ZThkZTkxIiwicGF5ZWUiOnsicGFydHlJZEluZm8iOnsicGFydHlJZFR5cGUiOiJNU0lTRE4iLCJwYXJ0eUlkZW50aWZpZXIiOiIyNTYxMjM0NTYiLCJmc3BJZCI6IjIxIn19LCJwYXllciI6eyJwYXJ0eUlkSW5mbyI6eyJwYXJ0eUlkVHlwZSI6Ik1TSVNETiIsInBhcnR5SWRlbnRpZmllciI6IjI1NjIwMTAwMDAxIiwiZnNwSWQiOiIyMCJ9LCJwZXJzb25hbEluZm8iOnsiY29tcGxleE5hbWUiOnsiZmlyc3ROYW1lIjoiTWF0cyIsImxhc3ROYW1lIjoiSGFnbWFuIn0sImRhdGVPZkJpcnRoIjoiMTk4My0xMC0yNSJ9fSwiYW1vdW50Ijp7ImFtb3VudCI6IjEwMCIsImN1cnJlbmN5IjoiVVNEIn0sInRyYW5zYWN0aW9uVHlwZSI6eyJzY2VuYXJpbyI6IlRSQU5TRkVSIiwiaW5pdGlhdG9yIjoiUEFZRVIiLCJpbml0aWF0b3JUeXBlIjoiQ09OU1VNRVIifSwibm90ZSI6ImhlaiJ9","condition":"uU0nuZNNPgilLlLX2n2r-sSE7-N6U4DukIj3rOLvzek","expiration":"2018-11-08T21:31:00.534+01:00"}},"metadata":{"event":{"id":"9c131cec-d4c4-4008-96b6-83edb8cb4e83","type":"prepare","action":"prepare","createdAt":"2018-07-06T13:21:46.215Z","state":{"status":"success","code":0}}}}'
2018-07-06T13:21:46.229Z - debug: Producer::send() - start {"topicName":"topic-dfsp1-transfer-prepare"}
2018-07-06T13:21:46.230Z - debug: Producer::end
2018-07-06T13:21:53.881Z - info: Notification::consumeMessage
2018-07-06T13:21:53.880Z - debug: Consumer::_consumerRecursive() - messages[1]: [{"value":{"from":"dfsp1","to":"dfsp2","id":"fc9e2830-bac4-1b9e-a2e7-345eb9730e21","content":{"headers":{"content-type":"application/json","date":"2017-11-02T00:00:00.000Z","fspiop-destination":"dfsp2","fspiop-source":"dfsp1","content-length":1038},"payload":{"transferId":"fc9e2830-bac4-1b9e-a2e7-345eb9730e21","payeeFsp":"dfsp2","payerFsp":"dfsp1","amount":{"amount":"100","currency":"USD"},"ilpPacket":"AQAAAAAAAABkEGcuZXdwMjEuaWQuODAwMjCCAhd7InRyYW5zYWN0aW9uSWQiOiJmODU0NzdkYi0xMzVkLTRlMDgtYThiNy0xMmIyMmQ4MmMwZDYiLCJxdW90ZUlkIjoiOWU2NGYzMjEtYzMyNC00ZDI0LTg5MmYtYzQ3ZWY0ZThkZTkxIiwicGF5ZWUiOnsicGFydHlJZEluZm8iOnsicGFydHlJZFR5cGUiOiJNU0lTRE4iLCJwYXJ0eUlkZW50aWZpZXIiOiIyNTYxMjM0NTYiLCJmc3BJZCI6IjIxIn19LCJwYXllciI6eyJwYXJ0eUlkSW5mbyI6eyJwYXJ0eUlkVHlwZSI6Ik1TSVNETiIsInBhcnR5SWRlbnRpZmllciI6IjI1NjIwMTAwMDAxIiwiZnNwSWQiOiIyMCJ9LCJwZXJzb25hbEluZm8iOnsiY29tcGxleE5hbWUiOnsiZmlyc3ROYW1lIjoiTWF0cyIsImxhc3ROYW1lIjoiSGFnbWFuIn0sImRhdGVPZkJpcnRoIjoiMTk4My0xMC0yNSJ9fSwiYW1vdW50Ijp7ImFtb3VudCI6IjEwMCIsImN1cnJlbmN5IjoiVVNEIn0sInRyYW5zYWN0aW9uVHlwZSI6eyJzY2VuYXJpbyI6IlRSQU5TRkVSIiwiaW5pdGlhdG9yIjoiUEFZRVIiLCJpbml0aWF0b3JUeXBlIjoiQ09OU1VNRVIifSwibm90ZSI6ImhlaiJ9","condition":"uU0nuZNNPgilLlLX2n2r-sSE7-N6U4DukIj3rOLvzek","expiration":"2018-11-08T21:31:00.534+01:00"}},"type":"application/json","metadata":{"event":{"id":"981f16a6-dcda-47de-82e0-4d4705f65dc9","type":"notification","action":"prepare","createdAt":"2018-07-06T13:21:46.215Z","state":{"status":"success","code":0,"description":"action successful"},"responseTo":"a36f963b-63f1-44cb-a251-f7c1769763d7"},"protocol.createdAt":1530883312876}},"size":1587,"key":{"type":"Buffer","data":[54,52,97,101,52,99,57,49,45,50,48,54,101,45,52,99,55,99,45,97,51,53,49,45,50,57,56,56,51,52,48,57,97,53,50,98]},"topic":"topic-notification-event","offset":15,"partition":0,"timestamp":1530883312876}]}
2018-07-06T13:21:53.881Z - info2018-07-06T13:21:53.881Z - debug: Notification:consumeMessage message: - [{"value":{"from":"dfsp1","to":"dfsp2","id":"fc9e2830-bac4-1b9e-a2e7-345eb9730e21","content":{"headers":{"content-type":"application/json","date":"2017-11-02T00:00:00.000Z","fspiop-destination":"dfsp2","fspiop-source":"dfsp1","content-length":1038},"payload":{"transferId":"fc9e2830-bac4-1b9e-a2e7-345eb9730e21","payeeFsp":"dfsp2","payerFsp":"dfsp1","amount":{"amount":"100","currency":"USD"},"ilpPacket":"AQAAAAAAAABkEGcuZXdwMjEuaWQuODAwMjCCAhd7InRyYW5zYWN0aW9uSWQiOiJmODU0NzdkYi0xMzVkLTRlMDgtYThiNy0xMmIyMmQ4MmMwZDYiLCJxdW90ZUlkIjoiOWU2NGYzMjEtYzMyNC00ZDI0LTg5MmYtYzQ3ZWY0ZThkZTkxIiwicGF5ZWUiOnsicGFydHlJZEluZm8iOnsicGFydHlJZFR5cGUiOiJNU0lTRE4iLCJwYXJ0eUlkZW50aWZpZXIiOiIyNTYxMjM0NTYiLCJmc3BJZCI6IjIxIn19LCJwYXllciI6eyJwYXJ0eUlkSW5mbyI6eyJwYXJ0eUlkVHlwZSI6Ik1TSVNETiIsInBhcnR5SWRlbnRpZmllciI6IjI1NjIwMTAwMDAxIiwiZnNwSWQiOiIyMCJ9LCJwZXJzb25hbEluZm8iOnsiY29tcGxleE5hbWUiOnsiZmlyc3ROYW1lIjoiTWF0cyIsImxhc3ROYW1lIjoiSGFnbWFuIn0sImRhdGVPZkJpcnRoIjoiMTk4My0xMC0yNSJ9fSwiYW1vdW50Ijp7ImFtb3VudCI6IjEwMCIsImN1cnJlbmN5IjoiVVNEIn0sInRyYW5zYWN0aW9uVHlwZSI6eyJzY2VuYXJpbyI6IlRSQU5TRkVSIiwiaW5pdGlhdG9yIjoiUEFZRVIiLCJpbml0aWF0b3JUeXBlIjoiQ09OU1VNRVIifSwibm90ZSI6ImhlaiJ9","condition":"uU0nuZNNPgilLlLX2n2r-sSE7-N6U4DukIj3rOLvzek","expiration":"2018-11-08T21:31:00.534+01:00"}},"type":"application/json","metadata":{"event":{"id":"981f16a6-dcda-47de-82e0-4d4705f65dc9","type":"notification","action":"prepare","createdAt":"2018-07-06T13:21:46.215Z","state":{"status":"success","code":0,"description":"action successful"},"responseTo":"a36f963b-63f1-44cb-a251-f7c1769763d7"},"protocol.createdAt":1530883312876}},"size":1587,"key":{"type":"Buffer","data":[54,52,97,101,52,99,57,49,45,50,48,54,101,45,52,99,55,99,45,97,51,53,49,45,50,57,56,56,51,52,48,57,97,53,50,98]},"topic":"topic-notification-event","offset":15,"partition":0,"timestamp":1530883312876}]
: Consumer::consume() - Sync Process - {"error":null,"messages":[{"value":{"from":"dfsp1","to":"dfsp2","id":"fc9e2830-bac4-1b9e-a2e7-345eb9730e21","content":{"headers":{"content-type":"application/json","date":"2017-11-02T00:00:00.000Z","fspiop-destination":"dfsp2","fspiop-source":"dfsp1","content-length":1038},"payload":{"transferId":"fc9e2830-bac4-1b9e-a2e7-345eb9730e21","payeeFsp":"dfsp2","payerFsp":"dfsp1","amount":{"amount":"100","currency":"USD"},"ilpPacket":"AQAAAAAAAABkEGcuZXdwMjEuaWQuODAwMjCCAhd7InRyYW5zYWN0aW9uSWQiOiJmODU0NzdkYi0xMzVkLTRlMDgtYThiNy0xMmIyMmQ4MmMwZDYiLCJxdW90ZUlkIjoiOWU2NGYzMjEtYzMyNC00ZDI0LTg5MmYtYzQ3ZWY0ZThkZTkxIiwicGF5ZWUiOnsicGFydHlJZEluZm8iOnsicGFydHlJZFR5cGUiOiJNU0lTRE4iLCJwYXJ0eUlkZW50aWZpZXIiOiIyNTYxMjM0NTYiLCJmc3BJZCI6IjIxIn19LCJwYXllciI6eyJwYXJ0eUlkSW5mbyI6eyJwYXJ0eUlkVHlwZSI6Ik1TSVNETiIsInBhcnR5SWRlbnRpZmllciI6IjI1NjIwMTAwMDAxIiwiZnNwSWQiOiIyMCJ9LCJwZXJzb25hbEluZm8iOnsiY29tcGxleE5hbWUiOnsiZmlyc3ROYW1lIjoiTWF0cyIsImxhc3ROYW1lIjoiSGFnbWFuIn0sImRhdGVPZkJpcnRoIjoiMTk4My0xMC0yNSJ9fSwiYW1vdW50Ijp7ImFtb3VudCI6IjEwMCIsImN1cnJlbmN5IjoiVVNEIn0sInRyYW5zYWN0aW9uVHlwZSI6eyJzY2VuYXJpbyI6IlRSQU5TRkVSIiwiaW5pdGlhdG9yIjoiUEFZRVIiLCJpbml0aWF0b3JUeXBlIjoiQ09OU1VNRVIifSwibm90ZSI6ImhlaiJ9","condition":"uU0nuZNNPgilLlLX2n2r-sSE7-N6U4DukIj3rOLvzek","expiration":"2018-11-08T21:31:00.534+01:00"}},"type":"application/json","metadata":{"event":{"id":"981f16a6-dcda-47de-82e0-4d4705f65dc9","type":"notification","action":"prepare","createdAt":"2018-07-06T13:21:46.215Z","state":{"status":"success","code":0,"description":"action successful"},"responseTo":"a36f963b-63f1-44cb-a251-f7c1769763d7"},"protocol.createdAt":1530883312876}},"size":1587,"key":{"type":"Buffer","data":[54,52,97,101,52,99,57,49,45,50,48,54,101,45,52,99,55,99,45,97,51,53,49,45,50,57,56,56,51,52,48,57,97,53,50,98]},"topic":"topic-notification-event","offset":15,"partition":0,"timestamp":1530883312876}]}
2018-07-06T13:21:53.882Z - info: guid=fc9e2830-bac4-1b9e-a2e7-345eb9730e21:uuid - startNotificationHandler:process
2018-07-06T13:21:53.882Z - info: Notification::consumeMessage::processMessage
2018-07-06T13:21:53.882Z - info: Notification::processMessage
2018-07-06T13:21:53.882Z - info: Notification::processMessage action: prepare
2018-07-06T13:21:53.882Z - info: Notification::processMessage status: success
2018-07-06T13:21:53.982Z - info: guid=fc9e2830-bac4-1b9e-a2e7-345eb9730e21:uuid - endNotificationHandler:process
