/usr/local/opt/node@8/bin/node --inspect-brk=57456 /Users/mdebarros/Documents/ModusDocs/Projects/MojaLoop/git/fork/ml-api-adapter/src/api/index.js
Debugger listening on ws://127.0.0.1:57456/40170d36-b10b-477d-b31b-ccce60cc9c75
For help see https://nodejs.org/en/docs/inspector
Debugger attached.
http://Miguels-MacBook-Pro.local:4000
  GET    /                              Metadata
  GET    /documentation
  GET    /health                        Status of adapter
  GET    /swagger.json
  GET    /swaggerui/{path*}
  GET    /swaggerui/extend.js
  POST   /transfers                     Transfer API.
  PUT    /transfers/{id}                Fulfil a transfer

2018-07-06T13:55:22.745Z - debug: Server running at:  http://Miguels-MacBook-Pro.local:4000
2018-07-06T13:55:22.750Z - info: Notification::startConsumer
2018-07-06T13:55:22.752Z - info: Notification::startConsumer::topicName: topic-notification-event
2018-07-06T13:55:22.754Z - info: Notification::startConsumer::Consumer: new
2018-07-06T13:55:22.995Z - debug: node-rdkafka v0.11.4 ready - {"name":"topic-notification-event#consumer-1"}
2018-07-06T13:55:23.003Z - info: Kafka Consumer connected
2018-07-06T13:55:23.007Z - info: Kafka Consumer handler created
2018-07-06T13:56:16.316Z - info: guid=fc9e2833-bac4-1b9e-a2e7-345eb9730e22:uuid - startTransferPrepareAPI:process
2018-07-06T13:56:16.316Z - debug: create::start({"transferId":"fc9e2833-bac4-1b9e-a2e7-345eb9730e22","payeeFsp":"dfsp2","payerFsp":"dfsp1","amount":{"amount":"100","currency":"USD"},"ilpPacket":"AQAAAAAAAABkEGcuZXdwMjEuaWQuODAwMjCCAhd7InRyYW5zYWN0aW9uSWQiOiJmODU0NzdkYi0xMzVkLTRlMDgtYThiNy0xMmIyMmQ4MmMwZDYiLCJxdW90ZUlkIjoiOWU2NGYzMjEtYzMyNC00ZDI0LTg5MmYtYzQ3ZWY0ZThkZTkxIiwicGF5ZWUiOnsicGFydHlJZEluZm8iOnsicGFydHlJZFR5cGUiOiJNU0lTRE4iLCJwYXJ0eUlkZW50aWZpZXIiOiIyNTYxMjM0NTYiLCJmc3BJZCI6IjIxIn19LCJwYXllciI6eyJwYXJ0eUlkSW5mbyI6eyJwYXJ0eUlkVHlwZSI6Ik1TSVNETiIsInBhcnR5SWRlbnRpZmllciI6IjI1NjIwMTAwMDAxIiwiZnNwSWQiOiIyMCJ9LCJwZXJzb25hbEluZm8iOnsiY29tcGxleE5hbWUiOnsiZmlyc3ROYW1lIjoiTWF0cyIsImxhc3ROYW1lIjoiSGFnbWFuIn0sImRhdGVPZkJpcnRoIjoiMTk4My0xMC0yNSJ9fSwiYW1vdW50Ijp7ImFtb3VudCI6IjEwMCIsImN1cnJlbmN5IjoiVVNEIn0sInRyYW5zYWN0aW9uVHlwZSI6eyJzY2VuYXJpbyI6IlRSQU5TRkVSIiwiaW5pdGlhdG9yIjoiUEFZRVIiLCJpbml0aWF0b3JUeXBlIjoiQ09OU1VNRVIifSwibm90ZSI6ImhlaiJ9","condition":"uU0nuZNNPgilLlLX2n2r-sSE7-N6U4DukIj3rOLvzek","expiration":"2018-11-08T21:31:00.534+01:00"})
2018-07-06T13:56:16.316Z - debug: prepare::start([object Object], [object Object])
2018-07-06T13:56:16.318Z - debug: Producer::start::topic=topic-dfsp1-transfer-prepare
2018-07-06T13:56:16.318Z - debug: Producer::connect::start
2018-07-06T13:56:16.430Z - debug: Producer::connect::end
2018-07-06T13:56:16.430Z - debug: Producer.sendMessage:: messageProtocol:'{"id":"fc9e2833-bac4-1b9e-a2e7-345eb9730e22","to":"dfsp2","from":"dfsp1","type":"application/json","content":{"headers":{"content-type":"application/json","date":"2017-11-02T00:00:00.000Z","fspiop-destination":"dfsp2","fspiop-source":"dfsp1","content-length":1038},"payload":{"transferId":"fc9e2833-bac4-1b9e-a2e7-345eb9730e22","payeeFsp":"dfsp2","payerFsp":"dfsp1","amount":{"amount":"100","currency":"USD"},"ilpPacket":"AQAAAAAAAABkEGcuZXdwMjEuaWQuODAwMjCCAhd7InRyYW5zYWN0aW9uSWQiOiJmODU0NzdkYi0xMzVkLTRlMDgtYThiNy0xMmIyMmQ4MmMwZDYiLCJxdW90ZUlkIjoiOWU2NGYzMjEtYzMyNC00ZDI0LTg5MmYtYzQ3ZWY0ZThkZTkxIiwicGF5ZWUiOnsicGFydHlJZEluZm8iOnsicGFydHlJZFR5cGUiOiJNU0lTRE4iLCJwYXJ0eUlkZW50aWZpZXIiOiIyNTYxMjM0NTYiLCJmc3BJZCI6IjIxIn19LCJwYXllciI6eyJwYXJ0eUlkSW5mbyI6eyJwYXJ0eUlkVHlwZSI6Ik1TSVNETiIsInBhcnR5SWRlbnRpZmllciI6IjI1NjIwMTAwMDAxIiwiZnNwSWQiOiIyMCJ9LCJwZXJzb25hbEluZm8iOnsiY29tcGxleE5hbWUiOnsiZmlyc3ROYW1lIjoiTWF0cyIsImxhc3ROYW1lIjoiSGFnbWFuIn0sImRhdGVPZkJpcnRoIjoiMTk4My0xMC0yNSJ9fSwiYW1vdW50Ijp7ImFtb3VudCI6IjEwMCIsImN1cnJlbmN5IjoiVVNEIn0sInRyYW5zYWN0aW9uVHlwZSI6eyJzY2VuYXJpbyI6IlRSQU5TRkVSIiwiaW5pdGlhdG9yIjoiUEFZRVIiLCJpbml0aWF0b3JUeXBlIjoiQ09OU1VNRVIifSwibm90ZSI6ImhlaiJ9","condition":"uU0nuZNNPgilLlLX2n2r-sSE7-N6U4DukIj3rOLvzek","expiration":"2018-11-08T21:31:00.534+01:00"}},"metadata":{"event":{"id":"d6136cee-4e22-4fe8-8912-a43dc0665bc4","type":"prepare","action":"prepare","createdAt":"2018-07-06T13:56:16.317Z","state":{"status":"success","code":0}}}}'
2018-07-06T13:56:16.431Z - debug: Producer::send() - start {"topicName":"topic-dfsp1-transfer-prepare"}
2018-07-06T13:56:16.431Z - debug: Producer::end
2018-07-06T13:56:16.431Z - info: guid=fc9e2833-bac4-1b9e-a2e7-345eb9730e22:uuid - endTransferPrepareAPI:process
2018-07-06T13:56:19.689Z - debug: Consumer::_consumerRecursive() - messages[1]: [{"value":{"from":"dfsp1","to":"dfsp2","id":"fc9e2833-bac4-1b9e-a2e7-345eb9730e22","content":{"headers":{"content-type":"application/json","date":"2017-11-02T00:00:00.000Z","fspiop-destination":"dfsp2","fspiop-source":"dfsp1","content-length":1038},"payload":{"transferId":"fc9e2833-bac4-1b9e-a2e7-345eb9730e22","payeeFsp":"dfsp2","payerFsp":"dfsp1","amount":{"amount":"100","currency":"USD"},"ilpPacket":"AQAAAAAAAABkEGcuZXdwMjEuaWQuODAwMjCCAhd7InRyYW5zYWN0aW9uSWQiOiJmODU0NzdkYi0xMzVkLTRlMDgtYThiNy0xMmIyMmQ4MmMwZDYiLCJxdW90ZUlkIjoiOWU2NGYzMjEtYzMyNC00ZDI0LTg5MmYtYzQ3ZWY0ZThkZTkxIiwicGF5ZWUiOnsicGFydHlJZEluZm8iOnsicGFydHlJZFR5cGUiOiJNU0lTRE4iLCJwYXJ0eUlkZW50aWZpZXIiOiIyNTYxMjM0NTYiLCJmc3BJZCI6IjIxIn19LCJwYXllciI6eyJwYXJ0eUlkSW5mbyI6eyJwYXJ0eUlkVHlwZSI6Ik1TSVNETiIsInBhcnR5SWRlbnRpZmllciI6IjI1NjIwMTAwMDAxIiwiZnNwSWQiOiIyMCJ9LCJwZXJzb25hbEluZm8iOnsiY29tcGxleE5hbWUiOnsiZmlyc3ROYW1lIjoiTWF0cyIsImxhc3ROYW1lIjoiSGFnbWFuIn0sImRhdGVPZkJpcnRoIjoiMTk4My0xMC0yNSJ9fSwiYW1vdW50Ijp7ImFtb3VudCI6IjEwMCIsImN1cnJlbmN5IjoiVVNEIn0sInRyYW5zYWN0aW9uVHlwZSI6eyJzY2VuYXJpbyI6IlRSQU5TRkVSIiwiaW5pdGlhdG9yIjoiUEFZRVIiLCJpbml0aWF0b3JUeXBlIjoiQ09OU1VNRVIifSwibm90ZSI6ImhlaiJ9","condition":"uU0nuZNNPgilLlLX2n2r-sSE7-N6U4DukIj3rOLvzek","expiration":"2018-11-08T21:31:00.534+01:00"}},"type":"application/json","metadata":{"event":{"id":"66b33ed8-280e-4a9b-9122-dcbb70544e23","type":"notification","action":"prepare","createdAt":"2018-07-06T13:56:16.317Z","state":{"status":"success","code":0,"description":"action successful"},"responseTo":"12c1c3b6-3aaf-4760-8e0c-949878279abb"},"protocol.createdAt":1530885379684}},"size":1587,"key":{"type":"Buffer","data":[54,101,100,48,49,98,51,99,45,100,54,98,100,45,52,102,50,57,45,97,97,57,52,45,53,98,55,48,55,55,53,56,48,99,57,49]},"topic":"topic-notification-event","offset":19,"partition":0,"timestamp":1530885379684}]}
2018-07-06T13:56:19.691Z - debug: Consumer::consume() - Sync Process - {"error":null,"messages":[{"value":{"from":"dfsp1","to":"dfsp2","id":"fc9e2833-bac4-1b9e-a2e7-345eb9730e22","content":{"headers":{"content-type":"application/json","date":"2017-11-02T00:00:00.000Z","fspiop-destination":"dfsp2","fspiop-source":"dfsp1","content-length":1038},"payload":{"transferId":"fc9e2833-bac4-1b9e-a2e7-345eb9730e22","payeeFsp":"dfsp2","payerFsp":"dfsp1","amount":{"amount":"100","currency":"USD"},"ilpPacket":"AQAAAAAAAABkEGcuZXdwMjEuaWQuODAwMjCCAhd7InRyYW5zYWN0aW9uSWQiOiJmODU0NzdkYi0xMzVkLTRlMDgtYThiNy0xMmIyMmQ4MmMwZDYiLCJxdW90ZUlkIjoiOWU2NGYzMjEtYzMyNC00ZDI0LTg5MmYtYzQ3ZWY0ZThkZTkxIiwicGF5ZWUiOnsicGFydHlJZEluZm8iOnsicGFydHlJZFR5cGUiOiJNU0lTRE4iLCJwYXJ0eUlkZW50aWZpZXIiOiIyNTYxMjM0NTYiLCJmc3BJZCI6IjIxIn19LCJwYXllciI6eyJwYXJ0eUlkSW5mbyI6eyJwYXJ0eUlkVHlwZSI6Ik1TSVNETiIsInBhcnR5SWRlbnRpZmllciI6IjI1NjIwMTAwMDAxIiwiZnNwSWQiOiIyMCJ9LCJwZXJzb25hbEluZm8iOnsiY29tcGxleE5hbWUiOnsiZmlyc3ROYW1lIjoiTWF0cyIsImxhc3ROYW1lIjoiSGFnbWFuIn0sImRhdGVPZkJpcnRoIjoiMTk4My0xMC0yNSJ9fSwiYW1vdW50Ijp7ImFtb3VudCI6IjEwMCIsImN1cnJlbmN5IjoiVVNEIn0sInRyYW5zYWN0aW9uVHlwZSI6eyJzY2VuYXJpbyI6IlRSQU5TRkVSIiwiaW5pdGlhdG9yIjoiUEFZRVIiLCJpbml0aWF0b3JUeXBlIjoiQ09OU1VNRVIifSwibm90ZSI6ImhlaiJ9","condition":"uU0nuZNNPgilLlLX2n2r-sSE7-N6U4DukIj3rOLvzek","expiration":"2018-11-08T21:31:00.534+01:00"}},"type":"application/json","metadata":{"event":{"id":"66b33ed8-280e-4a9b-9122-dcbb70544e23","type":"notification","action":"prepare","createdAt":"2018-07-06T13:56:16.317Z","state":{"status":"success","code":0,"description":"action successful"},"responseTo":"12c1c3b6-3aaf-4760-8e0c-949878279abb"},"protocol.createdAt":1530885379684}},"size":1587,"key":{"type":"Buffer","data":[54,101,100,48,49,98,51,99,45,100,54,98,100,45,52,102,50,57,45,97,97,57,52,45,53,98,55,48,55,55,53,56,48,99,57,49]},"topic":"topic-notification-event","offset":19,"partition":0,"timestamp":1530885379684}]}
2018-07-06T13:56:19.691Z - info: Notification::consumeMessage
2018-07-06T13:56:19.692Z - info: Notification:consumeMessage message: - [{"value":{"from":"dfsp1","to":"dfsp2","id":"fc9e2833-bac4-1b9e-a2e7-345eb9730e22","content":{"headers":{"content-type":"application/json","date":"2017-11-02T00:00:00.000Z","fspiop-destination":"dfsp2","fspiop-source":"dfsp1","content-length":1038},"payload":{"transferId":"fc9e2833-bac4-1b9e-a2e7-345eb9730e22","payeeFsp":"dfsp2","payerFsp":"dfsp1","amount":{"amount":"100","currency":"USD"},"ilpPacket":"AQAAAAAAAABkEGcuZXdwMjEuaWQuODAwMjCCAhd7InRyYW5zYWN0aW9uSWQiOiJmODU0NzdkYi0xMzVkLTRlMDgtYThiNy0xMmIyMmQ4MmMwZDYiLCJxdW90ZUlkIjoiOWU2NGYzMjEtYzMyNC00ZDI0LTg5MmYtYzQ3ZWY0ZThkZTkxIiwicGF5ZWUiOnsicGFydHlJZEluZm8iOnsicGFydHlJZFR5cGUiOiJNU0lTRE4iLCJwYXJ0eUlkZW50aWZpZXIiOiIyNTYxMjM0NTYiLCJmc3BJZCI6IjIxIn19LCJwYXllciI6eyJwYXJ0eUlkSW5mbyI6eyJwYXJ0eUlkVHlwZSI6Ik1TSVNETiIsInBhcnR5SWRlbnRpZmllciI6IjI1NjIwMTAwMDAxIiwiZnNwSWQiOiIyMCJ9LCJwZXJzb25hbEluZm8iOnsiY29tcGxleE5hbWUiOnsiZmlyc3ROYW1lIjoiTWF0cyIsImxhc3ROYW1lIjoiSGFnbWFuIn0sImRhdGVPZkJpcnRoIjoiMTk4My0xMC0yNSJ9fSwiYW1vdW50Ijp7ImFtb3VudCI6IjEwMCIsImN1cnJlbmN5IjoiVVNEIn0sInRyYW5zYWN0aW9uVHlwZSI6eyJzY2VuYXJpbyI6IlRSQU5TRkVSIiwiaW5pdGlhdG9yIjoiUEFZRVIiLCJpbml0aWF0b3JUeXBlIjoiQ09OU1VNRVIifSwibm90ZSI6ImhlaiJ9","condition":"uU0nuZNNPgilLlLX2n2r-sSE7-N6U4DukIj3rOLvzek","expiration":"2018-11-08T21:31:00.534+01:00"}},"type":"application/json","metadata":{"event":{"id":"66b33ed8-280e-4a9b-9122-dcbb70544e23","type":"notification","action":"prepare","createdAt":"2018-07-06T13:56:16.317Z","state":{"status":"success","code":0,"description":"action successful"},"responseTo":"12c1c3b6-3aaf-4760-8e0c-949878279abb"},"protocol.createdAt":1530885379684}},"size":1587,"key":{"type":"Buffer","data":[54,101,100,48,49,98,51,99,45,100,54,98,100,45,52,102,50,57,45,97,97,57,52,45,53,98,55,48,55,55,53,56,48,99,57,49]},"topic":"topic-notification-event","offset":19,"partition":0,"timestamp":1530885379684}]
2018-07-06T13:56:19.692Z - info: guid=fc9e2833-bac4-1b9e-a2e7-345eb9730e22:uuid - startNotificationHandler:process
2018-07-06T13:56:19.692Z - info: Notification::consumeMessage::processMessage
2018-07-06T13:56:19.693Z - info: Notification::processMessage
2018-07-06T13:56:19.693Z - info: Notification::processMessage action: prepare
2018-07-06T13:56:19.693Z - info: Notification::processMessage status: success
2018-07-06T13:56:19.758Z - info: guid=fc9e2833-bac4-1b9e-a2e7-345eb9730e22:uuid - endNotificationHandler:process
