/usr/local/opt/node@8/bin/node --inspect-brk=57618 /Users/mdebarros/Documents/ModusDocs/Projects/MojaLoop/git/fork/ml-api-adapter/src/api/index.js
Debugger listening on ws://127.0.0.1:57618/694a1c26-8b90-4604-8aac-ff27d4627000
For help see https://nodejs.org/en/docs/inspector
Debugger attached.
http://Miguels-MacBook-Pro.local:4000
  GET    /                              Metadata
  GET    /documentation
  GET    /health                        Status of adapter
  GET    /swagger.json
  GET    /swaggerui/{path*}
  GET    /swaggerui/extend.js
  POST   /transfers                     Transfer API.
  PUT    /transfers/{id}                Fulfil a transfer

2018-07-06T14:08:50.246Z - debug: Server running at:  http://Miguels-MacBook-Pro.local:4000
2018-07-06T14:08:50.248Z - info: Notification::startConsumer
2018-07-06T14:08:50.251Z - info: Notification::startConsumer::topicName: topic-notification-event
2018-07-06T14:08:50.252Z - info: Notification::startConsumer::Consumer: new
2018-07-06T14:08:50.409Z - debug: node-rdkafka v0.11.4 ready - {"name":"topic-notification-event#consumer-1"}
2018-07-06T14:08:50.412Z - info: Kafka Consumer connected
2018-07-06T14:08:50.414Z - info: Kafka Consumer handler created
2018-07-06T14:10:29.343Z - debug: create::start({"transferId":"fc9e2833-bac4-1b9e-a2e7-345eb9730e29","payeeFsp":"dfsp2","payerFsp":"dfsp1","amount":{"amount":"100","currency":"USD"},"ilpPacket":"AQAAAAAAAABkEGcuZXdwMjEuaWQuODAwMjCCAhd7InRyYW5zYWN0aW9uSWQiOiJmODU0NzdkYi0xMzVkLTRlMDgtYThiNy0xMmIyMmQ4MmMwZDYiLCJxdW90ZUlkIjoiOWU2NGYzMjEtYzMyNC00ZDI0LTg5MmYtYzQ3ZWY0ZThkZTkxIiwicGF5ZWUiOnsicGFydHlJZEluZm8iOnsicGFydHlJZFR5cGUiOiJNU0lTRE4iLCJwYXJ0eUlkZW50aWZpZXIiOiIyNTYxMjM0NTYiLCJmc3BJZCI6IjIxIn19LCJwYXllciI6eyJwYXJ0eUlkSW5mbyI6eyJwYXJ0eUlkVHlwZSI6Ik1TSVNETiIsInBhcnR5SWRlbnRpZmllciI6IjI1NjIwMTAwMDAxIiwiZnNwSWQiOiIyMCJ9LCJwZXJzb25hbEluZm8iOnsiY29tcGxleE5hbWUiOnsiZmlyc3ROYW1lIjoiTWF0cyIsImxhc3ROYW1lIjoiSGFnbWFuIn0sImRhdGVPZkJpcnRoIjoiMTk4My0xMC0yNSJ9fSwiYW1vdW50Ijp7ImFtb3VudCI6IjEwMCIsImN1cnJlbmN5IjoiVVNEIn0sInRyYW5zYWN0aW9uVHlwZSI6eyJzY2VuYXJpbyI6IlRSQU5TRkVSIiwiaW5pdGlhdG9yIjoiUEFZRVIiLCJpbml0aWF0b3JUeXBlIjoiQ09OU1VNRVIifSwibm90ZSI6ImhlaiJ9","condition":"uU0nuZNNPgilLlLX2n2r-sSE7-N6U4DukIj3rOLvzek","expiration":"2018-11-08T21:31:00.534+01:00"})
2018-07-06T14:10:29.343Z - debug: prepare::start([object Object], [object Object])
2018-07-06T14:10:29.345Z - debug: Producer::start::topic=topic-dfsp1-transfer-prepare
2018-07-06T14:10:29.346Z - debug: Producer::connect::start
2018-07-06T14:10:29.343Z - info: guid=fc9e2833-bac4-1b9e-a2e7-345eb9730e29:uuid - startTransferPrepareAPI:process
2018-07-06T14:10:29.459Z - debug: Producer::connect::end
2018-07-06T14:10:29.459Z - debug: Producer.sendMessage:: messageProtocol:'{"id":"fc9e2833-bac4-1b9e-a2e7-345eb9730e29","to":"dfsp2","from":"dfsp1","type":"application/json","content":{"headers":{"content-type":"application/json","date":"2017-11-02T00:00:00.000Z","fspiop-destination":"dfsp2","fspiop-source":"dfsp1","content-length":1038},"payload":{"transferId":"fc9e2833-bac4-1b9e-a2e7-345eb9730e29","payeeFsp":"dfsp2","payerFsp":"dfsp1","amount":{"amount":"100","currency":"USD"},"ilpPacket":"AQAAAAAAAABkEGcuZXdwMjEuaWQuODAwMjCCAhd7InRyYW5zYWN0aW9uSWQiOiJmODU0NzdkYi0xMzVkLTRlMDgtYThiNy0xMmIyMmQ4MmMwZDYiLCJxdW90ZUlkIjoiOWU2NGYzMjEtYzMyNC00ZDI0LTg5MmYtYzQ3ZWY0ZThkZTkxIiwicGF5ZWUiOnsicGFydHlJZEluZm8iOnsicGFydHlJZFR5cGUiOiJNU0lTRE4iLCJwYXJ0eUlkZW50aWZpZXIiOiIyNTYxMjM0NTYiLCJmc3BJZCI6IjIxIn19LCJwYXllciI6eyJwYXJ0eUlkSW5mbyI6eyJwYXJ0eUlkVHlwZSI6Ik1TSVNETiIsInBhcnR5SWRlbnRpZmllciI6IjI1NjIwMTAwMDAxIiwiZnNwSWQiOiIyMCJ9LCJwZXJzb25hbEluZm8iOnsiY29tcGxleE5hbWUiOnsiZmlyc3ROYW1lIjoiTWF0cyIsImxhc3ROYW1lIjoiSGFnbWFuIn0sImRhdGVPZkJpcnRoIjoiMTk4My0xMC0yNSJ9fSwiYW1vdW50Ijp7ImFtb3VudCI6IjEwMCIsImN1cnJlbmN5IjoiVVNEIn0sInRyYW5zYWN0aW9uVHlwZSI6eyJzY2VuYXJpbyI6IlRSQU5TRkVSIiwiaW5pdGlhdG9yIjoiUEFZRVIiLCJpbml0aWF0b3JUeXBlIjoiQ09OU1VNRVIifSwibm90ZSI6ImhlaiJ9","condition":"uU0nuZNNPgilLlLX2n2r-sSE7-N6U4DukIj3rOLvzek","expiration":"2018-11-08T21:31:00.534+01:00"}},"metadata":{"event":{"id":"c41bc0e8-aecb-4c3c-b10e-54eed3cfbdf5","type":"prepare","action":"prepare","createdAt":"2018-07-06T14:10:29.344Z","state":{"status":"success","code":0}}}}'
2018-07-06T14:10:29.460Z - debug: Producer::send() - start {"topicName":"topic-dfsp1-transfer-prepare"}
2018-07-06T14:10:29.461Z - debug: Producer::end
2018-07-06T14:10:29.461Z - info: guid=fc9e2833-bac4-1b9e-a2e7-345eb9730e29:uuid - endTransferPrepareAPI:process
2018-07-06T14:10:33.812Z - debug: Consumer::_consumerRecursive() - messages[1]: [{"value":{"from":"dfsp1","to":"dfsp2","id":"fc9e2833-bac4-1b9e-a2e7-345eb9730e29","content":{"headers":{"content-type":"application/json","date":"2017-11-02T00:00:00.000Z","fspiop-destination":"dfsp2","fspiop-source":"dfsp1","content-length":1038},"payload":{"transferId":"fc9e2833-bac4-1b9e-a2e7-345eb9730e29","payeeFsp":"dfsp2","payerFsp":"dfsp1","amount":{"amount":"100","currency":"USD"},"ilpPacket":"AQAAAAAAAABkEGcuZXdwMjEuaWQuODAwMjCCAhd7InRyYW5zYWN0aW9uSWQiOiJmODU0NzdkYi0xMzVkLTRlMDgtYThiNy0xMmIyMmQ4MmMwZDYiLCJxdW90ZUlkIjoiOWU2NGYzMjEtYzMyNC00ZDI0LTg5MmYtYzQ3ZWY0ZThkZTkxIiwicGF5ZWUiOnsicGFydHlJZEluZm8iOnsicGFydHlJZFR5cGUiOiJNU0lTRE4iLCJwYXJ0eUlkZW50aWZpZXIiOiIyNTYxMjM0NTYiLCJmc3BJZCI6IjIxIn19LCJwYXllciI6eyJwYXJ0eUlkSW5mbyI6eyJwYXJ0eUlkVHlwZSI6Ik1TSVNETiIsInBhcnR5SWRlbnRpZmllciI6IjI1NjIwMTAwMDAxIiwiZnNwSWQiOiIyMCJ9LCJwZXJzb25hbEluZm8iOnsiY29tcGxleE5hbWUiOnsiZmlyc3ROYW1lIjoiTWF0cyIsImxhc3ROYW1lIjoiSGFnbWFuIn0sImRhdGVPZkJpcnRoIjoiMTk4My0xMC0yNSJ9fSwiYW1vdW50Ijp7ImFtb3VudCI6IjEwMCIsImN1cnJlbmN5IjoiVVNEIn0sInRyYW5zYWN0aW9uVHlwZSI6eyJzY2VuYXJpbyI6IlRSQU5TRkVSIiwiaW5pdGlhdG9yIjoiUEFZRVIiLCJpbml0aWF0b3JUeXBlIjoiQ09OU1VNRVIifSwibm90ZSI6ImhlaiJ9","condition":"uU0nuZNNPgilLlLX2n2r-sSE7-N6U4DukIj3rOLvzek","expiration":"2018-11-08T21:31:00.534+01:00"}},"type":"application/json","metadata":{"event":{"id":"c11faa3d-1944-4f7f-93ce-f9f85f3a5c16","type":"notification","action":"prepare","createdAt":"2018-07-06T14:10:29.344Z","state":{"status":"success","code":0,"description":"action successful"},"responseTo":"16f9d32b-238c-43be-a847-1a45b49029f1"},"protocol.createdAt":1530886233806}},"size":1587,"key":{"type":"Buffer","data":[57,57,52,100,54,57,49,100,45,56,51,99,102,45,52,55,101,97,45,98,49,56,102,45,97,56,50,54,101,101,102,53,53,49,50,56]},"topic":"topic-notification-event","offset":20,"partition":0,"timestamp":1530886233806}]}
2018-07-06T14:10:33.813Z - debug: Consumer::consume() - Sync Process - {"error":null,"messages":[{"value":{"from":"dfsp1","to":"dfsp2","id":"fc9e2833-bac4-1b9e-a2e7-345eb9730e29","content":{"headers":{"content-type":"application/json","date":"2017-11-02T00:00:00.000Z","fspiop-destination":"dfsp2","fspiop-source":"dfsp1","content-length":1038},"payload":{"transferId":"fc9e2833-bac4-1b9e-a2e7-345eb9730e29","payeeFsp":"dfsp2","payerFsp":"dfsp1","amount":{"amount":"100","currency":"USD"},"ilpPacket":"AQAAAAAAAABkEGcuZXdwMjEuaWQuODAwMjCCAhd7InRyYW5zYWN0aW9uSWQiOiJmODU0NzdkYi0xMzVkLTRlMDgtYThiNy0xMmIyMmQ4MmMwZDYiLCJxdW90ZUlkIjoiOWU2NGYzMjEtYzMyNC00ZDI0LTg5MmYtYzQ3ZWY0ZThkZTkxIiwicGF5ZWUiOnsicGFydHlJZEluZm8iOnsicGFydHlJZFR5cGUiOiJNU0lTRE4iLCJwYXJ0eUlkZW50aWZpZXIiOiIyNTYxMjM0NTYiLCJmc3BJZCI6IjIxIn19LCJwYXllciI6eyJwYXJ0eUlkSW5mbyI6eyJwYXJ0eUlkVHlwZSI6Ik1TSVNETiIsInBhcnR5SWRlbnRpZmllciI6IjI1NjIwMTAwMDAxIiwiZnNwSWQiOiIyMCJ9LCJwZXJzb25hbEluZm8iOnsiY29tcGxleE5hbWUiOnsiZmlyc3ROYW1lIjoiTWF0cyIsImxhc3ROYW1lIjoiSGFnbWFuIn0sImRhdGVPZkJpcnRoIjoiMTk4My0xMC0yNSJ9fSwiYW1vdW50Ijp7ImFtb3VudCI6IjEwMCIsImN1cnJlbmN5IjoiVVNEIn0sInRyYW5zYWN0aW9uVHlwZSI6eyJzY2VuYXJpbyI6IlRSQU5TRkVSIiwiaW5pdGlhdG9yIjoiUEFZRVIiLCJpbml0aWF0b3JUeXBlIjoiQ09OU1VNRVIifSwibm90ZSI6ImhlaiJ9","condition":"uU0nuZNNPgilLlLX2n2r-sSE7-N6U4DukIj3rOLvzek","expiration":"2018-11-08T21:31:00.534+01:00"}},"type":"application/json","metadata":{"event":{"id":"c11faa3d-1944-4f7f-93ce-f9f85f3a5c16","type":"notification","action":"prepare","createdAt":"2018-07-06T14:10:29.344Z","state":{"status":"success","code":0,"description":"action successful"},"responseTo":"16f9d32b-238c-43be-a847-1a45b49029f1"},"protocol.createdAt":1530886233806}},"size":1587,"key":{"type":"Buffer","data":[57,57,52,100,54,57,49,100,45,56,51,99,102,45,52,55,101,97,45,98,49,56,102,45,97,56,50,54,101,101,102,53,53,49,50,56]},"topic":"topic-notification-event","offset":20,"partition":0,"timestamp":1530886233806}]}
2018-07-06T14:10:33.814Z - info: Notification::consumeMessage
2018-07-06T14:10:33.814Z - info: Notification:consumeMessage message: - [{"value":{"from":"dfsp1","to":"dfsp2","id":"fc9e2833-bac4-1b9e-a2e7-345eb9730e29","content":{"headers":{"content-type":"application/json","date":"2017-11-02T00:00:00.000Z","fspiop-destination":"dfsp2","fspiop-source":"dfsp1","content-length":1038},"payload":{"transferId":"fc9e2833-bac4-1b9e-a2e7-345eb9730e29","payeeFsp":"dfsp2","payerFsp":"dfsp1","amount":{"amount":"100","currency":"USD"},"ilpPacket":"AQAAAAAAAABkEGcuZXdwMjEuaWQuODAwMjCCAhd7InRyYW5zYWN0aW9uSWQiOiJmODU0NzdkYi0xMzVkLTRlMDgtYThiNy0xMmIyMmQ4MmMwZDYiLCJxdW90ZUlkIjoiOWU2NGYzMjEtYzMyNC00ZDI0LTg5MmYtYzQ3ZWY0ZThkZTkxIiwicGF5ZWUiOnsicGFydHlJZEluZm8iOnsicGFydHlJZFR5cGUiOiJNU0lTRE4iLCJwYXJ0eUlkZW50aWZpZXIiOiIyNTYxMjM0NTYiLCJmc3BJZCI6IjIxIn19LCJwYXllciI6eyJwYXJ0eUlkSW5mbyI6eyJwYXJ0eUlkVHlwZSI6Ik1TSVNETiIsInBhcnR5SWRlbnRpZmllciI6IjI1NjIwMTAwMDAxIiwiZnNwSWQiOiIyMCJ9LCJwZXJzb25hbEluZm8iOnsiY29tcGxleE5hbWUiOnsiZmlyc3ROYW1lIjoiTWF0cyIsImxhc3ROYW1lIjoiSGFnbWFuIn0sImRhdGVPZkJpcnRoIjoiMTk4My0xMC0yNSJ9fSwiYW1vdW50Ijp7ImFtb3VudCI6IjEwMCIsImN1cnJlbmN5IjoiVVNEIn0sInRyYW5zYWN0aW9uVHlwZSI6eyJzY2VuYXJpbyI6IlRSQU5TRkVSIiwiaW5pdGlhdG9yIjoiUEFZRVIiLCJpbml0aWF0b3JUeXBlIjoiQ09OU1VNRVIifSwibm90ZSI6ImhlaiJ9","condition":"uU0nuZNNPgilLlLX2n2r-sSE7-N6U4DukIj3rOLvzek","expiration":"2018-11-08T21:31:00.534+01:00"}},"type":"application/json","metadata":{"event":{"id":"c11faa3d-1944-4f7f-93ce-f9f85f3a5c16","type":"notification","action":"prepare","createdAt":"2018-07-06T14:10:29.344Z","state":{"status":"success","code":0,"description":"action successful"},"responseTo":"16f9d32b-238c-43be-a847-1a45b49029f1"},"protocol.createdAt":1530886233806}},"size":1587,"key":{"type":"Buffer","data":[57,57,52,100,54,57,49,100,45,56,51,99,102,45,52,55,101,97,45,98,49,56,102,45,97,56,50,54,101,101,102,53,53,49,50,56]},"topic":"topic-notification-event","offset":20,"partition":0,"timestamp":1530886233806}]
2018-07-06T14:10:33.814Z - info: guid=fc9e2833-bac4-1b9e-a2e7-345eb9730e29:uuid - startNotificationHandler:process
2018-07-06T14:10:33.814Z - info: Notification::consumeMessage::processMessage
2018-07-06T14:10:33.815Z - info: Notification::processMessage
2018-07-06T14:10:33.815Z - info: Notification::processMessage action: prepare
2018-07-06T14:10:33.815Z - info: Notification::processMessage status: success
2018-07-06T14:10:34.066Z - info: guid=fc9e2833-bac4-1b9e-a2e7-345eb9730e29:uuid - endNotificationHandler:process
