/usr/local/opt/node@8/bin/node --inspect-brk=57465 /Users/mdebarros/Documents/ModusDocs/Projects/MojaLoop/git/fork/central-ledger/src/api/index.js
Debugger listening on ws://127.0.0.1:57465/99b631d2-da0c-486e-902b-3f918e830421
For help see https://nodejs.org/en/docs/inspector
Debugger attached.
http://Miguels-MacBook-Pro.local:3000
  GET    /                              Metadata
  POST   /accounts                      Create an account.
  PUT    /accounts/{name}               Update an accounts user credentials
  GET    /accounts/{name}               Retrieve an accounts details by name
  PUT    /accounts/{name}/settlement    Update an accounts user credentials
  GET    /auth_token                    Get a token that can be used to authenticate future requests
  POST   /charge/quote                  Quote a charge for a transaction amount
  GET    /documentation
  GET    /health                        Status of ledger
  POST   /messages                      Send a notification to another participant
  POST   /participants                  Create a participant.
  GET    /participants/{name}           Retrieve a participants details by name
  PUT    /participants/{name}           Update an participants party credentials
  PUT    /participants/{name}/settlement Update a participants party credentials
  GET    /positions                     Retrieve outstanding positions.
  GET    /positions/{name}              Retrieve outstanding positions for an participant.
  GET    /swagger.json
  GET    /swaggerui/{path*}
  GET    /swaggerui/extend.js
  PUT    /transfers/{id}                Prepare a transfer
  GET    /transfers/{id}                Get transfer by ID
  GET    /transfers/{id}/fulfilment     Get transfer fulfilment
  PUT    /transfers/{id}/fulfilment     Fulfil a transfer
  PUT    /transfers/{id}/rejection      Reject a transfer

2018-07-06T13:55:27.840Z - info: Server running at:  http://Miguels-MacBook-Pro.local:3000
2018-07-06T13:55:27.856Z - info: {"positions":{"handler":{}},"transfers":{"handler":{}}}
2018-07-06T13:55:27.856Z - info: Registering handler module[positions]: {"handler":{}}
2018-07-06T13:55:27.856Z - info: {}
2018-07-06T13:55:27.989Z - info: CreateHandle::connect successful topic: topic-dfsp1-position-prepare
2018-07-06T13:55:28.104Z - info: CreateHandle::connect successful topic: topic-dfsp2-position-prepare
2018-07-06T13:55:28.105Z - info: Registering handler module[transfers]: {"handler":{}}
2018-07-06T13:55:28.105Z - info: {}
2018-07-06T13:55:28.239Z - info: CreateHandle::connect successful topic: topic-dfsp1-transfer-prepare
2018-07-06T13:55:28.456Z - info: CreateHandle::connect successful topic: topic-dfsp2-transfer-prepare
2018-07-06T13:55:29.205Z - info: CreateHandle::connect successful topic: topic-transfer-fulfil
2018-07-06T13:55:29.461Z - info: CreateHandle::connect successful topic: topic-transfer-reject
2018-07-06T13:55:30.421Z - info: CreateHandle::connect successful topic: topic-transfer-transfer
2018-07-06T13:56:16.649Z - info: TransferHandler::prepare
2018-07-06T13:56:16.649Z - info: guid=fc9e2833-bac4-1b9e-a2e7-345eb9730e22:uuid - startPrepareTransferHandler:process
2018-07-06T13:56:16.673Z - info: TransferHandler::prepare::validationPassed
2018-07-06T13:56:16.685Z - info: TransferHandler::prepare::validationPassed::newEntry
2018-07-06T13:56:16.738Z - info: Producer::start::topic=topic-dfsp1-position-prepare
2018-07-06T13:56:16.739Z - info: Producer::connect::start
2018-07-06T13:56:16.976Z - info: Producer::connect::end
2018-07-06T13:56:16.976Z - info: Producer.sendMessage:: messageProtocol:'{"from":"dfsp1","to":"dfsp2","id":"fc9e2833-bac4-1b9e-a2e7-345eb9730e22","content":{"headers":{"content-type":"application/json","date":"2017-11-02T00:00:00.000Z","fspiop-destination":"dfsp2","fspiop-source":"dfsp1","content-length":1038},"payload":{"transferId":"fc9e2833-bac4-1b9e-a2e7-345eb9730e22","payeeFsp":"dfsp2","payerFsp":"dfsp1","amount":{"amount":"100","currency":"USD"},"ilpPacket":"AQAAAAAAAABkEGcuZXdwMjEuaWQuODAwMjCCAhd7InRyYW5zYWN0aW9uSWQiOiJmODU0NzdkYi0xMzVkLTRlMDgtYThiNy0xMmIyMmQ4MmMwZDYiLCJxdW90ZUlkIjoiOWU2NGYzMjEtYzMyNC00ZDI0LTg5MmYtYzQ3ZWY0ZThkZTkxIiwicGF5ZWUiOnsicGFydHlJZEluZm8iOnsicGFydHlJZFR5cGUiOiJNU0lTRE4iLCJwYXJ0eUlkZW50aWZpZXIiOiIyNTYxMjM0NTYiLCJmc3BJZCI6IjIxIn19LCJwYXllciI6eyJwYXJ0eUlkSW5mbyI6eyJwYXJ0eUlkVHlwZSI6Ik1TSVNETiIsInBhcnR5SWRlbnRpZmllciI6IjI1NjIwMTAwMDAxIiwiZnNwSWQiOiIyMCJ9LCJwZXJzb25hbEluZm8iOnsiY29tcGxleE5hbWUiOnsiZmlyc3ROYW1lIjoiTWF0cyIsImxhc3ROYW1lIjoiSGFnbWFuIn0sImRhdGVPZkJpcnRoIjoiMTk4My0xMC0yNSJ9fSwiYW1vdW50Ijp7ImFtb3VudCI6IjEwMCIsImN1cnJlbmN5IjoiVVNEIn0sInRyYW5zYWN0aW9uVHlwZSI6eyJzY2VuYXJpbyI6IlRSQU5TRkVSIiwiaW5pdGlhdG9yIjoiUEFZRVIiLCJpbml0aWF0b3JUeXBlIjoiQ09OU1VNRVIifSwibm90ZSI6ImhlaiJ9","condition":"uU0nuZNNPgilLlLX2n2r-sSE7-N6U4DukIj3rOLvzek","expiration":"2018-11-08T21:31:00.534+01:00"}},"type":"application/json","metadata":{"event":{"id":"10df21bc-805e-4909-9207-8502240522b0","type":"position","action":"prepare","createdAt":"2018-07-06T13:56:16.317Z","state":{"status":"success","code":0,"description":"action successful"},"responseTo":"d6136cee-4e22-4fe8-8912-a43dc0665bc4"},"protocol.createdAt":1530885376430}}'
2018-07-06T13:56:16.977Z - info: Producer::end
2018-07-06T13:56:16.978Z - info: guid=fc9e2833-bac4-1b9e-a2e7-345eb9730e22:uuid - endPrepareTransferHandler:process
2018-07-06T13:56:17.005Z - info: guid=fc9e2833-bac4-1b9e-a2e7-345eb9730e22:uuid - startPositionHandler:process
2018-07-06T13:56:17.006Z - info: TransferHandler::position
2018-07-06T13:56:17.056Z - info: Producer::start::topic=topic-transfer-transfer
2018-07-06T13:56:17.056Z - info: Producer::connect::start
2018-07-06T13:56:18.659Z - info: Producer::connect::end
2018-07-06T13:56:18.659Z - info: Producer.sendMessage:: messageProtocol:'{"from":"dfsp1","to":"dfsp2","id":"fc9e2833-bac4-1b9e-a2e7-345eb9730e22","content":{"headers":{"content-type":"application/json","date":"2017-11-02T00:00:00.000Z","fspiop-destination":"dfsp2","fspiop-source":"dfsp1","content-length":1038},"payload":{"transferId":"fc9e2833-bac4-1b9e-a2e7-345eb9730e22","payeeFsp":"dfsp2","payerFsp":"dfsp1","amount":{"amount":"100","currency":"USD"},"ilpPacket":"AQAAAAAAAABkEGcuZXdwMjEuaWQuODAwMjCCAhd7InRyYW5zYWN0aW9uSWQiOiJmODU0NzdkYi0xMzVkLTRlMDgtYThiNy0xMmIyMmQ4MmMwZDYiLCJxdW90ZUlkIjoiOWU2NGYzMjEtYzMyNC00ZDI0LTg5MmYtYzQ3ZWY0ZThkZTkxIiwicGF5ZWUiOnsicGFydHlJZEluZm8iOnsicGFydHlJZFR5cGUiOiJNU0lTRE4iLCJwYXJ0eUlkZW50aWZpZXIiOiIyNTYxMjM0NTYiLCJmc3BJZCI6IjIxIn19LCJwYXllciI6eyJwYXJ0eUlkSW5mbyI6eyJwYXJ0eUlkVHlwZSI6Ik1TSVNETiIsInBhcnR5SWRlbnRpZmllciI6IjI1NjIwMTAwMDAxIiwiZnNwSWQiOiIyMCJ9LCJwZXJzb25hbEluZm8iOnsiY29tcGxleE5hbWUiOnsiZmlyc3ROYW1lIjoiTWF0cyIsImxhc3ROYW1lIjoiSGFnbWFuIn0sImRhdGVPZkJpcnRoIjoiMTk4My0xMC0yNSJ9fSwiYW1vdW50Ijp7ImFtb3VudCI6IjEwMCIsImN1cnJlbmN5IjoiVVNEIn0sInRyYW5zYWN0aW9uVHlwZSI6eyJzY2VuYXJpbyI6IlRSQU5TRkVSIiwiaW5pdGlhdG9yIjoiUEFZRVIiLCJpbml0aWF0b3JUeXBlIjoiQ09OU1VNRVIifSwibm90ZSI6ImhlaiJ9","condition":"uU0nuZNNPgilLlLX2n2r-sSE7-N6U4DukIj3rOLvzek","expiration":"2018-11-08T21:31:00.534+01:00"}},"type":"application/json","metadata":{"event":{"id":"12c1c3b6-3aaf-4760-8e0c-949878279abb","type":"transfer","action":"prepare","createdAt":"2018-07-06T13:56:16.317Z","state":{"status":"success","code":0,"description":"action successful"},"responseTo":"10df21bc-805e-4909-9207-8502240522b0"},"protocol.createdAt":1530885376977}}'
2018-07-06T13:56:18.660Z - info: Producer::end
2018-07-06T13:56:18.660Z - info: guid=fc9e2833-bac4-1b9e-a2e7-345eb9730e22:uuid - endPositionHandler:process
2018-07-06T13:56:18.675Z - info: TransferHandler::transfer
2018-07-06T13:56:18.675Z - info: guid=fc9e2833-bac4-1b9e-a2e7-345eb9730e22:uuid - startTransferHandler:process
2018-07-06T13:56:18.675Z - info: TransferHandler::transfer action: prepare
2018-07-06T13:56:18.675Z - info: TransferHandler::transfer status: success
2018-07-06T13:56:18.676Z - info: Producer::start::topic=topic-notification-event
2018-07-06T13:56:18.676Z - info: Producer::connect::start
2018-07-06T13:56:19.684Z - info: Producer::connect::end
2018-07-06T13:56:19.684Z - info: Producer.sendMessage:: messageProtocol:'{"from":"dfsp1","to":"dfsp2","id":"fc9e2833-bac4-1b9e-a2e7-345eb9730e22","content":{"headers":{"content-type":"application/json","date":"2017-11-02T00:00:00.000Z","fspiop-destination":"dfsp2","fspiop-source":"dfsp1","content-length":1038},"payload":{"transferId":"fc9e2833-bac4-1b9e-a2e7-345eb9730e22","payeeFsp":"dfsp2","payerFsp":"dfsp1","amount":{"amount":"100","currency":"USD"},"ilpPacket":"AQAAAAAAAABkEGcuZXdwMjEuaWQuODAwMjCCAhd7InRyYW5zYWN0aW9uSWQiOiJmODU0NzdkYi0xMzVkLTRlMDgtYThiNy0xMmIyMmQ4MmMwZDYiLCJxdW90ZUlkIjoiOWU2NGYzMjEtYzMyNC00ZDI0LTg5MmYtYzQ3ZWY0ZThkZTkxIiwicGF5ZWUiOnsicGFydHlJZEluZm8iOnsicGFydHlJZFR5cGUiOiJNU0lTRE4iLCJwYXJ0eUlkZW50aWZpZXIiOiIyNTYxMjM0NTYiLCJmc3BJZCI6IjIxIn19LCJwYXllciI6eyJwYXJ0eUlkSW5mbyI6eyJwYXJ0eUlkVHlwZSI6Ik1TSVNETiIsInBhcnR5SWRlbnRpZmllciI6IjI1NjIwMTAwMDAxIiwiZnNwSWQiOiIyMCJ9LCJwZXJzb25hbEluZm8iOnsiY29tcGxleE5hbWUiOnsiZmlyc3ROYW1lIjoiTWF0cyIsImxhc3ROYW1lIjoiSGFnbWFuIn0sImRhdGVPZkJpcnRoIjoiMTk4My0xMC0yNSJ9fSwiYW1vdW50Ijp7ImFtb3VudCI6IjEwMCIsImN1cnJlbmN5IjoiVVNEIn0sInRyYW5zYWN0aW9uVHlwZSI6eyJzY2VuYXJpbyI6IlRSQU5TRkVSIiwiaW5pdGlhdG9yIjoiUEFZRVIiLCJpbml0aWF0b3JUeXBlIjoiQ09OU1VNRVIifSwibm90ZSI6ImhlaiJ9","condition":"uU0nuZNNPgilLlLX2n2r-sSE7-N6U4DukIj3rOLvzek","expiration":"2018-11-08T21:31:00.534+01:00"}},"type":"application/json","metadata":{"event":{"id":"66b33ed8-280e-4a9b-9122-dcbb70544e23","type":"notification","action":"prepare","createdAt":"2018-07-06T13:56:16.317Z","state":{"status":"success","code":0,"description":"action successful"},"responseTo":"12c1c3b6-3aaf-4760-8e0c-949878279abb"},"protocol.createdAt":1530885378659}}'
2018-07-06T13:56:19.684Z - info: Producer::end
2018-07-06T13:56:19.687Z - info: guid=fc9e2833-bac4-1b9e-a2e7-345eb9730e22:uuid - endTransferHandler:process
