2018-07-27T10:40:08.458Z - [32minfo[39m: Handler Setup - Registering {"type":"prepare","enabled":true,"fspList":["dfsp1"]}!
2018-07-27T10:40:08.460Z - [32minfo[39m: Registering prepareHandler for Participant: dfsp1
2018-07-27T10:40:08.667Z - [32minfo[39m: node-rdkafka v0.11.4 ready - {"name":"topic-dfsp1-transfer-prepare#consumer-1"}
2018-07-27T10:40:08.668Z - [32minfo[39m: start[1532688008463] time[205] tag[metricConsumerConnectProcessingTime]
2018-07-27T10:40:08.669Z - [32minfo[39m: CreateHandle::connect successful topic: topic-dfsp1-transfer-prepare
2018-07-27T10:40:08.670Z - [32minfo[39m: start[1532688008670] time[0] tag[metricConsumeRecursiveProcessingTime]
2018-07-27T10:40:08.670Z - [32minfo[39m: start[1532688008670] time[0] tag[metricConsumeProcessingTime]
2018-07-27T10:40:08.671Z - [32minfo[39m: start[1532688008463] time[208] tag[metricCenLedgerCreateHandler]
2018-07-27T10:40:08.671Z - [32minfo[39m: start[1532688008460] time[211] tag[metricCenLedgerCreatePrepareHandler]
2018-07-27T10:40:08.671Z - [32minfo[39m: start[1532688008460] time[211] tag[metricCenLedgerCreatePrepareHandler]
2018-07-27T10:40:09.771Z - [32minfo[39m: start[1532688009771] time[0] tag[metricConsumeRecursiveProcessingTime]
2018-07-27T10:40:11.530Z - [32minfo[39m: start[1532688011530] time[0] tag[metricConsumeRecursiveProcessingTime]
2018-07-27T10:40:12.629Z - [32minfo[39m: start[1532688012629] time[0] tag[metricConsumeRecursiveProcessingTime]
2018-07-27T10:40:13.729Z - [32minfo[39m: start[1532688013729] time[0] tag[metricConsumeRecursiveProcessingTime]
2018-07-27T10:40:14.830Z - [32minfo[39m: start[1532688014830] time[0] tag[metricConsumeRecursiveProcessingTime]
2018-07-27T10:40:15.928Z - [32minfo[39m: start[1532688015928] time[0] tag[metricConsumeRecursiveProcessingTime]
2018-07-27T10:40:16.838Z - [32minfo[39m: start[1532688015928] time[0] tag[metricConsumeRecursiveConsumeProcessingTime]
2018-07-27T10:40:16.839Z - [32minfo[39m: TransferHandler::prepare
2018-07-27T10:40:16.839Z - [32minfo[39m: guid=5b45d9e7-d749-43c5-add3-0ff732fda99f:uuid - startPrepareTransferHandler:process
2018-07-27T10:40:16.842Z - [32minfo[39m: start[1532688016838] time[4] tag[metricConsumeSyncQueueProcessingTime]
2018-07-27T10:40:16.849Z - [32minfo[39m: TransferHandler::prepare::validationPassed
2018-07-27T10:40:16.858Z - [32minfo[39m: TransferHandler::prepare::validationPassed::newEntry
2018-07-27T10:40:16.988Z - [32minfo[39m: start[1532688016977] time[11] tag[metricCommitMessageSyncProcessingTime]
2018-07-27T10:40:16.990Z - [32minfo[39m: Producer::start::topic=topic-dfsp1-position-prepare
2018-07-27T10:40:16.990Z - [32minfo[39m: Producer::connect::start
2018-07-27T10:40:17.110Z - [32minfo[39m: start[1532688016990] time[120] tag[metricProducerConnectProcessingTime]
2018-07-27T10:40:17.110Z - [32minfo[39m: Producer::connect::end
2018-07-27T10:40:17.111Z - [32minfo[39m: Producer.sendMessage:: messageProtocol:'{"from":"dfsp1","to":"dfsp2","id":"5b45d9e7-d749-43c5-add3-0ff732fda99f","content":{"headers":{"content-type":"application/json","date":"2017-11-02T00:00:00.000Z","fspiop-destination":"dfsp2","fspiop-source":"dfsp1","content-length":1049},"payload":{"transferId":"5b45d9e7-d749-43c5-add3-0ff732fda99f","payeeFsp":"dfsp2","payerFsp":"dfsp1","amount":{"amount":"100","currency":"USD"},"ilpPacket":"AQAAAAAAAABkEGcuZXdwMjEuaWQuODAwMjCCAhd7InRyYW5zYWN0aW9uSWQiOiJmODU0NzdkYi0xMzVkLTRlMDgtYThiNy0xMmIyMmQ4MmMwZDYiLCJxdW90ZUlkIjoiOWU2NGYzMjEtYzMyNC00ZDI0LTg5MmYtYzQ3ZWY0ZThkZTkxIiwicGF5ZWUiOnsicGFydHlJZEluZm8iOnsicGFydHlJZFR5cGUiOiJNU0lTRE4iLCJwYXJ0eUlkZW50aWZpZXIiOiIyNTYxMjM0NTYiLCJmc3BJZCI6IjIxIn19LCJwYXllciI6eyJwYXJ0eUlkSW5mbyI6eyJwYXJ0eUlkVHlwZSI6Ik1TSVNETiIsInBhcnR5SWRlbnRpZmllciI6IjI1NjIwMTAwMDAxIiwiZnNwSWQiOiIyMCJ9LCJwZXJzb25hbEluZm8iOnsiY29tcGxleE5hbWUiOnsiZmlyc3ROYW1lIjoiTWF0cyIsImxhc3ROYW1lIjoiSGFnbWFuIn0sImRhdGVPZkJpcnRoIjoiMTk4My0xMC0yNSJ9fSwiYW1vdW50Ijp7ImFtb3VudCI6IjEwMCIsImN1cnJlbmN5IjoiVVNEIn0sInRyYW5zYWN0aW9uVHlwZSI6eyJzY2VuYXJpbyI6IlRSQU5TRkVSIiwiaW5pdGlhdG9yIjoiUEFZRVIiLCJpbml0aWF0b3JUeXBlIjoiQ09OU1VNRVIifSwibm90ZSI6ImhlaiJ9","condition":"uU0nuZNNPgilLlLX2n2r-sSE7-N6U4DukIj3rOLvzek","expiration":"2018-11-08T21:31:00.534+01:00"}},"type":"application/json","metadata":{"event":{"id":"a0e3302a-c929-48e2-a7b0-33111f845123","type":"position","action":"prepare","createdAt":"2018-07-27T10:40:15.826Z","state":{"status":"success","code":0,"description":"action successful"},"responseTo":"5f0322e5-48fe-4522-8afc-7ffea5f92714"},"protocol.createdAt":1532688015834}}'
2018-07-27T10:40:17.111Z - [32minfo[39m: start[1532688017111] time[0] tag[metricProducerSendMessageProcessingTime]
2018-07-27T10:40:17.111Z - [32minfo[39m: Producer::end
2018-07-27T10:40:17.111Z - [32minfo[39m: start[1532688016990] time[121] tag[metricCenLedgerProduceMessage]
2018-07-27T10:40:17.112Z - [32minfo[39m: guid=5b45d9e7-d749-43c5-add3-0ff732fda99f:uuid - endPrepareTransferHandler:process
2018-07-27T10:40:17.112Z - [32minfo[39m: start[1532688016839] time[273] tag[metricCenLedgerTransferPrepare]
2018-07-27T10:40:17.113Z - [32minfo[39m: start[1532688017113] time[0] tag[metricConsumeRecursiveProcessingTime]
2018-07-27T10:40:17.113Z - [32minfo[39m: start[1532688017112] time[1] tag[metricConsumeSyncQueueResolveProcessingTime]
2018-07-27T10:40:18.212Z - [32minfo[39m: start[1532688018212] time[0] tag[metricConsumeRecursiveProcessingTime]
2018-07-27T10:40:19.312Z - [32minfo[39m: start[1532688019312] time[0] tag[metricConsumeRecursiveProcessingTime]
2018-07-27T10:40:20.411Z - [32minfo[39m: start[1532688020411] time[0] tag[metricConsumeRecursiveProcessingTime]
2018-07-27T10:40:21.510Z - [32minfo[39m: start[1532688021510] time[0] tag[metricConsumeRecursiveProcessingTime]
