http://ip-10-3-2-158:4000
  GET              /                              Metadata
  GET              /documentation                 
  GET              /health                        Status of adapter
  GET              /swagger.json                  
  GET              /swaggerui/{path*}             
  GET              /swaggerui/extend.js           
  POST             /transfers                     Transfer API.
  PUT              /transfers/{id}                Fulfil a transfer

2018-07-27T10:40:08.350Z - [34mdebug[39m: Server running at:  http://ip-10-3-2-158:4000
2018-07-27T10:40:08.351Z - [32minfo[39m: Notification::startConsumer
2018-07-27T10:40:08.353Z - [32minfo[39m: Notification::startConsumer::topicName: topic-notification-event
2018-07-27T10:40:08.353Z - [32minfo[39m: Notification::startConsumer::Consumer: new
2018-07-27T10:40:08.558Z - [32minfo[39m: node-rdkafka v0.11.4 ready - {"name":"topic-notification-event#consumer-1"}
2018-07-27T10:40:08.558Z - [32minfo[39m: start[1532688008353] time[205] tag[metricConsumerConnectProcessingTime]
2018-07-27T10:40:08.561Z - [32minfo[39m: Kafka Consumer connected
2018-07-27T10:40:08.562Z - [32minfo[39m: start[1532688008561] time[1] tag[metricConsumeRecursiveProcessingTime]
2018-07-27T10:40:08.562Z - [32minfo[39m: start[1532688008561] time[1] tag[metricConsumeProcessingTime]
2018-07-27T10:40:08.562Z - [32minfo[39m: Kafka Consumer handler created
2018-07-27T10:40:08.562Z - [32minfo[39m: start[1532688008351] time[211] tag[metricMlAPIStartConsume]
2018-07-27T10:40:09.663Z - [32minfo[39m: start[1532688009663] time[0] tag[metricConsumeRecursiveProcessingTime]
2018-07-27T10:40:10.763Z - [32minfo[39m: start[1532688010763] time[0] tag[metricConsumeRecursiveProcessingTime]
2018-07-27T10:40:11.863Z - [32minfo[39m: start[1532688011863] time[0] tag[metricConsumeRecursiveProcessingTime]
2018-07-27T10:40:12.962Z - [32minfo[39m: start[1532688012962] time[0] tag[metricConsumeRecursiveProcessingTime]
2018-07-27T10:40:14.062Z - [32minfo[39m: start[1532688014062] time[0] tag[metricConsumeRecursiveProcessingTime]
2018-07-27T10:40:15.162Z - [32minfo[39m: start[1532688015162] time[0] tag[metricConsumeRecursiveProcessingTime]
2018-07-27T10:40:15.826Z - [34mdebug[39m: create::start({"transferId":"5b45d9e7-d749-43c5-add3-0ff732fda99f","payeeFsp":"dfsp2","payerFsp":"dfsp1","amount":{"amount":"100","currency":"USD"},"ilpPacket":"AQAAAAAAAABkEGcuZXdwMjEuaWQuODAwMjCCAhd7InRyYW5zYWN0aW9uSWQiOiJmODU0NzdkYi0xMzVkLTRlMDgtYThiNy0xMmIyMmQ4MmMwZDYiLCJxdW90ZUlkIjoiOWU2NGYzMjEtYzMyNC00ZDI0LTg5MmYtYzQ3ZWY0ZThkZTkxIiwicGF5ZWUiOnsicGFydHlJZEluZm8iOnsicGFydHlJZFR5cGUiOiJNU0lTRE4iLCJwYXJ0eUlkZW50aWZpZXIiOiIyNTYxMjM0NTYiLCJmc3BJZCI6IjIxIn19LCJwYXllciI6eyJwYXJ0eUlkSW5mbyI6eyJwYXJ0eUlkVHlwZSI6Ik1TSVNETiIsInBhcnR5SWRlbnRpZmllciI6IjI1NjIwMTAwMDAxIiwiZnNwSWQiOiIyMCJ9LCJwZXJzb25hbEluZm8iOnsiY29tcGxleE5hbWUiOnsiZmlyc3ROYW1lIjoiTWF0cyIsImxhc3ROYW1lIjoiSGFnbWFuIn0sImRhdGVPZkJpcnRoIjoiMTk4My0xMC0yNSJ9fSwiYW1vdW50Ijp7ImFtb3VudCI6IjEwMCIsImN1cnJlbmN5IjoiVVNEIn0sInRyYW5zYWN0aW9uVHlwZSI6eyJzY2VuYXJpbyI6IlRSQU5TRkVSIiwiaW5pdGlhdG9yIjoiUEFZRVIiLCJpbml0aWF0b3JUeXBlIjoiQ09OU1VNRVIifSwibm90ZSI6ImhlaiJ9","condition":"uU0nuZNNPgilLlLX2n2r-sSE7-N6U4DukIj3rOLvzek","expiration":"2018-11-08T21:31:00.534+01:00"})
2018-07-27T10:40:15.826Z - [32minfo[39m: guid=5b45d9e7-d749-43c5-add3-0ff732fda99f:uuid - startTransferPrepareAPI:process
2018-07-27T10:40:15.826Z - [34mdebug[39m: prepare::start([object Object], [object Object])
2018-07-27T10:40:15.827Z - [34mdebug[39m: Producer::start::topic=topic-dfsp1-transfer-prepare
2018-07-27T10:40:15.828Z - [34mdebug[39m: Producer::connect::start
2018-07-27T10:40:15.833Z - [32minfo[39m: start[1532688015828] time[5] tag[metricProducerConnectProcessingTime]
2018-07-27T10:40:15.833Z - [34mdebug[39m: Producer::connect::end
2018-07-27T10:40:15.833Z - [34mdebug[39m: Producer.sendMessage:: messageProtocol:'{"id":"5b45d9e7-d749-43c5-add3-0ff732fda99f","to":"dfsp2","from":"dfsp1","type":"application/json","content":{"headers":{"content-type":"application/json","date":"2017-11-02T00:00:00.000Z","fspiop-destination":"dfsp2","fspiop-source":"dfsp1","content-length":1049},"payload":{"transferId":"5b45d9e7-d749-43c5-add3-0ff732fda99f","payeeFsp":"dfsp2","payerFsp":"dfsp1","amount":{"amount":"100","currency":"USD"},"ilpPacket":"AQAAAAAAAABkEGcuZXdwMjEuaWQuODAwMjCCAhd7InRyYW5zYWN0aW9uSWQiOiJmODU0NzdkYi0xMzVkLTRlMDgtYThiNy0xMmIyMmQ4MmMwZDYiLCJxdW90ZUlkIjoiOWU2NGYzMjEtYzMyNC00ZDI0LTg5MmYtYzQ3ZWY0ZThkZTkxIiwicGF5ZWUiOnsicGFydHlJZEluZm8iOnsicGFydHlJZFR5cGUiOiJNU0lTRE4iLCJwYXJ0eUlkZW50aWZpZXIiOiIyNTYxMjM0NTYiLCJmc3BJZCI6IjIxIn19LCJwYXllciI6eyJwYXJ0eUlkSW5mbyI6eyJwYXJ0eUlkVHlwZSI6Ik1TSVNETiIsInBhcnR5SWRlbnRpZmllciI6IjI1NjIwMTAwMDAxIiwiZnNwSWQiOiIyMCJ9LCJwZXJzb25hbEluZm8iOnsiY29tcGxleE5hbWUiOnsiZmlyc3ROYW1lIjoiTWF0cyIsImxhc3ROYW1lIjoiSGFnbWFuIn0sImRhdGVPZkJpcnRoIjoiMTk4My0xMC0yNSJ9fSwiYW1vdW50Ijp7ImFtb3VudCI6IjEwMCIsImN1cnJlbmN5IjoiVVNEIn0sInRyYW5zYWN0aW9uVHlwZSI6eyJzY2VuYXJpbyI6IlRSQU5TRkVSIiwiaW5pdGlhdG9yIjoiUEFZRVIiLCJpbml0aWF0b3JUeXBlIjoiQ09OU1VNRVIifSwibm90ZSI6ImhlaiJ9","condition":"uU0nuZNNPgilLlLX2n2r-sSE7-N6U4DukIj3rOLvzek","expiration":"2018-11-08T21:31:00.534+01:00"}},"metadata":{"event":{"id":"5f0322e5-48fe-4522-8afc-7ffea5f92714","type":"prepare","action":"prepare","createdAt":"2018-07-27T10:40:15.826Z","state":{"status":"success","code":0}}}}'
2018-07-27T10:40:15.834Z - [34mdebug[39m: Producer::send() - start {"topicName":"topic-dfsp1-transfer-prepare"}
2018-07-27T10:40:15.834Z - [32minfo[39m: start[1532688015834] time[0] tag[metricProducerSendMessageProcessingTime]
2018-07-27T10:40:15.834Z - [34mdebug[39m: Producer::end
2018-07-27T10:40:15.834Z - [32minfo[39m: start[1532688015826] time[8] tag[metricMlAPIRoutePrepare]
2018-07-27T10:40:15.834Z - [32minfo[39m: guid=5b45d9e7-d749-43c5-add3-0ff732fda99f:uuid - endTransferPrepareAPI:process
2018-07-27T10:40:16.262Z - [32minfo[39m: start[1532688016262] time[0] tag[metricConsumeRecursiveProcessingTime]
2018-07-27T10:40:17.361Z - [32minfo[39m: start[1532688017361] time[0] tag[metricConsumeRecursiveProcessingTime]
2018-07-27T10:40:17.861Z - [34mdebug[39m: Consumer::_consumerRecursive() - messages[1]: [{"value":{"from":"dfsp1","to":"dfsp2","id":"5b45d9e7-d749-43c5-add3-0ff732fda99f","content":{"headers":{"content-type":"application/json","date":"2017-11-02T00:00:00.000Z","fspiop-destination":"dfsp2","fspiop-source":"dfsp1","content-length":1049},"payload":{"transferId":"5b45d9e7-d749-43c5-add3-0ff732fda99f","payeeFsp":"dfsp2","payerFsp":"dfsp1","amount":{"amount":"100","currency":"USD"},"ilpPacket":"AQAAAAAAAABkEGcuZXdwMjEuaWQuODAwMjCCAhd7InRyYW5zYWN0aW9uSWQiOiJmODU0NzdkYi0xMzVkLTRlMDgtYThiNy0xMmIyMmQ4MmMwZDYiLCJxdW90ZUlkIjoiOWU2NGYzMjEtYzMyNC00ZDI0LTg5MmYtYzQ3ZWY0ZThkZTkxIiwicGF5ZWUiOnsicGFydHlJZEluZm8iOnsicGFydHlJZFR5cGUiOiJNU0lTRE4iLCJwYXJ0eUlkZW50aWZpZXIiOiIyNTYxMjM0NTYiLCJmc3BJZCI6IjIxIn19LCJwYXllciI6eyJwYXJ0eUlkSW5mbyI6eyJwYXJ0eUlkVHlwZSI6Ik1TSVNETiIsInBhcnR5SWRlbnRpZmllciI6IjI1NjIwMTAwMDAxIiwiZnNwSWQiOiIyMCJ9LCJwZXJzb25hbEluZm8iOnsiY29tcGxleE5hbWUiOnsiZmlyc3ROYW1lIjoiTWF0cyIsImxhc3ROYW1lIjoiSGFnbWFuIn0sImRhdGVPZkJpcnRoIjoiMTk4My0xMC0yNSJ9fSwiYW1vdW50Ijp7ImFtb3VudCI6IjEwMCIsImN1cnJlbmN5IjoiVVNEIn0sInRyYW5zYWN0aW9uVHlwZSI6eyJzY2VuYXJpbyI6IlRSQU5TRkVSIiwiaW5pdGlhdG9yIjoiUEFZRVIiLCJpbml0aWF0b3JUeXBlIjoiQ09OU1VNRVIifSwibm90ZSI6ImhlaiJ9","condition":"uU0nuZNNPgilLlLX2n2r-sSE7-N6U4DukIj3rOLvzek","expiration":"2018-11-08T21:31:00.534+01:00"}},"type":"application/json","metadata":{"event":{"id":"476e09a5-7660-4a5e-b1cf-d405b9f3d4cb","type":"notification","action":"prepare","createdAt":"2018-07-27T10:40:15.826Z","state":{"status":"success","code":0,"description":"action successful"},"responseTo":"d7d4bcf5-8ea9-45fa-b6c5-509830b1e3a4"},"protocol.createdAt":1532688017854}},"size":1587,"key":{"type":"Buffer","data":[102,48,52,48,102,54,52,49,45,99,54,51,54,45,52,100,56,100,45,56,50,55,102,45,54,99,55,102,50,54,49,53,100,102,102,50]},"topic":"topic-notification-event","offset":3201,"partition":0,"timestamp":1532688017855}]}
2018-07-27T10:40:17.862Z - [32minfo[39m: start[1532688017361] time[1] tag[metricConsumeRecursiveConsumeProcessingTime]
2018-07-27T10:40:17.863Z - [34mdebug[39m: Consumer::consume() - Sync Process - {"error":null,"messages":[{"value":{"from":"dfsp1","to":"dfsp2","id":"5b45d9e7-d749-43c5-add3-0ff732fda99f","content":{"headers":{"content-type":"application/json","date":"2017-11-02T00:00:00.000Z","fspiop-destination":"dfsp2","fspiop-source":"dfsp1","content-length":1049},"payload":{"transferId":"5b45d9e7-d749-43c5-add3-0ff732fda99f","payeeFsp":"dfsp2","payerFsp":"dfsp1","amount":{"amount":"100","currency":"USD"},"ilpPacket":"AQAAAAAAAABkEGcuZXdwMjEuaWQuODAwMjCCAhd7InRyYW5zYWN0aW9uSWQiOiJmODU0NzdkYi0xMzVkLTRlMDgtYThiNy0xMmIyMmQ4MmMwZDYiLCJxdW90ZUlkIjoiOWU2NGYzMjEtYzMyNC00ZDI0LTg5MmYtYzQ3ZWY0ZThkZTkxIiwicGF5ZWUiOnsicGFydHlJZEluZm8iOnsicGFydHlJZFR5cGUiOiJNU0lTRE4iLCJwYXJ0eUlkZW50aWZpZXIiOiIyNTYxMjM0NTYiLCJmc3BJZCI6IjIxIn19LCJwYXllciI6eyJwYXJ0eUlkSW5mbyI6eyJwYXJ0eUlkVHlwZSI6Ik1TSVNETiIsInBhcnR5SWRlbnRpZmllciI6IjI1NjIwMTAwMDAxIiwiZnNwSWQiOiIyMCJ9LCJwZXJzb25hbEluZm8iOnsiY29tcGxleE5hbWUiOnsiZmlyc3ROYW1lIjoiTWF0cyIsImxhc3ROYW1lIjoiSGFnbWFuIn0sImRhdGVPZkJpcnRoIjoiMTk4My0xMC0yNSJ9fSwiYW1vdW50Ijp7ImFtb3VudCI6IjEwMCIsImN1cnJlbmN5IjoiVVNEIn0sInRyYW5zYWN0aW9uVHlwZSI6eyJzY2VuYXJpbyI6IlRSQU5TRkVSIiwiaW5pdGlhdG9yIjoiUEFZRVIiLCJpbml0aWF0b3JUeXBlIjoiQ09OU1VNRVIifSwibm90ZSI6ImhlaiJ9","condition":"uU0nuZNNPgilLlLX2n2r-sSE7-N6U4DukIj3rOLvzek","expiration":"2018-11-08T21:31:00.534+01:00"}},"type":"application/json","metadata":{"event":{"id":"476e09a5-7660-4a5e-b1cf-d405b9f3d4cb","type":"notification","action":"prepare","createdAt":"2018-07-27T10:40:15.826Z","state":{"status":"success","code":0,"description":"action successful"},"responseTo":"d7d4bcf5-8ea9-45fa-b6c5-509830b1e3a4"},"protocol.createdAt":1532688017854}},"size":1587,"key":{"type":"Buffer","data":[102,48,52,48,102,54,52,49,45,99,54,51,54,45,52,100,56,100,45,56,50,55,102,45,54,99,55,102,50,54,49,53,100,102,102,50]},"topic":"topic-notification-event","offset":3201,"partition":0,"timestamp":1532688017855}]}
2018-07-27T10:40:17.864Z - [32minfo[39m: Notification::consumeMessage
2018-07-27T10:40:17.864Z - [32minfo[39m: Notification:consumeMessage message: - [{"value":{"from":"dfsp1","to":"dfsp2","id":"5b45d9e7-d749-43c5-add3-0ff732fda99f","content":{"headers":{"content-type":"application/json","date":"2017-11-02T00:00:00.000Z","fspiop-destination":"dfsp2","fspiop-source":"dfsp1","content-length":1049},"payload":{"transferId":"5b45d9e7-d749-43c5-add3-0ff732fda99f","payeeFsp":"dfsp2","payerFsp":"dfsp1","amount":{"amount":"100","currency":"USD"},"ilpPacket":"AQAAAAAAAABkEGcuZXdwMjEuaWQuODAwMjCCAhd7InRyYW5zYWN0aW9uSWQiOiJmODU0NzdkYi0xMzVkLTRlMDgtYThiNy0xMmIyMmQ4MmMwZDYiLCJxdW90ZUlkIjoiOWU2NGYzMjEtYzMyNC00ZDI0LTg5MmYtYzQ3ZWY0ZThkZTkxIiwicGF5ZWUiOnsicGFydHlJZEluZm8iOnsicGFydHlJZFR5cGUiOiJNU0lTRE4iLCJwYXJ0eUlkZW50aWZpZXIiOiIyNTYxMjM0NTYiLCJmc3BJZCI6IjIxIn19LCJwYXllciI6eyJwYXJ0eUlkSW5mbyI6eyJwYXJ0eUlkVHlwZSI6Ik1TSVNETiIsInBhcnR5SWRlbnRpZmllciI6IjI1NjIwMTAwMDAxIiwiZnNwSWQiOiIyMCJ9LCJwZXJzb25hbEluZm8iOnsiY29tcGxleE5hbWUiOnsiZmlyc3ROYW1lIjoiTWF0cyIsImxhc3ROYW1lIjoiSGFnbWFuIn0sImRhdGVPZkJpcnRoIjoiMTk4My0xMC0yNSJ9fSwiYW1vdW50Ijp7ImFtb3VudCI6IjEwMCIsImN1cnJlbmN5IjoiVVNEIn0sInRyYW5zYWN0aW9uVHlwZSI6eyJzY2VuYXJpbyI6IlRSQU5TRkVSIiwiaW5pdGlhdG9yIjoiUEFZRVIiLCJpbml0aWF0b3JUeXBlIjoiQ09OU1VNRVIifSwibm90ZSI6ImhlaiJ9","condition":"uU0nuZNNPgilLlLX2n2r-sSE7-N6U4DukIj3rOLvzek","expiration":"2018-11-08T21:31:00.534+01:00"}},"type":"application/json","metadata":{"event":{"id":"476e09a5-7660-4a5e-b1cf-d405b9f3d4cb","type":"notification","action":"prepare","createdAt":"2018-07-27T10:40:15.826Z","state":{"status":"success","code":0,"description":"action successful"},"responseTo":"d7d4bcf5-8ea9-45fa-b6c5-509830b1e3a4"},"protocol.createdAt":1532688017854}},"size":1587,"key":{"type":"Buffer","data":[102,48,52,48,102,54,52,49,45,99,54,51,54,45,52,100,56,100,45,56,50,55,102,45,54,99,55,102,50,54,49,53,100,102,102,50]},"topic":"topic-notification-event","offset":3201,"partition":0,"timestamp":1532688017855}]
2018-07-27T10:40:17.864Z - [32minfo[39m: guid=5b45d9e7-d749-43c5-add3-0ff732fda99f:uuid - startNotificationHandler:process
2018-07-27T10:40:17.864Z - [32minfo[39m: Notification::consumeMessage::processMessage
2018-07-27T10:40:17.865Z - [32minfo[39m: Notification::processMessage
2018-07-27T10:40:17.865Z - [32minfo[39m: Notification::processMessage action: prepare
2018-07-27T10:40:17.865Z - [32minfo[39m: Notification::processMessage status: success
2018-07-27T10:40:17.872Z - [32minfo[39m: start[1532688017863] time[9] tag[metricConsumeSyncQueueProcessingTime]
2018-07-27T10:40:17.893Z - [32minfo[39m: start[1532688017865] time[28] tag[metricMlAPIProcessMessage]
2018-07-27T10:40:17.900Z - [32minfo[39m: start[1532688017894] time[6] tag[metricCommitMessageSyncProcessingTime]
2018-07-27T10:40:17.901Z - [32minfo[39m: guid=5b45d9e7-d749-43c5-add3-0ff732fda99f:uuid - endNotificationHandler:process
2018-07-27T10:40:17.901Z - [32minfo[39m: start[1532688017864] time[37] tag[metricMlAPIConsumeMessageForEachMsg]
2018-07-27T10:40:17.901Z - [32minfo[39m: start[1532688017864] time[37] tag[metricMlAPIConsumeMessage]
2018-07-27T10:40:17.901Z - [32minfo[39m: start[1532688017901] time[0] tag[metricConsumeRecursiveProcessingTime]
2018-07-27T10:40:17.902Z - [32minfo[39m: start[1532688017901] time[1] tag[metricConsumeSyncQueueResolveProcessingTime]
2018-07-27T10:40:19.001Z - [32minfo[39m: start[1532688019001] time[0] tag[metricConsumeRecursiveProcessingTime]
2018-07-27T10:40:20.100Z - [32minfo[39m: start[1532688020100] time[0] tag[metricConsumeRecursiveProcessingTime]
2018-07-27T10:40:21.200Z - [32minfo[39m: start[1532688021200] time[0] tag[metricConsumeRecursiveProcessingTime]
