2018-07-27T10:38:03.783Z - [32minfo[39m: Handler Setup - Registering {"type":"fulfil","enabled":true}!
2018-07-27T10:38:03.801Z - [32minfo[39m: Handler Setup - Registering {"type":"transfer","enabled":true}!
2018-07-27T10:38:03.829Z - [32minfo[39m: Handler Setup - Registering {"type":"position","enabled":true,"fspList":["dfsp2"]}!
2018-07-27T10:38:03.846Z - [32minfo[39m: Handler Setup - Registering {"type":"position","enabled":true,"fspList":["dfsp1"]}!
2018-07-27T10:38:03.867Z - [32minfo[39m: Handler Setup - Registering {"type":"prepare","enabled":true,"fspList":["dfsp2"]}!
2018-07-27T10:38:03.868Z - [32minfo[39m: Registering prepareHandler for Participant: dfsp2
2018-07-27T10:38:03.886Z - [32minfo[39m: Handler Setup - Registering {"type":"prepare","enabled":true,"fspList":["dfsp1"]}!
2018-07-27T10:38:03.888Z - [32minfo[39m: Registering prepareHandler for Participant: dfsp1
2018-07-27T10:38:03.909Z - [32minfo[39m: node-rdkafka v0.11.4 ready - {"name":"topic-transfer-transfer#consumer-1"}
2018-07-27T10:38:03.909Z - [32minfo[39m: start[1532687883804] time[105] tag[metricConsumerConnectProcessingTime]
2018-07-27T10:38:03.911Z - [32minfo[39m: CreateHandle::connect successful topic: topic-transfer-transfer
2018-07-27T10:38:03.913Z - [32minfo[39m: start[1532687883911] time[2] tag[metricConsumeProcessingTime]
2018-07-27T10:38:03.913Z - [32minfo[39m: start[1532687883912] time[0] tag[metricConsumeRecursiveProcessingTime]
2018-07-27T10:38:03.914Z - [32minfo[39m: start[1532687883802] time[112] tag[metricCenLedgerCreateTransferHandler]
2018-07-27T10:38:03.914Z - [32minfo[39m: start[1532687883804] time[109] tag[metricCenLedgerCreateHandler]
2018-07-27T10:38:03.941Z - [32minfo[39m: node-rdkafka v0.11.4 ready - {"name":"position-prepare#consumer-1"}
2018-07-27T10:38:03.941Z - [32minfo[39m: start[1532687883834] time[107] tag[metricConsumerConnectProcessingTime]
2018-07-27T10:38:03.943Z - [32minfo[39m: CreateHandle::connect successful topic: topic-dfsp2-position-prepare
2018-07-27T10:38:03.944Z - [32minfo[39m: start[1532687883943] time[1] tag[metricConsumeProcessingTime]
2018-07-27T10:38:03.944Z - [32minfo[39m: start[1532687883944] time[0] tag[metricConsumeRecursiveProcessingTime]
2018-07-27T10:38:03.945Z - [32minfo[39m: start[1532687883830] time[115] tag[metricCenLedgerCreatePositionHandlers]
2018-07-27T10:38:03.945Z - [32minfo[39m: start[1532687883830] time[115] tag[metricCenLedgerRegisterPositionHandlers]
2018-07-27T10:38:03.945Z - [32minfo[39m: start[1532687883833] time[112] tag[metricCenLedgerCreateHandler]
2018-07-27T10:38:03.990Z - [32minfo[39m: node-rdkafka v0.11.4 ready - {"name":"topic-transfer-fulfil#consumer-1"}
2018-07-27T10:38:03.991Z - [32minfo[39m: start[1532687883786] time[205] tag[metricConsumerConnectProcessingTime]
2018-07-27T10:38:03.993Z - [32minfo[39m: CreateHandle::connect successful topic: topic-transfer-fulfil
2018-07-27T10:38:03.995Z - [32minfo[39m: start[1532687883994] time[1] tag[metricConsumeProcessingTime]
2018-07-27T10:38:03.995Z - [32minfo[39m: start[1532687883995] time[0] tag[metricConsumeRecursiveProcessingTime]
2018-07-27T10:38:03.996Z - [32minfo[39m: start[1532687883784] time[212] tag[metricCenLedgerCreateFulfilHandler]
2018-07-27T10:38:03.996Z - [32minfo[39m: start[1532687883785] time[211] tag[metricCenLedgerCreateHandler]
2018-07-27T10:38:04.055Z - [32minfo[39m: node-rdkafka v0.11.4 ready - {"name":"position-prepare#consumer-1"}
2018-07-27T10:38:04.056Z - [32minfo[39m: start[1532687883850] time[206] tag[metricConsumerConnectProcessingTime]
2018-07-27T10:38:04.058Z - [32minfo[39m: CreateHandle::connect successful topic: topic-dfsp1-position-prepare
2018-07-27T10:38:04.059Z - [32minfo[39m: start[1532687884059] time[0] tag[metricConsumeRecursiveProcessingTime]
2018-07-27T10:38:04.060Z - [32minfo[39m: start[1532687883847] time[213] tag[metricCenLedgerCreatePositionHandlers]
2018-07-27T10:38:04.060Z - [32minfo[39m: start[1532687883847] time[213] tag[metricCenLedgerRegisterPositionHandlers]
2018-07-27T10:38:04.060Z - [32minfo[39m: start[1532687883850] time[210] tag[metricCenLedgerCreateHandler]
2018-07-27T10:38:04.060Z - [32minfo[39m: start[1532687884059] time[1] tag[metricConsumeProcessingTime]
2018-07-27T10:38:04.077Z - [32minfo[39m: node-rdkafka v0.11.4 ready - {"name":"topic-dfsp2-transfer-prepare#consumer-1"}
2018-07-27T10:38:04.078Z - [32minfo[39m: start[1532687883872] time[206] tag[metricConsumerConnectProcessingTime]
2018-07-27T10:38:04.080Z - [32minfo[39m: CreateHandle::connect successful topic: topic-dfsp2-transfer-prepare
2018-07-27T10:38:04.082Z - [32minfo[39m: start[1532687884080] time[2] tag[metricConsumeProcessingTime]
2018-07-27T10:38:04.082Z - [32minfo[39m: start[1532687884081] time[1] tag[metricConsumeRecursiveProcessingTime]
2018-07-27T10:38:04.083Z - [32minfo[39m: start[1532687883868] time[215] tag[metricCenLedgerCreatePrepareHandler]
2018-07-27T10:38:04.083Z - [32minfo[39m: start[1532687883869] time[214] tag[metricCenLedgerCreatePrepareHandler]
2018-07-27T10:38:04.083Z - [32minfo[39m: start[1532687883871] time[212] tag[metricCenLedgerCreateHandler]
2018-07-27T10:38:04.094Z - [32minfo[39m: node-rdkafka v0.11.4 ready - {"name":"topic-dfsp1-transfer-prepare#consumer-1"}
2018-07-27T10:38:04.095Z - [32minfo[39m: start[1532687883890] time[205] tag[metricConsumerConnectProcessingTime]
2018-07-27T10:38:04.097Z - [32minfo[39m: CreateHandle::connect successful topic: topic-dfsp1-transfer-prepare
2018-07-27T10:38:04.098Z - [32minfo[39m: start[1532687884097] time[1] tag[metricConsumeProcessingTime]
2018-07-27T10:38:04.098Z - [32minfo[39m: start[1532687884098] time[0] tag[metricConsumeRecursiveProcessingTime]
2018-07-27T10:38:04.099Z - [32minfo[39m: start[1532687883888] time[211] tag[metricCenLedgerCreatePrepareHandler]
2018-07-27T10:38:04.099Z - [32minfo[39m: start[1532687883888] time[211] tag[metricCenLedgerCreatePrepareHandler]
2018-07-27T10:38:04.099Z - [32minfo[39m: start[1532687883890] time[209] tag[metricCenLedgerCreateHandler]
2018-07-27T10:38:05.013Z - [32minfo[39m: start[1532687885013] time[0] tag[metricConsumeRecursiveProcessingTime]
2018-07-27T10:38:05.044Z - [32minfo[39m: start[1532687885044] time[0] tag[metricConsumeRecursiveProcessingTime]
2018-07-27T10:38:05.099Z - [32minfo[39m: start[1532687885099] time[0] tag[metricConsumeRecursiveProcessingTime]
2018-07-27T10:38:05.160Z - [32minfo[39m: start[1532687885160] time[0] tag[metricConsumeRecursiveProcessingTime]
2018-07-27T10:38:05.182Z - [32minfo[39m: start[1532687885182] time[0] tag[metricConsumeRecursiveProcessingTime]
2018-07-27T10:38:05.198Z - [32minfo[39m: start[1532687885198] time[0] tag[metricConsumeRecursiveProcessingTime]
2018-07-27T10:38:06.897Z - [32minfo[39m: start[1532687886897] time[0] tag[metricConsumeRecursiveProcessingTime]
2018-07-27T10:38:06.903Z - [32minfo[39m: start[1532687886903] time[0] tag[metricConsumeRecursiveProcessingTime]
2018-07-27T10:38:06.903Z - [32minfo[39m: start[1532687886903] time[0] tag[metricConsumeRecursiveProcessingTime]
2018-07-27T10:38:06.903Z - [32minfo[39m: start[1532687886903] time[0] tag[metricConsumeRecursiveProcessingTime]
2018-07-27T10:38:06.904Z - [32minfo[39m: start[1532687886903] time[1] tag[metricConsumeRecursiveProcessingTime]
2018-07-27T10:38:06.908Z - [32minfo[39m: start[1532687886908] time[0] tag[metricConsumeRecursiveProcessingTime]
2018-07-27T10:38:07.998Z - [32minfo[39m: start[1532687887998] time[0] tag[metricConsumeRecursiveProcessingTime]
2018-07-27T10:38:08.002Z - [32minfo[39m: start[1532687888002] time[0] tag[metricConsumeRecursiveProcessingTime]
2018-07-27T10:38:08.003Z - [32minfo[39m: start[1532687888003] time[0] tag[metricConsumeRecursiveProcessingTime]
2018-07-27T10:38:08.003Z - [32minfo[39m: start[1532687888003] time[0] tag[metricConsumeRecursiveProcessingTime]
2018-07-27T10:38:08.004Z - [32minfo[39m: start[1532687888004] time[0] tag[metricConsumeRecursiveProcessingTime]
2018-07-27T10:38:08.008Z - [32minfo[39m: start[1532687888008] time[0] tag[metricConsumeRecursiveProcessingTime]
2018-07-27T10:38:09.098Z - [32minfo[39m: start[1532687889098] time[0] tag[metricConsumeRecursiveProcessingTime]
2018-07-27T10:38:09.102Z - [32minfo[39m: start[1532687889102] time[0] tag[metricConsumeRecursiveProcessingTime]
2018-07-27T10:38:09.103Z - [32minfo[39m: start[1532687889103] time[0] tag[metricConsumeRecursiveProcessingTime]
2018-07-27T10:38:09.103Z - [32minfo[39m: start[1532687889103] time[0] tag[metricConsumeRecursiveProcessingTime]
2018-07-27T10:38:09.103Z - [32minfo[39m: start[1532687889103] time[0] tag[metricConsumeRecursiveProcessingTime]
2018-07-27T10:38:09.108Z - [32minfo[39m: start[1532687889108] time[0] tag[metricConsumeRecursiveProcessingTime]
2018-07-27T10:38:10.202Z - [32minfo[39m: start[1532687890202] time[0] tag[metricConsumeRecursiveProcessingTime]
2018-07-27T10:38:10.202Z - [32minfo[39m: start[1532687890202] time[0] tag[metricConsumeRecursiveProcessingTime]
2018-07-27T10:38:10.202Z - [32minfo[39m: start[1532687890202] time[0] tag[metricConsumeRecursiveProcessingTime]
2018-07-27T10:38:10.203Z - [32minfo[39m: start[1532687890203] time[0] tag[metricConsumeRecursiveProcessingTime]
2018-07-27T10:38:10.203Z - [32minfo[39m: start[1532687890203] time[0] tag[metricConsumeRecursiveProcessingTime]
2018-07-27T10:38:10.207Z - [32minfo[39m: start[1532687890207] time[0] tag[metricConsumeRecursiveProcessingTime]
2018-07-27T10:38:11.301Z - [32minfo[39m: start[1532687891301] time[0] tag[metricConsumeRecursiveProcessingTime]
2018-07-27T10:38:11.302Z - [32minfo[39m: start[1532687891302] time[0] tag[metricConsumeRecursiveProcessingTime]
2018-07-27T10:38:11.303Z - [32minfo[39m: start[1532687891303] time[0] tag[metricConsumeRecursiveProcessingTime]
2018-07-27T10:38:11.304Z - [32minfo[39m: start[1532687891304] time[0] tag[metricConsumeRecursiveProcessingTime]
2018-07-27T10:38:11.308Z - [32minfo[39m: start[1532687891307] time[0] tag[metricConsumeRecursiveProcessingTime]
2018-07-27T10:38:11.308Z - [32minfo[39m: start[1532687891308] time[0] tag[metricConsumeRecursiveProcessingTime]
2018-07-27T10:38:12.401Z - [32minfo[39m: start[1532687892401] time[0] tag[metricConsumeRecursiveProcessingTime]
2018-07-27T10:38:12.401Z - [32minfo[39m: start[1532687892401] time[0] tag[metricConsumeRecursiveProcessingTime]
2018-07-27T10:38:12.403Z - [32minfo[39m: start[1532687892403] time[0] tag[metricConsumeRecursiveProcessingTime]
2018-07-27T10:38:12.406Z - [32minfo[39m: start[1532687892406] time[0] tag[metricConsumeRecursiveProcessingTime]
2018-07-27T10:38:12.407Z - [32minfo[39m: start[1532687892407] time[0] tag[metricConsumeRecursiveProcessingTime]
2018-07-27T10:38:12.411Z - [32minfo[39m: start[1532687892411] time[0] tag[metricConsumeRecursiveProcessingTime]
2018-07-27T10:38:13.501Z - [32minfo[39m: start[1532687893501] time[0] tag[metricConsumeRecursiveProcessingTime]
2018-07-27T10:38:13.501Z - [32minfo[39m: start[1532687893501] time[0] tag[metricConsumeRecursiveProcessingTime]
2018-07-27T10:38:13.502Z - [32minfo[39m: start[1532687893502] time[0] tag[metricConsumeRecursiveProcessingTime]
2018-07-27T10:38:13.506Z - [32minfo[39m: start[1532687893506] time[0] tag[metricConsumeRecursiveProcessingTime]
2018-07-27T10:38:13.507Z - [32minfo[39m: start[1532687893507] time[0] tag[metricConsumeRecursiveProcessingTime]
2018-07-27T10:38:13.511Z - [32minfo[39m: start[1532687893511] time[0] tag[metricConsumeRecursiveProcessingTime]
2018-07-27T10:38:14.601Z - [32minfo[39m: start[1532687894601] time[0] tag[metricConsumeRecursiveProcessingTime]
2018-07-27T10:38:14.601Z - [32minfo[39m: start[1532687894601] time[0] tag[metricConsumeRecursiveProcessingTime]
2018-07-27T10:38:14.604Z - [32minfo[39m: start[1532687894604] time[0] tag[metricConsumeRecursiveProcessingTime]
2018-07-27T10:38:14.604Z - [32minfo[39m: start[1532687894604] time[0] tag[metricConsumeRecursiveProcessingTime]
2018-07-27T10:38:14.611Z - [32minfo[39m: start[1532687894611] time[0] tag[metricConsumeRecursiveProcessingTime]
2018-07-27T10:38:14.611Z - [32minfo[39m: start[1532687894611] time[0] tag[metricConsumeRecursiveProcessingTime]
2018-07-27T10:38:15.701Z - [32minfo[39m: start[1532687895701] time[0] tag[metricConsumeRecursiveProcessingTime]
2018-07-27T10:38:15.703Z - [32minfo[39m: start[1532687895703] time[0] tag[metricConsumeRecursiveProcessingTime]
2018-07-27T10:38:15.703Z - [32minfo[39m: start[1532687895703] time[0] tag[metricConsumeRecursiveProcessingTime]
2018-07-27T10:38:15.703Z - [32minfo[39m: start[1532687895703] time[0] tag[metricConsumeRecursiveProcessingTime]
2018-07-27T10:38:15.711Z - [32minfo[39m: start[1532687895711] time[0] tag[metricConsumeRecursiveProcessingTime]
2018-07-27T10:38:15.711Z - [32minfo[39m: start[1532687895711] time[0] tag[metricConsumeRecursiveProcessingTime]
2018-07-27T10:38:16.800Z - [32minfo[39m: start[1532687896800] time[0] tag[metricConsumeRecursiveProcessingTime]
2018-07-27T10:38:16.803Z - [32minfo[39m: start[1532687896803] time[0] tag[metricConsumeRecursiveProcessingTime]
2018-07-27T10:38:16.803Z - [32minfo[39m: start[1532687896803] time[0] tag[metricConsumeRecursiveProcessingTime]
2018-07-27T10:38:16.804Z - [32minfo[39m: start[1532687896804] time[0] tag[metricConsumeRecursiveProcessingTime]
2018-07-27T10:38:16.811Z - [32minfo[39m: start[1532687896811] time[0] tag[metricConsumeRecursiveProcessingTime]
2018-07-27T10:38:16.811Z - [32minfo[39m: start[1532687896811] time[0] tag[metricConsumeRecursiveProcessingTime]
2018-07-27T10:38:17.900Z - [32minfo[39m: start[1532687897900] time[0] tag[metricConsumeRecursiveProcessingTime]
2018-07-27T10:38:17.903Z - [32minfo[39m: start[1532687897903] time[0] tag[metricConsumeRecursiveProcessingTime]
2018-07-27T10:38:17.903Z - [32minfo[39m: start[1532687897903] time[0] tag[metricConsumeRecursiveProcessingTime]
2018-07-27T10:38:17.905Z - [32minfo[39m: start[1532687897905] time[0] tag[metricConsumeRecursiveProcessingTime]
2018-07-27T10:38:17.911Z - [32minfo[39m: start[1532687897911] time[0] tag[metricConsumeRecursiveProcessingTime]
2018-07-27T10:38:17.916Z - [32minfo[39m: start[1532687897916] time[0] tag[metricConsumeRecursiveProcessingTime]
2018-07-27T10:38:19.000Z - [32minfo[39m: start[1532687899000] time[0] tag[metricConsumeRecursiveProcessingTime]
2018-07-27T10:38:19.003Z - [32minfo[39m: start[1532687899003] time[0] tag[metricConsumeRecursiveProcessingTime]
2018-07-27T10:38:19.003Z - [32minfo[39m: start[1532687899003] time[0] tag[metricConsumeRecursiveProcessingTime]
2018-07-27T10:38:19.005Z - [32minfo[39m: start[1532687899005] time[0] tag[metricConsumeRecursiveProcessingTime]
2018-07-27T10:38:19.011Z - [32minfo[39m: start[1532687899011] time[0] tag[metricConsumeRecursiveProcessingTime]
2018-07-27T10:38:19.016Z - [32minfo[39m: start[1532687899016] time[0] tag[metricConsumeRecursiveProcessingTime]
2018-07-27T10:38:20.100Z - [32minfo[39m: start[1532687900100] time[0] tag[metricConsumeRecursiveProcessingTime]
2018-07-27T10:38:20.103Z - [32minfo[39m: start[1532687900103] time[0] tag[metricConsumeRecursiveProcessingTime]
2018-07-27T10:38:20.103Z - [32minfo[39m: start[1532687900103] time[0] tag[metricConsumeRecursiveProcessingTime]
2018-07-27T10:38:20.105Z - [32minfo[39m: start[1532687900105] time[0] tag[metricConsumeRecursiveProcessingTime]
2018-07-27T10:38:20.111Z - [32minfo[39m: start[1532687900111] time[0] tag[metricConsumeRecursiveProcessingTime]
2018-07-27T10:38:20.115Z - [32minfo[39m: start[1532687900115] time[0] tag[metricConsumeRecursiveProcessingTime]
2018-07-27T10:38:21.200Z - [32minfo[39m: start[1532687901200] time[0] tag[metricConsumeRecursiveProcessingTime]
2018-07-27T10:38:21.202Z - [32minfo[39m: start[1532687901202] time[0] tag[metricConsumeRecursiveProcessingTime]
2018-07-27T10:38:21.204Z - [32minfo[39m: start[1532687901204] time[0] tag[metricConsumeRecursiveProcessingTime]
2018-07-27T10:38:21.205Z - [32minfo[39m: start[1532687901205] time[0] tag[metricConsumeRecursiveProcessingTime]
2018-07-27T10:38:21.211Z - [32minfo[39m: start[1532687901211] time[0] tag[metricConsumeRecursiveProcessingTime]
2018-07-27T10:38:21.214Z - [32minfo[39m: start[1532687901214] time[0] tag[metricConsumeRecursiveProcessingTime]
2018-07-27T10:38:22.300Z - [32minfo[39m: start[1532687902300] time[0] tag[metricConsumeRecursiveProcessingTime]
2018-07-27T10:38:22.302Z - [32minfo[39m: start[1532687902302] time[0] tag[metricConsumeRecursiveProcessingTime]
2018-07-27T10:38:22.304Z - [32minfo[39m: start[1532687902304] time[0] tag[metricConsumeRecursiveProcessingTime]
2018-07-27T10:38:22.304Z - [32minfo[39m: start[1532687902304] time[0] tag[metricConsumeRecursiveProcessingTime]
2018-07-27T10:38:22.311Z - [32minfo[39m: start[1532687902311] time[0] tag[metricConsumeRecursiveProcessingTime]
2018-07-27T10:38:22.314Z - [32minfo[39m: start[1532687902313] time[1] tag[metricConsumeRecursiveProcessingTime]
2018-07-27T10:38:23.399Z - [32minfo[39m: start[1532687903399] time[0] tag[metricConsumeRecursiveProcessingTime]
2018-07-27T10:38:23.402Z - [32minfo[39m: start[1532687903402] time[0] tag[metricConsumeRecursiveProcessingTime]
2018-07-27T10:38:23.402Z - [32minfo[39m: start[1532687903402] time[0] tag[metricConsumeRecursiveProcessingTime]
2018-07-27T10:38:23.404Z - [32minfo[39m: start[1532687903404] time[0] tag[metricConsumeRecursiveProcessingTime]
2018-07-27T10:38:23.413Z - [32minfo[39m: start[1532687903413] time[0] tag[metricConsumeRecursiveProcessingTime]
2018-07-27T10:38:23.413Z - [32minfo[39m: start[1532687903413] time[0] tag[metricConsumeRecursiveProcessingTime]
2018-07-27T10:38:24.499Z - [32minfo[39m: start[1532687904499] time[0] tag[metricConsumeRecursiveProcessingTime]
2018-07-27T10:38:24.502Z - [32minfo[39m: start[1532687904502] time[0] tag[metricConsumeRecursiveProcessingTime]
2018-07-27T10:38:24.502Z - [32minfo[39m: start[1532687904502] time[0] tag[metricConsumeRecursiveProcessingTime]
2018-07-27T10:38:24.504Z - [32minfo[39m: start[1532687904504] time[0] tag[metricConsumeRecursiveProcessingTime]
2018-07-27T10:38:24.513Z - [32minfo[39m: start[1532687904513] time[0] tag[metricConsumeRecursiveProcessingTime]
2018-07-27T10:38:24.523Z - [32minfo[39m: start[1532687904523] time[0] tag[metricConsumeRecursiveProcessingTime]
2018-07-27T10:38:25.599Z - [32minfo[39m: start[1532687905599] time[0] tag[metricConsumeRecursiveProcessingTime]
2018-07-27T10:38:25.602Z - [32minfo[39m: start[1532687905601] time[0] tag[metricConsumeRecursiveProcessingTime]
2018-07-27T10:38:25.604Z - [32minfo[39m: start[1532687905603] time[0] tag[metricConsumeRecursiveProcessingTime]
2018-07-27T10:38:25.604Z - [32minfo[39m: start[1532687905604] time[0] tag[metricConsumeRecursiveProcessingTime]
2018-07-27T10:38:25.613Z - [32minfo[39m: start[1532687905612] time[1] tag[metricConsumeRecursiveProcessingTime]
2018-07-27T10:38:25.623Z - [32minfo[39m: start[1532687905623] time[0] tag[metricConsumeRecursiveProcessingTime]
2018-07-27T10:38:26.700Z - [32minfo[39m: start[1532687906700] time[0] tag[metricConsumeRecursiveProcessingTime]
2018-07-27T10:38:26.701Z - [32minfo[39m: start[1532687906701] time[0] tag[metricConsumeRecursiveProcessingTime]
2018-07-27T10:38:26.703Z - [32minfo[39m: start[1532687906703] time[0] tag[metricConsumeRecursiveProcessingTime]
2018-07-27T10:38:26.704Z - [32minfo[39m: start[1532687906704] time[0] tag[metricConsumeRecursiveProcessingTime]
2018-07-27T10:38:26.715Z - [32minfo[39m: start[1532687906715] time[0] tag[metricConsumeRecursiveProcessingTime]
2018-07-27T10:38:26.723Z - [32minfo[39m: start[1532687906723] time[0] tag[metricConsumeRecursiveProcessingTime]
2018-07-27T10:38:27.800Z - [32minfo[39m: start[1532687907800] time[0] tag[metricConsumeRecursiveProcessingTime]
2018-07-27T10:38:27.801Z - [32minfo[39m: start[1532687907801] time[0] tag[metricConsumeRecursiveProcessingTime]
2018-07-27T10:38:27.802Z - [32minfo[39m: start[1532687907802] time[0] tag[metricConsumeRecursiveProcessingTime]
2018-07-27T10:38:27.804Z - [32minfo[39m: start[1532687907804] time[0] tag[metricConsumeRecursiveProcessingTime]
2018-07-27T10:38:27.815Z - [32minfo[39m: start[1532687907815] time[0] tag[metricConsumeRecursiveProcessingTime]
2018-07-27T10:38:27.824Z - [32minfo[39m: start[1532687907824] time[0] tag[metricConsumeRecursiveProcessingTime]
2018-07-27T10:38:28.455Z - [32minfo[39m: start[1532687907800] time[0] tag[metricConsumeRecursiveConsumeProcessingTime]
2018-07-27T10:38:28.457Z - [32minfo[39m: TransferHandler::prepare
2018-07-27T10:38:28.457Z - [32minfo[39m: guid=93433d45-2b5c-403d-b9d7-a1c0ff973394:uuid - startPrepareTransferHandler:process
2018-07-27T10:38:28.459Z - [32minfo[39m: start[1532687908456] time[3] tag[metricConsumeSyncQueueProcessingTime]
2018-07-27T10:38:28.466Z - [32minfo[39m: TransferHandler::prepare::validationPassed
2018-07-27T10:38:28.473Z - [32minfo[39m: TransferHandler::prepare::validationPassed::newEntry
2018-07-27T10:38:28.575Z - [32minfo[39m: start[1532687908574] time[1] tag[metricCommitMessageSyncProcessingTime]
2018-07-27T10:38:28.577Z - [32minfo[39m: Producer::start::topic=topic-dfsp1-position-prepare
2018-07-27T10:38:28.578Z - [32minfo[39m: Producer::connect::start
2018-07-27T10:38:28.785Z - [32minfo[39m: start[1532687908579] time[206] tag[metricProducerConnectProcessingTime]
2018-07-27T10:38:28.786Z - [32minfo[39m: Producer.sendMessage:: messageProtocol:'{"from":"dfsp1","to":"dfsp2","id":"93433d45-2b5c-403d-b9d7-a1c0ff973394","content":{"headers":{"content-type":"application/json","date":"2017-11-02T00:00:00.000Z","fspiop-destination":"dfsp2","fspiop-source":"dfsp1","content-length":1049},"payload":{"transferId":"93433d45-2b5c-403d-b9d7-a1c0ff973394","payeeFsp":"dfsp2","payerFsp":"dfsp1","amount":{"amount":"100","currency":"USD"},"ilpPacket":"AQAAAAAAAABkEGcuZXdwMjEuaWQuODAwMjCCAhd7InRyYW5zYWN0aW9uSWQiOiJmODU0NzdkYi0xMzVkLTRlMDgtYThiNy0xMmIyMmQ4MmMwZDYiLCJxdW90ZUlkIjoiOWU2NGYzMjEtYzMyNC00ZDI0LTg5MmYtYzQ3ZWY0ZThkZTkxIiwicGF5ZWUiOnsicGFydHlJZEluZm8iOnsicGFydHlJZFR5cGUiOiJNU0lTRE4iLCJwYXJ0eUlkZW50aWZpZXIiOiIyNTYxMjM0NTYiLCJmc3BJZCI6IjIxIn19LCJwYXllciI6eyJwYXJ0eUlkSW5mbyI6eyJwYXJ0eUlkVHlwZSI6Ik1TSVNETiIsInBhcnR5SWRlbnRpZmllciI6IjI1NjIwMTAwMDAxIiwiZnNwSWQiOiIyMCJ9LCJwZXJzb25hbEluZm8iOnsiY29tcGxleE5hbWUiOnsiZmlyc3ROYW1lIjoiTWF0cyIsImxhc3ROYW1lIjoiSGFnbWFuIn0sImRhdGVPZkJpcnRoIjoiMTk4My0xMC0yNSJ9fSwiYW1vdW50Ijp7ImFtb3VudCI6IjEwMCIsImN1cnJlbmN5IjoiVVNEIn0sInRyYW5zYWN0aW9uVHlwZSI6eyJzY2VuYXJpbyI6IlRSQU5TRkVSIiwiaW5pdGlhdG9yIjoiUEFZRVIiLCJpbml0aWF0b3JUeXBlIjoiQ09OU1VNRVIifSwibm90ZSI6ImhlaiJ9","condition":"uU0nuZNNPgilLlLX2n2r-sSE7-N6U4DukIj3rOLvzek","expiration":"2018-11-08T21:31:00.534+01:00"}},"type":"application/json","metadata":{"event":{"id":"ba99d4ea-9ce9-48c6-bdbd-7a1e4e63ba74","type":"position","action":"prepare","createdAt":"2018-07-27T10:38:27.424Z","state":{"status":"success","code":0,"description":"action successful"},"responseTo":"ed677036-62d0-4049-a641-4baeb68226a4"},"protocol.createdAt":1532687907446}}'
2018-07-27T10:38:28.786Z - [32minfo[39m: Producer::connect::end
2018-07-27T10:38:28.788Z - [32minfo[39m: Producer::end
2018-07-27T10:38:28.788Z - [32minfo[39m: start[1532687908788] time[0] tag[metricProducerSendMessageProcessingTime]
2018-07-27T10:38:28.794Z - [32minfo[39m: start[1532687907802] time[1] tag[metricConsumeRecursiveConsumeProcessingTime]
2018-07-27T10:38:28.797Z - [32minfo[39m: TransferHandler::position
2018-07-27T10:38:28.797Z - [32minfo[39m: guid=93433d45-2b5c-403d-b9d7-a1c0ff973394:uuid - startPositionHandler:process
2018-07-27T10:38:28.800Z - [32minfo[39m: start[1532687908796] time[4] tag[metricConsumeSyncQueueProcessingTime]
2018-07-27T10:38:28.803Z - [32minfo[39m: guid=93433d45-2b5c-403d-b9d7-a1c0ff973394:uuid - endPrepareTransferHandler:process
2018-07-27T10:38:28.803Z - [32minfo[39m: start[1532687908577] time[212] tag[metricCenLedgerProduceMessage]
2018-07-27T10:38:28.804Z - [32minfo[39m: start[1532687908456] time[347] tag[metricCenLedgerTransferPrepare]
2018-07-27T10:38:28.807Z - [32minfo[39m: start[1532687908806] time[0] tag[metricConsumeRecursiveProcessingTime]
2018-07-27T10:38:28.807Z - [32minfo[39m: start[1532687908806] time[1] tag[metricConsumeSyncQueueResolveProcessingTime]
2018-07-27T10:38:28.828Z - [32minfo[39m: start[1532687908826] time[2] tag[metricCommitMessageSyncProcessingTime]
2018-07-27T10:38:28.830Z - [32minfo[39m: Producer::connect::start
2018-07-27T10:38:28.830Z - [32minfo[39m: Producer::start::topic=topic-transfer-transfer
2018-07-27T10:38:28.900Z - [32minfo[39m: start[1532687908900] time[0] tag[metricConsumeRecursiveProcessingTime]
2018-07-27T10:38:28.903Z - [32minfo[39m: start[1532687908903] time[0] tag[metricConsumeRecursiveProcessingTime]
2018-07-27T10:38:28.914Z - [32minfo[39m: start[1532687908914] time[0] tag[metricConsumeRecursiveProcessingTime]
2018-07-27T10:38:28.923Z - [32minfo[39m: start[1532687908922] time[1] tag[metricConsumeRecursiveProcessingTime]
2018-07-27T10:38:29.042Z - [32minfo[39m: Producer.sendMessage:: messageProtocol:'{"from":"dfsp1","to":"dfsp2","id":"93433d45-2b5c-403d-b9d7-a1c0ff973394","content":{"headers":{"content-type":"application/json","date":"2017-11-02T00:00:00.000Z","fspiop-destination":"dfsp2","fspiop-source":"dfsp1","content-length":1049},"payload":{"transferId":"93433d45-2b5c-403d-b9d7-a1c0ff973394","payeeFsp":"dfsp2","payerFsp":"dfsp1","amount":{"amount":"100","currency":"USD"},"ilpPacket":"AQAAAAAAAABkEGcuZXdwMjEuaWQuODAwMjCCAhd7InRyYW5zYWN0aW9uSWQiOiJmODU0NzdkYi0xMzVkLTRlMDgtYThiNy0xMmIyMmQ4MmMwZDYiLCJxdW90ZUlkIjoiOWU2NGYzMjEtYzMyNC00ZDI0LTg5MmYtYzQ3ZWY0ZThkZTkxIiwicGF5ZWUiOnsicGFydHlJZEluZm8iOnsicGFydHlJZFR5cGUiOiJNU0lTRE4iLCJwYXJ0eUlkZW50aWZpZXIiOiIyNTYxMjM0NTYiLCJmc3BJZCI6IjIxIn19LCJwYXllciI6eyJwYXJ0eUlkSW5mbyI6eyJwYXJ0eUlkVHlwZSI6Ik1TSVNETiIsInBhcnR5SWRlbnRpZmllciI6IjI1NjIwMTAwMDAxIiwiZnNwSWQiOiIyMCJ9LCJwZXJzb25hbEluZm8iOnsiY29tcGxleE5hbWUiOnsiZmlyc3ROYW1lIjoiTWF0cyIsImxhc3ROYW1lIjoiSGFnbWFuIn0sImRhdGVPZkJpcnRoIjoiMTk4My0xMC0yNSJ9fSwiYW1vdW50Ijp7ImFtb3VudCI6IjEwMCIsImN1cnJlbmN5IjoiVVNEIn0sInRyYW5zYWN0aW9uVHlwZSI6eyJzY2VuYXJpbyI6IlRSQU5TRkVSIiwiaW5pdGlhdG9yIjoiUEFZRVIiLCJpbml0aWF0b3JUeXBlIjoiQ09OU1VNRVIifSwibm90ZSI6ImhlaiJ9","condition":"uU0nuZNNPgilLlLX2n2r-sSE7-N6U4DukIj3rOLvzek","expiration":"2018-11-08T21:31:00.534+01:00"}},"type":"application/json","metadata":{"event":{"id":"e057ed45-9808-4c66-ba14-e3055c7943f3","type":"transfer","action":"prepare","createdAt":"2018-07-27T10:38:27.424Z","state":{"status":"success","code":0,"description":"action successful"},"responseTo":"ba99d4ea-9ce9-48c6-bdbd-7a1e4e63ba74"},"protocol.createdAt":1532687908788}}'
2018-07-27T10:38:29.042Z - [32minfo[39m: Producer::connect::end
2018-07-27T10:38:29.042Z - [32minfo[39m: start[1532687908830] time[212] tag[metricProducerConnectProcessingTime]
2018-07-27T10:38:29.043Z - [32minfo[39m: Producer::end
2018-07-27T10:38:29.043Z - [32minfo[39m: guid=93433d45-2b5c-403d-b9d7-a1c0ff973394:uuid - endPositionHandler:process
2018-07-27T10:38:29.043Z - [32minfo[39m: start[1532687908797] time[246] tag[metricCenLedgerPositions]
2018-07-27T10:38:29.043Z - [32minfo[39m: start[1532687908830] time[213] tag[metricCenLedgerProduceMessage]
2018-07-27T10:38:29.043Z - [32minfo[39m: start[1532687909043] time[0] tag[metricProducerSendMessageProcessingTime]
2018-07-27T10:38:29.045Z - [32minfo[39m: start[1532687909044] time[1] tag[metricConsumeSyncQueueResolveProcessingTime]
2018-07-27T10:38:29.045Z - [32minfo[39m: start[1532687909045] time[0] tag[metricConsumeRecursiveProcessingTime]
2018-07-27T10:38:29.047Z - [32minfo[39m: start[1532687908914] time[1] tag[metricConsumeRecursiveConsumeProcessingTime]
2018-07-27T10:38:29.048Z - [32minfo[39m: TransferHandler::transfer
2018-07-27T10:38:29.049Z - [32minfo[39m: TransferHandler::transfer action: prepare
2018-07-27T10:38:29.049Z - [32minfo[39m: TransferHandler::transfer status: success
2018-07-27T10:38:29.049Z - [32minfo[39m: guid=93433d45-2b5c-403d-b9d7-a1c0ff973394:uuid - startTransferHandler:process
2018-07-27T10:38:29.050Z - [32minfo[39m: Producer::connect::start
2018-07-27T10:38:29.050Z - [32minfo[39m: Producer::start::topic=topic-notification-event
2018-07-27T10:38:29.052Z - [32minfo[39m: start[1532687909048] time[4] tag[metricConsumeSyncQueueProcessingTime]
2018-07-27T10:38:29.167Z - [32minfo[39m: Producer::connect::end
2018-07-27T10:38:29.167Z - [32minfo[39m: start[1532687909051] time[116] tag[metricProducerConnectProcessingTime]
2018-07-27T10:38:29.168Z - [32minfo[39m: Producer.sendMessage:: messageProtocol:'{"from":"dfsp1","to":"dfsp2","id":"93433d45-2b5c-403d-b9d7-a1c0ff973394","content":{"headers":{"content-type":"application/json","date":"2017-11-02T00:00:00.000Z","fspiop-destination":"dfsp2","fspiop-source":"dfsp1","content-length":1049},"payload":{"transferId":"93433d45-2b5c-403d-b9d7-a1c0ff973394","payeeFsp":"dfsp2","payerFsp":"dfsp1","amount":{"amount":"100","currency":"USD"},"ilpPacket":"AQAAAAAAAABkEGcuZXdwMjEuaWQuODAwMjCCAhd7InRyYW5zYWN0aW9uSWQiOiJmODU0NzdkYi0xMzVkLTRlMDgtYThiNy0xMmIyMmQ4MmMwZDYiLCJxdW90ZUlkIjoiOWU2NGYzMjEtYzMyNC00ZDI0LTg5MmYtYzQ3ZWY0ZThkZTkxIiwicGF5ZWUiOnsicGFydHlJZEluZm8iOnsicGFydHlJZFR5cGUiOiJNU0lTRE4iLCJwYXJ0eUlkZW50aWZpZXIiOiIyNTYxMjM0NTYiLCJmc3BJZCI6IjIxIn19LCJwYXllciI6eyJwYXJ0eUlkSW5mbyI6eyJwYXJ0eUlkVHlwZSI6Ik1TSVNETiIsInBhcnR5SWRlbnRpZmllciI6IjI1NjIwMTAwMDAxIiwiZnNwSWQiOiIyMCJ9LCJwZXJzb25hbEluZm8iOnsiY29tcGxleE5hbWUiOnsiZmlyc3ROYW1lIjoiTWF0cyIsImxhc3ROYW1lIjoiSGFnbWFuIn0sImRhdGVPZkJpcnRoIjoiMTk4My0xMC0yNSJ9fSwiYW1vdW50Ijp7ImFtb3VudCI6IjEwMCIsImN1cnJlbmN5IjoiVVNEIn0sInRyYW5zYWN0aW9uVHlwZSI6eyJzY2VuYXJpbyI6IlRSQU5TRkVSIiwiaW5pdGlhdG9yIjoiUEFZRVIiLCJpbml0aWF0b3JUeXBlIjoiQ09OU1VNRVIifSwibm90ZSI6ImhlaiJ9","condition":"uU0nuZNNPgilLlLX2n2r-sSE7-N6U4DukIj3rOLvzek","expiration":"2018-11-08T21:31:00.534+01:00"}},"type":"application/json","metadata":{"event":{"id":"67d63d68-7a03-4227-be15-4da64f69e336","type":"notification","action":"prepare","createdAt":"2018-07-27T10:38:27.424Z","state":{"status":"success","code":0,"description":"action successful"},"responseTo":"e057ed45-9808-4c66-ba14-e3055c7943f3"},"protocol.createdAt":1532687909043}}'
2018-07-27T10:38:29.168Z - [32minfo[39m: Producer::end
2018-07-27T10:38:29.168Z - [32minfo[39m: start[1532687909050] time[118] tag[metricCenLedgerProduceMessage]
2018-07-27T10:38:29.168Z - [32minfo[39m: start[1532687909168] time[0] tag[metricProducerSendMessageProcessingTime]
2018-07-27T10:38:29.171Z - [32minfo[39m: guid=93433d45-2b5c-403d-b9d7-a1c0ff973394:uuid - endTransferHandler:process
2018-07-27T10:38:29.171Z - [32minfo[39m: start[1532687909048] time[123] tag[metricCenLedgerTransferTransfer]
2018-07-27T10:38:29.171Z - [32minfo[39m: start[1532687909169] time[2] tag[metricCommitMessageSyncProcessingTime]
2018-07-27T10:38:29.172Z - [32minfo[39m: start[1532687909172] time[0] tag[metricConsumeRecursiveProcessingTime]
2018-07-27T10:38:29.172Z - [32minfo[39m: start[1532687909172] time[0] tag[metricConsumeSyncQueueResolveProcessingTime]
2018-07-27T10:38:29.905Z - [32minfo[39m: start[1532687909905] time[0] tag[metricConsumeRecursiveProcessingTime]
2018-07-27T10:38:30.001Z - [32minfo[39m: start[1532687910001] time[0] tag[metricConsumeRecursiveProcessingTime]
2018-07-27T10:38:30.006Z - [32minfo[39m: start[1532687910006] time[0] tag[metricConsumeRecursiveProcessingTime]
2018-07-27T10:38:30.022Z - [32minfo[39m: start[1532687910022] time[0] tag[metricConsumeRecursiveProcessingTime]
2018-07-27T10:38:30.144Z - [32minfo[39m: start[1532687910144] time[0] tag[metricConsumeRecursiveProcessingTime]
2018-07-27T10:38:30.275Z - [32minfo[39m: start[1532687910275] time[0] tag[metricConsumeRecursiveProcessingTime]
2018-07-27T10:38:31.005Z - [32minfo[39m: start[1532687911004] time[1] tag[metricConsumeRecursiveProcessingTime]
2018-07-27T10:38:31.100Z - [32minfo[39m: start[1532687911100] time[0] tag[metricConsumeRecursiveProcessingTime]
2018-07-27T10:38:31.105Z - [32minfo[39m: start[1532687911105] time[0] tag[metricConsumeRecursiveProcessingTime]
2018-07-27T10:38:31.121Z - [32minfo[39m: start[1532687911121] time[0] tag[metricConsumeRecursiveProcessingTime]
2018-07-27T10:38:31.244Z - [32minfo[39m: start[1532687911244] time[0] tag[metricConsumeRecursiveProcessingTime]
2018-07-27T10:38:31.376Z - [32minfo[39m: start[1532687911376] time[0] tag[metricConsumeRecursiveProcessingTime]
2018-07-27T10:38:32.105Z - [32minfo[39m: start[1532687912105] time[0] tag[metricConsumeRecursiveProcessingTime]
2018-07-27T10:38:32.200Z - [32minfo[39m: start[1532687912200] time[0] tag[metricConsumeRecursiveProcessingTime]
2018-07-27T10:38:32.205Z - [32minfo[39m: start[1532687912205] time[0] tag[metricConsumeRecursiveProcessingTime]
2018-07-27T10:38:32.221Z - [32minfo[39m: start[1532687912221] time[0] tag[metricConsumeRecursiveProcessingTime]
2018-07-27T10:38:32.344Z - [32minfo[39m: start[1532687912344] time[0] tag[metricConsumeRecursiveProcessingTime]
2018-07-27T10:38:32.475Z - [32minfo[39m: start[1532687912475] time[0] tag[metricConsumeRecursiveProcessingTime]
