2018-07-27T10:40:08.499Z - [32minfo[39m: Handler Setup - Registering {"type":"position","enabled":true,"fspList":["dfsp1"]}!
2018-07-27T10:40:08.706Z - [32minfo[39m: node-rdkafka v0.11.4 ready - {"name":"position-prepare#consumer-1"}
2018-07-27T10:40:08.707Z - [32minfo[39m: start[1532688008503] time[204] tag[metricConsumerConnectProcessingTime]
2018-07-27T10:40:08.708Z - [32minfo[39m: CreateHandle::connect successful topic: topic-dfsp1-position-prepare
2018-07-27T10:40:08.709Z - [32minfo[39m: start[1532688008709] time[0] tag[metricConsumeRecursiveProcessingTime]
2018-07-27T10:40:08.710Z - [32minfo[39m: start[1532688008709] time[1] tag[metricConsumeProcessingTime]
2018-07-27T10:40:08.710Z - [32minfo[39m: start[1532688008502] time[208] tag[metricCenLedgerCreateHandler]
2018-07-27T10:40:08.710Z - [32minfo[39m: start[1532688008501] time[209] tag[metricCenLedgerCreatePositionHandlers]
2018-07-27T10:40:08.710Z - [32minfo[39m: start[1532688008501] time[209] tag[metricCenLedgerRegisterPositionHandlers]
2018-07-27T10:40:09.810Z - [32minfo[39m: start[1532688009810] time[0] tag[metricConsumeRecursiveProcessingTime]
2018-07-27T10:40:11.530Z - [32minfo[39m: start[1532688011530] time[0] tag[metricConsumeRecursiveProcessingTime]
2018-07-27T10:40:12.629Z - [32minfo[39m: start[1532688012629] time[0] tag[metricConsumeRecursiveProcessingTime]
2018-07-27T10:40:13.729Z - [32minfo[39m: start[1532688013729] time[0] tag[metricConsumeRecursiveProcessingTime]
2018-07-27T10:40:14.829Z - [32minfo[39m: start[1532688014829] time[0] tag[metricConsumeRecursiveProcessingTime]
2018-07-27T10:40:15.929Z - [32minfo[39m: start[1532688015929] time[0] tag[metricConsumeRecursiveProcessingTime]
2018-07-27T10:40:17.035Z - [32minfo[39m: start[1532688017035] time[0] tag[metricConsumeRecursiveProcessingTime]
2018-07-27T10:40:17.317Z - [32minfo[39m: start[1532688017035] time[1] tag[metricConsumeRecursiveConsumeProcessingTime]
2018-07-27T10:40:17.318Z - [32minfo[39m: guid=5b45d9e7-d749-43c5-add3-0ff732fda99f:uuid - startPositionHandler:process
2018-07-27T10:40:17.318Z - [32minfo[39m: TransferHandler::position
2018-07-27T10:40:17.319Z - [32minfo[39m: start[1532688017317] time[2] tag[metricConsumeSyncQueueProcessingTime]
2018-07-27T10:40:17.412Z - [32minfo[39m: start[1532688017403] time[9] tag[metricCommitMessageSyncProcessingTime]
2018-07-27T10:40:17.413Z - [32minfo[39m: Producer::start::topic=topic-transfer-transfer
2018-07-27T10:40:17.413Z - [32minfo[39m: Producer::connect::start
2018-07-27T10:40:17.635Z - [32minfo[39m: start[1532688017414] time[221] tag[metricProducerConnectProcessingTime]
2018-07-27T10:40:17.635Z - [32minfo[39m: Producer::connect::end
2018-07-27T10:40:17.635Z - [32minfo[39m: Producer.sendMessage:: messageProtocol:'{"from":"dfsp1","to":"dfsp2","id":"5b45d9e7-d749-43c5-add3-0ff732fda99f","content":{"headers":{"content-type":"application/json","date":"2017-11-02T00:00:00.000Z","fspiop-destination":"dfsp2","fspiop-source":"dfsp1","content-length":1049},"payload":{"transferId":"5b45d9e7-d749-43c5-add3-0ff732fda99f","payeeFsp":"dfsp2","payerFsp":"dfsp1","amount":{"amount":"100","currency":"USD"},"ilpPacket":"AQAAAAAAAABkEGcuZXdwMjEuaWQuODAwMjCCAhd7InRyYW5zYWN0aW9uSWQiOiJmODU0NzdkYi0xMzVkLTRlMDgtYThiNy0xMmIyMmQ4MmMwZDYiLCJxdW90ZUlkIjoiOWU2NGYzMjEtYzMyNC00ZDI0LTg5MmYtYzQ3ZWY0ZThkZTkxIiwicGF5ZWUiOnsicGFydHlJZEluZm8iOnsicGFydHlJZFR5cGUiOiJNU0lTRE4iLCJwYXJ0eUlkZW50aWZpZXIiOiIyNTYxMjM0NTYiLCJmc3BJZCI6IjIxIn19LCJwYXllciI6eyJwYXJ0eUlkSW5mbyI6eyJwYXJ0eUlkVHlwZSI6Ik1TSVNETiIsInBhcnR5SWRlbnRpZmllciI6IjI1NjIwMTAwMDAxIiwiZnNwSWQiOiIyMCJ9LCJwZXJzb25hbEluZm8iOnsiY29tcGxleE5hbWUiOnsiZmlyc3ROYW1lIjoiTWF0cyIsImxhc3ROYW1lIjoiSGFnbWFuIn0sImRhdGVPZkJpcnRoIjoiMTk4My0xMC0yNSJ9fSwiYW1vdW50Ijp7ImFtb3VudCI6IjEwMCIsImN1cnJlbmN5IjoiVVNEIn0sInRyYW5zYWN0aW9uVHlwZSI6eyJzY2VuYXJpbyI6IlRSQU5TRkVSIiwiaW5pdGlhdG9yIjoiUEFZRVIiLCJpbml0aWF0b3JUeXBlIjoiQ09OU1VNRVIifSwibm90ZSI6ImhlaiJ9","condition":"uU0nuZNNPgilLlLX2n2r-sSE7-N6U4DukIj3rOLvzek","expiration":"2018-11-08T21:31:00.534+01:00"}},"type":"application/json","metadata":{"event":{"id":"d7d4bcf5-8ea9-45fa-b6c5-509830b1e3a4","type":"transfer","action":"prepare","createdAt":"2018-07-27T10:40:15.826Z","state":{"status":"success","code":0,"description":"action successful"},"responseTo":"a0e3302a-c929-48e2-a7b0-33111f845123"},"protocol.createdAt":1532688017111}}'
2018-07-27T10:40:17.636Z - [32minfo[39m: start[1532688017635] time[1] tag[metricProducerSendMessageProcessingTime]
2018-07-27T10:40:17.636Z - [32minfo[39m: Producer::end
2018-07-27T10:40:17.636Z - [32minfo[39m: start[1532688017413] time[223] tag[metricCenLedgerProduceMessage]
2018-07-27T10:40:17.636Z - [32minfo[39m: guid=5b45d9e7-d749-43c5-add3-0ff732fda99f:uuid - endPositionHandler:process
2018-07-27T10:40:17.636Z - [32minfo[39m: start[1532688017318] time[318] tag[metricCenLedgerPositions]
2018-07-27T10:40:17.637Z - [32minfo[39m: start[1532688017637] time[0] tag[metricConsumeRecursiveProcessingTime]
2018-07-27T10:40:17.637Z - [32minfo[39m: start[1532688017636] time[1] tag[metricConsumeSyncQueueResolveProcessingTime]
2018-07-27T10:40:18.737Z - [32minfo[39m: start[1532688018737] time[0] tag[metricConsumeRecursiveProcessingTime]
2018-07-27T10:40:19.837Z - [32minfo[39m: start[1532688019837] time[0] tag[metricConsumeRecursiveProcessingTime]
2018-07-27T10:40:20.937Z - [32minfo[39m: start[1532688020937] time[0] tag[metricConsumeRecursiveProcessingTime]
