2018-07-27T10:05:38.526Z - [32minfo[39m: Handler Setup - Registering {"type":"fulfil","enabled":true}!
2018-07-27T10:05:38.735Z - [32minfo[39m: node-rdkafka v0.11.4 ready - {"name":"topic-transfer-fulfil#consumer-1"}
2018-07-27T10:05:38.736Z - [32minfo[39m: start[1532685938531] time[205] tag[metricConsumerConnectProcessingTime]
2018-07-27T10:05:38.738Z - [32minfo[39m: CreateHandle::connect successful topic: topic-transfer-fulfil
2018-07-27T10:05:38.740Z - [32minfo[39m: start[1532685938739] time[1] tag[metricConsumeRecursiveProcessingTime]
2018-07-27T10:05:38.740Z - [32minfo[39m: start[1532685938738] time[2] tag[metricConsumeProcessingTime]
2018-07-27T10:05:38.741Z - [32minfo[39m: start[1532685938530] time[211] tag[metricCenLedgerCreateHandler]
2018-07-27T10:05:38.741Z - [32minfo[39m: start[1532685938528] time[213] tag[metricCenLedgerCreateFulfilHandler]
2018-07-27T10:05:39.840Z - [32minfo[39m: start[1532685939840] time[0] tag[metricConsumeRecursiveProcessingTime]
2018-07-27T10:05:41.636Z - [32minfo[39m: start[1532685941636] time[0] tag[metricConsumeRecursiveProcessingTime]
2018-07-27T10:05:42.744Z - [32minfo[39m: start[1532685942743] time[0] tag[metricConsumeRecursiveProcessingTime]
2018-07-27T10:05:43.846Z - [32minfo[39m: start[1532685943846] time[0] tag[metricConsumeRecursiveProcessingTime]
2018-07-27T10:05:44.946Z - [32minfo[39m: start[1532685944946] time[0] tag[metricConsumeRecursiveProcessingTime]
2018-07-27T10:05:46.046Z - [32minfo[39m: start[1532685946046] time[0] tag[metricConsumeRecursiveProcessingTime]
2018-07-27T10:05:47.145Z - [32minfo[39m: start[1532685947145] time[0] tag[metricConsumeRecursiveProcessingTime]
2018-07-27T10:05:48.247Z - [32minfo[39m: start[1532685948247] time[0] tag[metricConsumeRecursiveProcessingTime]
2018-07-27T10:05:49.347Z - [32minfo[39m: start[1532685949347] time[0] tag[metricConsumeRecursiveProcessingTime]
2018-07-27T10:05:50.447Z - [32minfo[39m: start[1532685950447] time[0] tag[metricConsumeRecursiveProcessingTime]
2018-07-27T10:05:51.547Z - [32minfo[39m: start[1532685951547] time[0] tag[metricConsumeRecursiveProcessingTime]
2018-07-27T10:05:52.652Z - [32minfo[39m: start[1532685952652] time[0] tag[metricConsumeRecursiveProcessingTime]
2018-07-27T10:05:53.751Z - [32minfo[39m: start[1532685953751] time[0] tag[metricConsumeRecursiveProcessingTime]
2018-07-27T10:05:54.855Z - [32minfo[39m: start[1532685954855] time[0] tag[metricConsumeRecursiveProcessingTime]
2018-07-27T10:05:55.956Z - [32minfo[39m: start[1532685955956] time[0] tag[metricConsumeRecursiveProcessingTime]
2018-07-27T10:05:57.056Z - [32minfo[39m: start[1532685957055] time[0] tag[metricConsumeRecursiveProcessingTime]
2018-07-27T10:05:58.155Z - [32minfo[39m: start[1532685958155] time[0] tag[metricConsumeRecursiveProcessingTime]
2018-07-27T10:05:59.253Z - [32minfo[39m: start[1532685959253] time[0] tag[metricConsumeRecursiveProcessingTime]
2018-07-27T10:06:00.353Z - [32minfo[39m: start[1532685960352] time[1] tag[metricConsumeRecursiveProcessingTime]
2018-07-27T10:06:01.451Z - [32minfo[39m: start[1532685961451] time[0] tag[metricConsumeRecursiveProcessingTime]
2018-07-27T10:06:02.585Z - [32minfo[39m: start[1532685962585] time[0] tag[metricConsumeRecursiveProcessingTime]
2018-07-27T10:06:03.704Z - [32minfo[39m: start[1532685963704] time[0] tag[metricConsumeRecursiveProcessingTime]
2018-07-27T10:06:04.802Z - [32minfo[39m: start[1532685964802] time[0] tag[metricConsumeRecursiveProcessingTime]
2018-07-27T10:06:05.902Z - [32minfo[39m: start[1532685965902] time[0] tag[metricConsumeRecursiveProcessingTime]
2018-07-27T10:06:07.002Z - [32minfo[39m: start[1532685967002] time[0] tag[metricConsumeRecursiveProcessingTime]
2018-07-27T10:06:08.102Z - [32minfo[39m: start[1532685968102] time[0] tag[metricConsumeRecursiveProcessingTime]
2018-07-27T10:06:09.210Z - [32minfo[39m: start[1532685969210] time[0] tag[metricConsumeRecursiveProcessingTime]
2018-07-27T10:06:10.310Z - [32minfo[39m: start[1532685970310] time[0] tag[metricConsumeRecursiveProcessingTime]
2018-07-27T10:06:11.410Z - [32minfo[39m: start[1532685971410] time[0] tag[metricConsumeRecursiveProcessingTime]
2018-07-27T10:06:12.509Z - [32minfo[39m: start[1532685972509] time[0] tag[metricConsumeRecursiveProcessingTime]
2018-07-27T10:06:13.609Z - [32minfo[39m: start[1532685973609] time[0] tag[metricConsumeRecursiveProcessingTime]
2018-07-27T10:06:14.708Z - [32minfo[39m: start[1532685974708] time[0] tag[metricConsumeRecursiveProcessingTime]
2018-07-27T10:06:15.808Z - [32minfo[39m: start[1532685975808] time[0] tag[metricConsumeRecursiveProcessingTime]
2018-07-27T10:06:16.907Z - [32minfo[39m: start[1532685976907] time[0] tag[metricConsumeRecursiveProcessingTime]
