2018-07-27T10:25:50.584Z - [32minfo[39m: Handler Setup - Registering {"type":"position","enabled":true,"fspList":["dfsp2"]}!
2018-07-27T10:25:50.792Z - [32minfo[39m: node-rdkafka v0.11.4 ready - {"name":"position-prepare#consumer-1"}
2018-07-27T10:25:50.793Z - [32minfo[39m: start[1532687150588] time[205] tag[metricConsumerConnectProcessingTime]
2018-07-27T10:25:50.795Z - [32minfo[39m: CreateHandle::connect successful topic: topic-dfsp2-position-prepare
2018-07-27T10:25:50.796Z - [32minfo[39m: start[1532687150796] time[0] tag[metricConsumeRecursiveProcessingTime]
2018-07-27T10:25:50.796Z - [32minfo[39m: start[1532687150795] time[1] tag[metricConsumeProcessingTime]
2018-07-27T10:25:50.797Z - [32minfo[39m: start[1532687150587] time[210] tag[metricCenLedgerCreateHandler]
2018-07-27T10:25:50.797Z - [32minfo[39m: start[1532687150586] time[211] tag[metricCenLedgerCreatePositionHandlers]
2018-07-27T10:25:50.797Z - [32minfo[39m: start[1532687150585] time[212] tag[metricCenLedgerRegisterPositionHandlers]
2018-07-27T10:25:51.896Z - [32minfo[39m: start[1532687151896] time[0] tag[metricConsumeRecursiveProcessingTime]
2018-07-27T10:25:53.688Z - [32minfo[39m: start[1532687153688] time[0] tag[metricConsumeRecursiveProcessingTime]
2018-07-27T10:25:54.788Z - [32minfo[39m: start[1532687154788] time[0] tag[metricConsumeRecursiveProcessingTime]
2018-07-27T10:25:55.889Z - [32minfo[39m: start[1532687155889] time[0] tag[metricConsumeRecursiveProcessingTime]
2018-07-27T10:25:56.989Z - [32minfo[39m: start[1532687156989] time[0] tag[metricConsumeRecursiveProcessingTime]
2018-07-27T10:25:58.091Z - [32minfo[39m: start[1532687158090] time[1] tag[metricConsumeRecursiveProcessingTime]
2018-07-27T10:25:59.192Z - [32minfo[39m: start[1532687159192] time[0] tag[metricConsumeRecursiveProcessingTime]
2018-07-27T10:26:00.292Z - [32minfo[39m: start[1532687160292] time[0] tag[metricConsumeRecursiveProcessingTime]
2018-07-27T10:26:01.392Z - [32minfo[39m: start[1532687161392] time[0] tag[metricConsumeRecursiveProcessingTime]
2018-07-27T10:26:02.491Z - [32minfo[39m: start[1532687162491] time[0] tag[metricConsumeRecursiveProcessingTime]
2018-07-27T10:26:03.590Z - [32minfo[39m: start[1532687163590] time[0] tag[metricConsumeRecursiveProcessingTime]
2018-07-27T10:26:04.690Z - [32minfo[39m: start[1532687164690] time[0] tag[metricConsumeRecursiveProcessingTime]
2018-07-27T10:26:05.789Z - [32minfo[39m: start[1532687165789] time[0] tag[metricConsumeRecursiveProcessingTime]
2018-07-27T10:26:06.890Z - [32minfo[39m: start[1532687166890] time[0] tag[metricConsumeRecursiveProcessingTime]
2018-07-27T10:26:07.991Z - [32minfo[39m: start[1532687167991] time[0] tag[metricConsumeRecursiveProcessingTime]
2018-07-27T10:26:09.091Z - [32minfo[39m: start[1532687169091] time[0] tag[metricConsumeRecursiveProcessingTime]
2018-07-27T10:26:10.192Z - [32minfo[39m: start[1532687170192] time[0] tag[metricConsumeRecursiveProcessingTime]
2018-07-27T10:26:11.291Z - [32minfo[39m: start[1532687171291] time[0] tag[metricConsumeRecursiveProcessingTime]
2018-07-27T10:26:12.391Z - [32minfo[39m: start[1532687172390] time[1] tag[metricConsumeRecursiveProcessingTime]
2018-07-27T10:26:13.490Z - [32minfo[39m: start[1532687173490] time[0] tag[metricConsumeRecursiveProcessingTime]
2018-07-27T10:26:14.636Z - [32minfo[39m: start[1532687174636] time[0] tag[metricConsumeRecursiveProcessingTime]
2018-07-27T10:26:15.738Z - [32minfo[39m: start[1532687175738] time[0] tag[metricConsumeRecursiveProcessingTime]
2018-07-27T10:26:16.838Z - [32minfo[39m: start[1532687176838] time[0] tag[metricConsumeRecursiveProcessingTime]
2018-07-27T10:26:17.938Z - [32minfo[39m: start[1532687177938] time[0] tag[metricConsumeRecursiveProcessingTime]
2018-07-27T10:26:19.037Z - [32minfo[39m: start[1532687179037] time[0] tag[metricConsumeRecursiveProcessingTime]
2018-07-27T10:26:20.137Z - [32minfo[39m: start[1532687180137] time[0] tag[metricConsumeRecursiveProcessingTime]
2018-07-27T10:26:21.238Z - [32minfo[39m: start[1532687181238] time[0] tag[metricConsumeRecursiveProcessingTime]
2018-07-27T10:26:22.338Z - [32minfo[39m: start[1532687182338] time[0] tag[metricConsumeRecursiveProcessingTime]
2018-07-27T10:26:23.437Z - [32minfo[39m: start[1532687183437] time[0] tag[metricConsumeRecursiveProcessingTime]
2018-07-27T10:26:24.536Z - [32minfo[39m: start[1532687184536] time[0] tag[metricConsumeRecursiveProcessingTime]
2018-07-27T10:26:25.636Z - [32minfo[39m: start[1532687185636] time[0] tag[metricConsumeRecursiveProcessingTime]
2018-07-27T10:26:26.736Z - [32minfo[39m: start[1532687186736] time[0] tag[metricConsumeRecursiveProcessingTime]
2018-07-27T10:26:27.837Z - [32minfo[39m: start[1532687187837] time[0] tag[metricConsumeRecursiveProcessingTime]
2018-07-27T10:26:28.937Z - [32minfo[39m: start[1532687188937] time[0] tag[metricConsumeRecursiveProcessingTime]
2018-07-27T10:26:30.037Z - [32minfo[39m: start[1532687190037] time[0] tag[metricConsumeRecursiveProcessingTime]
2018-07-27T10:26:31.136Z - [32minfo[39m: start[1532687191136] time[0] tag[metricConsumeRecursiveProcessingTime]
2018-07-27T10:26:32.236Z - [32minfo[39m: start[1532687192236] time[0] tag[metricConsumeRecursiveProcessingTime]
2018-07-27T10:26:33.335Z - [32minfo[39m: start[1532687193335] time[0] tag[metricConsumeRecursiveProcessingTime]
2018-07-27T10:26:34.436Z - [32minfo[39m: start[1532687194436] time[0] tag[metricConsumeRecursiveProcessingTime]
2018-07-27T10:26:35.536Z - [32minfo[39m: start[1532687195536] time[0] tag[metricConsumeRecursiveProcessingTime]
2018-07-27T10:26:36.636Z - [32minfo[39m: start[1532687196636] time[0] tag[metricConsumeRecursiveProcessingTime]
2018-07-27T10:26:37.735Z - [32minfo[39m: start[1532687197735] time[0] tag[metricConsumeRecursiveProcessingTime]
2018-07-27T10:26:38.835Z - [32minfo[39m: start[1532687198835] time[0] tag[metricConsumeRecursiveProcessingTime]
2018-07-27T10:26:39.934Z - [32minfo[39m: start[1532687199934] time[0] tag[metricConsumeRecursiveProcessingTime]
2018-07-27T10:26:41.039Z - [32minfo[39m: start[1532687201039] time[0] tag[metricConsumeRecursiveProcessingTime]
2018-07-27T10:26:42.139Z - [32minfo[39m: start[1532687202139] time[0] tag[metricConsumeRecursiveProcessingTime]
2018-07-27T10:26:43.240Z - [32minfo[39m: start[1532687203240] time[0] tag[metricConsumeRecursiveProcessingTime]
2018-07-27T10:26:44.338Z - [32minfo[39m: start[1532687204338] time[0] tag[metricConsumeRecursiveProcessingTime]
2018-07-27T10:26:45.438Z - [32minfo[39m: start[1532687205438] time[0] tag[metricConsumeRecursiveProcessingTime]
2018-07-27T10:26:46.538Z - [32minfo[39m: start[1532687206538] time[0] tag[metricConsumeRecursiveProcessingTime]
2018-07-27T10:26:47.639Z - [32minfo[39m: start[1532687207639] time[0] tag[metricConsumeRecursiveProcessingTime]
2018-07-27T10:26:48.739Z - [32minfo[39m: start[1532687208739] time[0] tag[metricConsumeRecursiveProcessingTime]
2018-07-27T10:26:49.838Z - [32minfo[39m: start[1532687209838] time[0] tag[metricConsumeRecursiveProcessingTime]
2018-07-27T10:26:50.938Z - [32minfo[39m: start[1532687210938] time[0] tag[metricConsumeRecursiveProcessingTime]
2018-07-27T10:26:52.037Z - [32minfo[39m: start[1532687212037] time[0] tag[metricConsumeRecursiveProcessingTime]
2018-07-27T10:26:53.137Z - [32minfo[39m: start[1532687213137] time[0] tag[metricConsumeRecursiveProcessingTime]
2018-07-27T10:26:54.237Z - [32minfo[39m: start[1532687214237] time[0] tag[metricConsumeRecursiveProcessingTime]
2018-07-27T10:26:55.336Z - [32minfo[39m: start[1532687215336] time[0] tag[metricConsumeRecursiveProcessingTime]
2018-07-27T10:26:56.439Z - [32minfo[39m: start[1532687216439] time[0] tag[metricConsumeRecursiveProcessingTime]
2018-07-27T10:26:57.538Z - [32minfo[39m: start[1532687217538] time[0] tag[metricConsumeRecursiveProcessingTime]
2018-07-27T10:26:58.638Z - [32minfo[39m: start[1532687218638] time[0] tag[metricConsumeRecursiveProcessingTime]
2018-07-27T10:26:59.739Z - [32minfo[39m: start[1532687219739] time[0] tag[metricConsumeRecursiveProcessingTime]
2018-07-27T10:27:00.839Z - [32minfo[39m: start[1532687220839] time[0] tag[metricConsumeRecursiveProcessingTime]
2018-07-27T10:27:01.938Z - [32minfo[39m: start[1532687221938] time[0] tag[metricConsumeRecursiveProcessingTime]
2018-07-27T10:27:03.039Z - [32minfo[39m: start[1532687223039] time[0] tag[metricConsumeRecursiveProcessingTime]
2018-07-27T10:27:04.139Z - [32minfo[39m: start[1532687224139] time[0] tag[metricConsumeRecursiveProcessingTime]
2018-07-27T10:27:05.239Z - [32minfo[39m: start[1532687225239] time[0] tag[metricConsumeRecursiveProcessingTime]
2018-07-27T10:27:06.339Z - [32minfo[39m: start[1532687226339] time[0] tag[metricConsumeRecursiveProcessingTime]
2018-07-27T10:27:07.438Z - [32minfo[39m: start[1532687227438] time[0] tag[metricConsumeRecursiveProcessingTime]
2018-07-27T10:27:08.538Z - [32minfo[39m: start[1532687228538] time[0] tag[metricConsumeRecursiveProcessingTime]
2018-07-27T10:27:09.643Z - [32minfo[39m: start[1532687229643] time[0] tag[metricConsumeRecursiveProcessingTime]
2018-07-27T10:27:10.745Z - [32minfo[39m: start[1532687230745] time[0] tag[metricConsumeRecursiveProcessingTime]
2018-07-27T10:27:11.845Z - [32minfo[39m: start[1532687231845] time[0] tag[metricConsumeRecursiveProcessingTime]
2018-07-27T10:27:12.944Z - [32minfo[39m: start[1532687232944] time[0] tag[metricConsumeRecursiveProcessingTime]
2018-07-27T10:27:14.045Z - [32minfo[39m: start[1532687234045] time[0] tag[metricConsumeRecursiveProcessingTime]
2018-07-27T10:27:15.145Z - [32minfo[39m: start[1532687235145] time[0] tag[metricConsumeRecursiveProcessingTime]
2018-07-27T10:27:16.244Z - [32minfo[39m: start[1532687236244] time[0] tag[metricConsumeRecursiveProcessingTime]
2018-07-27T10:27:17.347Z - [32minfo[39m: start[1532687237347] time[0] tag[metricConsumeRecursiveProcessingTime]
2018-07-27T10:27:18.447Z - [32minfo[39m: start[1532687238447] time[0] tag[metricConsumeRecursiveProcessingTime]
2018-07-27T10:27:19.546Z - [32minfo[39m: start[1532687239546] time[0] tag[metricConsumeRecursiveProcessingTime]
