2018-07-27T10:29:20.248Z - [32minfo[39m: Handler Setup - Registering {"type":"fulfil","enabled":true}!
2018-07-27T10:29:20.455Z - [32minfo[39m: node-rdkafka v0.11.4 ready - {"name":"topic-transfer-fulfil#consumer-1"}
2018-07-27T10:29:20.456Z - [32minfo[39m: start[1532687360251] time[204] tag[metricConsumerConnectProcessingTime]
2018-07-27T10:29:20.457Z - [32minfo[39m: CreateHandle::connect successful topic: topic-transfer-fulfil
2018-07-27T10:29:20.458Z - [32minfo[39m: start[1532687360458] time[0] tag[metricConsumeRecursiveProcessingTime]
2018-07-27T10:29:20.458Z - [32minfo[39m: start[1532687360457] time[1] tag[metricConsumeProcessingTime]
2018-07-27T10:29:20.459Z - [32minfo[39m: start[1532687360251] time[208] tag[metricCenLedgerCreateHandler]
2018-07-27T10:29:20.459Z - [32minfo[39m: start[1532687360249] time[210] tag[metricCenLedgerCreateFulfilHandler]
2018-07-27T10:29:21.559Z - [32minfo[39m: start[1532687361559] time[0] tag[metricConsumeRecursiveProcessingTime]
2018-07-27T10:29:23.276Z - [32minfo[39m: start[1532687363276] time[0] tag[metricConsumeRecursiveProcessingTime]
2018-07-27T10:29:24.376Z - [32minfo[39m: start[1532687364375] time[1] tag[metricConsumeRecursiveProcessingTime]
2018-07-27T10:29:25.475Z - [32minfo[39m: start[1532687365475] time[0] tag[metricConsumeRecursiveProcessingTime]
2018-07-27T10:29:26.579Z - [32minfo[39m: start[1532687366579] time[0] tag[metricConsumeRecursiveProcessingTime]
2018-07-27T10:29:27.679Z - [32minfo[39m: start[1532687367679] time[0] tag[metricConsumeRecursiveProcessingTime]
2018-07-27T10:29:28.780Z - [32minfo[39m: start[1532687368780] time[0] tag[metricConsumeRecursiveProcessingTime]
2018-07-27T10:29:29.879Z - [32minfo[39m: start[1532687369879] time[0] tag[metricConsumeRecursiveProcessingTime]
2018-07-27T10:29:30.983Z - [32minfo[39m: start[1532687370983] time[0] tag[metricConsumeRecursiveProcessingTime]
2018-07-27T10:29:32.083Z - [32minfo[39m: start[1532687372083] time[0] tag[metricConsumeRecursiveProcessingTime]
2018-07-27T10:29:33.182Z - [32minfo[39m: start[1532687373182] time[0] tag[metricConsumeRecursiveProcessingTime]
2018-07-27T10:29:34.282Z - [32minfo[39m: start[1532687374282] time[0] tag[metricConsumeRecursiveProcessingTime]
2018-07-27T10:29:35.383Z - [32minfo[39m: start[1532687375383] time[0] tag[metricConsumeRecursiveProcessingTime]
2018-07-27T10:29:36.483Z - [32minfo[39m: start[1532687376483] time[0] tag[metricConsumeRecursiveProcessingTime]
2018-07-27T10:29:37.584Z - [32minfo[39m: start[1532687377584] time[0] tag[metricConsumeRecursiveProcessingTime]
2018-07-27T10:29:38.684Z - [32minfo[39m: start[1532687378684] time[0] tag[metricConsumeRecursiveProcessingTime]
2018-07-27T10:29:39.783Z - [32minfo[39m: start[1532687379783] time[0] tag[metricConsumeRecursiveProcessingTime]
2018-07-27T10:29:40.884Z - [32minfo[39m: start[1532687380884] time[0] tag[metricConsumeRecursiveProcessingTime]
2018-07-27T10:29:41.986Z - [32minfo[39m: start[1532687381986] time[0] tag[metricConsumeRecursiveProcessingTime]
2018-07-27T10:29:43.086Z - [32minfo[39m: start[1532687383086] time[0] tag[metricConsumeRecursiveProcessingTime]
2018-07-27T10:29:44.235Z - [32minfo[39m: start[1532687384235] time[0] tag[metricConsumeRecursiveProcessingTime]
2018-07-27T10:29:45.335Z - [32minfo[39m: start[1532687385335] time[0] tag[metricConsumeRecursiveProcessingTime]
2018-07-27T10:29:46.437Z - [32minfo[39m: start[1532687386436] time[0] tag[metricConsumeRecursiveProcessingTime]
2018-07-27T10:29:47.535Z - [32minfo[39m: start[1532687387535] time[0] tag[metricConsumeRecursiveProcessingTime]
2018-07-27T10:29:48.635Z - [32minfo[39m: start[1532687388635] time[0] tag[metricConsumeRecursiveProcessingTime]
2018-07-27T10:29:49.735Z - [32minfo[39m: start[1532687389735] time[0] tag[metricConsumeRecursiveProcessingTime]
2018-07-27T10:29:50.835Z - [32minfo[39m: start[1532687390835] time[0] tag[metricConsumeRecursiveProcessingTime]
2018-07-27T10:29:51.936Z - [32minfo[39m: start[1532687391936] time[0] tag[metricConsumeRecursiveProcessingTime]
2018-07-27T10:29:53.039Z - [32minfo[39m: start[1532687393039] time[0] tag[metricConsumeRecursiveProcessingTime]
2018-07-27T10:29:54.139Z - [32minfo[39m: start[1532687394139] time[0] tag[metricConsumeRecursiveProcessingTime]
2018-07-27T10:29:55.237Z - [32minfo[39m: start[1532687395237] time[0] tag[metricConsumeRecursiveProcessingTime]
2018-07-27T10:29:56.340Z - [32minfo[39m: start[1532687396340] time[0] tag[metricConsumeRecursiveProcessingTime]
2018-07-27T10:29:57.439Z - [32minfo[39m: start[1532687397439] time[0] tag[metricConsumeRecursiveProcessingTime]
2018-07-27T10:29:58.538Z - [32minfo[39m: start[1532687398538] time[0] tag[metricConsumeRecursiveProcessingTime]
2018-07-27T10:29:59.643Z - [32minfo[39m: start[1532687399643] time[0] tag[metricConsumeRecursiveProcessingTime]
2018-07-27T10:30:00.743Z - [32minfo[39m: start[1532687400743] time[0] tag[metricConsumeRecursiveProcessingTime]
2018-07-27T10:30:01.852Z - [32minfo[39m: start[1532687401852] time[0] tag[metricConsumeRecursiveProcessingTime]
2018-07-27T10:30:02.952Z - [32minfo[39m: start[1532687402951] time[0] tag[metricConsumeRecursiveProcessingTime]
2018-07-27T10:30:04.051Z - [32minfo[39m: start[1532687404051] time[0] tag[metricConsumeRecursiveProcessingTime]
2018-07-27T10:30:05.150Z - [32minfo[39m: start[1532687405150] time[0] tag[metricConsumeRecursiveProcessingTime]
2018-07-27T10:30:06.250Z - [32minfo[39m: start[1532687406250] time[0] tag[metricConsumeRecursiveProcessingTime]
2018-07-27T10:30:07.350Z - [32minfo[39m: start[1532687407350] time[0] tag[metricConsumeRecursiveProcessingTime]
2018-07-27T10:30:08.451Z - [32minfo[39m: start[1532687408451] time[0] tag[metricConsumeRecursiveProcessingTime]
2018-07-27T10:30:09.551Z - [32minfo[39m: start[1532687409551] time[0] tag[metricConsumeRecursiveProcessingTime]
2018-07-27T10:30:10.649Z - [32minfo[39m: start[1532687410649] time[0] tag[metricConsumeRecursiveProcessingTime]
2018-07-27T10:30:11.748Z - [32minfo[39m: start[1532687411748] time[0] tag[metricConsumeRecursiveProcessingTime]
2018-07-27T10:30:12.848Z - [32minfo[39m: start[1532687412848] time[0] tag[metricConsumeRecursiveProcessingTime]
2018-07-27T10:30:13.947Z - [32minfo[39m: start[1532687413947] time[0] tag[metricConsumeRecursiveProcessingTime]
2018-07-27T10:30:15.047Z - [32minfo[39m: start[1532687415047] time[0] tag[metricConsumeRecursiveProcessingTime]
2018-07-27T10:30:16.147Z - [32minfo[39m: start[1532687416147] time[0] tag[metricConsumeRecursiveProcessingTime]
2018-07-27T10:30:17.247Z - [32minfo[39m: start[1532687417247] time[0] tag[metricConsumeRecursiveProcessingTime]
2018-07-27T10:30:18.348Z - [32minfo[39m: start[1532687418348] time[0] tag[metricConsumeRecursiveProcessingTime]
2018-07-27T10:30:19.448Z - [32minfo[39m: start[1532687419448] time[0] tag[metricConsumeRecursiveProcessingTime]
2018-07-27T10:30:20.548Z - [32minfo[39m: start[1532687420548] time[0] tag[metricConsumeRecursiveProcessingTime]
