2018-07-27T10:34:54.703Z - [32minfo[39m: Handler Setup - Registering {"type":"fulfil","enabled":true}!
2018-07-27T10:34:54.910Z - [32minfo[39m: node-rdkafka v0.11.4 ready - {"name":"topic-transfer-fulfil#consumer-1"}
2018-07-27T10:34:54.911Z - [32minfo[39m: start[1532687694706] time[205] tag[metricConsumerConnectProcessingTime]
2018-07-27T10:34:54.913Z - [32minfo[39m: CreateHandle::connect successful topic: topic-transfer-fulfil
2018-07-27T10:34:54.914Z - [32minfo[39m: start[1532687694914] time[0] tag[metricConsumeRecursiveProcessingTime]
2018-07-27T10:34:54.914Z - [32minfo[39m: start[1532687694913] time[1] tag[metricConsumeProcessingTime]
2018-07-27T10:34:54.915Z - [32minfo[39m: start[1532687694706] time[209] tag[metricCenLedgerCreateHandler]
2018-07-27T10:34:54.915Z - [32minfo[39m: start[1532687694704] time[211] tag[metricCenLedgerCreateFulfilHandler]
2018-07-27T10:34:56.015Z - [32minfo[39m: start[1532687696015] time[0] tag[metricConsumeRecursiveProcessingTime]
2018-07-27T10:34:57.726Z - [32minfo[39m: start[1532687697726] time[0] tag[metricConsumeRecursiveProcessingTime]
2018-07-27T10:34:58.825Z - [32minfo[39m: start[1532687698825] time[0] tag[metricConsumeRecursiveProcessingTime]
2018-07-27T10:34:59.925Z - [32minfo[39m: start[1532687699925] time[0] tag[metricConsumeRecursiveProcessingTime]
2018-07-27T10:35:01.025Z - [32minfo[39m: start[1532687701024] time[0] tag[metricConsumeRecursiveProcessingTime]
2018-07-27T10:35:02.123Z - [32minfo[39m: start[1532687702123] time[0] tag[metricConsumeRecursiveProcessingTime]
2018-07-27T10:35:03.223Z - [32minfo[39m: start[1532687703223] time[0] tag[metricConsumeRecursiveProcessingTime]
2018-07-27T10:35:04.326Z - [32minfo[39m: start[1532687704326] time[0] tag[metricConsumeRecursiveProcessingTime]
2018-07-27T10:35:05.426Z - [32minfo[39m: start[1532687705426] time[0] tag[metricConsumeRecursiveProcessingTime]
2018-07-27T10:35:06.525Z - [32minfo[39m: start[1532687706525] time[0] tag[metricConsumeRecursiveProcessingTime]
2018-07-27T10:35:07.624Z - [32minfo[39m: start[1532687707624] time[0] tag[metricConsumeRecursiveProcessingTime]
2018-07-27T10:35:08.726Z - [32minfo[39m: start[1532687708726] time[0] tag[metricConsumeRecursiveProcessingTime]
2018-07-27T10:35:09.826Z - [32minfo[39m: start[1532687709826] time[0] tag[metricConsumeRecursiveProcessingTime]
2018-07-27T10:35:10.927Z - [32minfo[39m: start[1532687710927] time[0] tag[metricConsumeRecursiveProcessingTime]
2018-07-27T10:35:12.027Z - [32minfo[39m: start[1532687712027] time[0] tag[metricConsumeRecursiveProcessingTime]
2018-07-27T10:35:13.129Z - [32minfo[39m: start[1532687713129] time[0] tag[metricConsumeRecursiveProcessingTime]
2018-07-27T10:35:14.229Z - [32minfo[39m: start[1532687714229] time[0] tag[metricConsumeRecursiveProcessingTime]
2018-07-27T10:35:15.329Z - [32minfo[39m: start[1532687715329] time[0] tag[metricConsumeRecursiveProcessingTime]
2018-07-27T10:35:16.429Z - [32minfo[39m: start[1532687716429] time[0] tag[metricConsumeRecursiveProcessingTime]
2018-07-27T10:35:17.528Z - [32minfo[39m: start[1532687717528] time[0] tag[metricConsumeRecursiveProcessingTime]
2018-07-27T10:35:18.632Z - [32minfo[39m: start[1532687718632] time[0] tag[metricConsumeRecursiveProcessingTime]
2018-07-27T10:35:19.733Z - [32minfo[39m: start[1532687719733] time[0] tag[metricConsumeRecursiveProcessingTime]
2018-07-27T10:35:20.834Z - [32minfo[39m: start[1532687720834] time[0] tag[metricConsumeRecursiveProcessingTime]
2018-07-27T10:35:21.934Z - [32minfo[39m: start[1532687721934] time[0] tag[metricConsumeRecursiveProcessingTime]
2018-07-27T10:35:23.033Z - [32minfo[39m: start[1532687723033] time[0] tag[metricConsumeRecursiveProcessingTime]
2018-07-27T10:35:24.133Z - [32minfo[39m: start[1532687724133] time[0] tag[metricConsumeRecursiveProcessingTime]
2018-07-27T10:35:25.233Z - [32minfo[39m: start[1532687725233] time[0] tag[metricConsumeRecursiveProcessingTime]
2018-07-27T10:35:26.333Z - [32minfo[39m: start[1532687726333] time[0] tag[metricConsumeRecursiveProcessingTime]
2018-07-27T10:35:27.432Z - [32minfo[39m: start[1532687727432] time[0] tag[metricConsumeRecursiveProcessingTime]
2018-07-27T10:35:28.535Z - [32minfo[39m: start[1532687728535] time[0] tag[metricConsumeRecursiveProcessingTime]
2018-07-27T10:35:29.636Z - [32minfo[39m: start[1532687729636] time[0] tag[metricConsumeRecursiveProcessingTime]
2018-07-27T10:35:30.736Z - [32minfo[39m: start[1532687730736] time[0] tag[metricConsumeRecursiveProcessingTime]
2018-07-27T10:35:31.835Z - [32minfo[39m: start[1532687731835] time[0] tag[metricConsumeRecursiveProcessingTime]
