http://ip-10-3-2-158:4000
  GET              /                              Metadata
  GET              /documentation                 
  GET              /health                        Status of adapter
  GET              /swagger.json                  
  GET              /swaggerui/{path*}             
  GET              /swaggerui/extend.js           
  POST             /transfers                     Transfer API.
  PUT              /transfers/{id}                Fulfil a transfer

2018-07-27T10:45:30.755Z - [34mdebug[39m: Server running at:  http://ip-10-3-2-158:4000
2018-07-27T10:45:30.757Z - [32minfo[39m: Notification::startConsumer
2018-07-27T10:45:30.759Z - [32minfo[39m: Notification::startConsumer::topicName: topic-notification-event
2018-07-27T10:45:30.760Z - [32minfo[39m: Notification::startConsumer::Consumer: new
2018-07-27T10:45:30.968Z - [32minfo[39m: node-rdkafka v0.11.4 ready - {"name":"topic-notification-event#consumer-1"}
2018-07-27T10:45:30.968Z - [32minfo[39m: start[1532688330760] time[208] tag[metricConsumerConnectProcessingTime]
2018-07-27T10:45:30.971Z - [32minfo[39m: Kafka Consumer connected
2018-07-27T10:45:30.972Z - [32minfo[39m: start[1532688330972] time[0] tag[metricConsumeRecursiveProcessingTime]
2018-07-27T10:45:30.973Z - [32minfo[39m: start[1532688330971] time[2] tag[metricConsumeProcessingTime]
2018-07-27T10:45:30.973Z - [32minfo[39m: Kafka Consumer handler created
2018-07-27T10:45:30.973Z - [32minfo[39m: start[1532688330757] time[216] tag[metricMlAPIStartConsume]
2018-07-27T10:45:32.073Z - [32minfo[39m: start[1532688332073] time[0] tag[metricConsumeRecursiveProcessingTime]
2018-07-27T10:45:33.173Z - [32minfo[39m: start[1532688333173] time[0] tag[metricConsumeRecursiveProcessingTime]
2018-07-27T10:45:34.280Z - [32minfo[39m: start[1532688334280] time[0] tag[metricConsumeRecursiveProcessingTime]
2018-07-27T10:45:35.384Z - [32minfo[39m: start[1532688335384] time[0] tag[metricConsumeRecursiveProcessingTime]
2018-07-27T10:45:36.484Z - [32minfo[39m: start[1532688336483] time[1] tag[metricConsumeRecursiveProcessingTime]
2018-07-27T10:45:37.587Z - [32minfo[39m: start[1532688337587] time[0] tag[metricConsumeRecursiveProcessingTime]
2018-07-27T10:45:38.691Z - [32minfo[39m: start[1532688338691] time[0] tag[metricConsumeRecursiveProcessingTime]
2018-07-27T10:45:39.090Z - [34mdebug[39m: create::start({"transferId":"0ec14132-46d9-4bc2-80bd-f4093785a4b9","payeeFsp":"dfsp2","payerFsp":"dfsp1","amount":{"amount":"100","currency":"USD"},"ilpPacket":"AQAAAAAAAABkEGcuZXdwMjEuaWQuODAwMjCCAhd7InRyYW5zYWN0aW9uSWQiOiJmODU0NzdkYi0xMzVkLTRlMDgtYThiNy0xMmIyMmQ4MmMwZDYiLCJxdW90ZUlkIjoiOWU2NGYzMjEtYzMyNC00ZDI0LTg5MmYtYzQ3ZWY0ZThkZTkxIiwicGF5ZWUiOnsicGFydHlJZEluZm8iOnsicGFydHlJZFR5cGUiOiJNU0lTRE4iLCJwYXJ0eUlkZW50aWZpZXIiOiIyNTYxMjM0NTYiLCJmc3BJZCI6IjIxIn19LCJwYXllciI6eyJwYXJ0eUlkSW5mbyI6eyJwYXJ0eUlkVHlwZSI6Ik1TSVNETiIsInBhcnR5SWRlbnRpZmllciI6IjI1NjIwMTAwMDAxIiwiZnNwSWQiOiIyMCJ9LCJwZXJzb25hbEluZm8iOnsiY29tcGxleE5hbWUiOnsiZmlyc3ROYW1lIjoiTWF0cyIsImxhc3ROYW1lIjoiSGFnbWFuIn0sImRhdGVPZkJpcnRoIjoiMTk4My0xMC0yNSJ9fSwiYW1vdW50Ijp7ImFtb3VudCI6IjEwMCIsImN1cnJlbmN5IjoiVVNEIn0sInRyYW5zYWN0aW9uVHlwZSI6eyJzY2VuYXJpbyI6IlRSQU5TRkVSIiwiaW5pdGlhdG9yIjoiUEFZRVIiLCJpbml0aWF0b3JUeXBlIjoiQ09OU1VNRVIifSwibm90ZSI6ImhlaiJ9","condition":"uU0nuZNNPgilLlLX2n2r-sSE7-N6U4DukIj3rOLvzek","expiration":"2018-11-08T21:31:00.534+01:00"})
2018-07-27T10:45:39.103Z - [32minfo[39m: guid=0ec14132-46d9-4bc2-80bd-f4093785a4b9:uuid - startTransferPrepareAPI:process
2018-07-27T10:45:39.104Z - [34mdebug[39m: prepare::start([object Object], [object Object])
2018-07-27T10:45:39.105Z - [34mdebug[39m: Producer::start::topic=topic-dfsp1-transfer-prepare
2018-07-27T10:45:39.108Z - [34mdebug[39m: Producer::connect::start
2018-07-27T10:45:39.150Z - [32minfo[39m: start[1532688339113] time[37] tag[metricProducerConnectProcessingTime]
2018-07-27T10:45:39.150Z - [34mdebug[39m: Producer::connect::end
2018-07-27T10:45:39.150Z - [34mdebug[39m: Producer.sendMessage:: messageProtocol:'{"id":"0ec14132-46d9-4bc2-80bd-f4093785a4b9","to":"dfsp2","from":"dfsp1","type":"application/json","content":{"headers":{"content-type":"application/json","date":"2017-11-02T00:00:00.000Z","fspiop-destination":"dfsp2","fspiop-source":"dfsp1","content-length":1049},"payload":{"transferId":"0ec14132-46d9-4bc2-80bd-f4093785a4b9","payeeFsp":"dfsp2","payerFsp":"dfsp1","amount":{"amount":"100","currency":"USD"},"ilpPacket":"AQAAAAAAAABkEGcuZXdwMjEuaWQuODAwMjCCAhd7InRyYW5zYWN0aW9uSWQiOiJmODU0NzdkYi0xMzVkLTRlMDgtYThiNy0xMmIyMmQ4MmMwZDYiLCJxdW90ZUlkIjoiOWU2NGYzMjEtYzMyNC00ZDI0LTg5MmYtYzQ3ZWY0ZThkZTkxIiwicGF5ZWUiOnsicGFydHlJZEluZm8iOnsicGFydHlJZFR5cGUiOiJNU0lTRE4iLCJwYXJ0eUlkZW50aWZpZXIiOiIyNTYxMjM0NTYiLCJmc3BJZCI6IjIxIn19LCJwYXllciI6eyJwYXJ0eUlkSW5mbyI6eyJwYXJ0eUlkVHlwZSI6Ik1TSVNETiIsInBhcnR5SWRlbnRpZmllciI6IjI1NjIwMTAwMDAxIiwiZnNwSWQiOiIyMCJ9LCJwZXJzb25hbEluZm8iOnsiY29tcGxleE5hbWUiOnsiZmlyc3ROYW1lIjoiTWF0cyIsImxhc3ROYW1lIjoiSGFnbWFuIn0sImRhdGVPZkJpcnRoIjoiMTk4My0xMC0yNSJ9fSwiYW1vdW50Ijp7ImFtb3VudCI6IjEwMCIsImN1cnJlbmN5IjoiVVNEIn0sInRyYW5zYWN0aW9uVHlwZSI6eyJzY2VuYXJpbyI6IlRSQU5TRkVSIiwiaW5pdGlhdG9yIjoiUEFZRVIiLCJpbml0aWF0b3JUeXBlIjoiQ09OU1VNRVIifSwibm90ZSI6ImhlaiJ9","condition":"uU0nuZNNPgilLlLX2n2r-sSE7-N6U4DukIj3rOLvzek","expiration":"2018-11-08T21:31:00.534+01:00"}},"metadata":{"event":{"id":"4eaf39cf-f252-4d39-ae33-1390d1ea3005","type":"prepare","action":"prepare","createdAt":"2018-07-27T10:45:39.104Z","state":{"status":"success","code":0}}}}'
2018-07-27T10:45:39.151Z - [34mdebug[39m: Producer::send() - start {"topicName":"topic-dfsp1-transfer-prepare"}
2018-07-27T10:45:39.151Z - [32minfo[39m: start[1532688339150] time[1] tag[metricProducerSendMessageProcessingTime]
2018-07-27T10:45:39.151Z - [34mdebug[39m: Producer::end
2018-07-27T10:45:39.151Z - [32minfo[39m: start[1532688339104] time[47] tag[metricMlAPIRoutePrepare]
2018-07-27T10:45:39.151Z - [32minfo[39m: guid=0ec14132-46d9-4bc2-80bd-f4093785a4b9:uuid - endTransferPrepareAPI:process
2018-07-27T10:45:39.791Z - [32minfo[39m: start[1532688339791] time[0] tag[metricConsumeRecursiveProcessingTime]
2018-07-27T10:45:40.891Z - [32minfo[39m: start[1532688340890] time[1] tag[metricConsumeRecursiveProcessingTime]
2018-07-27T10:45:40.961Z - [34mdebug[39m: Consumer::_consumerRecursive() - messages[1]: [{"value":{"from":"dfsp1","to":"dfsp2","id":"0ec14132-46d9-4bc2-80bd-f4093785a4b9","content":{"headers":{"content-type":"application/json","date":"2017-11-02T00:00:00.000Z","fspiop-destination":"dfsp2","fspiop-source":"dfsp1","content-length":1049},"payload":{"transferId":"0ec14132-46d9-4bc2-80bd-f4093785a4b9","payeeFsp":"dfsp2","payerFsp":"dfsp1","amount":{"amount":"100","currency":"USD"},"ilpPacket":"AQAAAAAAAABkEGcuZXdwMjEuaWQuODAwMjCCAhd7InRyYW5zYWN0aW9uSWQiOiJmODU0NzdkYi0xMzVkLTRlMDgtYThiNy0xMmIyMmQ4MmMwZDYiLCJxdW90ZUlkIjoiOWU2NGYzMjEtYzMyNC00ZDI0LTg5MmYtYzQ3ZWY0ZThkZTkxIiwicGF5ZWUiOnsicGFydHlJZEluZm8iOnsicGFydHlJZFR5cGUiOiJNU0lTRE4iLCJwYXJ0eUlkZW50aWZpZXIiOiIyNTYxMjM0NTYiLCJmc3BJZCI6IjIxIn19LCJwYXllciI6eyJwYXJ0eUlkSW5mbyI6eyJwYXJ0eUlkVHlwZSI6Ik1TSVNETiIsInBhcnR5SWRlbnRpZmllciI6IjI1NjIwMTAwMDAxIiwiZnNwSWQiOiIyMCJ9LCJwZXJzb25hbEluZm8iOnsiY29tcGxleE5hbWUiOnsiZmlyc3ROYW1lIjoiTWF0cyIsImxhc3ROYW1lIjoiSGFnbWFuIn0sImRhdGVPZkJpcnRoIjoiMTk4My0xMC0yNSJ9fSwiYW1vdW50Ijp7ImFtb3VudCI6IjEwMCIsImN1cnJlbmN5IjoiVVNEIn0sInRyYW5zYWN0aW9uVHlwZSI6eyJzY2VuYXJpbyI6IlRSQU5TRkVSIiwiaW5pdGlhdG9yIjoiUEFZRVIiLCJpbml0aWF0b3JUeXBlIjoiQ09OU1VNRVIifSwibm90ZSI6ImhlaiJ9","condition":"uU0nuZNNPgilLlLX2n2r-sSE7-N6U4DukIj3rOLvzek","expiration":"2018-11-08T21:31:00.534+01:00"}},"type":"application/json","metadata":{"event":{"id":"15ae85f6-37d1-42e9-bd83-6e545ea28343","type":"notification","action":"prepare","createdAt":"2018-07-27T10:45:39.104Z","state":{"status":"success","code":0,"description":"action successful"},"responseTo":"630571a2-106f-45e6-8a5a-4b03edd723f1"},"protocol.createdAt":1532688340955}},"size":1587,"key":{"type":"Buffer","data":[100,55,49,97,99,48,56,49,45,98,54,56,49,45,52,53,56,97,45,98,52,50,53,45,53,48,48,54,55,56,48,55,97,97,53,55]},"topic":"topic-notification-event","offset":3202,"partition":0,"timestamp":1532688340956}]}
2018-07-27T10:45:40.962Z - [32minfo[39m: start[1532688340890] time[1] tag[metricConsumeRecursiveConsumeProcessingTime]
2018-07-27T10:45:40.963Z - [34mdebug[39m: Consumer::consume() - Sync Process - {"error":null,"messages":[{"value":{"from":"dfsp1","to":"dfsp2","id":"0ec14132-46d9-4bc2-80bd-f4093785a4b9","content":{"headers":{"content-type":"application/json","date":"2017-11-02T00:00:00.000Z","fspiop-destination":"dfsp2","fspiop-source":"dfsp1","content-length":1049},"payload":{"transferId":"0ec14132-46d9-4bc2-80bd-f4093785a4b9","payeeFsp":"dfsp2","payerFsp":"dfsp1","amount":{"amount":"100","currency":"USD"},"ilpPacket":"AQAAAAAAAABkEGcuZXdwMjEuaWQuODAwMjCCAhd7InRyYW5zYWN0aW9uSWQiOiJmODU0NzdkYi0xMzVkLTRlMDgtYThiNy0xMmIyMmQ4MmMwZDYiLCJxdW90ZUlkIjoiOWU2NGYzMjEtYzMyNC00ZDI0LTg5MmYtYzQ3ZWY0ZThkZTkxIiwicGF5ZWUiOnsicGFydHlJZEluZm8iOnsicGFydHlJZFR5cGUiOiJNU0lTRE4iLCJwYXJ0eUlkZW50aWZpZXIiOiIyNTYxMjM0NTYiLCJmc3BJZCI6IjIxIn19LCJwYXllciI6eyJwYXJ0eUlkSW5mbyI6eyJwYXJ0eUlkVHlwZSI6Ik1TSVNETiIsInBhcnR5SWRlbnRpZmllciI6IjI1NjIwMTAwMDAxIiwiZnNwSWQiOiIyMCJ9LCJwZXJzb25hbEluZm8iOnsiY29tcGxleE5hbWUiOnsiZmlyc3ROYW1lIjoiTWF0cyIsImxhc3ROYW1lIjoiSGFnbWFuIn0sImRhdGVPZkJpcnRoIjoiMTk4My0xMC0yNSJ9fSwiYW1vdW50Ijp7ImFtb3VudCI6IjEwMCIsImN1cnJlbmN5IjoiVVNEIn0sInRyYW5zYWN0aW9uVHlwZSI6eyJzY2VuYXJpbyI6IlRSQU5TRkVSIiwiaW5pdGlhdG9yIjoiUEFZRVIiLCJpbml0aWF0b3JUeXBlIjoiQ09OU1VNRVIifSwibm90ZSI6ImhlaiJ9","condition":"uU0nuZNNPgilLlLX2n2r-sSE7-N6U4DukIj3rOLvzek","expiration":"2018-11-08T21:31:00.534+01:00"}},"type":"application/json","metadata":{"event":{"id":"15ae85f6-37d1-42e9-bd83-6e545ea28343","type":"notification","action":"prepare","createdAt":"2018-07-27T10:45:39.104Z","state":{"status":"success","code":0,"description":"action successful"},"responseTo":"630571a2-106f-45e6-8a5a-4b03edd723f1"},"protocol.createdAt":1532688340955}},"size":1587,"key":{"type":"Buffer","data":[100,55,49,97,99,48,56,49,45,98,54,56,49,45,52,53,56,97,45,98,52,50,53,45,53,48,48,54,55,56,48,55,97,97,53,55]},"topic":"topic-notification-event","offset":3202,"partition":0,"timestamp":1532688340956}]}
2018-07-27T10:45:40.963Z - [32minfo[39m: Notification::consumeMessage
2018-07-27T10:45:40.963Z - [32minfo[39m: Notification:consumeMessage message: - [{"value":{"from":"dfsp1","to":"dfsp2","id":"0ec14132-46d9-4bc2-80bd-f4093785a4b9","content":{"headers":{"content-type":"application/json","date":"2017-11-02T00:00:00.000Z","fspiop-destination":"dfsp2","fspiop-source":"dfsp1","content-length":1049},"payload":{"transferId":"0ec14132-46d9-4bc2-80bd-f4093785a4b9","payeeFsp":"dfsp2","payerFsp":"dfsp1","amount":{"amount":"100","currency":"USD"},"ilpPacket":"AQAAAAAAAABkEGcuZXdwMjEuaWQuODAwMjCCAhd7InRyYW5zYWN0aW9uSWQiOiJmODU0NzdkYi0xMzVkLTRlMDgtYThiNy0xMmIyMmQ4MmMwZDYiLCJxdW90ZUlkIjoiOWU2NGYzMjEtYzMyNC00ZDI0LTg5MmYtYzQ3ZWY0ZThkZTkxIiwicGF5ZWUiOnsicGFydHlJZEluZm8iOnsicGFydHlJZFR5cGUiOiJNU0lTRE4iLCJwYXJ0eUlkZW50aWZpZXIiOiIyNTYxMjM0NTYiLCJmc3BJZCI6IjIxIn19LCJwYXllciI6eyJwYXJ0eUlkSW5mbyI6eyJwYXJ0eUlkVHlwZSI6Ik1TSVNETiIsInBhcnR5SWRlbnRpZmllciI6IjI1NjIwMTAwMDAxIiwiZnNwSWQiOiIyMCJ9LCJwZXJzb25hbEluZm8iOnsiY29tcGxleE5hbWUiOnsiZmlyc3ROYW1lIjoiTWF0cyIsImxhc3ROYW1lIjoiSGFnbWFuIn0sImRhdGVPZkJpcnRoIjoiMTk4My0xMC0yNSJ9fSwiYW1vdW50Ijp7ImFtb3VudCI6IjEwMCIsImN1cnJlbmN5IjoiVVNEIn0sInRyYW5zYWN0aW9uVHlwZSI6eyJzY2VuYXJpbyI6IlRSQU5TRkVSIiwiaW5pdGlhdG9yIjoiUEFZRVIiLCJpbml0aWF0b3JUeXBlIjoiQ09OU1VNRVIifSwibm90ZSI6ImhlaiJ9","condition":"uU0nuZNNPgilLlLX2n2r-sSE7-N6U4DukIj3rOLvzek","expiration":"2018-11-08T21:31:00.534+01:00"}},"type":"application/json","metadata":{"event":{"id":"15ae85f6-37d1-42e9-bd83-6e545ea28343","type":"notification","action":"prepare","createdAt":"2018-07-27T10:45:39.104Z","state":{"status":"success","code":0,"description":"action successful"},"responseTo":"630571a2-106f-45e6-8a5a-4b03edd723f1"},"protocol.createdAt":1532688340955}},"size":1587,"key":{"type":"Buffer","data":[100,55,49,97,99,48,56,49,45,98,54,56,49,45,52,53,56,97,45,98,52,50,53,45,53,48,48,54,55,56,48,55,97,97,53,55]},"topic":"topic-notification-event","offset":3202,"partition":0,"timestamp":1532688340956}]
2018-07-27T10:45:40.964Z - [32minfo[39m: guid=0ec14132-46d9-4bc2-80bd-f4093785a4b9:uuid - startNotificationHandler:process
2018-07-27T10:45:40.964Z - [32minfo[39m: Notification::consumeMessage::processMessage
2018-07-27T10:45:40.964Z - [32minfo[39m: Notification::processMessage
2018-07-27T10:45:40.964Z - [32minfo[39m: Notification::processMessage action: prepare
2018-07-27T10:45:40.964Z - [32minfo[39m: Notification::processMessage status: success
2018-07-27T10:45:40.971Z - [32minfo[39m: start[1532688340963] time[8] tag[metricConsumeSyncQueueProcessingTime]
2018-07-27T10:45:40.985Z - [32minfo[39m: start[1532688340964] time[21] tag[metricMlAPIProcessMessage]
2018-07-27T10:45:40.987Z - [32minfo[39m: start[1532688340986] time[1] tag[metricCommitMessageSyncProcessingTime]
2018-07-27T10:45:40.987Z - [32minfo[39m: guid=0ec14132-46d9-4bc2-80bd-f4093785a4b9:uuid - endNotificationHandler:process
2018-07-27T10:45:40.987Z - [32minfo[39m: start[1532688340963] time[24] tag[metricMlAPIConsumeMessageForEachMsg]
2018-07-27T10:45:40.988Z - [32minfo[39m: start[1532688340963] time[25] tag[metricMlAPIConsumeMessage]
2018-07-27T10:45:40.989Z - [32minfo[39m: start[1532688340989] time[0] tag[metricConsumeRecursiveProcessingTime]
2018-07-27T10:45:40.989Z - [32minfo[39m: start[1532688340988] time[1] tag[metricConsumeSyncQueueResolveProcessingTime]
2018-07-27T10:45:42.088Z - [32minfo[39m: start[1532688342088] time[0] tag[metricConsumeRecursiveProcessingTime]
2018-07-27T10:45:43.188Z - [32minfo[39m: start[1532688343188] time[0] tag[metricConsumeRecursiveProcessingTime]
