http://ip-10-3-2-158:4000
  GET              /                              Metadata
  GET              /documentation                 
  GET              /health                        Status of adapter
  GET              /swagger.json                  
  GET              /swaggerui/{path*}             
  GET              /swaggerui/extend.js           
  POST             /transfers                     Transfer API.
  PUT              /transfers/{id}                Fulfil a transfer

2018-07-27T10:49:07.556Z - [34mdebug[39m: Server running at:  http://ip-10-3-2-158:4000
2018-07-27T10:49:07.557Z - [32minfo[39m: Notification::startConsumer
2018-07-27T10:49:07.559Z - [32minfo[39m: Notification::startConsumer::topicName: topic-notification-event
2018-07-27T10:49:07.560Z - [32minfo[39m: Notification::startConsumer::Consumer: new
2018-07-27T10:49:07.766Z - [32minfo[39m: node-rdkafka v0.11.4 ready - {"name":"topic-notification-event#consumer-1"}
2018-07-27T10:49:07.767Z - [32minfo[39m: start[1532688547560] time[206] tag[metricConsumerConnectProcessingTime]
2018-07-27T10:49:07.770Z - [32minfo[39m: Kafka Consumer connected
2018-07-27T10:49:07.772Z - [32minfo[39m: start[1532688547772] time[0] tag[metricConsumeRecursiveProcessingTime]
2018-07-27T10:49:07.772Z - [32minfo[39m: start[1532688547771] time[1] tag[metricConsumeProcessingTime]
2018-07-27T10:49:07.772Z - [32minfo[39m: Kafka Consumer handler created
2018-07-27T10:49:07.772Z - [32minfo[39m: start[1532688547557] time[215] tag[metricMlAPIStartConsume]
2018-07-27T10:49:08.874Z - [32minfo[39m: start[1532688548873] time[0] tag[metricConsumeRecursiveProcessingTime]
2018-07-27T10:49:09.973Z - [32minfo[39m: start[1532688549973] time[0] tag[metricConsumeRecursiveProcessingTime]
2018-07-27T10:49:11.073Z - [32minfo[39m: start[1532688551073] time[0] tag[metricConsumeRecursiveProcessingTime]
2018-07-27T10:49:12.173Z - [32minfo[39m: start[1532688552173] time[0] tag[metricConsumeRecursiveProcessingTime]
2018-07-27T10:49:13.272Z - [32minfo[39m: start[1532688553272] time[0] tag[metricConsumeRecursiveProcessingTime]
2018-07-27T10:49:14.169Z - [34mdebug[39m: create::start({"transferId":"7ab5c937-c12d-4897-b4cd-0c15bc75a5cb","payeeFsp":"dfsp2","payerFsp":"dfsp1","amount":{"amount":"100","currency":"USD"},"ilpPacket":"AQAAAAAAAABkEGcuZXdwMjEuaWQuODAwMjCCAhd7InRyYW5zYWN0aW9uSWQiOiJmODU0NzdkYi0xMzVkLTRlMDgtYThiNy0xMmIyMmQ4MmMwZDYiLCJxdW90ZUlkIjoiOWU2NGYzMjEtYzMyNC00ZDI0LTg5MmYtYzQ3ZWY0ZThkZTkxIiwicGF5ZWUiOnsicGFydHlJZEluZm8iOnsicGFydHlJZFR5cGUiOiJNU0lTRE4iLCJwYXJ0eUlkZW50aWZpZXIiOiIyNTYxMjM0NTYiLCJmc3BJZCI6IjIxIn19LCJwYXllciI6eyJwYXJ0eUlkSW5mbyI6eyJwYXJ0eUlkVHlwZSI6Ik1TSVNETiIsInBhcnR5SWRlbnRpZmllciI6IjI1NjIwMTAwMDAxIiwiZnNwSWQiOiIyMCJ9LCJwZXJzb25hbEluZm8iOnsiY29tcGxleE5hbWUiOnsiZmlyc3ROYW1lIjoiTWF0cyIsImxhc3ROYW1lIjoiSGFnbWFuIn0sImRhdGVPZkJpcnRoIjoiMTk4My0xMC0yNSJ9fSwiYW1vdW50Ijp7ImFtb3VudCI6IjEwMCIsImN1cnJlbmN5IjoiVVNEIn0sInRyYW5zYWN0aW9uVHlwZSI6eyJzY2VuYXJpbyI6IlRSQU5TRkVSIiwiaW5pdGlhdG9yIjoiUEFZRVIiLCJpbml0aWF0b3JUeXBlIjoiQ09OU1VNRVIifSwibm90ZSI6ImhlaiJ9","condition":"uU0nuZNNPgilLlLX2n2r-sSE7-N6U4DukIj3rOLvzek","expiration":"2018-11-08T21:31:00.534+01:00"})
2018-07-27T10:49:14.169Z - [32minfo[39m: guid=7ab5c937-c12d-4897-b4cd-0c15bc75a5cb:uuid - startTransferPrepareAPI:process
2018-07-27T10:49:14.170Z - [34mdebug[39m: prepare::start([object Object], [object Object])
2018-07-27T10:49:14.171Z - [34mdebug[39m: Producer::start::topic=topic-dfsp1-transfer-prepare
2018-07-27T10:49:14.171Z - [34mdebug[39m: Producer::connect::start
2018-07-27T10:49:14.189Z - [32minfo[39m: start[1532688554172] time[17] tag[metricProducerConnectProcessingTime]
2018-07-27T10:49:14.189Z - [34mdebug[39m: Producer::connect::end
2018-07-27T10:49:14.189Z - [34mdebug[39m: Producer.sendMessage:: messageProtocol:'{"id":"7ab5c937-c12d-4897-b4cd-0c15bc75a5cb","to":"dfsp2","from":"dfsp1","type":"application/json","content":{"headers":{"content-type":"application/json","date":"2017-11-02T00:00:00.000Z","fspiop-destination":"dfsp2","fspiop-source":"dfsp1","content-length":1049},"payload":{"transferId":"7ab5c937-c12d-4897-b4cd-0c15bc75a5cb","payeeFsp":"dfsp2","payerFsp":"dfsp1","amount":{"amount":"100","currency":"USD"},"ilpPacket":"AQAAAAAAAABkEGcuZXdwMjEuaWQuODAwMjCCAhd7InRyYW5zYWN0aW9uSWQiOiJmODU0NzdkYi0xMzVkLTRlMDgtYThiNy0xMmIyMmQ4MmMwZDYiLCJxdW90ZUlkIjoiOWU2NGYzMjEtYzMyNC00ZDI0LTg5MmYtYzQ3ZWY0ZThkZTkxIiwicGF5ZWUiOnsicGFydHlJZEluZm8iOnsicGFydHlJZFR5cGUiOiJNU0lTRE4iLCJwYXJ0eUlkZW50aWZpZXIiOiIyNTYxMjM0NTYiLCJmc3BJZCI6IjIxIn19LCJwYXllciI6eyJwYXJ0eUlkSW5mbyI6eyJwYXJ0eUlkVHlwZSI6Ik1TSVNETiIsInBhcnR5SWRlbnRpZmllciI6IjI1NjIwMTAwMDAxIiwiZnNwSWQiOiIyMCJ9LCJwZXJzb25hbEluZm8iOnsiY29tcGxleE5hbWUiOnsiZmlyc3ROYW1lIjoiTWF0cyIsImxhc3ROYW1lIjoiSGFnbWFuIn0sImRhdGVPZkJpcnRoIjoiMTk4My0xMC0yNSJ9fSwiYW1vdW50Ijp7ImFtb3VudCI6IjEwMCIsImN1cnJlbmN5IjoiVVNEIn0sInRyYW5zYWN0aW9uVHlwZSI6eyJzY2VuYXJpbyI6IlRSQU5TRkVSIiwiaW5pdGlhdG9yIjoiUEFZRVIiLCJpbml0aWF0b3JUeXBlIjoiQ09OU1VNRVIifSwibm90ZSI6ImhlaiJ9","condition":"uU0nuZNNPgilLlLX2n2r-sSE7-N6U4DukIj3rOLvzek","expiration":"2018-11-08T21:31:00.534+01:00"}},"metadata":{"event":{"id":"7607a123-ec27-4975-b6d0-bb089920bbf4","type":"prepare","action":"prepare","createdAt":"2018-07-27T10:49:14.170Z","state":{"status":"success","code":0}}}}'
2018-07-27T10:49:14.190Z - [34mdebug[39m: Producer::send() - start {"topicName":"topic-dfsp1-transfer-prepare"}
2018-07-27T10:49:14.190Z - [32minfo[39m: start[1532688554189] time[1] tag[metricProducerSendMessageProcessingTime]
2018-07-27T10:49:14.190Z - [34mdebug[39m: Producer::end
2018-07-27T10:49:14.190Z - [32minfo[39m: start[1532688554170] time[20] tag[metricMlAPIRoutePrepare]
2018-07-27T10:49:14.190Z - [32minfo[39m: guid=7ab5c937-c12d-4897-b4cd-0c15bc75a5cb:uuid - endTransferPrepareAPI:process
2018-07-27T10:49:14.372Z - [32minfo[39m: start[1532688554372] time[0] tag[metricConsumeRecursiveProcessingTime]
2018-07-27T10:49:15.472Z - [32minfo[39m: start[1532688555472] time[0] tag[metricConsumeRecursiveProcessingTime]
2018-07-27T10:49:16.101Z - [34mdebug[39m: Consumer::_consumerRecursive() - messages[1]: [{"value":{"from":"dfsp1","to":"dfsp2","id":"7ab5c937-c12d-4897-b4cd-0c15bc75a5cb","content":{"headers":{"content-type":"application/json","date":"2017-11-02T00:00:00.000Z","fspiop-destination":"dfsp2","fspiop-source":"dfsp1","content-length":1049},"payload":{"transferId":"7ab5c937-c12d-4897-b4cd-0c15bc75a5cb","payeeFsp":"dfsp2","payerFsp":"dfsp1","amount":{"amount":"100","currency":"USD"},"ilpPacket":"AQAAAAAAAABkEGcuZXdwMjEuaWQuODAwMjCCAhd7InRyYW5zYWN0aW9uSWQiOiJmODU0NzdkYi0xMzVkLTRlMDgtYThiNy0xMmIyMmQ4MmMwZDYiLCJxdW90ZUlkIjoiOWU2NGYzMjEtYzMyNC00ZDI0LTg5MmYtYzQ3ZWY0ZThkZTkxIiwicGF5ZWUiOnsicGFydHlJZEluZm8iOnsicGFydHlJZFR5cGUiOiJNU0lTRE4iLCJwYXJ0eUlkZW50aWZpZXIiOiIyNTYxMjM0NTYiLCJmc3BJZCI6IjIxIn19LCJwYXllciI6eyJwYXJ0eUlkSW5mbyI6eyJwYXJ0eUlkVHlwZSI6Ik1TSVNETiIsInBhcnR5SWRlbnRpZmllciI6IjI1NjIwMTAwMDAxIiwiZnNwSWQiOiIyMCJ9LCJwZXJzb25hbEluZm8iOnsiY29tcGxleE5hbWUiOnsiZmlyc3ROYW1lIjoiTWF0cyIsImxhc3ROYW1lIjoiSGFnbWFuIn0sImRhdGVPZkJpcnRoIjoiMTk4My0xMC0yNSJ9fSwiYW1vdW50Ijp7ImFtb3VudCI6IjEwMCIsImN1cnJlbmN5IjoiVVNEIn0sInRyYW5zYWN0aW9uVHlwZSI6eyJzY2VuYXJpbyI6IlRSQU5TRkVSIiwiaW5pdGlhdG9yIjoiUEFZRVIiLCJpbml0aWF0b3JUeXBlIjoiQ09OU1VNRVIifSwibm90ZSI6ImhlaiJ9","condition":"uU0nuZNNPgilLlLX2n2r-sSE7-N6U4DukIj3rOLvzek","expiration":"2018-11-08T21:31:00.534+01:00"}},"type":"application/json","metadata":{"event":{"id":"1c941e47-0112-45de-8697-12a0f1855866","type":"notification","action":"prepare","createdAt":"2018-07-27T10:49:14.170Z","state":{"status":"success","code":0,"description":"action successful"},"responseTo":"a93894f6-0318-4f05-a5bb-5e7d78dcef48"},"protocol.createdAt":1532688555987}},"size":1587,"key":{"type":"Buffer","data":[56,99,100,99,99,51,50,98,45,98,51,101,98,45,52,56,49,50,45,57,52,48,50,45,48,49,48,53,57,98,102,100,57,100,102,48]},"topic":"topic-notification-event","offset":3203,"partition":0,"timestamp":1532688555987}]}
2018-07-27T10:49:16.101Z - [32minfo[39m: start[1532688555472] time[0] tag[metricConsumeRecursiveConsumeProcessingTime]
2018-07-27T10:49:16.102Z - [34mdebug[39m: Consumer::consume() - Sync Process - {"error":null,"messages":[{"value":{"from":"dfsp1","to":"dfsp2","id":"7ab5c937-c12d-4897-b4cd-0c15bc75a5cb","content":{"headers":{"content-type":"application/json","date":"2017-11-02T00:00:00.000Z","fspiop-destination":"dfsp2","fspiop-source":"dfsp1","content-length":1049},"payload":{"transferId":"7ab5c937-c12d-4897-b4cd-0c15bc75a5cb","payeeFsp":"dfsp2","payerFsp":"dfsp1","amount":{"amount":"100","currency":"USD"},"ilpPacket":"AQAAAAAAAABkEGcuZXdwMjEuaWQuODAwMjCCAhd7InRyYW5zYWN0aW9uSWQiOiJmODU0NzdkYi0xMzVkLTRlMDgtYThiNy0xMmIyMmQ4MmMwZDYiLCJxdW90ZUlkIjoiOWU2NGYzMjEtYzMyNC00ZDI0LTg5MmYtYzQ3ZWY0ZThkZTkxIiwicGF5ZWUiOnsicGFydHlJZEluZm8iOnsicGFydHlJZFR5cGUiOiJNU0lTRE4iLCJwYXJ0eUlkZW50aWZpZXIiOiIyNTYxMjM0NTYiLCJmc3BJZCI6IjIxIn19LCJwYXllciI6eyJwYXJ0eUlkSW5mbyI6eyJwYXJ0eUlkVHlwZSI6Ik1TSVNETiIsInBhcnR5SWRlbnRpZmllciI6IjI1NjIwMTAwMDAxIiwiZnNwSWQiOiIyMCJ9LCJwZXJzb25hbEluZm8iOnsiY29tcGxleE5hbWUiOnsiZmlyc3ROYW1lIjoiTWF0cyIsImxhc3ROYW1lIjoiSGFnbWFuIn0sImRhdGVPZkJpcnRoIjoiMTk4My0xMC0yNSJ9fSwiYW1vdW50Ijp7ImFtb3VudCI6IjEwMCIsImN1cnJlbmN5IjoiVVNEIn0sInRyYW5zYWN0aW9uVHlwZSI6eyJzY2VuYXJpbyI6IlRSQU5TRkVSIiwiaW5pdGlhdG9yIjoiUEFZRVIiLCJpbml0aWF0b3JUeXBlIjoiQ09OU1VNRVIifSwibm90ZSI6ImhlaiJ9","condition":"uU0nuZNNPgilLlLX2n2r-sSE7-N6U4DukIj3rOLvzek","expiration":"2018-11-08T21:31:00.534+01:00"}},"type":"application/json","metadata":{"event":{"id":"1c941e47-0112-45de-8697-12a0f1855866","type":"notification","action":"prepare","createdAt":"2018-07-27T10:49:14.170Z","state":{"status":"success","code":0,"description":"action successful"},"responseTo":"a93894f6-0318-4f05-a5bb-5e7d78dcef48"},"protocol.createdAt":1532688555987}},"size":1587,"key":{"type":"Buffer","data":[56,99,100,99,99,51,50,98,45,98,51,101,98,45,52,56,49,50,45,57,52,48,50,45,48,49,48,53,57,98,102,100,57,100,102,48]},"topic":"topic-notification-event","offset":3203,"partition":0,"timestamp":1532688555987}]}
2018-07-27T10:49:16.102Z - [32minfo[39m: Notification::consumeMessage
2018-07-27T10:49:16.103Z - [32minfo[39m: Notification:consumeMessage message: - [{"value":{"from":"dfsp1","to":"dfsp2","id":"7ab5c937-c12d-4897-b4cd-0c15bc75a5cb","content":{"headers":{"content-type":"application/json","date":"2017-11-02T00:00:00.000Z","fspiop-destination":"dfsp2","fspiop-source":"dfsp1","content-length":1049},"payload":{"transferId":"7ab5c937-c12d-4897-b4cd-0c15bc75a5cb","payeeFsp":"dfsp2","payerFsp":"dfsp1","amount":{"amount":"100","currency":"USD"},"ilpPacket":"AQAAAAAAAABkEGcuZXdwMjEuaWQuODAwMjCCAhd7InRyYW5zYWN0aW9uSWQiOiJmODU0NzdkYi0xMzVkLTRlMDgtYThiNy0xMmIyMmQ4MmMwZDYiLCJxdW90ZUlkIjoiOWU2NGYzMjEtYzMyNC00ZDI0LTg5MmYtYzQ3ZWY0ZThkZTkxIiwicGF5ZWUiOnsicGFydHlJZEluZm8iOnsicGFydHlJZFR5cGUiOiJNU0lTRE4iLCJwYXJ0eUlkZW50aWZpZXIiOiIyNTYxMjM0NTYiLCJmc3BJZCI6IjIxIn19LCJwYXllciI6eyJwYXJ0eUlkSW5mbyI6eyJwYXJ0eUlkVHlwZSI6Ik1TSVNETiIsInBhcnR5SWRlbnRpZmllciI6IjI1NjIwMTAwMDAxIiwiZnNwSWQiOiIyMCJ9LCJwZXJzb25hbEluZm8iOnsiY29tcGxleE5hbWUiOnsiZmlyc3ROYW1lIjoiTWF0cyIsImxhc3ROYW1lIjoiSGFnbWFuIn0sImRhdGVPZkJpcnRoIjoiMTk4My0xMC0yNSJ9fSwiYW1vdW50Ijp7ImFtb3VudCI6IjEwMCIsImN1cnJlbmN5IjoiVVNEIn0sInRyYW5zYWN0aW9uVHlwZSI6eyJzY2VuYXJpbyI6IlRSQU5TRkVSIiwiaW5pdGlhdG9yIjoiUEFZRVIiLCJpbml0aWF0b3JUeXBlIjoiQ09OU1VNRVIifSwibm90ZSI6ImhlaiJ9","condition":"uU0nuZNNPgilLlLX2n2r-sSE7-N6U4DukIj3rOLvzek","expiration":"2018-11-08T21:31:00.534+01:00"}},"type":"application/json","metadata":{"event":{"id":"1c941e47-0112-45de-8697-12a0f1855866","type":"notification","action":"prepare","createdAt":"2018-07-27T10:49:14.170Z","state":{"status":"success","code":0,"description":"action successful"},"responseTo":"a93894f6-0318-4f05-a5bb-5e7d78dcef48"},"protocol.createdAt":1532688555987}},"size":1587,"key":{"type":"Buffer","data":[56,99,100,99,99,51,50,98,45,98,51,101,98,45,52,56,49,50,45,57,52,48,50,45,48,49,48,53,57,98,102,100,57,100,102,48]},"topic":"topic-notification-event","offset":3203,"partition":0,"timestamp":1532688555987}]
2018-07-27T10:49:16.103Z - [32minfo[39m: guid=7ab5c937-c12d-4897-b4cd-0c15bc75a5cb:uuid - startNotificationHandler:process
2018-07-27T10:49:16.103Z - [32minfo[39m: Notification::consumeMessage::processMessage
2018-07-27T10:49:16.103Z - [32minfo[39m: Notification::processMessage
2018-07-27T10:49:16.104Z - [32minfo[39m: Notification::processMessage action: prepare
2018-07-27T10:49:16.104Z - [32minfo[39m: Notification::processMessage status: success
2018-07-27T10:49:16.109Z - [32minfo[39m: start[1532688556102] time[7] tag[metricConsumeSyncQueueProcessingTime]
2018-07-27T10:49:16.123Z - [32minfo[39m: start[1532688556103] time[20] tag[metricMlAPIProcessMessage]
2018-07-27T10:49:16.134Z - [32minfo[39m: start[1532688556124] time[10] tag[metricCommitMessageSyncProcessingTime]
2018-07-27T10:49:16.134Z - [32minfo[39m: guid=7ab5c937-c12d-4897-b4cd-0c15bc75a5cb:uuid - endNotificationHandler:process
2018-07-27T10:49:16.134Z - [32minfo[39m: start[1532688556102] time[31] tag[metricMlAPIConsumeMessageForEachMsg]
2018-07-27T10:49:16.134Z - [32minfo[39m: start[1532688556102] time[32] tag[metricMlAPIConsumeMessage]
2018-07-27T10:49:16.135Z - [32minfo[39m: start[1532688556135] time[0] tag[metricConsumeRecursiveProcessingTime]
2018-07-27T10:49:16.136Z - [32minfo[39m: start[1532688556135] time[0] tag[metricConsumeSyncQueueResolveProcessingTime]
2018-07-27T10:49:17.235Z - [32minfo[39m: start[1532688557235] time[0] tag[metricConsumeRecursiveProcessingTime]
2018-07-27T10:49:18.336Z - [32minfo[39m: start[1532688558335] time[0] tag[metricConsumeRecursiveProcessingTime]
2018-07-27T10:49:19.435Z - [32minfo[39m: start[1532688559435] time[0] tag[metricConsumeRecursiveProcessingTime]
2018-07-27T10:49:20.535Z - [32minfo[39m: start[1532688560535] time[0] tag[metricConsumeRecursiveProcessingTime]
