2018-07-27T10:45:30.799Z - [32minfo[39m: Handler Setup - Registering {"type":"prepare","enabled":true,"fspList":["dfsp1"]}!
2018-07-27T10:45:30.800Z - [32minfo[39m: Registering prepareHandler for Participant: dfsp1
2018-07-27T10:45:31.007Z - [32minfo[39m: node-rdkafka v0.11.4 ready - {"name":"topic-dfsp1-transfer-prepare#consumer-1"}
2018-07-27T10:45:31.008Z - [32minfo[39m: start[1532688330803] time[204] tag[metricConsumerConnectProcessingTime]
2018-07-27T10:45:31.009Z - [32minfo[39m: CreateHandle::connect successful topic: topic-dfsp1-transfer-prepare
2018-07-27T10:45:31.010Z - [32minfo[39m: start[1532688331010] time[0] tag[metricConsumeRecursiveProcessingTime]
2018-07-27T10:45:31.010Z - [32minfo[39m: start[1532688331009] time[1] tag[metricConsumeProcessingTime]
2018-07-27T10:45:31.011Z - [32minfo[39m: start[1532688330803] time[208] tag[metricCenLedgerCreateHandler]
2018-07-27T10:45:31.011Z - [32minfo[39m: start[1532688330801] time[210] tag[metricCenLedgerCreatePrepareHandler]
2018-07-27T10:45:31.012Z - [32minfo[39m: start[1532688330800] time[211] tag[metricCenLedgerCreatePrepareHandler]
2018-07-27T10:45:32.111Z - [32minfo[39m: start[1532688332111] time[0] tag[metricConsumeRecursiveProcessingTime]
2018-07-27T10:45:33.875Z - [32minfo[39m: start[1532688333875] time[0] tag[metricConsumeRecursiveProcessingTime]
2018-07-27T10:45:34.975Z - [32minfo[39m: start[1532688334975] time[0] tag[metricConsumeRecursiveProcessingTime]
2018-07-27T10:45:36.075Z - [32minfo[39m: start[1532688336075] time[0] tag[metricConsumeRecursiveProcessingTime]
2018-07-27T10:45:37.176Z - [32minfo[39m: start[1532688337176] time[0] tag[metricConsumeRecursiveProcessingTime]
2018-07-27T10:45:38.276Z - [32minfo[39m: start[1532688338276] time[0] tag[metricConsumeRecursiveProcessingTime]
2018-07-27T10:45:39.380Z - [32minfo[39m: start[1532688339380] time[0] tag[metricConsumeRecursiveProcessingTime]
2018-07-27T10:45:40.154Z - [32minfo[39m: start[1532688339380] time[1] tag[metricConsumeRecursiveConsumeProcessingTime]
2018-07-27T10:45:40.155Z - [32minfo[39m: TransferHandler::prepare
2018-07-27T10:45:40.155Z - [32minfo[39m: guid=0ec14132-46d9-4bc2-80bd-f4093785a4b9:uuid - startPrepareTransferHandler:process
2018-07-27T10:45:40.158Z - [32minfo[39m: start[1532688340155] time[3] tag[metricConsumeSyncQueueProcessingTime]
2018-07-27T10:45:40.163Z - [32minfo[39m: TransferHandler::prepare::validationPassed
2018-07-27T10:45:40.169Z - [32minfo[39m: TransferHandler::prepare::validationPassed::newEntry
2018-07-27T10:45:40.241Z - [32minfo[39m: start[1532688340238] time[3] tag[metricCommitMessageSyncProcessingTime]
2018-07-27T10:45:40.242Z - [32minfo[39m: Producer::start::topic=topic-dfsp1-position-prepare
2018-07-27T10:45:40.243Z - [32minfo[39m: Producer::connect::start
2018-07-27T10:45:40.450Z - [32minfo[39m: start[1532688340245] time[205] tag[metricProducerConnectProcessingTime]
2018-07-27T10:45:40.450Z - [32minfo[39m: Producer::connect::end
2018-07-27T10:45:40.451Z - [32minfo[39m: Producer.sendMessage:: messageProtocol:'{"from":"dfsp1","to":"dfsp2","id":"0ec14132-46d9-4bc2-80bd-f4093785a4b9","content":{"headers":{"content-type":"application/json","date":"2017-11-02T00:00:00.000Z","fspiop-destination":"dfsp2","fspiop-source":"dfsp1","content-length":1049},"payload":{"transferId":"0ec14132-46d9-4bc2-80bd-f4093785a4b9","payeeFsp":"dfsp2","payerFsp":"dfsp1","amount":{"amount":"100","currency":"USD"},"ilpPacket":"AQAAAAAAAABkEGcuZXdwMjEuaWQuODAwMjCCAhd7InRyYW5zYWN0aW9uSWQiOiJmODU0NzdkYi0xMzVkLTRlMDgtYThiNy0xMmIyMmQ4MmMwZDYiLCJxdW90ZUlkIjoiOWU2NGYzMjEtYzMyNC00ZDI0LTg5MmYtYzQ3ZWY0ZThkZTkxIiwicGF5ZWUiOnsicGFydHlJZEluZm8iOnsicGFydHlJZFR5cGUiOiJNU0lTRE4iLCJwYXJ0eUlkZW50aWZpZXIiOiIyNTYxMjM0NTYiLCJmc3BJZCI6IjIxIn19LCJwYXllciI6eyJwYXJ0eUlkSW5mbyI6eyJwYXJ0eUlkVHlwZSI6Ik1TSVNETiIsInBhcnR5SWRlbnRpZmllciI6IjI1NjIwMTAwMDAxIiwiZnNwSWQiOiIyMCJ9LCJwZXJzb25hbEluZm8iOnsiY29tcGxleE5hbWUiOnsiZmlyc3ROYW1lIjoiTWF0cyIsImxhc3ROYW1lIjoiSGFnbWFuIn0sImRhdGVPZkJpcnRoIjoiMTk4My0xMC0yNSJ9fSwiYW1vdW50Ijp7ImFtb3VudCI6IjEwMCIsImN1cnJlbmN5IjoiVVNEIn0sInRyYW5zYWN0aW9uVHlwZSI6eyJzY2VuYXJpbyI6IlRSQU5TRkVSIiwiaW5pdGlhdG9yIjoiUEFZRVIiLCJpbml0aWF0b3JUeXBlIjoiQ09OU1VNRVIifSwibm90ZSI6ImhlaiJ9","condition":"uU0nuZNNPgilLlLX2n2r-sSE7-N6U4DukIj3rOLvzek","expiration":"2018-11-08T21:31:00.534+01:00"}},"type":"application/json","metadata":{"event":{"id":"5e62f414-9334-4d27-ba0b-e310ff44a317","type":"position","action":"prepare","createdAt":"2018-07-27T10:45:39.104Z","state":{"status":"success","code":0,"description":"action successful"},"responseTo":"4eaf39cf-f252-4d39-ae33-1390d1ea3005"},"protocol.createdAt":1532688339150}}'
2018-07-27T10:45:40.452Z - [32minfo[39m: start[1532688340451] time[1] tag[metricProducerSendMessageProcessingTime]
2018-07-27T10:45:40.452Z - [32minfo[39m: Producer::end
2018-07-27T10:45:40.452Z - [32minfo[39m: start[1532688340242] time[210] tag[metricCenLedgerProduceMessage]
2018-07-27T10:45:40.452Z - [32minfo[39m: guid=0ec14132-46d9-4bc2-80bd-f4093785a4b9:uuid - endPrepareTransferHandler:process
2018-07-27T10:45:40.452Z - [32minfo[39m: start[1532688340155] time[297] tag[metricCenLedgerTransferPrepare]
2018-07-27T10:45:40.455Z - [32minfo[39m: start[1532688340455] time[0] tag[metricConsumeRecursiveProcessingTime]
2018-07-27T10:45:40.455Z - [32minfo[39m: start[1532688340453] time[2] tag[metricConsumeSyncQueueResolveProcessingTime]
2018-07-27T10:45:41.555Z - [32minfo[39m: start[1532688341555] time[0] tag[metricConsumeRecursiveProcessingTime]
2018-07-27T10:45:42.654Z - [32minfo[39m: start[1532688342654] time[0] tag[metricConsumeRecursiveProcessingTime]
2018-07-27T10:45:43.755Z - [32minfo[39m: start[1532688343755] time[0] tag[metricConsumeRecursiveProcessingTime]
