2018-07-27T10:49:07.798Z - [32minfo[39m: Handler Setup - Registering {"type":"transfer","enabled":true}!
2018-07-27T10:49:08.008Z - [32minfo[39m: node-rdkafka v0.11.4 ready - {"name":"topic-transfer-transfer#consumer-1"}
2018-07-27T10:49:08.008Z - [32minfo[39m: start[1532688547803] time[205] tag[metricConsumerConnectProcessingTime]
2018-07-27T10:49:08.010Z - [32minfo[39m: CreateHandle::connect successful topic: topic-transfer-transfer
2018-07-27T10:49:08.011Z - [32minfo[39m: start[1532688548011] time[0] tag[metricConsumeRecursiveProcessingTime]
2018-07-27T10:49:08.011Z - [32minfo[39m: start[1532688548010] time[1] tag[metricConsumeProcessingTime]
2018-07-27T10:49:08.012Z - [32minfo[39m: start[1532688547802] time[210] tag[metricCenLedgerCreateHandler]
2018-07-27T10:49:08.012Z - [32minfo[39m: start[1532688547800] time[212] tag[metricCenLedgerCreateTransferHandler]
2018-07-27T10:49:09.111Z - [32minfo[39m: start[1532688549111] time[0] tag[metricConsumeRecursiveProcessingTime]
2018-07-27T10:49:10.892Z - [32minfo[39m: start[1532688550892] time[0] tag[metricConsumeRecursiveProcessingTime]
2018-07-27T10:49:11.992Z - [32minfo[39m: start[1532688551992] time[0] tag[metricConsumeRecursiveProcessingTime]
2018-07-27T10:49:13.091Z - [32minfo[39m: start[1532688553091] time[0] tag[metricConsumeRecursiveProcessingTime]
2018-07-27T10:49:14.191Z - [32minfo[39m: start[1532688554191] time[0] tag[metricConsumeRecursiveProcessingTime]
2018-07-27T10:49:15.291Z - [32minfo[39m: start[1532688555291] time[0] tag[metricConsumeRecursiveProcessingTime]
2018-07-27T10:49:15.880Z - [32minfo[39m: start[1532688555291] time[2] tag[metricConsumeRecursiveConsumeProcessingTime]
2018-07-27T10:49:15.881Z - [32minfo[39m: TransferHandler::transfer
2018-07-27T10:49:15.881Z - [32minfo[39m: guid=7ab5c937-c12d-4897-b4cd-0c15bc75a5cb:uuid - startTransferHandler:process
2018-07-27T10:49:15.881Z - [32minfo[39m: TransferHandler::transfer action: prepare
2018-07-27T10:49:15.881Z - [32minfo[39m: TransferHandler::transfer status: success
2018-07-27T10:49:15.882Z - [32minfo[39m: Producer::start::topic=topic-notification-event
2018-07-27T10:49:15.883Z - [32minfo[39m: Producer::connect::start
2018-07-27T10:49:15.884Z - [32minfo[39m: start[1532688555881] time[3] tag[metricConsumeSyncQueueProcessingTime]
2018-07-27T10:49:15.986Z - [32minfo[39m: start[1532688555883] time[103] tag[metricProducerConnectProcessingTime]
2018-07-27T10:49:15.986Z - [32minfo[39m: Producer::connect::end
2018-07-27T10:49:15.987Z - [32minfo[39m: Producer.sendMessage:: messageProtocol:'{"from":"dfsp1","to":"dfsp2","id":"7ab5c937-c12d-4897-b4cd-0c15bc75a5cb","content":{"headers":{"content-type":"application/json","date":"2017-11-02T00:00:00.000Z","fspiop-destination":"dfsp2","fspiop-source":"dfsp1","content-length":1049},"payload":{"transferId":"7ab5c937-c12d-4897-b4cd-0c15bc75a5cb","payeeFsp":"dfsp2","payerFsp":"dfsp1","amount":{"amount":"100","currency":"USD"},"ilpPacket":"AQAAAAAAAABkEGcuZXdwMjEuaWQuODAwMjCCAhd7InRyYW5zYWN0aW9uSWQiOiJmODU0NzdkYi0xMzVkLTRlMDgtYThiNy0xMmIyMmQ4MmMwZDYiLCJxdW90ZUlkIjoiOWU2NGYzMjEtYzMyNC00ZDI0LTg5MmYtYzQ3ZWY0ZThkZTkxIiwicGF5ZWUiOnsicGFydHlJZEluZm8iOnsicGFydHlJZFR5cGUiOiJNU0lTRE4iLCJwYXJ0eUlkZW50aWZpZXIiOiIyNTYxMjM0NTYiLCJmc3BJZCI6IjIxIn19LCJwYXllciI6eyJwYXJ0eUlkSW5mbyI6eyJwYXJ0eUlkVHlwZSI6Ik1TSVNETiIsInBhcnR5SWRlbnRpZmllciI6IjI1NjIwMTAwMDAxIiwiZnNwSWQiOiIyMCJ9LCJwZXJzb25hbEluZm8iOnsiY29tcGxleE5hbWUiOnsiZmlyc3ROYW1lIjoiTWF0cyIsImxhc3ROYW1lIjoiSGFnbWFuIn0sImRhdGVPZkJpcnRoIjoiMTk4My0xMC0yNSJ9fSwiYW1vdW50Ijp7ImFtb3VudCI6IjEwMCIsImN1cnJlbmN5IjoiVVNEIn0sInRyYW5zYWN0aW9uVHlwZSI6eyJzY2VuYXJpbyI6IlRSQU5TRkVSIiwiaW5pdGlhdG9yIjoiUEFZRVIiLCJpbml0aWF0b3JUeXBlIjoiQ09OU1VNRVIifSwibm90ZSI6ImhlaiJ9","condition":"uU0nuZNNPgilLlLX2n2r-sSE7-N6U4DukIj3rOLvzek","expiration":"2018-11-08T21:31:00.534+01:00"}},"type":"application/json","metadata":{"event":{"id":"1c941e47-0112-45de-8697-12a0f1855866","type":"notification","action":"prepare","createdAt":"2018-07-27T10:49:14.170Z","state":{"status":"success","code":0,"description":"action successful"},"responseTo":"a93894f6-0318-4f05-a5bb-5e7d78dcef48"},"protocol.createdAt":1532688555875}}'
2018-07-27T10:49:15.988Z - [32minfo[39m: start[1532688555987] time[1] tag[metricProducerSendMessageProcessingTime]
2018-07-27T10:49:15.988Z - [32minfo[39m: Producer::end
2018-07-27T10:49:15.988Z - [32minfo[39m: start[1532688555882] time[106] tag[metricCenLedgerProduceMessage]
2018-07-27T10:49:15.989Z - [32minfo[39m: start[1532688555988] time[1] tag[metricCommitMessageSyncProcessingTime]
2018-07-27T10:49:15.989Z - [32minfo[39m: guid=7ab5c937-c12d-4897-b4cd-0c15bc75a5cb:uuid - endTransferHandler:process
2018-07-27T10:49:15.989Z - [32minfo[39m: start[1532688555881] time[108] tag[metricCenLedgerTransferTransfer]
2018-07-27T10:49:15.991Z - [32minfo[39m: start[1532688555991] time[0] tag[metricConsumeRecursiveProcessingTime]
2018-07-27T10:49:15.991Z - [32minfo[39m: start[1532688555990] time[1] tag[metricConsumeSyncQueueResolveProcessingTime]
2018-07-27T10:49:17.090Z - [32minfo[39m: start[1532688557090] time[0] tag[metricConsumeRecursiveProcessingTime]
2018-07-27T10:49:18.192Z - [32minfo[39m: start[1532688558192] time[0] tag[metricConsumeRecursiveProcessingTime]
2018-07-27T10:49:19.294Z - [32minfo[39m: start[1532688559294] time[0] tag[metricConsumeRecursiveProcessingTime]
2018-07-27T10:49:20.393Z - [32minfo[39m: start[1532688560393] time[0] tag[metricConsumeRecursiveProcessingTime]
