2018-07-12T12:23:06.613Z - info: guid=fc9e2833-bac4-1b9e-a6e7-345eb9730e29:uuid - startTransferPrepareAPI:process
2018-07-12T12:23:06.729Z - info: guid=fc9e2833-bac4-1b9e-a6e7-345eb9730e29:uuid - endTransferPrepareAPI:process
2018-07-12T12:23:07.407Z - info: guid=fc9e2833-bac4-1b9e-a6e7-345eb9730e29:uuid - startPrepareTransferHandler:process
2018-07-12T12:23:07.603Z - info: guid=fc9e2833-bac4-1b9e-a6e7-345eb9730e29:uuid - endPrepareTransferHandler:process
2018-07-12T12:23:08.508Z - info: guid=fc9e2833-bac4-1b9e-a6e7-345eb9730e29:uuid - startPositionHandler:process
2018-07-12T12:23:09.622Z - info: guid=fc9e2833-bac4-1b9e-a6e7-345eb9730e29:uuid - endPositionHandler:process
2018-07-12T12:23:10.614Z - info: guid=fc9e2833-bac4-1b9e-a6e7-345eb9730e29:uuid - startTransferHandler:process
2018-07-12T12:23:11.633Z - info: guid=fc9e2833-bac4-1b9e-a6e7-345eb9730e29:uuid - endTransferHandler:process
2018-07-12T12:23:11.650Z - info: guid=fc9e2833-bac4-1b9e-a6e7-345eb9730e29:uuid - startNotificationHandler:process
2018-07-12T12:23:11.693Z - info: guid=fc9e2833-bac4-1b9e-a6e7-345eb9730e29:uuid - endNotificationHandler:process
2018-07-12T12:23:23.112Z - 2018-07-12T12:23:23.111Z - infodebug: guid=fc9e2833-bac4-1b9e-a7e7-345eb9730e29:uuid - startTransferPrepareAPI:process
2018-07-12T12:23:23.330Z - info: guid=fc9e2833-bac4-1b9e-a7e7-345eb9730e29:uuid - endTransferPrepareAPI:process
2018-07-12T12:23:23.682Z - info: guid=fc9e2833-bac4-1b9e-a7e7-345eb9730e29:uuid - startPrepareTransferHandler:process
2018-07-12T12:23:24.702Z - info: guid=fc9e2833-bac4-1b9e-a7e7-345eb9730e29:uuid - endPrepareTransferHandler:process
2018-07-12T12:23:25.473Z - info: guid=fc9e2833-bac4-1b9e-a7e7-345eb9730e29:uuid - startPositionHandler:process
2018-07-12T12:23:26.481Z - info: guid=fc9e2833-bac4-1b9e-a7e7-345eb9730e29:uuid - endPositionHandler:process
2018-07-12T12:23:26.486Z - info: guid=fc9e2833-bac4-1b9e-a7e7-345eb9730e29:uuid - startTransferHandler:process
2018-07-12T12:23:27.502Z - info: guid=fc9e2833-bac4-1b9e-a7e7-345eb9730e29:uuid - endTransferHandler:process
2018-07-12T12:23:27.504Z - info: guid=fc9e2833-bac4-1b9e-a7e7-345eb9730e29:uuid - startNotificationHandler:process
2018-07-12T12:23:27.652Z - info: guid=fc9e2833-bac4-1b9e-a7e7-345eb9730e29:uuid - endNotificationHandler:process
2018-07-12T12:23:33.771Z - info: guid=fc9e2833-bac4-1b9e-a8e7-345eb9730e29:uuid - startTransferPrepareAPI:process
2018-07-12T12:23:34.006Z - info: guid=fc9e2833-bac4-1b9e-a8e7-345eb9730e29:uuid - endTransferPrepareAPI:process
2018-07-12T12:23:34.014Z - info: guid=fc9e2833-bac4-1b9e-a8e7-345eb9730e29:uuid - startPrepareTransferHandler:process
2018-07-12T12:23:34.744Z - info: guid=fc9e2833-bac4-1b9e-a8e7-345eb9730e29:uuid - endPrepareTransferHandler:process
2018-07-12T12:23:35.515Z - info: guid=fc9e2833-bac4-1b9e-a8e7-345eb9730e29:uuid - startPositionHandler:process
2018-07-12T12:23:36.523Z - info: guid=fc9e2833-bac4-1b9e-a8e7-345eb9730e29:uuid - endPositionHandler:process
2018-07-12T12:23:36.525Z - info: guid=fc9e2833-bac4-1b9e-a8e7-345eb9730e29:uuid - startTransferHandler:process
2018-07-12T12:23:37.536Z - info: guid=fc9e2833-bac4-1b9e-a8e7-345eb9730e29:uuid - endTransferHandler:process
2018-07-12T12:23:37.633Z - info: guid=fc9e2833-bac4-1b9e-a8e7-345eb9730e29:uuid - startNotificationHandler:process
2018-07-12T12:23:37.707Z - info: guid=fc9e2833-bac4-1b9e-a8e7-345eb9730e29:uuid - endNotificationHandler:process
2018-07-12T12:23:43.525Z - info: guid=fc9e2833-bac4-1b9e-a9e7-345eb9730e29:uuid - startTransferPrepareAPI:process
2018-07-12T12:23:43.641Z - info: guid=fc9e2833-bac4-1b9e-a9e7-345eb9730e29:uuid - endTransferPrepareAPI:process
2018-07-12T12:23:43.843Z - info: guid=fc9e2833-bac4-1b9e-a9e7-345eb9730e29:uuid - startPrepareTransferHandler:process
2018-07-12T12:23:44.787Z - info: guid=fc9e2833-bac4-1b9e-a9e7-345eb9730e29:uuid - endPrepareTransferHandler:process
2018-07-12T12:23:45.557Z - info: guid=fc9e2833-bac4-1b9e-a9e7-345eb9730e29:uuid - startPositionHandler:process
2018-07-12T12:23:46.564Z - info: guid=fc9e2833-bac4-1b9e-a9e7-345eb9730e29:uuid - endPositionHandler:process
2018-07-12T12:23:46.570Z - info: guid=fc9e2833-bac4-1b9e-a9e7-345eb9730e29:uuid - startTransferHandler:process
2018-07-12T12:23:47.576Z - info: guid=fc9e2833-bac4-1b9e-a9e7-345eb9730e29:uuid - endTransferHandler:process
2018-07-12T12:23:47.577Z - info: guid=fc9e2833-bac4-1b9e-a9e7-345eb9730e29:uuid - startNotificationHandler:process
2018-07-12T12:23:47.619Z - info: guid=fc9e2833-bac4-1b9e-a9e7-345eb9730e29:uuid - endNotificationHandler:process
2018-07-12T12:23:57.979Z - info: guid=fc9e2833-bac4-2b9e-a9e7-345eb9730e29:uuid - startTransferPrepareAPI:process
2018-07-12T12:23:58.203Z - info: guid=fc9e2833-bac4-2b9e-a9e7-345eb9730e29:uuid - startPrepareTransferHandler:process
2018-07-12T12:23:59.622Z - info: guid=fc9e2833-bac4-2b9e-a9e7-345eb9730e29:uuid - endPrepareTransferHandler:process
2018-07-12T12:23:59.627Z - info: guid=fc9e2833-bac4-2b9e-a9e7-345eb9730e29:uuid - startPositionHandler:process
2018-07-12T12:24:00.845Z - info: guid=fc9e2833-bac4-2b9e-a9e7-345eb9730e29:uuid - endPositionHandler:process
2018-07-12T12:24:01.216Z - info: guid=fc9e2833-bac4-2b9e-a9e7-345eb9730e29:uuid - startTransferHandler:process
2018-07-12T12:24:01.895Z - info: guid=fc9e2833-bac4-2b9e-a9e7-345eb9730e29:uuid - endTransferHandler:process
2018-07-12T12:24:01.897Z - info: guid=fc9e2833-bac4-2b9e-a9e7-345eb9730e29:uuid - startNotificationHandler:process
2018-07-12T12:24:01.920Z - info: guid=fc9e2833-bac4-2b9e-a9e7-345eb9730e29:uuid - endNotificationHandler:process
2018-07-12T12:24:13.047Z - info: guid=fc9e2833-bac4-3b9e-a9e7-345eb9730e29:uuid - startTransferPrepareAPI:process
2018-07-12T12:24:13.266Z - info: guid=fc9e2833-bac4-3b9e-a9e7-345eb9730e29:uuid - endTransferPrepareAPI:process
2018-07-12T12:24:13.268Z - info: guid=fc9e2833-bac4-3b9e-a9e7-345eb9730e29:uuid - startPrepareTransferHandler:process
2018-07-12T12:24:14.682Z - info: guid=fc9e2833-bac4-3b9e-a9e7-345eb9730e29:uuid - endPrepareTransferHandler:process
2018-07-12T12:24:15.271Z - info: guid=fc9e2833-bac4-3b9e-a9e7-345eb9730e29:uuid - startPositionHandler:process
2018-07-12T12:24:15.954Z - info: guid=fc9e2833-bac4-3b9e-a9e7-345eb9730e29:uuid - endPositionHandler:process
2018-07-12T12:24:16.274Z - info: guid=fc9e2833-bac4-3b9e-a9e7-345eb9730e29:uuid - startTransferHandler:process
2018-07-12T12:24:16.966Z - info: guid=fc9e2833-bac4-3b9e-a9e7-345eb9730e29:uuid - endTransferHandler:process
2018-07-12T12:24:16.968Z - info: guid=fc9e2833-bac4-3b9e-a9e7-345eb9730e29:uuid - startNotificationHandler:process
2018-07-12T12:24:17.011Z - info: guid=fc9e2833-bac4-3b9e-a9e7-345eb9730e29:uuid - endNotificationHandler:process
2018-07-12T12:24:43.705Z - info: guid=fc9e2833-bac5-3b9e-a9e7-345eb9730e29:uuid - startTransferPrepareAPI:process
2018-07-12T12:24:43.925Z - info: guid=fc9e2833-bac5-3b9e-a9e7-345eb9730e29:uuid - endTransferPrepareAPI:process
2018-07-12T12:24:44.798Z - info: guid=fc9e2833-bac5-3b9e-a9e7-345eb9730e29:uuid - startPrepareTransferHandler:process
2018-07-12T12:24:45.807Z - info: guid=fc9e2833-bac5-3b9e-a9e7-345eb9730e29:uuid - endPrepareTransferHandler:process
2018-07-12T12:24:45.811Z - info: guid=fc9e2833-bac5-3b9e-a9e7-345eb9730e29:uuid - startPositionHandler:process
2018-07-12T12:24:46.811Z - info: guid=fc9e2833-bac5-3b9e-a9e7-345eb9730e29:uuid - endPositionHandler:process
2018-07-12T12:24:46.815Z - info: guid=fc9e2833-bac5-3b9e-a9e7-345eb9730e29:uuid - startTransferHandler:process
2018-07-12T12:24:47.825Z - info: guid=fc9e2833-bac5-3b9e-a9e7-345eb9730e29:uuid - endTransferHandler:process
2018-07-12T12:24:47.835Z - info: guid=fc9e2833-bac5-3b9e-a9e7-345eb9730e29:uuid - startNotificationHandler:process
2018-07-12T12:24:47.915Z - info: guid=fc9e2833-bac5-3b9e-a9e7-345eb9730e29:uuid - endNotificationHandler:process
2018-07-12T12:24:57.957Z - info: guid=fc9e2833-bac6-3b9e-a9e7-345eb9730e29:uuid - startTransferPrepareAPI:process
2018-07-12T12:24:58.174Z - info: guid=fc9e2833-bac6-3b9e-a9e7-345eb9730e29:uuid - endTransferPrepareAPI:process
2018-07-12T12:24:58.184Z - info: guid=fc9e2833-bac6-3b9e-a9e7-345eb9730e29:uuid - startPrepareTransferHandler:process
2018-07-12T12:24:59.469Z - info: guid=fc9e2833-bac6-3b9e-a9e7-345eb9730e29:uuid - endPrepareTransferHandler:process
2018-07-12T12:24:59.475Z - info: guid=fc9e2833-bac6-3b9e-a9e7-345eb9730e29:uuid - startPositionHandler:process
2018-07-12T12:25:00.871Z - info: guid=fc9e2833-bac6-3b9e-a9e7-345eb9730e29:uuid - endPositionHandler:process
2018-07-12T12:25:00.876Z - info: guid=fc9e2833-bac6-3b9e-a9e7-345eb9730e29:uuid - startTransferHandler:process
2018-07-12T12:25:01.887Z - info: guid=fc9e2833-bac6-3b9e-a9e7-345eb9730e29:uuid - endTransferHandler:process
2018-07-12T12:25:01.889Z - info: guid=fc9e2833-bac6-3b9e-a9e7-345eb9730e29:uuid - startNotificationHandler:process
2018-07-12T12:25:01.918Z - info: guid=fc9e2833-bac6-3b9e-a9e7-345eb9730e29:uuid - endNotificationHandler:process
2018-07-12T12:25:08.356Z - info: guid=fc9e2833-bac7-3b9e-a9e7-345eb9730e29:uuid - startTransferPrepareAPI:process
2018-07-12T12:25:08.469Z - info: guid=fc9e2833-bac7-3b9e-a9e7-345eb9730e29:uuid - endTransferPrepareAPI:process
2018-07-12T12:25:08.675Z - info: guid=fc9e2833-bac7-3b9e-a9e7-345eb9730e29:uuid - startPrepareTransferHandler:process
2018-07-12T12:25:09.914Z - info: guid=fc9e2833-bac7-3b9e-a9e7-345eb9730e29:uuid - endPrepareTransferHandler:process
2018-07-12T12:25:09.918Z - info: guid=fc9e2833-bac7-3b9e-a9e7-345eb9730e29:uuid - startPositionHandler:process
2018-07-12T12:25:11.227Z - info: guid=fc9e2833-bac7-3b9e-a9e7-345eb9730e29:uuid - endPositionHandler:process
2018-07-12T12:25:11.235Z - info: guid=fc9e2833-bac7-3b9e-a9e7-345eb9730e29:uuid - startTransferHandler:process
2018-07-12T12:25:12.239Z - info: guid=fc9e2833-bac7-3b9e-a9e7-345eb9730e29:uuid - endTransferHandler:process
2018-07-12T12:25:12.240Z - info: guid=fc9e2833-bac7-3b9e-a9e7-345eb9730e29:uuid - startNotificationHandler:process
2018-07-12T12:25:12.281Z - info: guid=fc9e2833-bac7-3b9e-a9e7-345eb9730e29:uuid - endNotificationHandler:process
2018-07-12T12:25:22.882Z - info: guid=fc9e2833-bac8-3b9e-a9e7-345eb9730e29:uuid - startTransferPrepareAPI:process
2018-07-12T12:25:23.099Z - info: guid=fc9e2833-bac8-3b9e-a9e7-345eb9730e29:uuid - endTransferPrepareAPI:process
2018-07-12T12:25:23.975Z - info: guid=fc9e2833-bac8-3b9e-a9e7-345eb9730e29:uuid - startPrepareTransferHandler:process
2018-07-12T12:25:24.981Z - info: guid=fc9e2833-bac8-3b9e-a9e7-345eb9730e29:uuid - endPrepareTransferHandler:process
2018-07-12T12:25:25.287Z - info: guid=fc9e2833-bac8-3b9e-a9e7-345eb9730e29:uuid - startPositionHandler:process
2018-07-12T12:25:27.204Z - info: guid=fc9e2833-bac8-3b9e-a9e7-345eb9730e29:uuid - endPositionHandler:process
2018-07-12T12:25:27.369Z - info: guid=fc9e2833-bac8-3b9e-a9e7-345eb9730e29:uuid - startTransferHandler:process
2018-07-12T12:25:28.317Z - info: guid=fc9e2833-bac8-3b9e-a9e7-345eb9730e29:uuid - endTransferHandler:process
2018-07-12T12:25:28.322Z - info: guid=fc9e2833-bac8-3b9e-a9e7-345eb9730e29:uuid - startNotificationHandler:process
2018-07-12T12:25:28.362Z - info: guid=fc9e2833-bac8-3b9e-a9e7-345eb9730e29:uuid - endNotificationHandler:process
: guid=fc9e2833-bac4-2b9e-a9e7-345eb9730e29:uuid - endTransferPrepareAPI:process
