/usr/local/opt/node@8/bin/node --inspect-brk=51977 /Users/mdebarros/Documents/ModusDocs/Projects/MojaLoop/git/fork/ml-api-adapter/src/api/index.js
Debugger listening on ws://127.0.0.1:51977/d1b97c7d-9604-48f6-b09c-d751596bd638
For help see https://nodejs.org/en/docs/inspector
Debugger attached.
http://Miguels-MBP:4000
  GET    /                              Metadata
  GET    /documentation
  GET    /health                        Status of adapter
  GET    /swagger.json
  GET    /swaggerui/{path*}
  GET    /swaggerui/extend.js
  POST   /transfers                     Transfer API.
  PUT    /transfers/{id}                Fulfil a transfer

2018-07-12T12:36:07.883Z - debug: Server running at:  http://Miguels-MBP:4000
2018-07-12T12:36:07.884Z - info: Notification::startConsumer
2018-07-12T12:36:07.885Z - info: Notification::startConsumer::topicName: topic-notification-event
2018-07-12T12:36:07.885Z - info: Notification::startConsumer::Consumer: new
2018-07-12T12:36:08.117Z - info: node-rdkafka v0.11.4 ready - {"name":"topic-notification-event#consumer-1"}
2018-07-12T12:36:08.118Z - info: start[1531398967885] time[233] tag[metricConsumerConnectProcessingTime]
2018-07-12T12:36:08.125Z - info: Kafka Consumer connected
2018-07-12T12:36:08.132Z - info: start[1531398968131] time[1] tag[metricConsumeRecursiveProcessingTime]
2018-07-12T12:36:08.133Z - info: start[1531398968127] time[6] tag[metricConsumeProcessingTime]
2018-07-12T12:36:08.134Z - info: Kafka Consumer handler created
2018-07-12T12:36:08.135Z - info: start[1531398967884] time[251] tag[metricMlAPIStartConsume]
2018-07-12T12:36:09.238Z - info: start[1531398969238] time[0] tag[metricConsumeRecursiveProcessingTime]
2018-07-12T12:36:10.342Z - info: start[1531398970342] time[0] tag[metricConsumeRecursiveProcessingTime]
2018-07-12T12:36:11.447Z - info: start[1531398971447] time[0] tag[metricConsumeRecursiveProcessingTime]
2018-07-12T12:36:12.553Z - info: start[1531398972553] time[0] tag[metricConsumeRecursiveProcessingTime]
2018-07-12T12:36:13.662Z - info: start[1531398973662] time[0] tag[metricConsumeRecursiveProcessingTime]
2018-07-12T12:36:14.768Z - info: start[1531398974768] time[0] tag[metricConsumeRecursiveProcessingTime]
2018-07-12T12:36:15.876Z - info: start[1531398975875] time[1] tag[metricConsumeRecursiveProcessingTime]
2018-07-12T12:36:16.983Z - info: start[1531398976982] time[1] tag[metricConsumeRecursiveProcessingTime]
2018-07-12T12:36:18.089Z - info: start[1531398978089] time[0] tag[metricConsumeRecursiveProcessingTime]
2018-07-12T12:36:19.195Z - info: start[1531398979195] time[0] tag[metricConsumeRecursiveProcessingTime]
2018-07-12T12:36:20.300Z - info: start[1531398980300] time[0] tag[metricConsumeRecursiveProcessingTime]
2018-07-12T12:36:21.406Z - info: start[1531398981406] time[0] tag[metricConsumeRecursiveProcessingTime]
2018-07-12T12:36:22.511Z - info: start[1531398982511] time[0] tag[metricConsumeRecursiveProcessingTime]
2018-07-12T12:36:23.613Z - info: start[1531398983613] time[0] tag[metricConsumeRecursiveProcessingTime]
2018-07-12T12:36:24.723Z - info: start[1531398984723] time[0] tag[metricConsumeRecursiveProcessingTime]
2018-07-12T12:36:25.832Z - info: start[1531398985832] time[0] tag[metricConsumeRecursiveProcessingTime]
2018-07-12T12:36:26.942Z - info: start[1531398986942] time[0] tag[metricConsumeRecursiveProcessingTime]
2018-07-12T12:36:28.052Z - info: start[1531398988052] time[0] tag[metricConsumeRecursiveProcessingTime]
2018-07-12T12:36:29.160Z - info: start[1531398989160] time[0] tag[metricConsumeRecursiveProcessingTime]
2018-07-12T12:36:30.269Z - info: start[1531398990269] time[0] tag[metricConsumeRecursiveProcessingTime]
2018-07-12T12:36:31.377Z - info: start[1531398991377] time[0] tag[metricConsumeRecursiveProcessingTime]
2018-07-12T12:36:32.486Z - info: start[1531398992486] time[0] tag[metricConsumeRecursiveProcessingTime]
2018-07-12T12:36:33.596Z - info: start[1531398993595] time[0] tag[metricConsumeRecursiveProcessingTime]
2018-07-12T12:36:35.282Z - info: start[1531398995282] time[0] tag[metricConsumeRecursiveProcessingTime]
2018-07-12T12:36:36.391Z - info: start[1531398996391] time[0] tag[metricConsumeRecursiveProcessingTime]
2018-07-12T12:36:37.500Z - info: start[1531398997500] time[0] tag[metricConsumeRecursiveProcessingTime]
2018-07-12T12:36:38.610Z - info: start[1531398998610] time[0] tag[metricConsumeRecursiveProcessingTime]
2018-07-12T12:36:39.719Z - info: start[1531398999719] time[0] tag[metricConsumeRecursiveProcessingTime]
2018-07-12T12:36:40.828Z - info: start[1531399000828] time[0] tag[metricConsumeRecursiveProcessingTime]
2018-07-12T12:36:41.937Z - info: start[1531399001937] time[0] tag[metricConsumeRecursiveProcessingTime]
2018-07-12T12:36:43.045Z - info: start[1531399003045] time[0] tag[metricConsumeRecursiveProcessingTime]
2018-07-12T12:36:44.154Z - info: start[1531399004154] time[0] tag[metricConsumeRecursiveProcessingTime]
2018-07-12T12:36:45.264Z - info: start[1531399005264] time[0] tag[metricConsumeRecursiveProcessingTime]
2018-07-12T12:36:46.372Z - info: start[1531399006371] time[0] tag[metricConsumeRecursiveProcessingTime]
2018-07-12T12:36:47.480Z - info: start[1531399007479] time[1] tag[metricConsumeRecursiveProcessingTime]
2018-07-12T12:36:48.588Z - info: start[1531399008588] time[0] tag[metricConsumeRecursiveProcessingTime]
2018-07-12T12:36:49.695Z - info: start[1531399009694] time[0] tag[metricConsumeRecursiveProcessingTime]
2018-07-12T12:36:50.804Z - info: start[1531399010804] time[0] tag[metricConsumeRecursiveProcessingTime]
2018-07-12T12:36:51.913Z - info: start[1531399011912] time[1] tag[metricConsumeRecursiveProcessingTime]
2018-07-12T12:36:53.022Z - info: start[1531399013022] time[0] tag[metricConsumeRecursiveProcessingTime]
2018-07-12T12:36:54.131Z - info: start[1531399014131] time[0] tag[metricConsumeRecursiveProcessingTime]
2018-07-12T12:36:55.239Z - info: start[1531399015239] time[0] tag[metricConsumeRecursiveProcessingTime]
2018-07-12T12:36:56.346Z - info: start[1531399016346] time[0] tag[metricConsumeRecursiveProcessingTime]
2018-07-12T12:36:57.456Z - info: start[1531399017456] time[0] tag[metricConsumeRecursiveProcessingTime]
2018-07-12T12:36:58.565Z - info: start[1531399018565] time[0] tag[metricConsumeRecursiveProcessingTime]
2018-07-12T12:36:59.674Z - info: start[1531399019674] time[0] tag[metricConsumeRecursiveProcessingTime]
2018-07-12T12:37:00.783Z - info: start[1531399020783] time[0] tag[metricConsumeRecursiveProcessingTime]
2018-07-12T12:37:01.892Z - info: start[1531399021892] time[0] tag[metricConsumeRecursiveProcessingTime]
2018-07-12T12:37:03.000Z - info: start[1531399023000] time[0] tag[metricConsumeRecursiveProcessingTime]
2018-07-12T12:37:04.109Z - info: start[1531399024109] time[0] tag[metricConsumeRecursiveProcessingTime]
2018-07-12T12:37:05.218Z - info: start[1531399025218] time[0] tag[metricConsumeRecursiveProcessingTime]
2018-07-12T12:37:06.326Z - info: start[1531399026326] time[0] tag[metricConsumeRecursiveProcessingTime]
2018-07-12T12:37:07.430Z - info: start[1531399027429] time[0] tag[metricConsumeRecursiveProcessingTime]
2018-07-12T12:37:08.534Z - info: start[1531399028534] time[0] tag[metricConsumeRecursiveProcessingTime]
2018-07-12T12:37:09.641Z - info: start[1531399029641] time[0] tag[metricConsumeRecursiveProcessingTime]
2018-07-12T12:37:10.750Z - info: start[1531399030750] time[0] tag[metricConsumeRecursiveProcessingTime]
2018-07-12T12:37:11.854Z - info: start[1531399031854] time[0] tag[metricConsumeRecursiveProcessingTime]
2018-07-12T12:37:12.962Z - info: start[1531399032962] time[0] tag[metricConsumeRecursiveProcessingTime]
2018-07-12T12:37:14.068Z - info: start[1531399034068] time[0] tag[metricConsumeRecursiveProcessingTime]
2018-07-12T12:37:15.174Z - info: start[1531399035174] time[0] tag[metricConsumeRecursiveProcessingTime]
2018-07-12T12:37:16.282Z - info: start[1531399036282] time[0] tag[metricConsumeRecursiveProcessingTime]
2018-07-12T12:37:17.392Z - info: start[1531399037392] time[0] tag[metricConsumeRecursiveProcessingTime]
2018-07-12T12:37:18.501Z - info: start[1531399038501] time[0] tag[metricConsumeRecursiveProcessingTime]
2018-07-12T12:37:19.609Z - info: start[1531399039609] time[0] tag[metricConsumeRecursiveProcessingTime]
2018-07-12T12:37:20.715Z - info: start[1531399040715] time[0] tag[metricConsumeRecursiveProcessingTime]
2018-07-12T12:37:21.825Z - info: start[1531399041825] time[0] tag[metricConsumeRecursiveProcessingTime]
2018-07-12T12:37:22.935Z - info: start[1531399042935] time[0] tag[metricConsumeRecursiveProcessingTime]
2018-07-12T12:37:24.045Z - info: start[1531399044045] time[0] tag[metricConsumeRecursiveProcessingTime]
2018-07-12T12:37:25.154Z - info: start[1531399045154] time[0] tag[metricConsumeRecursiveProcessingTime]
2018-07-12T12:37:25.428Z - debug: create::start({"transferId":"ad9e2b01-bac8-3b9e-a9e7-345eb9730e29","payeeFsp":"dfsp2","payerFsp":"dfsp1","amount":{"amount":"100","currency":"USD"},"ilpPacket":"AQAAAAAAAABkEGcuZXdwMjEuaWQuODAwMjCCAhd7InRyYW5zYWN0aW9uSWQiOiJmODU0NzdkYi0xMzVkLTRlMDgtYThiNy0xMmIyMmQ4MmMwZDYiLCJxdW90ZUlkIjoiOWU2NGYzMjEtYzMyNC00ZDI0LTg5MmYtYzQ3ZWY0ZThkZTkxIiwicGF5ZWUiOnsicGFydHlJZEluZm8iOnsicGFydHlJZFR5cGUiOiJNU0lTRE4iLCJwYXJ0eUlkZW50aWZpZXIiOiIyNTYxMjM0NTYiLCJmc3BJZCI6IjIxIn19LCJwYXllciI6eyJwYXJ0eUlkSW5mbyI6eyJwYXJ0eUlkVHlwZSI6Ik1TSVNETiIsInBhcnR5SWRlbnRpZmllciI6IjI1NjIwMTAwMDAxIiwiZnNwSWQiOiIyMCJ9LCJwZXJzb25hbEluZm8iOnsiY29tcGxleE5hbWUiOnsiZmlyc3ROYW1lIjoiTWF0cyIsImxhc3ROYW1lIjoiSGFnbWFuIn0sImRhdGVPZkJpcnRoIjoiMTk4My0xMC0yNSJ9fSwiYW1vdW50Ijp7ImFtb3VudCI6IjEwMCIsImN1cnJlbmN5IjoiVVNEIn0sInRyYW5zYWN0aW9uVHlwZSI6eyJzY2VuYXJpbyI6IlRSQU5TRkVSIiwiaW5pdGlhdG9yIjoiUEFZRVIiLCJpbml0aWF0b3JUeXBlIjoiQ09OU1VNRVIifSwibm90ZSI6ImhlaiJ9","condition":"uU0nuZNNPgilLlLX2n2r-sSE7-N6U4DukIj3rOLvzek","expiration":"2018-11-08T21:31:00.534+01:00"})
2018-07-12T12:37:25.428Z - debug: prepare::start([object Object], [object Object])
2018-07-12T12:37:25.431Z - debug: Producer::start::topic=topic-dfsp1-transfer-prepare
2018-07-12T12:37:25.431Z - debug: Producer::connect::start
2018-07-12T12:37:25.428Z - info: guid=ad9e2b01-bac8-3b9e-a9e7-345eb9730e29:uuid - startTransferPrepareAPI:process
2018-07-12T12:37:25.646Z - info: start[1531399045432] time[214] tag[metricProducerConnectProcessingTime]
2018-07-12T12:37:25.648Z - info: start[1531399045647] time[1] tag[metricProducerSendMessageProcessingTime]
2018-07-12T12:37:25.649Z - info: guid=ad9e2b01-bac8-3b9e-a9e7-345eb9730e29:uuid - endTransferPrepareAPI:process
2018-07-12T12:37:25.647Z - debug: Producer::connect::end
2018-07-12T12:37:25.647Z - debug: Producer.sendMessage:: messageProtocol:'{"id":"ad9e2b01-bac8-3b9e-a9e7-345eb9730e29","to":"dfsp2","from":"dfsp1","type":"application/json","content":{"headers":{"content-type":"application/json","date":"2017-11-02T00:00:00.000Z","fspiop-destination":"dfsp2","fspiop-source":"dfsp1","content-length":1038},"payload":{"transferId":"ad9e2b01-bac8-3b9e-a9e7-345eb9730e29","payeeFsp":"dfsp2","payerFsp":"dfsp1","amount":{"amount":"100","currency":"USD"},"ilpPacket":"AQAAAAAAAABkEGcuZXdwMjEuaWQuODAwMjCCAhd7InRyYW5zYWN0aW9uSWQiOiJmODU0NzdkYi0xMzVkLTRlMDgtYThiNy0xMmIyMmQ4MmMwZDYiLCJxdW90ZUlkIjoiOWU2NGYzMjEtYzMyNC00ZDI0LTg5MmYtYzQ3ZWY0ZThkZTkxIiwicGF5ZWUiOnsicGFydHlJZEluZm8iOnsicGFydHlJZFR5cGUiOiJNU0lTRE4iLCJwYXJ0eUlkZW50aWZpZXIiOiIyNTYxMjM0NTYiLCJmc3BJZCI6IjIxIn19LCJwYXllciI6eyJwYXJ0eUlkSW5mbyI6eyJwYXJ0eUlkVHlwZSI6Ik1TSVNETiIsInBhcnR5SWRlbnRpZmllciI6IjI1NjIwMTAwMDAxIiwiZnNwSWQiOiIyMCJ9LCJwZXJzb25hbEluZm8iOnsiY29tcGxleE5hbWUiOnsiZmlyc3ROYW1lIjoiTWF0cyIsImxhc3ROYW1lIjoiSGFnbWFuIn0sImRhdGVPZkJpcnRoIjoiMTk4My0xMC0yNSJ9fSwiYW1vdW50Ijp7ImFtb3VudCI6IjEwMCIsImN1cnJlbmN5IjoiVVNEIn0sInRyYW5zYWN0aW9uVHlwZSI6eyJzY2VuYXJpbyI6IlRSQU5TRkVSIiwiaW5pdGlhdG9yIjoiUEFZRVIiLCJpbml0aWF0b3JUeXBlIjoiQ09OU1VNRVIifSwibm90ZSI6ImhlaiJ9","condition":"uU0nuZNNPgilLlLX2n2r-sSE7-N6U4DukIj3rOLvzek","expiration":"2018-11-08T21:31:00.534+01:00"}},"metadata":{"event":{"id":"18ca19d0-0bcf-46f9-9bc9-5477c3665947","type":"prepare","action":"prepare","createdAt":"2018-07-12T12:37:25.429Z","state":{"status":"success","code":0}}}}'
2018-07-12T12:37:25.647Z - debug: Producer::send() - start {"topicName":"topic-dfsp1-transfer-prepare"}
2018-07-12T12:37:25.648Z - debug: Producer::end
2018-07-12T12:37:26.262Z - info: start[1531399046262] time[0] tag[metricConsumeRecursiveProcessingTime]
2018-07-12T12:37:27.371Z - info: start[1531399047371] time[0] tag[metricConsumeRecursiveProcessingTime]
2018-07-12T12:37:28.479Z - info: start[1531399048479] time[0] tag[metricConsumeRecursiveProcessingTime]
2018-07-12T12:37:29.146Z - debug: Consumer::_consumerRecursive() - messages[1]: [{"value":{"from":"dfsp1","to":"dfsp2","id":"ad9e2b01-bac8-3b9e-a9e7-345eb9730e29","content":{"headers":{"content-type":"application/json","date":"2017-11-02T00:00:00.000Z","fspiop-destination":"dfsp2","fspiop-source":"dfsp1","content-length":1038},"payload":{"transferId":"ad9e2b01-bac8-3b9e-a9e7-345eb9730e29","payeeFsp":"dfsp2","payerFsp":"dfsp1","amount":{"amount":"100","currency":"USD"},"ilpPacket":"AQAAAAAAAABkEGcuZXdwMjEuaWQuODAwMjCCAhd7InRyYW5zYWN0aW9uSWQiOiJmODU0NzdkYi0xMzVkLTRlMDgtYThiNy0xMmIyMmQ4MmMwZDYiLCJxdW90ZUlkIjoiOWU2NGYzMjEtYzMyNC00ZDI0LTg5MmYtYzQ3ZWY0ZThkZTkxIiwicGF5ZWUiOnsicGFydHlJZEluZm8iOnsicGFydHlJZFR5cGUiOiJNU0lTRE4iLCJwYXJ0eUlkZW50aWZpZXIiOiIyNTYxMjM0NTYiLCJmc3BJZCI6IjIxIn19LCJwYXllciI6eyJwYXJ0eUlkSW5mbyI6eyJwYXJ0eUlkVHlwZSI6Ik1TSVNETiIsInBhcnR5SWRlbnRpZmllciI6IjI1NjIwMTAwMDAxIiwiZnNwSWQiOiIyMCJ9LCJwZXJzb25hbEluZm8iOnsiY29tcGxleE5hbWUiOnsiZmlyc3ROYW1lIjoiTWF0cyIsImxhc3ROYW1lIjoiSGFnbWFuIn0sImRhdGVPZkJpcnRoIjoiMTk4My0xMC0yNSJ9fSwiYW1vdW50Ijp7ImFtb3VudCI6IjEwMCIsImN1cnJlbmN5IjoiVVNEIn0sInRyYW5zYWN0aW9uVHlwZSI6eyJzY2VuYXJpbyI6IlRSQU5TRkVSIiwiaW5pdGlhdG9yIjoiUEFZRVIiLCJpbml0aWF0b3JUeXBlIjoiQ09OU1VNRVIifSwibm90ZSI6ImhlaiJ9","condition":"uU0nuZNNPgilLlLX2n2r-sSE7-N6U4DukIj3rOLvzek","expiration":"2018-11-08T21:31:00.534+01:00"}},"type":"application/json","metadata":{"event":{"id":"99a8ba75-1970-403b-810b-84f7f38cfdb4","type":"notification","action":"prepare","createdAt":"2018-07-12T12:37:25.429Z","state":{"status":"success","code":0,"description":"action successful"},"responseTo":"f0b8a958-09f0-4566-9f7b-8bd8052d83e3"},"protocol.createdAt":1531399049140}},"size":1587,"key":{"type":"Buffer","data":[100,101,56,56,102,54,50,50,45,98,55,98,56,45,52,98,51,100,45,98,52,100,99,45,102,101,55,56,48,51,102,57,101,50,101,57]},"topic":"topic-notification-event","offset":33,"partition":0,"timestamp":1531399049140}]}
2018-07-12T12:37:29.147Z - debug: Consumer::consume() - Sync Process - {"error":null,"messages":[{"value":{"from":"dfsp1","to":"dfsp2","id":"ad9e2b01-bac8-3b9e-a9e7-345eb9730e29","content":{"headers":{"content-type":"application/json","date":"2017-11-02T00:00:00.000Z","fspiop-destination":"dfsp2","fspiop-source":"dfsp1","content-length":1038},"payload":{"transferId":"ad9e2b01-bac8-3b9e-a9e7-345eb9730e29","payeeFsp":"dfsp2","payerFsp":"dfsp1","amount":{"amount":"100","currency":"USD"},"ilpPacket":"AQAAAAAAAABkEGcuZXdwMjEuaWQuODAwMjCCAhd7InRyYW5zYWN0aW9uSWQiOiJmODU0NzdkYi0xMzVkLTRlMDgtYThiNy0xMmIyMmQ4MmMwZDYiLCJxdW90ZUlkIjoiOWU2NGYzMjEtYzMyNC00ZDI0LTg5MmYtYzQ3ZWY0ZThkZTkxIiwicGF5ZWUiOnsicGFydHlJZEluZm8iOnsicGFydHlJZFR5cGUiOiJNU0lTRE4iLCJwYXJ0eUlkZW50aWZpZXIiOiIyNTYxMjM0NTYiLCJmc3BJZCI6IjIxIn19LCJwYXllciI6eyJwYXJ0eUlkSW5mbyI6eyJwYXJ0eUlkVHlwZSI6Ik1TSVNETiIsInBhcnR5SWRlbnRpZmllciI6IjI1NjIwMTAwMDAxIiwiZnNwSWQiOiIyMCJ9LCJwZXJzb25hbEluZm8iOnsiY29tcGxleE5hbWUiOnsiZmlyc3ROYW1lIjoiTWF0cyIsImxhc3ROYW1lIjoiSGFnbWFuIn0sImRhdGVPZkJpcnRoIjoiMTk4My0xMC0yNSJ9fSwiYW1vdW50Ijp7ImFtb3VudCI6IjEwMCIsImN1cnJlbmN5IjoiVVNEIn0sInRyYW5zYWN0aW9uVHlwZSI6eyJzY2VuYXJpbyI6IlRSQU5TRkVSIiwiaW5pdGlhdG9yIjoiUEFZRVIiLCJpbml0aWF0b3JUeXBlIjoiQ09OU1VNRVIifSwibm90ZSI6ImhlaiJ9","condition":"uU0nuZNNPgilLlLX2n2r-sSE7-N6U4DukIj3rOLvzek","expiration":"2018-11-08T21:31:00.534+01:00"}},"type":"application/json","metadata":{"event":{"id":"99a8ba75-1970-403b-810b-84f7f38cfdb4","type":"notification","action":"prepare","createdAt":"2018-07-12T12:37:25.429Z","state":{"status":"success","code":0,"description":"action successful"},"responseTo":"f0b8a958-09f0-4566-9f7b-8bd8052d83e3"},"protocol.createdAt":1531399049140}},"size":1587,"key":{"type":"Buffer","data":[100,101,56,56,102,54,50,50,45,98,55,98,56,45,52,98,51,100,45,98,52,100,99,45,102,101,55,56,48,51,102,57,101,50,101,57]},"topic":"topic-notification-event","offset":33,"partition":0,"timestamp":1531399049140}]}
2018-07-12T12:37:29.146Z - info: start[1531399048479] time[0] tag[metricConsumeRecursiveConsumeProcessingTime]
2018-07-12T12:37:29.148Z - info: Notification::consumeMessage
2018-07-12T12:37:29.148Z - info: Notification:consumeMessage message: - [{"value":{"from":"dfsp1","to":"dfsp2","id":"ad9e2b01-bac8-3b9e-a9e7-345eb9730e29","content":{"headers":{"content-type":"application/json","date":"2017-11-02T00:00:00.000Z","fspiop-destination":"dfsp2","fspiop-source":"dfsp1","content-length":1038},"payload":{"transferId":"ad9e2b01-bac8-3b9e-a9e7-345eb9730e29","payeeFsp":"dfsp2","payerFsp":"dfsp1","amount":{"amount":"100","currency":"USD"},"ilpPacket":"AQAAAAAAAABkEGcuZXdwMjEuaWQuODAwMjCCAhd7InRyYW5zYWN0aW9uSWQiOiJmODU0NzdkYi0xMzVkLTRlMDgtYThiNy0xMmIyMmQ4MmMwZDYiLCJxdW90ZUlkIjoiOWU2NGYzMjEtYzMyNC00ZDI0LTg5MmYtYzQ3ZWY0ZThkZTkxIiwicGF5ZWUiOnsicGFydHlJZEluZm8iOnsicGFydHlJZFR5cGUiOiJNU0lTRE4iLCJwYXJ0eUlkZW50aWZpZXIiOiIyNTYxMjM0NTYiLCJmc3BJZCI6IjIxIn19LCJwYXllciI6eyJwYXJ0eUlkSW5mbyI6eyJwYXJ0eUlkVHlwZSI6Ik1TSVNETiIsInBhcnR5SWRlbnRpZmllciI6IjI1NjIwMTAwMDAxIiwiZnNwSWQiOiIyMCJ9LCJwZXJzb25hbEluZm8iOnsiY29tcGxleE5hbWUiOnsiZmlyc3ROYW1lIjoiTWF0cyIsImxhc3ROYW1lIjoiSGFnbWFuIn0sImRhdGVPZkJpcnRoIjoiMTk4My0xMC0yNSJ9fSwiYW1vdW50Ijp7ImFtb3VudCI6IjEwMCIsImN1cnJlbmN5IjoiVVNEIn0sInRyYW5zYWN0aW9uVHlwZSI6eyJzY2VuYXJpbyI6IlRSQU5TRkVSIiwiaW5pdGlhdG9yIjoiUEFZRVIiLCJpbml0aWF0b3JUeXBlIjoiQ09OU1VNRVIifSwibm90ZSI6ImhlaiJ9","condition":"uU0nuZNNPgilLlLX2n2r-sSE7-N6U4DukIj3rOLvzek","expiration":"2018-11-08T21:31:00.534+01:00"}},"type":"application/json","metadata":{"event":{"id":"99a8ba75-1970-403b-810b-84f7f38cfdb4","type":"notification","action":"prepare","createdAt":"2018-07-12T12:37:25.429Z","state":{"status":"success","code":0,"description":"action successful"},"responseTo":"f0b8a958-09f0-4566-9f7b-8bd8052d83e3"},"protocol.createdAt":1531399049140}},"size":1587,"key":{"type":"Buffer","data":[100,101,56,56,102,54,50,50,45,98,55,98,56,45,52,98,51,100,45,98,52,100,99,45,102,101,55,56,48,51,102,57,101,50,101,57]},"topic":"topic-notification-event","offset":33,"partition":0,"timestamp":1531399049140}]
2018-07-12T12:37:29.148Z - info: guid=ad9e2b01-bac8-3b9e-a9e7-345eb9730e29:uuid - startNotificationHandler:process
2018-07-12T12:37:29.148Z - info: Notification::consumeMessage::processMessage
2018-07-12T12:37:29.149Z - info: Notification::processMessage
2018-07-12T12:37:29.149Z - info: Notification::processMessage action: prepare
2018-07-12T12:37:29.149Z - info: Notification::processMessage status: success
2018-07-12T12:37:29.154Z - info: start[1531399049147] time[7] tag[metricConsumeSyncQueueProcessingTime]
2018-07-12T12:37:29.214Z - info: start[1531399049149] time[65] tag[metricMlAPIProcessMessage]
2018-07-12T12:37:29.230Z - info: start[1531399049214] time[16] tag[metricCommitMessageSyncProcessingTime]
2018-07-12T12:37:29.230Z - info: guid=ad9e2b01-bac8-3b9e-a9e7-345eb9730e29:uuid - endNotificationHandler:process
2018-07-12T12:37:29.231Z - info: start[1531399049148] time[83] tag[metricMlAPIConsumeMessageForEachMsg]
2018-07-12T12:37:29.231Z - info: start[1531399049148] time[83] tag[metricMlAPIConsumeMessage]
2018-07-12T12:37:29.232Z - info: start[1531399049232] time[0] tag[metricConsumeRecursiveProcessingTime]
2018-07-12T12:37:29.232Z - info: start[1531399049231] time[1] tag[metricConsumeSyncQueueResolveProcessingTime]
2018-07-12T12:37:30.337Z - info: start[1531399050336] time[0] tag[metricConsumeRecursiveProcessingTime]
2018-07-12T12:37:31.445Z - info: start[1531399051445] time[0] tag[metricConsumeRecursiveProcessingTime]
2018-07-12T12:37:32.555Z - info: start[1531399052555] time[0] tag[metricConsumeRecursiveProcessingTime]
2018-07-12T12:37:33.662Z - info: start[1531399053662] time[0] tag[metricConsumeRecursiveProcessingTime]
Debugger listening on ws://127.0.0.1:51977/d1b97c7d-9604-48f6-b09c-d751596bd638
For help see https://nodejs.org/en/docs/inspector

Process finished with exit code 130 (interrupted by signal 2: SIGINT)
