/usr/local/opt/node@8/bin/node --inspect-brk=51969 /Users/mdebarros/Documents/ModusDocs/Projects/MojaLoop/git/fork/central-ledger/src/api/index.js
Debugger listening on ws://127.0.0.1:51969/710397d9-15ac-4e24-b6aa-27f26168f791
For help see https://nodejs.org/en/docs/inspector
Debugger attached.
http://Miguels-MBP:3000
  GET    /                              Metadata
  POST   /accounts                      Create an account.
  PUT    /accounts/{name}               Update an accounts user credentials
  GET    /accounts/{name}               Retrieve an accounts details by name
  PUT    /accounts/{name}/settlement    Update an accounts user credentials
  GET    /auth_token                    Get a token that can be used to authenticate future requests
  POST   /charge/quote                  Quote a charge for a transaction amount
  GET    /documentation
  GET    /health                        Status of ledger
  POST   /messages                      Send a notification to another participant
  POST   /participants                  Create a participant.
  GET    /participants/{name}           Retrieve a participants details by name
  PUT    /participants/{name}           Update an participants party credentials
  PUT    /participants/{name}/settlement Update a participants party credentials
  GET    /positions                     Retrieve outstanding positions.
  GET    /positions/{name}              Retrieve outstanding positions for an participant.
  GET    /swagger.json
  GET    /swaggerui/{path*}
  GET    /swaggerui/extend.js
  PUT    /transfers/{id}                Prepare a transfer
  GET    /transfers/{id}                Get transfer by ID
  GET    /transfers/{id}/fulfilment     Get transfer fulfilment
  PUT    /transfers/{id}/fulfilment     Fulfil a transfer
  PUT    /transfers/{id}/rejection      Reject a transfer

2018-07-12T12:36:06.080Z - info: Server running at:  http://Miguels-MBP:3000
2018-07-12T12:36:06.105Z - info: {"positions":{"handler":{}},"transfers":{"handler":{}}}
2018-07-12T12:36:06.105Z - info: Registering handler module[positions]: {"handler":{}}
2018-07-12T12:36:06.105Z - info: {}
2018-07-12T12:36:06.249Z - info: node-rdkafka v0.11.4 ready - {"name":"position-prepare#consumer-1"}
2018-07-12T12:36:06.251Z - info: start[1531398966111] time[140] tag[metricConsumerConnectProcessingTime]
2018-07-12T12:36:06.255Z - info: CreateHandle::connect successful topic: topic-dfsp1-position-prepare
2018-07-12T12:36:06.257Z - info: start[1531398966257] time[0] tag[metricConsumeRecursiveProcessingTime]
2018-07-12T12:36:06.257Z - info: start[1531398966256] time[1] tag[metricConsumeProcessingTime]
2018-07-12T12:36:06.259Z - info: start[1531398966111] time[147] tag[metricCenLedgerCreateHandler]
2018-07-12T12:36:06.259Z - info: start[1531398966110] time[149] tag[metricCenLedgerCreatePositionHandlers]
2018-07-12T12:36:06.373Z - info: node-rdkafka v0.11.4 ready - {"name":"position-prepare#consumer-2"}
2018-07-12T12:36:06.374Z - info: start[1531398966259] time[115] tag[metricConsumerConnectProcessingTime]
2018-07-12T12:36:06.375Z - info: CreateHandle::connect successful topic: topic-dfsp2-position-prepare
2018-07-12T12:36:06.375Z - info: start[1531398966375] time[0] tag[metricConsumeRecursiveProcessingTime]
2018-07-12T12:36:06.375Z - info: start[1531398966375] time[0] tag[metricConsumeProcessingTime]
2018-07-12T12:36:06.376Z - info: start[1531398966259] time[117] tag[metricCenLedgerCreateHandler]
2018-07-12T12:36:06.376Z - info: start[1531398966259] time[117] tag[metricCenLedgerCreatePositionHandlers]
2018-07-12T12:36:06.376Z - info: start[1531398966106] time[270] tag[metricCenLedgerRegisterPositionHandlers]
2018-07-12T12:36:06.376Z - info: start[1531398966106] time[270] tag[metricCenLedgerRegisterAllPositionHandlers]
2018-07-12T12:36:06.376Z - info: Registering handler module[transfers]: {"handler":{}}
2018-07-12T12:36:06.377Z - info: {}
2018-07-12T12:36:06.505Z - info: node-rdkafka v0.11.4 ready - {"name":"topic-dfsp1-transfer-prepare#consumer-3"}
2018-07-12T12:36:06.506Z - info: start[1531398966389] time[117] tag[metricConsumerConnectProcessingTime]
2018-07-12T12:36:06.507Z - info: CreateHandle::connect successful topic: topic-dfsp1-transfer-prepare
2018-07-12T12:36:06.507Z - info: start[1531398966507] time[0] tag[metricConsumeRecursiveProcessingTime]
2018-07-12T12:36:06.507Z - info: start[1531398966507] time[0] tag[metricConsumeProcessingTime]
2018-07-12T12:36:06.508Z - info: start[1531398966388] time[120] tag[metricCenLedgerCreateHandler]
2018-07-12T12:36:06.508Z - info: start[1531398966388] time[120] tag[metricCenLedgerCreatePrepareHandler]
2018-07-12T12:36:06.713Z - info: node-rdkafka v0.11.4 ready - {"name":"topic-dfsp2-transfer-prepare#consumer-4"}
2018-07-12T12:36:06.713Z - info: start[1531398966508] time[205] tag[metricConsumerConnectProcessingTime]
2018-07-12T12:36:06.714Z - info: CreateHandle::connect successful topic: topic-dfsp2-transfer-prepare
2018-07-12T12:36:06.714Z - info: start[1531398966714] time[0] tag[metricConsumeRecursiveProcessingTime]
2018-07-12T12:36:06.715Z - info: start[1531398966714] time[1] tag[metricConsumeProcessingTime]
2018-07-12T12:36:06.718Z - info: start[1531398966508] time[210] tag[metricCenLedgerCreateHandler]
2018-07-12T12:36:06.719Z - info: start[1531398966508] time[211] tag[metricCenLedgerCreatePrepareHandler]
2018-07-12T12:36:06.720Z - info: start[1531398966378] time[342] tag[metricCenLedgerCreatePrepareHandler]
2018-07-12T12:36:07.364Z - info: start[1531398967364] time[0] tag[metricConsumeRecursiveProcessingTime]
2018-07-12T12:36:07.374Z - info: node-rdkafka v0.11.4 ready - {"name":"topic-transfer-fulfil#consumer-5"}
2018-07-12T12:36:07.374Z - info: start[1531398966721] time[653] tag[metricConsumerConnectProcessingTime]
2018-07-12T12:36:07.374Z - info: CreateHandle::connect successful topic: topic-transfer-fulfil
2018-07-12T12:36:07.375Z - info: start[1531398967375] time[0] tag[metricConsumeRecursiveProcessingTime]
2018-07-12T12:36:07.375Z - info: start[1531398967375] time[0] tag[metricConsumeProcessingTime]
2018-07-12T12:36:07.375Z - info: start[1531398966721] time[654] tag[metricCenLedgerCreateHandler]
2018-07-12T12:36:07.375Z - info: start[1531398966720] time[655] tag[metricCenLedgerCreateFulfilHandler]
2018-07-12T12:36:07.479Z - info: start[1531398967479] time[0] tag[metricConsumeRecursiveProcessingTime]
2018-07-12T12:36:07.612Z - info: start[1531398967612] time[0] tag[metricConsumeRecursiveProcessingTime]
2018-07-12T12:36:07.718Z - info: node-rdkafka v0.11.4 ready - {"name":"topic-transfer-reject#consumer-6"}
2018-07-12T12:36:07.719Z - info: start[1531398967376] time[343] tag[metricConsumerConnectProcessingTime]
2018-07-12T12:36:07.719Z - info: CreateHandle::connect successful topic: topic-transfer-reject
2018-07-12T12:36:07.719Z - info: start[1531398967719] time[0] tag[metricConsumeRecursiveProcessingTime]
2018-07-12T12:36:07.719Z - info: start[1531398967719] time[0] tag[metricConsumeProcessingTime]
2018-07-12T12:36:07.720Z - info: start[1531398967376] time[344] tag[metricCenLedgerCreateHandler]
2018-07-12T12:36:07.720Z - info: start[1531398967376] time[344] tag[metricCenLedgerCreateRejectHandler]
2018-07-12T12:36:07.821Z - info: start[1531398967821] time[0] tag[metricConsumeRecursiveProcessingTime]
2018-07-12T12:36:08.478Z - info: start[1531398968478] time[0] tag[metricConsumeRecursiveProcessingTime]
2018-07-12T12:36:08.479Z - info: start[1531398968479] time[0] tag[metricConsumeRecursiveProcessingTime]
2018-07-12T12:36:08.601Z - info: node-rdkafka v0.11.4 ready - {"name":"topic-transfer-transfer#consumer-7"}
2018-07-12T12:36:08.602Z - info: start[1531398967720] time[882] tag[metricConsumerConnectProcessingTime]
2018-07-12T12:36:08.602Z - info: CreateHandle::connect successful topic: topic-transfer-transfer
2018-07-12T12:36:08.602Z - info: start[1531398968602] time[0] tag[metricConsumeRecursiveProcessingTime]
2018-07-12T12:36:08.603Z - info: start[1531398968602] time[1] tag[metricConsumeProcessingTime]
2018-07-12T12:36:08.603Z - info: start[1531398967720] time[883] tag[metricCenLedgerCreateHandler]
2018-07-12T12:36:08.603Z - info: start[1531398967720] time[883] tag[metricCenLedgerCreateTransferHandler]
2018-07-12T12:36:08.603Z - info: start[1531398966378] time[2225] tag[metricCenLedgerRegisterAllTransferHandlers]
2018-07-12T12:36:08.603Z - info: start[1531398966081] time[2522] tag[metricCenLedgerRegisterAllHandlers]
2018-07-12T12:36:08.611Z - info: start[1531398968611] time[0] tag[metricConsumeRecursiveProcessingTime]
2018-07-12T12:36:08.826Z - info: start[1531398968826] time[0] tag[metricConsumeRecursiveProcessingTime]
2018-07-12T12:36:09.484Z - info: start[1531398969484] time[0] tag[metricConsumeRecursiveProcessingTime]
2018-07-12T12:36:09.484Z - info: start[1531398969484] time[0] tag[metricConsumeRecursiveProcessingTime]
2018-07-12T12:36:09.705Z - info: start[1531398969705] time[0] tag[metricConsumeRecursiveProcessingTime]
2018-07-12T12:36:09.830Z - info: start[1531398969830] time[0] tag[metricConsumeRecursiveProcessingTime]
2018-07-12T12:36:10.484Z - info: start[1531398970484] time[0] tag[metricConsumeRecursiveProcessingTime]
2018-07-12T12:36:10.489Z - info: start[1531398970489] time[0] tag[metricConsumeRecursiveProcessingTime]
2018-07-12T12:36:10.708Z - info: start[1531398970708] time[0] tag[metricConsumeRecursiveProcessingTime]
2018-07-12T12:36:10.831Z - info: start[1531398970831] time[0] tag[metricConsumeRecursiveProcessingTime]
2018-07-12T12:36:11.488Z - info: start[1531398971488] time[0] tag[metricConsumeRecursiveProcessingTime]
2018-07-12T12:36:11.490Z - info: start[1531398971490] time[0] tag[metricConsumeRecursiveProcessingTime]
2018-07-12T12:36:11.710Z - info: start[1531398971710] time[0] tag[metricConsumeRecursiveProcessingTime]
2018-07-12T12:36:11.836Z - info: start[1531398971836] time[0] tag[metricConsumeRecursiveProcessingTime]
2018-07-12T12:36:12.493Z - info: start[1531398972492] time[0] tag[metricConsumeRecursiveProcessingTime]
2018-07-12T12:36:12.494Z - info: start[1531398972494] time[0] tag[metricConsumeRecursiveProcessingTime]
2018-07-12T12:36:12.713Z - info: start[1531398972713] time[0] tag[metricConsumeRecursiveProcessingTime]
2018-07-12T12:36:12.841Z - info: start[1531398972841] time[0] tag[metricConsumeRecursiveProcessingTime]
2018-07-12T12:36:13.493Z - info: start[1531398973493] time[0] tag[metricConsumeRecursiveProcessingTime]
2018-07-12T12:36:13.497Z - info: start[1531398973497] time[0] tag[metricConsumeRecursiveProcessingTime]
2018-07-12T12:36:13.715Z - info: start[1531398973715] time[0] tag[metricConsumeRecursiveProcessingTime]
2018-07-12T12:36:13.844Z - info: start[1531398973844] time[0] tag[metricConsumeRecursiveProcessingTime]
2018-07-12T12:36:14.498Z - info: start[1531398974498] time[0] tag[metricConsumeRecursiveProcessingTime]
2018-07-12T12:36:14.502Z - info: start[1531398974502] time[0] tag[metricConsumeRecursiveProcessingTime]
2018-07-12T12:36:14.718Z - info: start[1531398974718] time[0] tag[metricConsumeRecursiveProcessingTime]
2018-07-12T12:36:14.849Z - info: start[1531398974849] time[0] tag[metricConsumeRecursiveProcessingTime]
2018-07-12T12:36:15.501Z - info: start[1531398975501] time[0] tag[metricConsumeRecursiveProcessingTime]
2018-07-12T12:36:15.506Z - info: start[1531398975506] time[0] tag[metricConsumeRecursiveProcessingTime]
2018-07-12T12:36:15.723Z - info: start[1531398975723] time[0] tag[metricConsumeRecursiveProcessingTime]
2018-07-12T12:36:15.845Z - info: start[1531398975845] time[0] tag[metricConsumeRecursiveProcessingTime]
2018-07-12T12:36:16.503Z - info: start[1531398976503] time[0] tag[metricConsumeRecursiveProcessingTime]
2018-07-12T12:36:16.508Z - info: start[1531398976507] time[0] tag[metricConsumeRecursiveProcessingTime]
2018-07-12T12:36:16.728Z - info: start[1531398976728] time[0] tag[metricConsumeRecursiveProcessingTime]
2018-07-12T12:36:16.853Z - info: start[1531398976853] time[0] tag[metricConsumeRecursiveProcessingTime]
2018-07-12T12:36:17.510Z - info: start[1531398977510] time[0] tag[metricConsumeRecursiveProcessingTime]
2018-07-12T12:36:17.511Z - info: start[1531398977510] time[0] tag[metricConsumeRecursiveProcessingTime]
2018-07-12T12:36:17.732Z - info: start[1531398977731] time[0] tag[metricConsumeRecursiveProcessingTime]
2018-07-12T12:36:17.858Z - info: start[1531398977858] time[0] tag[metricConsumeRecursiveProcessingTime]
2018-07-12T12:36:18.515Z - info: start[1531398978515] time[0] tag[metricConsumeRecursiveProcessingTime]
2018-07-12T12:36:18.516Z - info: start[1531398978516] time[0] tag[metricConsumeRecursiveProcessingTime]
2018-07-12T12:36:18.737Z - info: start[1531398978737] time[0] tag[metricConsumeRecursiveProcessingTime]
2018-07-12T12:36:18.861Z - info: start[1531398978861] time[0] tag[metricConsumeRecursiveProcessingTime]
2018-07-12T12:36:19.518Z - info: start[1531398979518] time[0] tag[metricConsumeRecursiveProcessingTime]
2018-07-12T12:36:19.518Z - info: start[1531398979518] time[0] tag[metricConsumeRecursiveProcessingTime]
2018-07-12T12:36:19.742Z - info: start[1531398979742] time[0] tag[metricConsumeRecursiveProcessingTime]
2018-07-12T12:36:19.862Z - info: start[1531398979862] time[0] tag[metricConsumeRecursiveProcessingTime]
2018-07-12T12:36:20.521Z - info: start[1531398980521] time[0] tag[metricConsumeRecursiveProcessingTime]
2018-07-12T12:36:20.521Z - info: start[1531398980521] time[0] tag[metricConsumeRecursiveProcessingTime]
2018-07-12T12:36:20.746Z - info: start[1531398980746] time[0] tag[metricConsumeRecursiveProcessingTime]
2018-07-12T12:36:20.866Z - info: start[1531398980866] time[0] tag[metricConsumeRecursiveProcessingTime]
2018-07-12T12:36:21.526Z - info: start[1531398981526] time[0] tag[metricConsumeRecursiveProcessingTime]
2018-07-12T12:36:21.526Z - info: start[1531398981526] time[0] tag[metricConsumeRecursiveProcessingTime]
2018-07-12T12:36:21.749Z - info: start[1531398981749] time[0] tag[metricConsumeRecursiveProcessingTime]
2018-07-12T12:36:21.865Z - info: start[1531398981865] time[0] tag[metricConsumeRecursiveProcessingTime]
2018-07-12T12:36:22.529Z - info: start[1531398982529] time[0] tag[metricConsumeRecursiveProcessingTime]
2018-07-12T12:36:22.529Z - info: start[1531398982529] time[0] tag[metricConsumeRecursiveProcessingTime]
2018-07-12T12:36:22.753Z - info: start[1531398982753] time[0] tag[metricConsumeRecursiveProcessingTime]
2018-07-12T12:36:22.871Z - info: start[1531398982871] time[0] tag[metricConsumeRecursiveProcessingTime]
2018-07-12T12:36:23.530Z - info: start[1531398983529] time[1] tag[metricConsumeRecursiveProcessingTime]
2018-07-12T12:36:23.532Z - info: start[1531398983532] time[0] tag[metricConsumeRecursiveProcessingTime]
2018-07-12T12:36:23.757Z - info: start[1531398983757] time[0] tag[metricConsumeRecursiveProcessingTime]
2018-07-12T12:36:23.870Z - info: start[1531398983870] time[0] tag[metricConsumeRecursiveProcessingTime]
2018-07-12T12:36:24.966Z - info: start[1531398984966] time[0] tag[metricConsumeRecursiveProcessingTime]
2018-07-12T12:36:24.970Z - info: start[1531398984969] time[0] tag[metricConsumeRecursiveProcessingTime]
2018-07-12T12:36:24.971Z - info: start[1531398984971] time[0] tag[metricConsumeRecursiveProcessingTime]
2018-07-12T12:36:24.972Z - info: start[1531398984972] time[0] tag[metricConsumeRecursiveProcessingTime]
2018-07-12T12:36:25.970Z - info: start[1531398985970] time[0] tag[metricConsumeRecursiveProcessingTime]
2018-07-12T12:36:25.975Z - info: start[1531398985975] time[0] tag[metricConsumeRecursiveProcessingTime]
2018-07-12T12:36:25.975Z - info: start[1531398985975] time[0] tag[metricConsumeRecursiveProcessingTime]
2018-07-12T12:36:26.071Z - info: start[1531398986071] time[0] tag[metricConsumeRecursiveProcessingTime]
2018-07-12T12:36:26.974Z - info: start[1531398986974] time[0] tag[metricConsumeRecursiveProcessingTime]
2018-07-12T12:36:26.980Z - info: start[1531398986980] time[0] tag[metricConsumeRecursiveProcessingTime]
2018-07-12T12:36:26.980Z - info: start[1531398986980] time[0] tag[metricConsumeRecursiveProcessingTime]
2018-07-12T12:36:27.076Z - info: start[1531398987076] time[0] tag[metricConsumeRecursiveProcessingTime]
2018-07-12T12:36:27.979Z - info: start[1531398987978] time[0] tag[metricConsumeRecursiveProcessingTime]
2018-07-12T12:36:27.984Z - info: start[1531398987984] time[0] tag[metricConsumeRecursiveProcessingTime]
2018-07-12T12:36:27.984Z - info: start[1531398987984] time[0] tag[metricConsumeRecursiveProcessingTime]
2018-07-12T12:36:28.079Z - info: start[1531398988078] time[1] tag[metricConsumeRecursiveProcessingTime]
2018-07-12T12:36:28.984Z - info: start[1531398988984] time[0] tag[metricConsumeRecursiveProcessingTime]
2018-07-12T12:36:28.989Z - info: start[1531398988989] time[0] tag[metricConsumeRecursiveProcessingTime]
2018-07-12T12:36:28.989Z - info: start[1531398988989] time[0] tag[metricConsumeRecursiveProcessingTime]
2018-07-12T12:36:29.079Z - info: start[1531398989079] time[0] tag[metricConsumeRecursiveProcessingTime]
2018-07-12T12:36:29.988Z - info: start[1531398989988] time[0] tag[metricConsumeRecursiveProcessingTime]
2018-07-12T12:36:29.993Z - info: start[1531398989993] time[0] tag[metricConsumeRecursiveProcessingTime]
2018-07-12T12:36:29.993Z - info: start[1531398989993] time[0] tag[metricConsumeRecursiveProcessingTime]
2018-07-12T12:36:30.087Z - info: start[1531398990087] time[0] tag[metricConsumeRecursiveProcessingTime]
2018-07-12T12:36:30.992Z - info: start[1531398990992] time[0] tag[metricConsumeRecursiveProcessingTime]
2018-07-12T12:36:30.998Z - info: start[1531398990998] time[0] tag[metricConsumeRecursiveProcessingTime]
2018-07-12T12:36:30.998Z - info: start[1531398990998] time[0] tag[metricConsumeRecursiveProcessingTime]
2018-07-12T12:36:31.092Z - info: start[1531398991092] time[0] tag[metricConsumeRecursiveProcessingTime]
2018-07-12T12:36:31.997Z - info: start[1531398991997] time[0] tag[metricConsumeRecursiveProcessingTime]
2018-07-12T12:36:32.002Z - info: start[1531398992002] time[0] tag[metricConsumeRecursiveProcessingTime]
2018-07-12T12:36:32.002Z - info: start[1531398992002] time[0] tag[metricConsumeRecursiveProcessingTime]
2018-07-12T12:36:32.096Z - info: start[1531398992096] time[0] tag[metricConsumeRecursiveProcessingTime]
2018-07-12T12:36:33.001Z - info: start[1531398993001] time[0] tag[metricConsumeRecursiveProcessingTime]
2018-07-12T12:36:33.006Z - info: start[1531398993006] time[0] tag[metricConsumeRecursiveProcessingTime]
2018-07-12T12:36:33.006Z - info: start[1531398993006] time[0] tag[metricConsumeRecursiveProcessingTime]
2018-07-12T12:36:33.102Z - info: start[1531398993102] time[0] tag[metricConsumeRecursiveProcessingTime]
2018-07-12T12:36:34.006Z - info: start[1531398994006] time[0] tag[metricConsumeRecursiveProcessingTime]
2018-07-12T12:36:34.011Z - info: start[1531398994011] time[0] tag[metricConsumeRecursiveProcessingTime]
2018-07-12T12:36:34.011Z - info: start[1531398994011] time[0] tag[metricConsumeRecursiveProcessingTime]
2018-07-12T12:36:34.107Z - info: start[1531398994107] time[0] tag[metricConsumeRecursiveProcessingTime]
2018-07-12T12:36:35.011Z - info: start[1531398995011] time[0] tag[metricConsumeRecursiveProcessingTime]
2018-07-12T12:36:35.015Z - info: start[1531398995015] time[0] tag[metricConsumeRecursiveProcessingTime]
2018-07-12T12:36:35.016Z - info: start[1531398995016] time[0] tag[metricConsumeRecursiveProcessingTime]
2018-07-12T12:36:35.111Z - info: start[1531398995110] time[1] tag[metricConsumeRecursiveProcessingTime]
2018-07-12T12:36:36.015Z - info: start[1531398996015] time[0] tag[metricConsumeRecursiveProcessingTime]
2018-07-12T12:36:36.020Z - info: start[1531398996020] time[0] tag[metricConsumeRecursiveProcessingTime]
2018-07-12T12:36:36.021Z - info: start[1531398996021] time[0] tag[metricConsumeRecursiveProcessingTime]
2018-07-12T12:36:36.116Z - info: start[1531398996116] time[0] tag[metricConsumeRecursiveProcessingTime]
2018-07-12T12:36:37.016Z - info: start[1531398997016] time[0] tag[metricConsumeRecursiveProcessingTime]
2018-07-12T12:36:37.026Z - info: start[1531398997025] time[1] tag[metricConsumeRecursiveProcessingTime]
2018-07-12T12:36:37.026Z - info: start[1531398997026] time[0] tag[metricConsumeRecursiveProcessingTime]
2018-07-12T12:36:37.119Z - info: start[1531398997119] time[0] tag[metricConsumeRecursiveProcessingTime]
2018-07-12T12:36:38.020Z - info: start[1531398998019] time[0] tag[metricConsumeRecursiveProcessingTime]
2018-07-12T12:36:38.030Z - info: start[1531398998030] time[0] tag[metricConsumeRecursiveProcessingTime]
2018-07-12T12:36:38.030Z - info: start[1531398998030] time[0] tag[metricConsumeRecursiveProcessingTime]
2018-07-12T12:36:38.124Z - info: start[1531398998124] time[0] tag[metricConsumeRecursiveProcessingTime]
2018-07-12T12:36:39.025Z - info: start[1531398999025] time[0] tag[metricConsumeRecursiveProcessingTime]
2018-07-12T12:36:39.034Z - info: start[1531398999034] time[0] tag[metricConsumeRecursiveProcessingTime]
2018-07-12T12:36:39.035Z - info: start[1531398999035] time[0] tag[metricConsumeRecursiveProcessingTime]
2018-07-12T12:36:39.128Z - info: start[1531398999128] time[0] tag[metricConsumeRecursiveProcessingTime]
2018-07-12T12:36:40.028Z - info: start[1531399000028] time[0] tag[metricConsumeRecursiveProcessingTime]
2018-07-12T12:36:40.038Z - info: start[1531399000038] time[0] tag[metricConsumeRecursiveProcessingTime]
2018-07-12T12:36:40.039Z - info: start[1531399000039] time[0] tag[metricConsumeRecursiveProcessingTime]
2018-07-12T12:36:40.133Z - info: start[1531399000133] time[0] tag[metricConsumeRecursiveProcessingTime]
2018-07-12T12:36:41.035Z - info: start[1531399001035] time[0] tag[metricConsumeRecursiveProcessingTime]
2018-07-12T12:36:41.042Z - info: start[1531399001042] time[0] tag[metricConsumeRecursiveProcessingTime]
2018-07-12T12:36:41.043Z - info: start[1531399001042] time[0] tag[metricConsumeRecursiveProcessingTime]
2018-07-12T12:36:41.139Z - info: start[1531399001139] time[0] tag[metricConsumeRecursiveProcessingTime]
2018-07-12T12:36:42.039Z - info: start[1531399002039] time[0] tag[metricConsumeRecursiveProcessingTime]
2018-07-12T12:36:42.045Z - info: start[1531399002045] time[0] tag[metricConsumeRecursiveProcessingTime]
2018-07-12T12:36:42.045Z - info: start[1531399002045] time[0] tag[metricConsumeRecursiveProcessingTime]
2018-07-12T12:36:42.142Z - info: start[1531399002142] time[0] tag[metricConsumeRecursiveProcessingTime]
2018-07-12T12:36:43.043Z - info: start[1531399003043] time[0] tag[metricConsumeRecursiveProcessingTime]
2018-07-12T12:36:43.050Z - info: start[1531399003050] time[0] tag[metricConsumeRecursiveProcessingTime]
2018-07-12T12:36:43.050Z - info: start[1531399003050] time[0] tag[metricConsumeRecursiveProcessingTime]
2018-07-12T12:36:43.145Z - info: start[1531399003144] time[1] tag[metricConsumeRecursiveProcessingTime]
2018-07-12T12:36:44.047Z - info: start[1531399004047] time[0] tag[metricConsumeRecursiveProcessingTime]
2018-07-12T12:36:44.054Z - info: start[1531399004054] time[0] tag[metricConsumeRecursiveProcessingTime]
2018-07-12T12:36:44.055Z - info: start[1531399004055] time[0] tag[metricConsumeRecursiveProcessingTime]
2018-07-12T12:36:44.149Z - info: start[1531399004149] time[0] tag[metricConsumeRecursiveProcessingTime]
2018-07-12T12:36:45.051Z - info: start[1531399005051] time[0] tag[metricConsumeRecursiveProcessingTime]
2018-07-12T12:36:45.057Z - info: start[1531399005057] time[0] tag[metricConsumeRecursiveProcessingTime]
2018-07-12T12:36:45.058Z - info: start[1531399005058] time[0] tag[metricConsumeRecursiveProcessingTime]
2018-07-12T12:36:45.154Z - info: start[1531399005154] time[0] tag[metricConsumeRecursiveProcessingTime]
2018-07-12T12:36:46.055Z - info: start[1531399006055] time[0] tag[metricConsumeRecursiveProcessingTime]
2018-07-12T12:36:46.062Z - info: start[1531399006062] time[0] tag[metricConsumeRecursiveProcessingTime]
2018-07-12T12:36:46.062Z - info: start[1531399006062] time[0] tag[metricConsumeRecursiveProcessingTime]
2018-07-12T12:36:46.154Z - info: start[1531399006153] time[0] tag[metricConsumeRecursiveProcessingTime]
2018-07-12T12:36:47.060Z - info: start[1531399007060] time[0] tag[metricConsumeRecursiveProcessingTime]
2018-07-12T12:36:47.065Z - info: start[1531399007065] time[0] tag[metricConsumeRecursiveProcessingTime]
2018-07-12T12:36:47.069Z - info: start[1531399007068] time[1] tag[metricConsumeRecursiveProcessingTime]
2018-07-12T12:36:47.159Z - info: start[1531399007159] time[0] tag[metricConsumeRecursiveProcessingTime]
2018-07-12T12:36:48.065Z - info: start[1531399008064] time[0] tag[metricConsumeRecursiveProcessingTime]
2018-07-12T12:36:48.070Z - info: start[1531399008070] time[0] tag[metricConsumeRecursiveProcessingTime]
2018-07-12T12:36:48.071Z - info: start[1531399008071] time[0] tag[metricConsumeRecursiveProcessingTime]
2018-07-12T12:36:48.165Z - info: start[1531399008165] time[0] tag[metricConsumeRecursiveProcessingTime]
2018-07-12T12:36:49.066Z - info: start[1531399009066] time[0] tag[metricConsumeRecursiveProcessingTime]
2018-07-12T12:36:49.072Z - info: start[1531399009072] time[0] tag[metricConsumeRecursiveProcessingTime]
2018-07-12T12:36:49.075Z - info: start[1531399009074] time[0] tag[metricConsumeRecursiveProcessingTime]
2018-07-12T12:36:49.170Z - info: start[1531399009170] time[0] tag[metricConsumeRecursiveProcessingTime]
2018-07-12T12:36:50.070Z - info: start[1531399010070] time[0] tag[metricConsumeRecursiveProcessingTime]
2018-07-12T12:36:50.075Z - info: start[1531399010075] time[0] tag[metricConsumeRecursiveProcessingTime]
2018-07-12T12:36:50.080Z - info: start[1531399010080] time[0] tag[metricConsumeRecursiveProcessingTime]
2018-07-12T12:36:50.174Z - info: start[1531399010174] time[0] tag[metricConsumeRecursiveProcessingTime]
2018-07-12T12:36:51.075Z - info: start[1531399011075] time[0] tag[metricConsumeRecursiveProcessingTime]
2018-07-12T12:36:51.080Z - info: start[1531399011080] time[0] tag[metricConsumeRecursiveProcessingTime]
2018-07-12T12:36:51.084Z - info: start[1531399011084] time[0] tag[metricConsumeRecursiveProcessingTime]
2018-07-12T12:36:51.179Z - info: start[1531399011179] time[0] tag[metricConsumeRecursiveProcessingTime]
2018-07-12T12:36:52.079Z - info: start[1531399012079] time[0] tag[metricConsumeRecursiveProcessingTime]
2018-07-12T12:36:52.084Z - info: start[1531399012084] time[0] tag[metricConsumeRecursiveProcessingTime]
2018-07-12T12:36:52.088Z - info: start[1531399012088] time[0] tag[metricConsumeRecursiveProcessingTime]
2018-07-12T12:36:52.183Z - info: start[1531399012183] time[0] tag[metricConsumeRecursiveProcessingTime]
2018-07-12T12:36:53.084Z - info: start[1531399013084] time[0] tag[metricConsumeRecursiveProcessingTime]
2018-07-12T12:36:53.089Z - info: start[1531399013088] time[0] tag[metricConsumeRecursiveProcessingTime]
2018-07-12T12:36:53.093Z - info: start[1531399013093] time[0] tag[metricConsumeRecursiveProcessingTime]
2018-07-12T12:36:53.188Z - info: start[1531399013188] time[0] tag[metricConsumeRecursiveProcessingTime]
2018-07-12T12:36:54.088Z - info: start[1531399014088] time[0] tag[metricConsumeRecursiveProcessingTime]
2018-07-12T12:36:54.093Z - info: start[1531399014093] time[0] tag[metricConsumeRecursiveProcessingTime]
2018-07-12T12:36:54.097Z - info: start[1531399014097] time[0] tag[metricConsumeRecursiveProcessingTime]
2018-07-12T12:36:54.192Z - info: start[1531399014192] time[0] tag[metricConsumeRecursiveProcessingTime]
2018-07-12T12:36:55.093Z - info: start[1531399015093] time[0] tag[metricConsumeRecursiveProcessingTime]
2018-07-12T12:36:55.098Z - info: start[1531399015098] time[0] tag[metricConsumeRecursiveProcessingTime]
2018-07-12T12:36:55.103Z - info: start[1531399015103] time[0] tag[metricConsumeRecursiveProcessingTime]
2018-07-12T12:36:55.196Z - info: start[1531399015196] time[0] tag[metricConsumeRecursiveProcessingTime]
2018-07-12T12:36:56.096Z - info: start[1531399016096] time[0] tag[metricConsumeRecursiveProcessingTime]
2018-07-12T12:36:56.103Z - info: start[1531399016103] time[0] tag[metricConsumeRecursiveProcessingTime]
2018-07-12T12:36:56.106Z - info: start[1531399016105] time[0] tag[metricConsumeRecursiveProcessingTime]
2018-07-12T12:36:56.200Z - info: start[1531399016200] time[0] tag[metricConsumeRecursiveProcessingTime]
2018-07-12T12:36:57.102Z - info: start[1531399017102] time[0] tag[metricConsumeRecursiveProcessingTime]
2018-07-12T12:36:57.108Z - info: start[1531399017108] time[0] tag[metricConsumeRecursiveProcessingTime]
2018-07-12T12:36:57.111Z - info: start[1531399017111] time[0] tag[metricConsumeRecursiveProcessingTime]
2018-07-12T12:36:57.204Z - info: start[1531399017204] time[0] tag[metricConsumeRecursiveProcessingTime]
2018-07-12T12:36:58.103Z - info: start[1531399018103] time[0] tag[metricConsumeRecursiveProcessingTime]
2018-07-12T12:36:58.112Z - info: start[1531399018112] time[0] tag[metricConsumeRecursiveProcessingTime]
2018-07-12T12:36:58.115Z - info: start[1531399018115] time[0] tag[metricConsumeRecursiveProcessingTime]
2018-07-12T12:36:58.210Z - info: start[1531399018210] time[0] tag[metricConsumeRecursiveProcessingTime]
2018-07-12T12:36:59.107Z - info: start[1531399019107] time[0] tag[metricConsumeRecursiveProcessingTime]
2018-07-12T12:36:59.115Z - info: start[1531399019115] time[0] tag[metricConsumeRecursiveProcessingTime]
2018-07-12T12:36:59.120Z - info: start[1531399019120] time[0] tag[metricConsumeRecursiveProcessingTime]
2018-07-12T12:36:59.219Z - info: start[1531399019219] time[0] tag[metricConsumeRecursiveProcessingTime]
2018-07-12T12:37:00.112Z - info: start[1531399020112] time[0] tag[metricConsumeRecursiveProcessingTime]
2018-07-12T12:37:00.121Z - info: start[1531399020120] time[1] tag[metricConsumeRecursiveProcessingTime]
2018-07-12T12:37:00.125Z - info: start[1531399020125] time[0] tag[metricConsumeRecursiveProcessingTime]
2018-07-12T12:37:00.218Z - info: start[1531399020218] time[0] tag[metricConsumeRecursiveProcessingTime]
2018-07-12T12:37:01.116Z - info: start[1531399021116] time[0] tag[metricConsumeRecursiveProcessingTime]
2018-07-12T12:37:01.125Z - info: start[1531399021125] time[0] tag[metricConsumeRecursiveProcessingTime]
2018-07-12T12:37:01.129Z - info: start[1531399021129] time[0] tag[metricConsumeRecursiveProcessingTime]
2018-07-12T12:37:01.226Z - info: start[1531399021226] time[0] tag[metricConsumeRecursiveProcessingTime]
2018-07-12T12:37:02.121Z - info: start[1531399022121] time[0] tag[metricConsumeRecursiveProcessingTime]
2018-07-12T12:37:02.129Z - info: start[1531399022129] time[0] tag[metricConsumeRecursiveProcessingTime]
2018-07-12T12:37:02.133Z - info: start[1531399022133] time[0] tag[metricConsumeRecursiveProcessingTime]
2018-07-12T12:37:02.227Z - info: start[1531399022227] time[0] tag[metricConsumeRecursiveProcessingTime]
2018-07-12T12:37:03.126Z - info: start[1531399023126] time[0] tag[metricConsumeRecursiveProcessingTime]
2018-07-12T12:37:03.132Z - info: start[1531399023132] time[0] tag[metricConsumeRecursiveProcessingTime]
2018-07-12T12:37:03.138Z - info: start[1531399023138] time[0] tag[metricConsumeRecursiveProcessingTime]
2018-07-12T12:37:03.232Z - info: start[1531399023232] time[0] tag[metricConsumeRecursiveProcessingTime]
2018-07-12T12:37:04.130Z - info: start[1531399024130] time[0] tag[metricConsumeRecursiveProcessingTime]
2018-07-12T12:37:04.136Z - info: start[1531399024136] time[0] tag[metricConsumeRecursiveProcessingTime]
2018-07-12T12:37:04.141Z - info: start[1531399024140] time[0] tag[metricConsumeRecursiveProcessingTime]
2018-07-12T12:37:04.236Z - info: start[1531399024236] time[0] tag[metricConsumeRecursiveProcessingTime]
2018-07-12T12:37:05.133Z - info: start[1531399025133] time[0] tag[metricConsumeRecursiveProcessingTime]
2018-07-12T12:37:05.142Z - info: start[1531399025142] time[0] tag[metricConsumeRecursiveProcessingTime]
2018-07-12T12:37:05.146Z - info: start[1531399025146] time[0] tag[metricConsumeRecursiveProcessingTime]
2018-07-12T12:37:05.241Z - info: start[1531399025241] time[0] tag[metricConsumeRecursiveProcessingTime]
2018-07-12T12:37:06.139Z - info: start[1531399026139] time[0] tag[metricConsumeRecursiveProcessingTime]
2018-07-12T12:37:06.146Z - info: start[1531399026146] time[0] tag[metricConsumeRecursiveProcessingTime]
2018-07-12T12:37:06.149Z - info: start[1531399026149] time[0] tag[metricConsumeRecursiveProcessingTime]
2018-07-12T12:37:06.246Z - info: start[1531399026246] time[0] tag[metricConsumeRecursiveProcessingTime]
2018-07-12T12:37:07.144Z - info: start[1531399027144] time[0] tag[metricConsumeRecursiveProcessingTime]
2018-07-12T12:37:07.151Z - info: start[1531399027151] time[0] tag[metricConsumeRecursiveProcessingTime]
2018-07-12T12:37:07.155Z - info: start[1531399027155] time[0] tag[metricConsumeRecursiveProcessingTime]
2018-07-12T12:37:07.249Z - info: start[1531399027249] time[0] tag[metricConsumeRecursiveProcessingTime]
2018-07-12T12:37:08.149Z - info: start[1531399028149] time[0] tag[metricConsumeRecursiveProcessingTime]
2018-07-12T12:37:08.155Z - info: start[1531399028155] time[0] tag[metricConsumeRecursiveProcessingTime]
2018-07-12T12:37:08.159Z - info: start[1531399028159] time[0] tag[metricConsumeRecursiveProcessingTime]
2018-07-12T12:37:08.255Z - info: start[1531399028255] time[0] tag[metricConsumeRecursiveProcessingTime]
2018-07-12T12:37:09.153Z - info: start[1531399029153] time[0] tag[metricConsumeRecursiveProcessingTime]
2018-07-12T12:37:09.160Z - info: start[1531399029160] time[0] tag[metricConsumeRecursiveProcessingTime]
2018-07-12T12:37:09.164Z - info: start[1531399029164] time[0] tag[metricConsumeRecursiveProcessingTime]
2018-07-12T12:37:09.259Z - info: start[1531399029259] time[0] tag[metricConsumeRecursiveProcessingTime]
2018-07-12T12:37:10.158Z - info: start[1531399030158] time[0] tag[metricConsumeRecursiveProcessingTime]
2018-07-12T12:37:10.163Z - info: start[1531399030163] time[0] tag[metricConsumeRecursiveProcessingTime]
2018-07-12T12:37:10.169Z - info: start[1531399030169] time[0] tag[metricConsumeRecursiveProcessingTime]
2018-07-12T12:37:10.263Z - info: start[1531399030263] time[0] tag[metricConsumeRecursiveProcessingTime]
2018-07-12T12:37:11.161Z - info: start[1531399031161] time[0] tag[metricConsumeRecursiveProcessingTime]
2018-07-12T12:37:11.169Z - info: start[1531399031169] time[0] tag[metricConsumeRecursiveProcessingTime]
2018-07-12T12:37:11.174Z - info: start[1531399031174] time[0] tag[metricConsumeRecursiveProcessingTime]
2018-07-12T12:37:11.268Z - info: start[1531399031268] time[0] tag[metricConsumeRecursiveProcessingTime]
2018-07-12T12:37:12.166Z - info: start[1531399032166] time[0] tag[metricConsumeRecursiveProcessingTime]
2018-07-12T12:37:12.171Z - info: start[1531399032171] time[0] tag[metricConsumeRecursiveProcessingTime]
2018-07-12T12:37:12.178Z - info: start[1531399032178] time[0] tag[metricConsumeRecursiveProcessingTime]
2018-07-12T12:37:12.272Z - info: start[1531399032272] time[0] tag[metricConsumeRecursiveProcessingTime]
2018-07-12T12:37:13.168Z - info: start[1531399033168] time[0] tag[metricConsumeRecursiveProcessingTime]
2018-07-12T12:37:13.175Z - info: start[1531399033174] time[0] tag[metricConsumeRecursiveProcessingTime]
2018-07-12T12:37:13.178Z - info: start[1531399033178] time[0] tag[metricConsumeRecursiveProcessingTime]
2018-07-12T12:37:13.275Z - info: start[1531399033275] time[0] tag[metricConsumeRecursiveProcessingTime]
2018-07-12T12:37:14.172Z - info: start[1531399034172] time[0] tag[metricConsumeRecursiveProcessingTime]
2018-07-12T12:37:14.181Z - info: start[1531399034180] time[0] tag[metricConsumeRecursiveProcessingTime]
2018-07-12T12:37:14.182Z - info: start[1531399034182] time[0] tag[metricConsumeRecursiveProcessingTime]
2018-07-12T12:37:14.278Z - info: start[1531399034277] time[1] tag[metricConsumeRecursiveProcessingTime]
2018-07-12T12:37:15.177Z - info: start[1531399035177] time[0] tag[metricConsumeRecursiveProcessingTime]
2018-07-12T12:37:15.184Z - info: start[1531399035184] time[0] tag[metricConsumeRecursiveProcessingTime]
2018-07-12T12:37:15.186Z - info: start[1531399035186] time[0] tag[metricConsumeRecursiveProcessingTime]
2018-07-12T12:37:15.282Z - info: start[1531399035282] time[0] tag[metricConsumeRecursiveProcessingTime]
2018-07-12T12:37:16.180Z - info: start[1531399036180] time[0] tag[metricConsumeRecursiveProcessingTime]
2018-07-12T12:37:16.188Z - info: start[1531399036188] time[0] tag[metricConsumeRecursiveProcessingTime]
2018-07-12T12:37:16.189Z - info: start[1531399036189] time[0] tag[metricConsumeRecursiveProcessingTime]
2018-07-12T12:37:16.282Z - info: start[1531399036282] time[0] tag[metricConsumeRecursiveProcessingTime]
2018-07-12T12:37:17.183Z - info: start[1531399037183] time[0] tag[metricConsumeRecursiveProcessingTime]
2018-07-12T12:37:17.191Z - info: start[1531399037191] time[0] tag[metricConsumeRecursiveProcessingTime]
2018-07-12T12:37:17.195Z - info: start[1531399037194] time[1] tag[metricConsumeRecursiveProcessingTime]
2018-07-12T12:37:17.286Z - info: start[1531399037286] time[0] tag[metricConsumeRecursiveProcessingTime]
2018-07-12T12:37:18.189Z - info: start[1531399038189] time[0] tag[metricConsumeRecursiveProcessingTime]
2018-07-12T12:37:18.198Z - info: start[1531399038197] time[0] tag[metricConsumeRecursiveProcessingTime]
2018-07-12T12:37:18.199Z - info: start[1531399038199] time[0] tag[metricConsumeRecursiveProcessingTime]
2018-07-12T12:37:18.290Z - info: start[1531399038290] time[0] tag[metricConsumeRecursiveProcessingTime]
2018-07-12T12:37:19.194Z - info: start[1531399039194] time[0] tag[metricConsumeRecursiveProcessingTime]
2018-07-12T12:37:19.200Z - info: start[1531399039200] time[0] tag[metricConsumeRecursiveProcessingTime]
2018-07-12T12:37:19.203Z - info: start[1531399039203] time[0] tag[metricConsumeRecursiveProcessingTime]
2018-07-12T12:37:19.295Z - info: start[1531399039294] time[1] tag[metricConsumeRecursiveProcessingTime]
2018-07-12T12:37:20.196Z - info: start[1531399040196] time[0] tag[metricConsumeRecursiveProcessingTime]
2018-07-12T12:37:20.203Z - info: start[1531399040202] time[1] tag[metricConsumeRecursiveProcessingTime]
2018-07-12T12:37:20.209Z - info: start[1531399040209] time[0] tag[metricConsumeRecursiveProcessingTime]
2018-07-12T12:37:20.297Z - info: start[1531399040297] time[0] tag[metricConsumeRecursiveProcessingTime]
2018-07-12T12:37:21.201Z - info: start[1531399041201] time[0] tag[metricConsumeRecursiveProcessingTime]
2018-07-12T12:37:21.208Z - info: start[1531399041208] time[0] tag[metricConsumeRecursiveProcessingTime]
2018-07-12T12:37:21.213Z - info: start[1531399041213] time[0] tag[metricConsumeRecursiveProcessingTime]
2018-07-12T12:37:21.302Z - info: start[1531399041302] time[0] tag[metricConsumeRecursiveProcessingTime]
2018-07-12T12:37:22.206Z - info: start[1531399042206] time[0] tag[metricConsumeRecursiveProcessingTime]
2018-07-12T12:37:22.211Z - info: start[1531399042210] time[0] tag[metricConsumeRecursiveProcessingTime]
2018-07-12T12:37:22.218Z - info: start[1531399042218] time[0] tag[metricConsumeRecursiveProcessingTime]
2018-07-12T12:37:22.305Z - info: start[1531399042305] time[0] tag[metricConsumeRecursiveProcessingTime]
2018-07-12T12:37:23.210Z - info: start[1531399043210] time[0] tag[metricConsumeRecursiveProcessingTime]
2018-07-12T12:37:23.216Z - info: start[1531399043216] time[0] tag[metricConsumeRecursiveProcessingTime]
2018-07-12T12:37:23.221Z - info: start[1531399043221] time[0] tag[metricConsumeRecursiveProcessingTime]
2018-07-12T12:37:23.311Z - info: start[1531399043311] time[0] tag[metricConsumeRecursiveProcessingTime]
2018-07-12T12:37:24.215Z - info: start[1531399044215] time[0] tag[metricConsumeRecursiveProcessingTime]
2018-07-12T12:37:24.221Z - info: start[1531399044221] time[0] tag[metricConsumeRecursiveProcessingTime]
2018-07-12T12:37:24.226Z - info: start[1531399044226] time[0] tag[metricConsumeRecursiveProcessingTime]
2018-07-12T12:37:24.315Z - info: start[1531399044314] time[0] tag[metricConsumeRecursiveProcessingTime]
2018-07-12T12:37:25.218Z - info: start[1531399045218] time[0] tag[metricConsumeRecursiveProcessingTime]
2018-07-12T12:37:25.225Z - info: start[1531399045225] time[0] tag[metricConsumeRecursiveProcessingTime]
2018-07-12T12:37:25.231Z - info: start[1531399045231] time[0] tag[metricConsumeRecursiveProcessingTime]
2018-07-12T12:37:25.320Z - info: start[1531399045320] time[0] tag[metricConsumeRecursiveProcessingTime]
2018-07-12T12:37:25.654Z - info: start[1531399044226] time[0] tag[metricConsumeRecursiveConsumeProcessingTime]
2018-07-12T12:37:25.655Z - info: TransferHandler::prepare
2018-07-12T12:37:25.655Z - info: guid=ad9e2b01-bac8-3b9e-a9e7-345eb9730e29:uuid - startPrepareTransferHandler:process
2018-07-12T12:37:25.659Z - info: start[1531399045655] time[4] tag[metricConsumeSyncQueueProcessingTime]
2018-07-12T12:37:25.671Z - info: TransferHandler::prepare::validationPassed
2018-07-12T12:37:25.684Z - info: TransferHandler::prepare::validationPassed::newEntry
2018-07-12T12:37:25.753Z - info: start[1531399045750] time[3] tag[metricCommitMessageSyncProcessingTime]
2018-07-12T12:37:25.754Z - info: Producer::start::topic=topic-dfsp1-position-prepare
2018-07-12T12:37:25.755Z - info: Producer::connect::start
2018-07-12T12:37:26.223Z - info: start[1531399046223] time[0] tag[metricConsumeRecursiveProcessingTime]
2018-07-12T12:37:26.235Z - info: start[1531399046235] time[0] tag[metricConsumeRecursiveProcessingTime]
2018-07-12T12:37:26.324Z - info: start[1531399046324] time[0] tag[metricConsumeRecursiveProcessingTime]
2018-07-12T12:37:26.673Z - info: start[1531399045755] time[918] tag[metricProducerConnectProcessingTime]
2018-07-12T12:37:26.673Z - info: Producer::connect::end
2018-07-12T12:37:26.674Z - info: Producer.sendMessage:: messageProtocol:'{"from":"dfsp1","to":"dfsp2","id":"ad9e2b01-bac8-3b9e-a9e7-345eb9730e29","content":{"headers":{"content-type":"application/json","date":"2017-11-02T00:00:00.000Z","fspiop-destination":"dfsp2","fspiop-source":"dfsp1","content-length":1038},"payload":{"transferId":"ad9e2b01-bac8-3b9e-a9e7-345eb9730e29","payeeFsp":"dfsp2","payerFsp":"dfsp1","amount":{"amount":"100","currency":"USD"},"ilpPacket":"AQAAAAAAAABkEGcuZXdwMjEuaWQuODAwMjCCAhd7InRyYW5zYWN0aW9uSWQiOiJmODU0NzdkYi0xMzVkLTRlMDgtYThiNy0xMmIyMmQ4MmMwZDYiLCJxdW90ZUlkIjoiOWU2NGYzMjEtYzMyNC00ZDI0LTg5MmYtYzQ3ZWY0ZThkZTkxIiwicGF5ZWUiOnsicGFydHlJZEluZm8iOnsicGFydHlJZFR5cGUiOiJNU0lTRE4iLCJwYXJ0eUlkZW50aWZpZXIiOiIyNTYxMjM0NTYiLCJmc3BJZCI6IjIxIn19LCJwYXllciI6eyJwYXJ0eUlkSW5mbyI6eyJwYXJ0eUlkVHlwZSI6Ik1TSVNETiIsInBhcnR5SWRlbnRpZmllciI6IjI1NjIwMTAwMDAxIiwiZnNwSWQiOiIyMCJ9LCJwZXJzb25hbEluZm8iOnsiY29tcGxleE5hbWUiOnsiZmlyc3ROYW1lIjoiTWF0cyIsImxhc3ROYW1lIjoiSGFnbWFuIn0sImRhdGVPZkJpcnRoIjoiMTk4My0xMC0yNSJ9fSwiYW1vdW50Ijp7ImFtb3VudCI6IjEwMCIsImN1cnJlbmN5IjoiVVNEIn0sInRyYW5zYWN0aW9uVHlwZSI6eyJzY2VuYXJpbyI6IlRSQU5TRkVSIiwiaW5pdGlhdG9yIjoiUEFZRVIiLCJpbml0aWF0b3JUeXBlIjoiQ09OU1VNRVIifSwibm90ZSI6ImhlaiJ9","condition":"uU0nuZNNPgilLlLX2n2r-sSE7-N6U4DukIj3rOLvzek","expiration":"2018-11-08T21:31:00.534+01:00"}},"type":"application/json","metadata":{"event":{"id":"32bb42f3-ca12-4efc-b57f-a83b8b8e4ff4","type":"position","action":"prepare","createdAt":"2018-07-12T12:37:25.429Z","state":{"status":"success","code":0,"description":"action successful"},"responseTo":"18ca19d0-0bcf-46f9-9bc9-5477c3665947"},"protocol.createdAt":1531399045647}}'
2018-07-12T12:37:26.674Z - info: start[1531399046674] time[0] tag[metricProducerSendMessageProcessingTime]
2018-07-12T12:37:26.674Z - info: Producer::end
2018-07-12T12:37:26.674Z - info: start[1531399045754] time[920] tag[metricCenLedgerProduceMessage]
2018-07-12T12:37:26.675Z - info: guid=ad9e2b01-bac8-3b9e-a9e7-345eb9730e29:uuid - endPrepareTransferHandler:process
2018-07-12T12:37:26.675Z - info: start[1531399045655] time[1020] tag[metricCenLedgerTransferPrepare]
2018-07-12T12:37:26.676Z - info: start[1531399046676] time[0] tag[metricConsumeRecursiveProcessingTime]
2018-07-12T12:37:26.677Z - info: start[1531399046676] time[1] tag[metricConsumeSyncQueueResolveProcessingTime]
2018-07-12T12:37:26.681Z - info: start[1531399045320] time[1] tag[metricConsumeRecursiveConsumeProcessingTime]
2018-07-12T12:37:26.681Z - info: guid=ad9e2b01-bac8-3b9e-a9e7-345eb9730e29:uuid - startPositionHandler:process
2018-07-12T12:37:26.682Z - info: TransferHandler::position
2018-07-12T12:37:26.683Z - info: start[1531399046681] time[2] tag[metricConsumeSyncQueueProcessingTime]
2018-07-12T12:37:26.718Z - info: start[1531399046712] time[5] tag[metricCommitMessageSyncProcessingTime]
2018-07-12T12:37:26.718Z - info: Producer::start::topic=topic-transfer-transfer
2018-07-12T12:37:26.718Z - info: Producer::connect::start
2018-07-12T12:37:26.758Z - info: start[1531399046758] time[0] tag[metricConsumeRecursiveProcessingTime]
2018-07-12T12:37:27.227Z - info: start[1531399047227] time[0] tag[metricConsumeRecursiveProcessingTime]
2018-07-12T12:37:27.329Z - info: start[1531399047329] time[0] tag[metricConsumeRecursiveProcessingTime]
2018-07-12T12:37:27.689Z - info: start[1531399046718] time[971] tag[metricProducerConnectProcessingTime]
2018-07-12T12:37:27.689Z - info: Producer::connect::end
2018-07-12T12:37:27.689Z - info: Producer.sendMessage:: messageProtocol:'{"from":"dfsp1","to":"dfsp2","id":"ad9e2b01-bac8-3b9e-a9e7-345eb9730e29","content":{"headers":{"content-type":"application/json","date":"2017-11-02T00:00:00.000Z","fspiop-destination":"dfsp2","fspiop-source":"dfsp1","content-length":1038},"payload":{"transferId":"ad9e2b01-bac8-3b9e-a9e7-345eb9730e29","payeeFsp":"dfsp2","payerFsp":"dfsp1","amount":{"amount":"100","currency":"USD"},"ilpPacket":"AQAAAAAAAABkEGcuZXdwMjEuaWQuODAwMjCCAhd7InRyYW5zYWN0aW9uSWQiOiJmODU0NzdkYi0xMzVkLTRlMDgtYThiNy0xMmIyMmQ4MmMwZDYiLCJxdW90ZUlkIjoiOWU2NGYzMjEtYzMyNC00ZDI0LTg5MmYtYzQ3ZWY0ZThkZTkxIiwicGF5ZWUiOnsicGFydHlJZEluZm8iOnsicGFydHlJZFR5cGUiOiJNU0lTRE4iLCJwYXJ0eUlkZW50aWZpZXIiOiIyNTYxMjM0NTYiLCJmc3BJZCI6IjIxIn19LCJwYXllciI6eyJwYXJ0eUlkSW5mbyI6eyJwYXJ0eUlkVHlwZSI6Ik1TSVNETiIsInBhcnR5SWRlbnRpZmllciI6IjI1NjIwMTAwMDAxIiwiZnNwSWQiOiIyMCJ9LCJwZXJzb25hbEluZm8iOnsiY29tcGxleE5hbWUiOnsiZmlyc3ROYW1lIjoiTWF0cyIsImxhc3ROYW1lIjoiSGFnbWFuIn0sImRhdGVPZkJpcnRoIjoiMTk4My0xMC0yNSJ9fSwiYW1vdW50Ijp7ImFtb3VudCI6IjEwMCIsImN1cnJlbmN5IjoiVVNEIn0sInRyYW5zYWN0aW9uVHlwZSI6eyJzY2VuYXJpbyI6IlRSQU5TRkVSIiwiaW5pdGlhdG9yIjoiUEFZRVIiLCJpbml0aWF0b3JUeXBlIjoiQ09OU1VNRVIifSwibm90ZSI6ImhlaiJ9","condition":"uU0nuZNNPgilLlLX2n2r-sSE7-N6U4DukIj3rOLvzek","expiration":"2018-11-08T21:31:00.534+01:00"}},"type":"application/json","metadata":{"event":{"id":"f0b8a958-09f0-4566-9f7b-8bd8052d83e3","type":"transfer","action":"prepare","createdAt":"2018-07-12T12:37:25.429Z","state":{"status":"success","code":0,"description":"action successful"},"responseTo":"32bb42f3-ca12-4efc-b57f-a83b8b8e4ff4"},"protocol.createdAt":1531399046674}}'
2018-07-12T12:37:27.690Z - info: start[1531399047690] time[0] tag[metricProducerSendMessageProcessingTime]
2018-07-12T12:37:27.690Z - info: Producer::end
2018-07-12T12:37:27.690Z - info: start[1531399046718] time[972] tag[metricCenLedgerProduceMessage]
2018-07-12T12:37:27.691Z - info: guid=ad9e2b01-bac8-3b9e-a9e7-345eb9730e29:uuid - endPositionHandler:process
2018-07-12T12:37:27.691Z - info: start[1531399046681] time[1010] tag[metricCenLedgerPositions]
2018-07-12T12:37:27.692Z - info: start[1531399047692] time[0] tag[metricConsumeRecursiveProcessingTime]
2018-07-12T12:37:27.692Z - info: start[1531399047692] time[0] tag[metricConsumeSyncQueueResolveProcessingTime]
2018-07-12T12:37:27.778Z - info: start[1531399047778] time[0] tag[metricConsumeRecursiveProcessingTime]
2018-07-12T12:37:27.785Z - info: start[1531399047784] time[0] tag[metricConsumeRecursiveProcessingTime]
2018-07-12T12:37:28.230Z - info: start[1531399048230] time[0] tag[metricConsumeRecursiveProcessingTime]
2018-07-12T12:37:28.234Z - info: start[1531399047778] time[0] tag[metricConsumeRecursiveConsumeProcessingTime]
2018-07-12T12:37:28.236Z - info: TransferHandler::transfer
2018-07-12T12:37:28.236Z - info: guid=ad9e2b01-bac8-3b9e-a9e7-345eb9730e29:uuid - startTransferHandler:process
2018-07-12T12:37:28.237Z - info: TransferHandler::transfer action: prepare
2018-07-12T12:37:28.237Z - info: TransferHandler::transfer status: success
2018-07-12T12:37:28.237Z - info: Producer::start::topic=topic-notification-event
2018-07-12T12:37:28.237Z - info: Producer::connect::start
2018-07-12T12:37:28.238Z - info: start[1531399048235] time[3] tag[metricConsumeSyncQueueProcessingTime]
2018-07-12T12:37:28.335Z - info: start[1531399048335] time[0] tag[metricConsumeRecursiveProcessingTime]
2018-07-12T12:37:28.783Z - info: start[1531399048782] time[1] tag[metricConsumeRecursiveProcessingTime]
2018-07-12T12:37:28.793Z - info: start[1531399048793] time[0] tag[metricConsumeRecursiveProcessingTime]
2018-07-12T12:37:29.139Z - info: start[1531399048237] time[902] tag[metricProducerConnectProcessingTime]
2018-07-12T12:37:29.140Z - info: Producer::connect::end
2018-07-12T12:37:29.140Z - info: Producer.sendMessage:: messageProtocol:'{"from":"dfsp1","to":"dfsp2","id":"ad9e2b01-bac8-3b9e-a9e7-345eb9730e29","content":{"headers":{"content-type":"application/json","date":"2017-11-02T00:00:00.000Z","fspiop-destination":"dfsp2","fspiop-source":"dfsp1","content-length":1038},"payload":{"transferId":"ad9e2b01-bac8-3b9e-a9e7-345eb9730e29","payeeFsp":"dfsp2","payerFsp":"dfsp1","amount":{"amount":"100","currency":"USD"},"ilpPacket":"AQAAAAAAAABkEGcuZXdwMjEuaWQuODAwMjCCAhd7InRyYW5zYWN0aW9uSWQiOiJmODU0NzdkYi0xMzVkLTRlMDgtYThiNy0xMmIyMmQ4MmMwZDYiLCJxdW90ZUlkIjoiOWU2NGYzMjEtYzMyNC00ZDI0LTg5MmYtYzQ3ZWY0ZThkZTkxIiwicGF5ZWUiOnsicGFydHlJZEluZm8iOnsicGFydHlJZFR5cGUiOiJNU0lTRE4iLCJwYXJ0eUlkZW50aWZpZXIiOiIyNTYxMjM0NTYiLCJmc3BJZCI6IjIxIn19LCJwYXllciI6eyJwYXJ0eUlkSW5mbyI6eyJwYXJ0eUlkVHlwZSI6Ik1TSVNETiIsInBhcnR5SWRlbnRpZmllciI6IjI1NjIwMTAwMDAxIiwiZnNwSWQiOiIyMCJ9LCJwZXJzb25hbEluZm8iOnsiY29tcGxleE5hbWUiOnsiZmlyc3ROYW1lIjoiTWF0cyIsImxhc3ROYW1lIjoiSGFnbWFuIn0sImRhdGVPZkJpcnRoIjoiMTk4My0xMC0yNSJ9fSwiYW1vdW50Ijp7ImFtb3VudCI6IjEwMCIsImN1cnJlbmN5IjoiVVNEIn0sInRyYW5zYWN0aW9uVHlwZSI6eyJzY2VuYXJpbyI6IlRSQU5TRkVSIiwiaW5pdGlhdG9yIjoiUEFZRVIiLCJpbml0aWF0b3JUeXBlIjoiQ09OU1VNRVIifSwibm90ZSI6ImhlaiJ9","condition":"uU0nuZNNPgilLlLX2n2r-sSE7-N6U4DukIj3rOLvzek","expiration":"2018-11-08T21:31:00.534+01:00"}},"type":"application/json","metadata":{"event":{"id":"99a8ba75-1970-403b-810b-84f7f38cfdb4","type":"notification","action":"prepare","createdAt":"2018-07-12T12:37:25.429Z","state":{"status":"success","code":0,"description":"action successful"},"responseTo":"f0b8a958-09f0-4566-9f7b-8bd8052d83e3"},"protocol.createdAt":1531399047690}}'
2018-07-12T12:37:29.140Z - info: start[1531399049140] time[0] tag[metricProducerSendMessageProcessingTime]
2018-07-12T12:37:29.140Z - info: Producer::end
2018-07-12T12:37:29.140Z - info: start[1531399048237] time[903] tag[metricCenLedgerProduceMessage]
2018-07-12T12:37:29.144Z - info: start[1531399049140] time[4] tag[metricCommitMessageSyncProcessingTime]
2018-07-12T12:37:29.145Z - info: guid=ad9e2b01-bac8-3b9e-a9e7-345eb9730e29:uuid - endTransferHandler:process
2018-07-12T12:37:29.145Z - info: start[1531399048236] time[909] tag[metricCenLedgerTransferTransfer]
2018-07-12T12:37:29.146Z - info: start[1531399049146] time[0] tag[metricConsumeRecursiveProcessingTime]
2018-07-12T12:37:29.146Z - info: start[1531399049146] time[0] tag[metricConsumeSyncQueueResolveProcessingTime]
2018-07-12T12:37:29.234Z - info: start[1531399049234] time[0] tag[metricConsumeRecursiveProcessingTime]
2018-07-12T12:37:29.337Z - info: start[1531399049337] time[0] tag[metricConsumeRecursiveProcessingTime]
2018-07-12T12:37:29.782Z - info: start[1531399049782] time[0] tag[metricConsumeRecursiveProcessingTime]
2018-07-12T12:37:29.798Z - info: start[1531399049798] time[0] tag[metricConsumeRecursiveProcessingTime]
2018-07-12T12:37:30.242Z - info: start[1531399050242] time[0] tag[metricConsumeRecursiveProcessingTime]
2018-07-12T12:37:30.342Z - info: start[1531399050342] time[0] tag[metricConsumeRecursiveProcessingTime]
2018-07-12T12:37:30.788Z - info: start[1531399050788] time[0] tag[metricConsumeRecursiveProcessingTime]
2018-07-12T12:37:30.804Z - info: start[1531399050804] time[0] tag[metricConsumeRecursiveProcessingTime]
2018-07-12T12:37:31.245Z - info: start[1531399051245] time[0] tag[metricConsumeRecursiveProcessingTime]
2018-07-12T12:37:31.344Z - info: start[1531399051344] time[0] tag[metricConsumeRecursiveProcessingTime]
2018-07-12T12:37:31.792Z - info: start[1531399051792] time[0] tag[metricConsumeRecursiveProcessingTime]
2018-07-12T12:37:31.807Z - info: start[1531399051807] time[0] tag[metricConsumeRecursiveProcessingTime]
2018-07-12T12:37:32.250Z - info: start[1531399052250] time[0] tag[metricConsumeRecursiveProcessingTime]
2018-07-12T12:37:32.348Z - info: start[1531399052348] time[0] tag[metricConsumeRecursiveProcessingTime]
2018-07-12T12:37:32.796Z - info: start[1531399052795] time[1] tag[metricConsumeRecursiveProcessingTime]
2018-07-12T12:37:32.815Z - info: start[1531399052814] time[1] tag[metricConsumeRecursiveProcessingTime]
2018-07-12T12:37:33.256Z - info: start[1531399053256] time[0] tag[metricConsumeRecursiveProcessingTime]
2018-07-12T12:37:33.355Z - info: start[1531399053355] time[0] tag[metricConsumeRecursiveProcessingTime]
2018-07-12T12:37:33.801Z - info: start[1531399053801] time[0] tag[metricConsumeRecursiveProcessingTime]
2018-07-12T12:37:33.817Z - info: start[1531399053817] time[0] tag[metricConsumeRecursiveProcessingTime]
2018-07-12T12:37:34.260Z - info: start[1531399054260] time[0] tag[metricConsumeRecursiveProcessingTime]
2018-07-12T12:37:34.359Z - info: start[1531399054359] time[0] tag[metricConsumeRecursiveProcessingTime]
2018-07-12T12:37:34.806Z - info: start[1531399054806] time[0] tag[metricConsumeRecursiveProcessingTime]
2018-07-12T12:37:34.816Z - info: start[1531399054816] time[0] tag[metricConsumeRecursiveProcessingTime]
2018-07-12T12:37:35.264Z - info: start[1531399055264] time[0] tag[metricConsumeRecursiveProcessingTime]
2018-07-12T12:37:35.364Z - info: start[1531399055363] time[0] tag[metricConsumeRecursiveProcessingTime]
2018-07-12T12:37:35.809Z - info: start[1531399055809] time[0] tag[metricConsumeRecursiveProcessingTime]
2018-07-12T12:37:35.816Z - info: start[1531399055816] time[0] tag[metricConsumeRecursiveProcessingTime]
2018-07-12T12:37:36.268Z - info: start[1531399056268] time[0] tag[metricConsumeRecursiveProcessingTime]
2018-07-12T12:37:36.368Z - info: start[1531399056368] time[0] tag[metricConsumeRecursiveProcessingTime]
2018-07-12T12:37:36.813Z - info: start[1531399056813] time[0] tag[metricConsumeRecursiveProcessingTime]
2018-07-12T12:37:36.816Z - info: start[1531399056816] time[0] tag[metricConsumeRecursiveProcessingTime]
2018-07-12T12:37:37.272Z - info: start[1531399057272] time[0] tag[metricConsumeRecursiveProcessingTime]
2018-07-12T12:37:37.373Z - info: start[1531399057373] time[0] tag[metricConsumeRecursiveProcessingTime]
2018-07-12T12:37:37.818Z - info: start[1531399057818] time[0] tag[metricConsumeRecursiveProcessingTime]
2018-07-12T12:37:37.821Z - info: start[1531399057821] time[0] tag[metricConsumeRecursiveProcessingTime]
2018-07-12T12:37:38.274Z - info: start[1531399058273] time[0] tag[metricConsumeRecursiveProcessingTime]
2018-07-12T12:37:38.377Z - info: start[1531399058377] time[0] tag[metricConsumeRecursiveProcessingTime]
2018-07-12T12:37:38.822Z - info: start[1531399058822] time[0] tag[metricConsumeRecursiveProcessingTime]
2018-07-12T12:37:38.826Z - info: start[1531399058826] time[0] tag[metricConsumeRecursiveProcessingTime]
2018-07-12T12:37:39.279Z - info: start[1531399059278] time[0] tag[metricConsumeRecursiveProcessingTime]
2018-07-12T12:37:39.382Z - info: start[1531399059382] time[0] tag[metricConsumeRecursiveProcessingTime]
Debugger listening on ws://127.0.0.1:51969/710397d9-15ac-4e24-b6aa-27f26168f791
For help see https://nodejs.org/en/docs/inspector

Process finished with exit code 130 (interrupted by signal 2: SIGINT)
