/usr/local/opt/node@8/bin/node --inspect-brk=55024 /Users/mdebarros/Documents/ModusDocs/Projects/MojaLoop/git/fork/central-ledger/src/api/index.js
Debugger listening on ws://127.0.0.1:55024/a88974b8-0d10-4eb9-8597-52890d990ea7
For help see https://nodejs.org/en/docs/inspector
Debugger attached.
http://Miguels-MBP:3000
  GET    /                              Metadata
  POST   /accounts                      Create an account.
  PUT    /accounts/{name}               Update an accounts user credentials
  GET    /accounts/{name}               Retrieve an accounts details by name
  PUT    /accounts/{name}/settlement    Update an accounts user credentials
  GET    /auth_token                    Get a token that can be used to authenticate future requests
  POST   /charge/quote                  Quote a charge for a transaction amount
  GET    /documentation
  GET    /health                        Status of ledger
  POST   /messages                      Send a notification to another participant
  POST   /participants                  Create a participant.
  GET    /participants/{name}           Retrieve a participants details by name
  PUT    /participants/{name}           Update an participants party credentials
  PUT    /participants/{name}/settlement Update a participants party credentials
  GET    /positions                     Retrieve outstanding positions.
  GET    /positions/{name}              Retrieve outstanding positions for an participant.
  GET    /swagger.json
  GET    /swaggerui/{path*}
  GET    /swaggerui/extend.js
  PUT    /transfers/{id}                Prepare a transfer
  GET    /transfers/{id}                Get transfer by ID
  GET    /transfers/{id}/fulfilment     Get transfer fulfilment
  PUT    /transfers/{id}/fulfilment     Fulfil a transfer
  PUT    /transfers/{id}/rejection      Reject a transfer

2018-07-13T07:40:00.434Z - info: Server running at:  http://Miguels-MBP:3000
2018-07-13T07:40:00.479Z - info: {"positions":{"handler":{}},"transfers":{"handler":{}}}
2018-07-13T07:40:00.480Z - info: Registering handler module[positions]: {"handler":{}}
2018-07-13T07:40:00.480Z - info: {}
2018-07-13T07:40:00.681Z - info: node-rdkafka v0.11.4 ready - {"name":"position-prepare#consumer-1"}
2018-07-13T07:40:00.684Z - info: start[1531467600498] time[186] tag[metricConsumerConnectProcessingTime]
2018-07-13T07:40:00.689Z - info: CreateHandle::connect successful topic: topic-dfsp1-position-prepare
2018-07-13T07:40:00.690Z - info: start[1531467600690] time[0] tag[metricConsumeRecursiveProcessingTime]
2018-07-13T07:40:00.691Z - info: start[1531467600689] time[2] tag[metricConsumeProcessingTime]
2018-07-13T07:40:00.695Z - info: start[1531467600496] time[199] tag[metricCenLedgerCreateHandler]
2018-07-13T07:40:00.696Z - info: start[1531467600486] time[210] tag[metricCenLedgerCreatePositionHandlers]
2018-07-13T07:40:00.926Z - info: node-rdkafka v0.11.4 ready - {"name":"position-prepare#consumer-2"}
2018-07-13T07:40:00.928Z - info: start[1531467600696] time[232] tag[metricConsumerConnectProcessingTime]
2018-07-13T07:40:00.931Z - info: CreateHandle::connect successful topic: topic-dfsp2-position-prepare
2018-07-13T07:40:00.932Z - info: start[1531467600932] time[0] tag[metricConsumeRecursiveProcessingTime]
2018-07-13T07:40:00.934Z - info: start[1531467600931] time[3] tag[metricConsumeProcessingTime]
2018-07-13T07:40:00.937Z - info: start[1531467600696] time[241] tag[metricCenLedgerCreateHandler]
2018-07-13T07:40:00.937Z - info: start[1531467600696] time[241] tag[metricCenLedgerCreatePositionHandlers]
2018-07-13T07:40:00.938Z - info: start[1531467600480] time[458] tag[metricCenLedgerRegisterPositionHandlers]
2018-07-13T07:40:00.938Z - info: start[1531467600480] time[458] tag[metricCenLedgerRegisterAllPositionHandlers]
2018-07-13T07:40:00.939Z - info: Registering handler module[transfers]: {"handler":{}}
2018-07-13T07:40:00.939Z - info: {}
2018-07-13T07:40:01.167Z - info: node-rdkafka v0.11.4 ready - {"name":"topic-dfsp1-transfer-prepare#consumer-3"}
2018-07-13T07:40:01.168Z - info: start[1531467600945] time[223] tag[metricConsumerConnectProcessingTime]
2018-07-13T07:40:01.168Z - info: CreateHandle::connect successful topic: topic-dfsp1-transfer-prepare
2018-07-13T07:40:01.168Z - info: start[1531467601168] time[0] tag[metricConsumeRecursiveProcessingTime]
2018-07-13T07:40:01.168Z - info: start[1531467601168] time[0] tag[metricConsumeProcessingTime]
2018-07-13T07:40:01.169Z - info: start[1531467600945] time[224] tag[metricCenLedgerCreateHandler]
2018-07-13T07:40:01.169Z - info: start[1531467600945] time[224] tag[metricCenLedgerCreatePrepareHandler]
2018-07-13T07:40:01.384Z - info: node-rdkafka v0.11.4 ready - {"name":"topic-dfsp2-transfer-prepare#consumer-4"}
2018-07-13T07:40:01.385Z - info: start[1531467601170] time[215] tag[metricConsumerConnectProcessingTime]
2018-07-13T07:40:01.387Z - info: CreateHandle::connect successful topic: topic-dfsp2-transfer-prepare
2018-07-13T07:40:01.388Z - info: start[1531467601388] time[0] tag[metricConsumeRecursiveProcessingTime]
2018-07-13T07:40:01.388Z - info: start[1531467601387] time[1] tag[metricConsumeProcessingTime]
2018-07-13T07:40:01.389Z - info: start[1531467601170] time[219] tag[metricCenLedgerCreateHandler]
2018-07-13T07:40:01.389Z - info: start[1531467601169] time[220] tag[metricCenLedgerCreatePrepareHandler]
2018-07-13T07:40:01.389Z - info: start[1531467600940] time[449] tag[metricCenLedgerCreatePrepareHandler]
2018-07-13T07:40:01.799Z - info: start[1531467601799] time[0] tag[metricConsumeRecursiveProcessingTime]
2018-07-13T07:40:01.903Z - info: node-rdkafka v0.11.4 ready - {"name":"topic-transfer-fulfil#consumer-5"}
2018-07-13T07:40:01.904Z - info: start[1531467601391] time[513] tag[metricConsumerConnectProcessingTime]
2018-07-13T07:40:01.904Z - info: CreateHandle::connect successful topic: topic-transfer-fulfil
2018-07-13T07:40:01.904Z - info: start[1531467601904] time[0] tag[metricConsumeRecursiveProcessingTime]
2018-07-13T07:40:01.904Z - info: start[1531467601904] time[0] tag[metricConsumeProcessingTime]
2018-07-13T07:40:01.905Z - info: start[1531467601391] time[514] tag[metricCenLedgerCreateHandler]
2018-07-13T07:40:01.905Z - info: start[1531467601390] time[515] tag[metricCenLedgerCreateFulfilHandler]
2018-07-13T07:40:02.041Z - info: start[1531467602041] time[0] tag[metricConsumeRecursiveProcessingTime]
2018-07-13T07:40:02.275Z - info: start[1531467602275] time[0] tag[metricConsumeRecursiveProcessingTime]
2018-07-13T07:40:02.394Z - info: node-rdkafka v0.11.4 ready - {"name":"topic-transfer-reject#consumer-6"}
2018-07-13T07:40:02.394Z - info: start[1531467601905] time[489] tag[metricConsumerConnectProcessingTime]
2018-07-13T07:40:02.395Z - info: CreateHandle::connect successful topic: topic-transfer-reject
2018-07-13T07:40:02.395Z - info: start[1531467602395] time[0] tag[metricConsumeRecursiveProcessingTime]
2018-07-13T07:40:02.395Z - info: start[1531467602395] time[0] tag[metricConsumeProcessingTime]
2018-07-13T07:40:02.395Z - info: start[1531467601905] time[490] tag[metricCenLedgerCreateHandler]
2018-07-13T07:40:02.396Z - info: start[1531467601905] time[491] tag[metricCenLedgerCreateRejectHandler]
2018-07-13T07:40:02.497Z - info: start[1531467602497] time[0] tag[metricConsumeRecursiveProcessingTime]
2018-07-13T07:40:03.035Z - info: start[1531467603035] time[0] tag[metricConsumeRecursiveProcessingTime]
2018-07-13T07:40:03.276Z - info: start[1531467603276] time[0] tag[metricConsumeRecursiveProcessingTime]
2018-07-13T07:40:03.494Z - info: start[1531467603494] time[0] tag[metricConsumeRecursiveProcessingTime]
2018-07-13T07:40:03.600Z - info: node-rdkafka v0.11.4 ready - {"name":"topic-transfer-transfer#consumer-7"}
2018-07-13T07:40:03.601Z - info: start[1531467602396] time[1205] tag[metricConsumerConnectProcessingTime]
2018-07-13T07:40:03.601Z - info: CreateHandle::connect successful topic: topic-transfer-transfer
2018-07-13T07:40:03.601Z - info: start[1531467603601] time[0] tag[metricConsumeRecursiveProcessingTime]
2018-07-13T07:40:03.601Z - info: start[1531467603601] time[0] tag[metricConsumeProcessingTime]
2018-07-13T07:40:03.602Z - info: start[1531467602396] time[1206] tag[metricCenLedgerCreateHandler]
2018-07-13T07:40:03.602Z - info: start[1531467602396] time[1206] tag[metricCenLedgerCreateTransferHandler]
2018-07-13T07:40:03.602Z - info: start[1531467600940] time[2662] tag[metricCenLedgerRegisterAllTransferHandlers]
2018-07-13T07:40:03.602Z - info: start[1531467600436] time[3166] tag[metricCenLedgerRegisterAllHandlers]
2018-07-13T07:40:03.699Z - info: start[1531467603699] time[0] tag[metricConsumeRecursiveProcessingTime]
2018-07-13T07:40:04.040Z - info: start[1531467604040] time[0] tag[metricConsumeRecursiveProcessingTime]
2018-07-13T07:40:04.282Z - info: start[1531467604282] time[0] tag[metricConsumeRecursiveProcessingTime]
2018-07-13T07:40:04.500Z - info: start[1531467604500] time[0] tag[metricConsumeRecursiveProcessingTime]
2018-07-13T07:40:04.704Z - info: start[1531467604704] time[0] tag[metricConsumeRecursiveProcessingTime]
2018-07-13T07:40:05.286Z - info: start[1531467605286] time[0] tag[metricConsumeRecursiveProcessingTime]
2018-07-13T07:40:05.713Z - info: start[1531467605713] time[0] tag[metricConsumeRecursiveProcessingTime]
2018-07-13T07:40:05.724Z - info: start[1531467605724] time[0] tag[metricConsumeRecursiveProcessingTime]
2018-07-13T07:40:05.735Z - info: start[1531467605735] time[0] tag[metricConsumeRecursiveProcessingTime]
2018-07-13T07:40:06.291Z - info: start[1531467606291] time[0] tag[metricConsumeRecursiveProcessingTime]
2018-07-13T07:40:07.312Z - info: start[1531467607312] time[0] tag[metricConsumeRecursiveProcessingTime]
2018-07-13T07:40:07.313Z - info: start[1531467607313] time[0] tag[metricConsumeRecursiveProcessingTime]
2018-07-13T07:40:07.314Z - info: start[1531467607314] time[0] tag[metricConsumeRecursiveProcessingTime]
2018-07-13T07:40:07.314Z - info: start[1531467607314] time[0] tag[metricConsumeRecursiveProcessingTime]
2018-07-13T07:40:08.317Z - info: start[1531467608317] time[0] tag[metricConsumeRecursiveProcessingTime]
2018-07-13T07:40:08.317Z - info: start[1531467608317] time[0] tag[metricConsumeRecursiveProcessingTime]
2018-07-13T07:40:08.317Z - info: start[1531467608317] time[0] tag[metricConsumeRecursiveProcessingTime]
2018-07-13T07:40:08.418Z - info: start[1531467608417] time[0] tag[metricConsumeRecursiveProcessingTime]
2018-07-13T07:40:09.320Z - info: start[1531467609320] time[0] tag[metricConsumeRecursiveProcessingTime]
2018-07-13T07:40:09.322Z - info: start[1531467609322] time[0] tag[metricConsumeRecursiveProcessingTime]
2018-07-13T07:40:09.322Z - info: start[1531467609322] time[0] tag[metricConsumeRecursiveProcessingTime]
2018-07-13T07:40:09.422Z - info: start[1531467609422] time[0] tag[metricConsumeRecursiveProcessingTime]
2018-07-13T07:40:10.324Z - info: start[1531467610324] time[0] tag[metricConsumeRecursiveProcessingTime]
2018-07-13T07:40:10.326Z - info: start[1531467610325] time[1] tag[metricConsumeRecursiveProcessingTime]
2018-07-13T07:40:10.327Z - info: start[1531467610326] time[1] tag[metricConsumeRecursiveProcessingTime]
2018-07-13T07:40:10.428Z - info: start[1531467610428] time[0] tag[metricConsumeRecursiveProcessingTime]
2018-07-13T07:40:11.330Z - info: start[1531467611330] time[0] tag[metricConsumeRecursiveProcessingTime]
2018-07-13T07:40:11.331Z - info: start[1531467611331] time[0] tag[metricConsumeRecursiveProcessingTime]
2018-07-13T07:40:11.331Z - info: start[1531467611331] time[0] tag[metricConsumeRecursiveProcessingTime]
2018-07-13T07:40:11.431Z - info: start[1531467611431] time[0] tag[metricConsumeRecursiveProcessingTime]
2018-07-13T07:40:12.331Z - info: start[1531467612331] time[0] tag[metricConsumeRecursiveProcessingTime]
2018-07-13T07:40:12.334Z - info: start[1531467612334] time[0] tag[metricConsumeRecursiveProcessingTime]
2018-07-13T07:40:12.335Z - info: start[1531467612335] time[0] tag[metricConsumeRecursiveProcessingTime]
2018-07-13T07:40:12.434Z - info: start[1531467612434] time[0] tag[metricConsumeRecursiveProcessingTime]
2018-07-13T07:40:13.336Z - info: start[1531467613336] time[0] tag[metricConsumeRecursiveProcessingTime]
2018-07-13T07:40:13.340Z - info: start[1531467613340] time[0] tag[metricConsumeRecursiveProcessingTime]
2018-07-13T07:40:13.340Z - info: start[1531467613340] time[0] tag[metricConsumeRecursiveProcessingTime]
2018-07-13T07:40:13.438Z - info: start[1531467613438] time[0] tag[metricConsumeRecursiveProcessingTime]
2018-07-13T07:40:14.341Z - info: start[1531467614341] time[0] tag[metricConsumeRecursiveProcessingTime]
2018-07-13T07:40:14.342Z - info: start[1531467614342] time[0] tag[metricConsumeRecursiveProcessingTime]
2018-07-13T07:40:14.342Z - info: start[1531467614342] time[0] tag[metricConsumeRecursiveProcessingTime]
2018-07-13T07:40:14.442Z - info: start[1531467614442] time[0] tag[metricConsumeRecursiveProcessingTime]
2018-07-13T07:40:15.346Z - info: start[1531467615346] time[0] tag[metricConsumeRecursiveProcessingTime]
2018-07-13T07:40:15.346Z - info: start[1531467615346] time[0] tag[metricConsumeRecursiveProcessingTime]
2018-07-13T07:40:15.346Z - info: start[1531467615346] time[0] tag[metricConsumeRecursiveProcessingTime]
2018-07-13T07:40:15.445Z - info: start[1531467615445] time[0] tag[metricConsumeRecursiveProcessingTime]
2018-07-13T07:40:16.343Z - info: start[1531467616343] time[0] tag[metricConsumeRecursiveProcessingTime]
2018-07-13T07:40:16.345Z - info: start[1531467616345] time[0] tag[metricConsumeRecursiveProcessingTime]
2018-07-13T07:40:16.345Z - info: start[1531467616345] time[0] tag[metricConsumeRecursiveProcessingTime]
2018-07-13T07:40:16.450Z - info: start[1531467616450] time[0] tag[metricConsumeRecursiveProcessingTime]
2018-07-13T07:40:17.346Z - info: start[1531467617346] time[0] tag[metricConsumeRecursiveProcessingTime]
2018-07-13T07:40:17.348Z - info: start[1531467617348] time[0] tag[metricConsumeRecursiveProcessingTime]
2018-07-13T07:40:17.349Z - info: start[1531467617348] time[0] tag[metricConsumeRecursiveProcessingTime]
2018-07-13T07:40:17.451Z - info: start[1531467617451] time[0] tag[metricConsumeRecursiveProcessingTime]
2018-07-13T07:40:18.351Z - info: start[1531467618351] time[0] tag[metricConsumeRecursiveProcessingTime]
2018-07-13T07:40:18.352Z - info: start[1531467618352] time[0] tag[metricConsumeRecursiveProcessingTime]
2018-07-13T07:40:18.352Z - info: start[1531467618352] time[0] tag[metricConsumeRecursiveProcessingTime]
2018-07-13T07:40:18.456Z - info: start[1531467618456] time[0] tag[metricConsumeRecursiveProcessingTime]
2018-07-13T07:40:19.354Z - info: start[1531467619354] time[0] tag[metricConsumeRecursiveProcessingTime]
2018-07-13T07:40:19.356Z - info: start[1531467619356] time[0] tag[metricConsumeRecursiveProcessingTime]
2018-07-13T07:40:19.356Z - info: start[1531467619356] time[0] tag[metricConsumeRecursiveProcessingTime]
2018-07-13T07:40:19.460Z - info: start[1531467619460] time[0] tag[metricConsumeRecursiveProcessingTime]
2018-07-13T07:40:20.359Z - info: start[1531467620359] time[0] tag[metricConsumeRecursiveProcessingTime]
2018-07-13T07:40:20.361Z - info: start[1531467620361] time[0] tag[metricConsumeRecursiveProcessingTime]
2018-07-13T07:40:20.361Z - info: start[1531467620361] time[0] tag[metricConsumeRecursiveProcessingTime]
2018-07-13T07:40:20.465Z - info: start[1531467620465] time[0] tag[metricConsumeRecursiveProcessingTime]
2018-07-13T07:40:21.263Z - info: start[1531467620361] time[0] tag[metricConsumeRecursiveConsumeProcessingTime]
2018-07-13T07:40:21.265Z - info: TransferHandler::prepare
2018-07-13T07:40:21.265Z - info: guid=ad9e2b18-bac8-3b9e-a9e7-345eb9730e29:uuid - startPrepareTransferHandler:process
2018-07-13T07:40:21.268Z - info: start[1531467621264] time[4] tag[metricConsumeSyncQueueProcessingTime]
2018-07-13T07:40:21.277Z - info: TransferHandler::prepare::validationPassed
2018-07-13T07:40:21.286Z - info: TransferHandler::prepare::validationPassed::newEntry
2018-07-13T07:40:21.352Z - info: Producer::start::topic=topic-dfsp1-position-prepare
2018-07-13T07:40:21.352Z - info: Producer::connect::start
2018-07-13T07:40:21.362Z - info: start[1531467621362] time[0] tag[metricConsumeRecursiveProcessingTime]
2018-07-13T07:40:21.368Z - info: start[1531467621368] time[0] tag[metricConsumeRecursiveProcessingTime]
2018-07-13T07:40:21.368Z - info: start[1531467621368] time[0] tag[metricConsumeRecursiveProcessingTime]
2018-07-13T07:40:21.461Z - info: start[1531467621352] time[109] tag[metricProducerConnectProcessingTime]
2018-07-13T07:40:21.462Z - info: Producer::connect::end
2018-07-13T07:40:21.462Z - info: Producer.sendMessage:: messageProtocol:'{"from":"dfsp1","to":"dfsp2","id":"ad9e2b18-bac8-3b9e-a9e7-345eb9730e29","content":{"headers":{"content-type":"application/json","date":"2017-11-02T00:00:00.000Z","fspiop-destination":"dfsp2","fspiop-source":"dfsp1","content-length":1038},"payload":{"transferId":"ad9e2b18-bac8-3b9e-a9e7-345eb9730e29","payeeFsp":"dfsp2","payerFsp":"dfsp1","amount":{"amount":"100","currency":"USD"},"ilpPacket":"AQAAAAAAAABkEGcuZXdwMjEuaWQuODAwMjCCAhd7InRyYW5zYWN0aW9uSWQiOiJmODU0NzdkYi0xMzVkLTRlMDgtYThiNy0xMmIyMmQ4MmMwZDYiLCJxdW90ZUlkIjoiOWU2NGYzMjEtYzMyNC00ZDI0LTg5MmYtYzQ3ZWY0ZThkZTkxIiwicGF5ZWUiOnsicGFydHlJZEluZm8iOnsicGFydHlJZFR5cGUiOiJNU0lTRE4iLCJwYXJ0eUlkZW50aWZpZXIiOiIyNTYxMjM0NTYiLCJmc3BJZCI6IjIxIn19LCJwYXllciI6eyJwYXJ0eUlkSW5mbyI6eyJwYXJ0eUlkVHlwZSI6Ik1TSVNETiIsInBhcnR5SWRlbnRpZmllciI6IjI1NjIwMTAwMDAxIiwiZnNwSWQiOiIyMCJ9LCJwZXJzb25hbEluZm8iOnsiY29tcGxleE5hbWUiOnsiZmlyc3ROYW1lIjoiTWF0cyIsImxhc3ROYW1lIjoiSGFnbWFuIn0sImRhdGVPZkJpcnRoIjoiMTk4My0xMC0yNSJ9fSwiYW1vdW50Ijp7ImFtb3VudCI6IjEwMCIsImN1cnJlbmN5IjoiVVNEIn0sInRyYW5zYWN0aW9uVHlwZSI6eyJzY2VuYXJpbyI6IlRSQU5TRkVSIiwiaW5pdGlhdG9yIjoiUEFZRVIiLCJpbml0aWF0b3JUeXBlIjoiQ09OU1VNRVIifSwibm90ZSI6ImhlaiJ9","condition":"uU0nuZNNPgilLlLX2n2r-sSE7-N6U4DukIj3rOLvzek","expiration":"2018-11-08T21:31:00.534+01:00"}},"type":"application/json","metadata":{"event":{"id":"0e5a7168-3a25-43ec-b414-edbf888bf6d6","type":"position","action":"prepare","createdAt":"2018-07-13T07:40:20.068Z","state":{"status":"success","code":0,"description":"action successful"},"responseTo":"f7f2798e-afe4-43f7-9114-bc420d069db5"},"protocol.createdAt":1531467620284}}'
2018-07-13T07:40:21.463Z - info: start[1531467621462] time[1] tag[metricProducerSendMessageProcessingTime]
2018-07-13T07:40:21.463Z - info: Producer::end
2018-07-13T07:40:21.463Z - info: start[1531467621351] time[112] tag[metricCenLedgerProduceMessage]
2018-07-13T07:40:21.463Z - info: guid=ad9e2b18-bac8-3b9e-a9e7-345eb9730e29:uuid - endPrepareTransferHandler:process
2018-07-13T07:40:21.464Z - info: start[1531467621265] time[199] tag[metricCenLedgerTransferPrepare]
2018-07-13T07:40:21.465Z - info: start[1531467621465] time[0] tag[metricConsumeRecursiveProcessingTime]
2018-07-13T07:40:21.465Z - info: start[1531467621464] time[1] tag[metricConsumeSyncQueueResolveProcessingTime]
2018-07-13T07:40:21.470Z - info: start[1531467621470] time[0] tag[metricConsumeRecursiveProcessingTime]
2018-07-13T07:40:22.362Z - info: start[1531467622362] time[0] tag[metricConsumeRecursiveProcessingTime]
2018-07-13T07:40:22.370Z - info: start[1531467622370] time[0] tag[metricConsumeRecursiveProcessingTime]
2018-07-13T07:40:22.375Z - info: start[1531467621470] time[0] tag[metricConsumeRecursiveConsumeProcessingTime]
2018-07-13T07:40:22.378Z - info: guid=ad9e2b18-bac8-3b9e-a9e7-345eb9730e29:uuid - startPositionHandler:process
2018-07-13T07:40:22.380Z - info: TransferHandler::position
2018-07-13T07:40:22.382Z - info: start[1531467622376] time[6] tag[metricConsumeSyncQueueProcessingTime]
2018-07-13T07:40:22.417Z - info: Producer::start::topic=topic-transfer-transfer
2018-07-13T07:40:22.417Z - info: Producer.sendMessage:: messageProtocol:'{"from":"dfsp1","to":"dfsp2","id":"ad9e2b18-bac8-3b9e-a9e7-345eb9730e29","content":{"headers":{"content-type":"application/json","date":"2017-11-02T00:00:00.000Z","fspiop-destination":"dfsp2","fspiop-source":"dfsp1","content-length":1038},"payload":{"transferId":"ad9e2b18-bac8-3b9e-a9e7-345eb9730e29","payeeFsp":"dfsp2","payerFsp":"dfsp1","amount":{"amount":"100","currency":"USD"},"ilpPacket":"AQAAAAAAAABkEGcuZXdwMjEuaWQuODAwMjCCAhd7InRyYW5zYWN0aW9uSWQiOiJmODU0NzdkYi0xMzVkLTRlMDgtYThiNy0xMmIyMmQ4MmMwZDYiLCJxdW90ZUlkIjoiOWU2NGYzMjEtYzMyNC00ZDI0LTg5MmYtYzQ3ZWY0ZThkZTkxIiwicGF5ZWUiOnsicGFydHlJZEluZm8iOnsicGFydHlJZFR5cGUiOiJNU0lTRE4iLCJwYXJ0eUlkZW50aWZpZXIiOiIyNTYxMjM0NTYiLCJmc3BJZCI6IjIxIn19LCJwYXllciI6eyJwYXJ0eUlkSW5mbyI6eyJwYXJ0eUlkVHlwZSI6Ik1TSVNETiIsInBhcnR5SWRlbnRpZmllciI6IjI1NjIwMTAwMDAxIiwiZnNwSWQiOiIyMCJ9LCJwZXJzb25hbEluZm8iOnsiY29tcGxleE5hbWUiOnsiZmlyc3ROYW1lIjoiTWF0cyIsImxhc3ROYW1lIjoiSGFnbWFuIn0sImRhdGVPZkJpcnRoIjoiMTk4My0xMC0yNSJ9fSwiYW1vdW50Ijp7ImFtb3VudCI6IjEwMCIsImN1cnJlbmN5IjoiVVNEIn0sInRyYW5zYWN0aW9uVHlwZSI6eyJzY2VuYXJpbyI6IlRSQU5TRkVSIiwiaW5pdGlhdG9yIjoiUEFZRVIiLCJpbml0aWF0b3JUeXBlIjoiQ09OU1VNRVIifSwibm90ZSI6ImhlaiJ9","condition":"uU0nuZNNPgilLlLX2n2r-sSE7-N6U4DukIj3rOLvzek","expiration":"2018-11-08T21:31:00.534+01:00"}},"type":"application/json","metadata":{"event":{"id":"a19811fa-76b8-4c02-a8c5-d672a55c9fef","type":"transfer","action":"prepare","createdAt":"2018-07-13T07:40:20.068Z","state":{"status":"success","code":0,"description":"action successful"},"responseTo":"0e5a7168-3a25-43ec-b414-edbf888bf6d6"},"protocol.createdAt":1531467621462}}'
2018-07-13T07:40:22.418Z - info: start[1531467622418] time[0] tag[metricProducerSendMessageProcessingTime]
2018-07-13T07:40:22.418Z - info: Producer::end
2018-07-13T07:40:22.418Z - info: start[1531467622417] time[1] tag[metricCenLedgerProduceMessage]
2018-07-13T07:40:22.418Z - info: guid=ad9e2b18-bac8-3b9e-a9e7-345eb9730e29:uuid - endPositionHandler:process
2018-07-13T07:40:22.419Z - info: start[1531467622377] time[42] tag[metricCenLedgerPositions]
2018-07-13T07:40:22.420Z - info: start[1531467622420] time[0] tag[metricConsumeRecursiveProcessingTime]
2018-07-13T07:40:22.420Z - info: start[1531467622420] time[0] tag[metricConsumeSyncQueueResolveProcessingTime]
2018-07-13T07:40:22.426Z - info: start[1531467621368] time[0] tag[metricConsumeRecursiveConsumeProcessingTime]
2018-07-13T07:40:22.427Z - info: TransferHandler::transfer
2018-07-13T07:40:22.427Z - info: guid=ad9e2b18-bac8-3b9e-a9e7-345eb9730e29:uuid - startTransferHandler:process
2018-07-13T07:40:22.427Z - info: TransferHandler::transfer action: prepare
2018-07-13T07:40:22.427Z - info: TransferHandler::transfer status: success
2018-07-13T07:40:22.428Z - info: Producer::start::topic=topic-notification-event
2018-07-13T07:40:22.428Z - info: Producer.sendMessage:: messageProtocol:'{"from":"dfsp1","to":"dfsp2","id":"ad9e2b18-bac8-3b9e-a9e7-345eb9730e29","content":{"headers":{"content-type":"application/json","date":"2017-11-02T00:00:00.000Z","fspiop-destination":"dfsp2","fspiop-source":"dfsp1","content-length":1038},"payload":{"transferId":"ad9e2b18-bac8-3b9e-a9e7-345eb9730e29","payeeFsp":"dfsp2","payerFsp":"dfsp1","amount":{"amount":"100","currency":"USD"},"ilpPacket":"AQAAAAAAAABkEGcuZXdwMjEuaWQuODAwMjCCAhd7InRyYW5zYWN0aW9uSWQiOiJmODU0NzdkYi0xMzVkLTRlMDgtYThiNy0xMmIyMmQ4MmMwZDYiLCJxdW90ZUlkIjoiOWU2NGYzMjEtYzMyNC00ZDI0LTg5MmYtYzQ3ZWY0ZThkZTkxIiwicGF5ZWUiOnsicGFydHlJZEluZm8iOnsicGFydHlJZFR5cGUiOiJNU0lTRE4iLCJwYXJ0eUlkZW50aWZpZXIiOiIyNTYxMjM0NTYiLCJmc3BJZCI6IjIxIn19LCJwYXllciI6eyJwYXJ0eUlkSW5mbyI6eyJwYXJ0eUlkVHlwZSI6Ik1TSVNETiIsInBhcnR5SWRlbnRpZmllciI6IjI1NjIwMTAwMDAxIiwiZnNwSWQiOiIyMCJ9LCJwZXJzb25hbEluZm8iOnsiY29tcGxleE5hbWUiOnsiZmlyc3ROYW1lIjoiTWF0cyIsImxhc3ROYW1lIjoiSGFnbWFuIn0sImRhdGVPZkJpcnRoIjoiMTk4My0xMC0yNSJ9fSwiYW1vdW50Ijp7ImFtb3VudCI6IjEwMCIsImN1cnJlbmN5IjoiVVNEIn0sInRyYW5zYWN0aW9uVHlwZSI6eyJzY2VuYXJpbyI6IlRSQU5TRkVSIiwiaW5pdGlhdG9yIjoiUEFZRVIiLCJpbml0aWF0b3JUeXBlIjoiQ09OU1VNRVIifSwibm90ZSI6ImhlaiJ9","condition":"uU0nuZNNPgilLlLX2n2r-sSE7-N6U4DukIj3rOLvzek","expiration":"2018-11-08T21:31:00.534+01:00"}},"type":"application/json","metadata":{"event":{"id":"ea090869-9af3-4897-95ca-ebf11afd104d","type":"notification","action":"prepare","createdAt":"2018-07-13T07:40:20.068Z","state":{"status":"success","code":0,"description":"action successful"},"responseTo":"a19811fa-76b8-4c02-a8c5-d672a55c9fef"},"protocol.createdAt":1531467622418}}'
2018-07-13T07:40:22.429Z - info: start[1531467622427] time[2] tag[metricConsumeSyncQueueProcessingTime]
2018-07-13T07:40:22.429Z - info: start[1531467622428] time[1] tag[metricProducerSendMessageProcessingTime]
2018-07-13T07:40:22.429Z - info: Producer::end
2018-07-13T07:40:22.429Z - info: start[1531467622428] time[1] tag[metricCenLedgerProduceMessage]
2018-07-13T07:40:22.429Z - info: guid=ad9e2b18-bac8-3b9e-a9e7-345eb9730e29:uuid - endTransferHandler:process
2018-07-13T07:40:22.429Z - info: start[1531467622427] time[2] tag[metricCenLedgerTransferTransfer]
2018-07-13T07:40:22.431Z - info: start[1531467622431] time[0] tag[metricConsumeRecursiveProcessingTime]
2018-07-13T07:40:22.431Z - info: start[1531467622431] time[0] tag[metricConsumeSyncQueueResolveProcessingTime]
2018-07-13T07:40:22.474Z - info: start[1531467622474] time[0] tag[metricConsumeRecursiveProcessingTime]
2018-07-13T07:40:23.366Z - info: start[1531467623366] time[0] tag[metricConsumeRecursiveProcessingTime]
2018-07-13T07:40:23.373Z - info: start[1531467623373] time[0] tag[metricConsumeRecursiveProcessingTime]
2018-07-13T07:40:23.479Z - info: start[1531467623479] time[0] tag[metricConsumeRecursiveProcessingTime]
2018-07-13T07:40:23.531Z - info: start[1531467623530] time[0] tag[metricConsumeRecursiveProcessingTime]
2018-07-13T07:40:24.370Z - info: start[1531467624370] time[0] tag[metricConsumeRecursiveProcessingTime]
2018-07-13T07:40:24.377Z - info: start[1531467624377] time[0] tag[metricConsumeRecursiveProcessingTime]
2018-07-13T07:40:24.483Z - info: start[1531467624483] time[0] tag[metricConsumeRecursiveProcessingTime]
2018-07-13T07:40:24.535Z - info: start[1531467624535] time[0] tag[metricConsumeRecursiveProcessingTime]
2018-07-13T07:40:25.375Z - info: start[1531467625375] time[0] tag[metricConsumeRecursiveProcessingTime]
2018-07-13T07:40:25.383Z - info: start[1531467625383] time[0] tag[metricConsumeRecursiveProcessingTime]
2018-07-13T07:40:25.488Z - info: start[1531467625488] time[0] tag[metricConsumeRecursiveProcessingTime]
2018-07-13T07:40:25.540Z - info: start[1531467625539] time[1] tag[metricConsumeRecursiveProcessingTime]
2018-07-13T07:40:26.379Z - info: start[1531467626378] time[0] tag[metricConsumeRecursiveProcessingTime]
2018-07-13T07:40:26.386Z - info: start[1531467626386] time[0] tag[metricConsumeRecursiveProcessingTime]
2018-07-13T07:40:26.492Z - info: start[1531467626492] time[0] tag[metricConsumeRecursiveProcessingTime]
2018-07-13T07:40:26.545Z - info: start[1531467626545] time[0] tag[metricConsumeRecursiveProcessingTime]
2018-07-13T07:40:27.383Z - info: start[1531467627383] time[0] tag[metricConsumeRecursiveProcessingTime]
2018-07-13T07:40:27.391Z - info: start[1531467627391] time[0] tag[metricConsumeRecursiveProcessingTime]
2018-07-13T07:40:27.497Z - info: start[1531467627497] time[0] tag[metricConsumeRecursiveProcessingTime]
2018-07-13T07:40:27.550Z - info: start[1531467627549] time[0] tag[metricConsumeRecursiveProcessingTime]
2018-07-13T07:40:28.388Z - info: start[1531467628388] time[0] tag[metricConsumeRecursiveProcessingTime]
2018-07-13T07:40:28.395Z - info: start[1531467628395] time[0] tag[metricConsumeRecursiveProcessingTime]
2018-07-13T07:40:28.502Z - info: start[1531467628502] time[0] tag[metricConsumeRecursiveProcessingTime]
2018-07-13T07:40:28.551Z - info: start[1531467628551] time[0] tag[metricConsumeRecursiveProcessingTime]
Debugger listening on ws://127.0.0.1:55024/a88974b8-0d10-4eb9-8597-52890d990ea7
For help see https://nodejs.org/en/docs/inspector

Process finished with exit code 130 (interrupted by signal 2: SIGINT)
