/usr/local/opt/node@8/bin/node --inspect-brk=52544 /Users/mdebarros/Documents/ModusDocs/Projects/MojaLoop/git/fork/ml-api-adapter/src/api/index.js
Debugger listening on ws://127.0.0.1:52544/d7505669-c452-40f3-933a-e9649f20069c
For help see https://nodejs.org/en/docs/inspector
Debugger attached.
http://Miguels-MBP:40002018-07-12T13:51:05.072Z -
debug  GET    /                              Metadata: Server running at:  http://Miguels-MBP:4000

  GET    /documentation
  GET    /health                        Status of adapter
  GET    /swagger.json
  GET    /swaggerui/{path*}
  GET    /swaggerui/extend.js
  POST   /transfers                     Transfer API.
  PUT    /transfers/{id}                Fulfil a transfer

2018-07-12T13:51:05.073Z - info: Notification::startConsumer
2018-07-12T13:51:05.074Z - info: Notification::startConsumer::topicName: topic-notification-event
2018-07-12T13:51:05.074Z - info: Notification::startConsumer::Consumer: new
2018-07-12T13:51:05.217Z - info: node-rdkafka v0.11.4 ready - {"name":"topic-notification-event#consumer-1"}
2018-07-12T13:51:05.217Z - info: start[1531403465075] time[142] tag[metricConsumerConnectProcessingTime]
2018-07-12T13:51:05.219Z - info: Kafka Consumer connected
2018-07-12T13:51:05.220Z - info: start[1531403465220] time[0] tag[metricConsumeRecursiveProcessingTime]
2018-07-12T13:51:05.220Z - info: start[1531403465219] time[1] tag[metricConsumeProcessingTime]
2018-07-12T13:51:05.220Z - info: Kafka Consumer handler created
2018-07-12T13:51:05.220Z - info: start[1531403465073] time[147] tag[metricMlAPIStartConsume]
2018-07-12T13:51:06.450Z - info: start[1531403466449] time[1] tag[metricConsumeRecursiveProcessingTime]
2018-07-12T13:51:07.557Z - info: start[1531403467557] time[0] tag[metricConsumeRecursiveProcessingTime]
2018-07-12T13:51:08.666Z - info: start[1531403468666] time[0] tag[metricConsumeRecursiveProcessingTime]
2018-07-12T13:51:09.773Z - info: start[1531403469773] time[0] tag[metricConsumeRecursiveProcessingTime]
2018-07-12T13:51:10.880Z - info: start[1531403470880] time[0] tag[metricConsumeRecursiveProcessingTime]
2018-07-12T13:51:11.987Z - info: start[1531403471987] time[0] tag[metricConsumeRecursiveProcessingTime]
2018-07-12T13:51:13.093Z - info: start[1531403473093] time[0] tag[metricConsumeRecursiveProcessingTime]
2018-07-12T13:51:14.202Z - info: start[1531403474202] time[0] tag[metricConsumeRecursiveProcessingTime]
2018-07-12T13:51:15.312Z - info: start[1531403475312] time[0] tag[metricConsumeRecursiveProcessingTime]
2018-07-12T13:51:16.421Z - info: start[1531403476421] time[0] tag[metricConsumeRecursiveProcessingTime]
2018-07-12T13:51:17.525Z - info: start[1531403477525] time[0] tag[metricConsumeRecursiveProcessingTime]
2018-07-12T13:51:18.633Z - info: start[1531403478633] time[0] tag[metricConsumeRecursiveProcessingTime]
2018-07-12T13:51:19.742Z - info: start[1531403479742] time[0] tag[metricConsumeRecursiveProcessingTime]
2018-07-12T13:51:20.850Z - info: start[1531403480850] time[0] tag[metricConsumeRecursiveProcessingTime]
2018-07-12T13:51:21.959Z - info: start[1531403481959] time[0] tag[metricConsumeRecursiveProcessingTime]
2018-07-12T13:51:23.067Z - info: start[1531403483067] time[0] tag[metricConsumeRecursiveProcessingTime]
2018-07-12T13:51:24.174Z - info: start[1531403484173] time[1] tag[metricConsumeRecursiveProcessingTime]
2018-07-12T13:51:25.282Z - info: start[1531403485282] time[0] tag[metricConsumeRecursiveProcessingTime]
2018-07-12T13:51:26.390Z - info: start[1531403486390] time[0] tag[metricConsumeRecursiveProcessingTime]
2018-07-12T13:51:27.496Z - info: start[1531403487496] time[0] tag[metricConsumeRecursiveProcessingTime]
2018-07-12T13:51:28.604Z - info: start[1531403488604] time[0] tag[metricConsumeRecursiveProcessingTime]
2018-07-12T13:51:29.711Z - info: start[1531403489711] time[0] tag[metricConsumeRecursiveProcessingTime]
2018-07-12T13:51:30.817Z - info: start[1531403490817] time[0] tag[metricConsumeRecursiveProcessingTime]
2018-07-12T13:51:31.926Z - info: start[1531403491926] time[0] tag[metricConsumeRecursiveProcessingTime]
2018-07-12T13:51:33.032Z - info: start[1531403493032] time[0] tag[metricConsumeRecursiveProcessingTime]
2018-07-12T13:51:34.137Z - info: start[1531403494137] time[0] tag[metricConsumeRecursiveProcessingTime]
2018-07-12T13:51:35.246Z - info: start[1531403495246] time[0] tag[metricConsumeRecursiveProcessingTime]
2018-07-12T13:51:36.355Z - info: start[1531403496355] time[0] tag[metricConsumeRecursiveProcessingTime]
2018-07-12T13:51:37.463Z - info: start[1531403497463] time[0] tag[metricConsumeRecursiveProcessingTime]
2018-07-12T13:51:38.571Z - info: start[1531403498571] time[0] tag[metricConsumeRecursiveProcessingTime]
2018-07-12T13:51:39.678Z - info: start[1531403499678] time[0] tag[metricConsumeRecursiveProcessingTime]
2018-07-12T13:51:40.054Z - 2018-07-12T13:51:40.053Z - infodebug: guid=ad9e2b02-bac8-3b9e-a9e7-345eb9730e29:uuid - startTransferPrepareAPI:process
: create::start({"transferId":"ad9e2b02-bac8-3b9e-a9e7-345eb9730e29","payeeFsp":"dfsp2","payerFsp":"dfsp1","amount":{"amount":"100","currency":"USD"},"ilpPacket":"AQAAAAAAAABkEGcuZXdwMjEuaWQuODAwMjCCAhd7InRyYW5zYWN0aW9uSWQiOiJmODU0NzdkYi0xMzVkLTRlMDgtYThiNy0xMmIyMmQ4MmMwZDYiLCJxdW90ZUlkIjoiOWU2NGYzMjEtYzMyNC00ZDI0LTg5MmYtYzQ3ZWY0ZThkZTkxIiwicGF5ZWUiOnsicGFydHlJZEluZm8iOnsicGFydHlJZFR5cGUiOiJNU0lTRE4iLCJwYXJ0eUlkZW50aWZpZXIiOiIyNTYxMjM0NTYiLCJmc3BJZCI6IjIxIn19LCJwYXllciI6eyJwYXJ0eUlkSW5mbyI6eyJwYXJ0eUlkVHlwZSI6Ik1TSVNETiIsInBhcnR5SWRlbnRpZmllciI6IjI1NjIwMTAwMDAxIiwiZnNwSWQiOiIyMCJ9LCJwZXJzb25hbEluZm8iOnsiY29tcGxleE5hbWUiOnsiZmlyc3ROYW1lIjoiTWF0cyIsImxhc3ROYW1lIjoiSGFnbWFuIn0sImRhdGVPZkJpcnRoIjoiMTk4My0xMC0yNSJ9fSwiYW1vdW50Ijp7ImFtb3VudCI6IjEwMCIsImN1cnJlbmN5IjoiVVNEIn0sInRyYW5zYWN0aW9uVHlwZSI6eyJzY2VuYXJpbyI6IlRSQU5TRkVSIiwiaW5pdGlhdG9yIjoiUEFZRVIiLCJpbml0aWF0b3JUeXBlIjoiQ09OU1VNRVIifSwibm90ZSI6ImhlaiJ9","condition":"uU0nuZNNPgilLlLX2n2r-sSE7-N6U4DukIj3rOLvzek","expiration":"2018-11-08T21:31:00.534+01:00"})
2018-07-12T13:51:40.054Z - debug: prepare::start([object Object], [object Object])
2018-07-12T13:51:40.056Z - debug: Producer::start::topic=topic-dfsp1-transfer-prepare
2018-07-12T13:51:40.056Z - debug: Producer::connect::start
2018-07-12T13:51:40.171Z - info: start[1531403500056] time[115] tag[metricProducerConnectProcessingTime]
2018-07-12T13:51:40.172Z - debug: Producer::connect::end
2018-07-12T13:51:40.173Z - info: start[1531403500172] time[1] tag[metricProducerSendMessageProcessingTime]
2018-07-12T13:51:40.173Z - info: guid=ad9e2b02-bac8-3b9e-a9e7-345eb9730e29:uuid - endTransferPrepareAPI:process
2018-07-12T13:51:40.172Z - debug: Producer.sendMessage:: messageProtocol:'{"id":"ad9e2b02-bac8-3b9e-a9e7-345eb9730e29","to":"dfsp2","from":"dfsp1","type":"application/json","content":{"headers":{"content-type":"application/json","date":"2017-11-02T00:00:00.000Z","fspiop-destination":"dfsp2","fspiop-source":"dfsp1","content-length":1038},"payload":{"transferId":"ad9e2b02-bac8-3b9e-a9e7-345eb9730e29","payeeFsp":"dfsp2","payerFsp":"dfsp1","amount":{"amount":"100","currency":"USD"},"ilpPacket":"AQAAAAAAAABkEGcuZXdwMjEuaWQuODAwMjCCAhd7InRyYW5zYWN0aW9uSWQiOiJmODU0NzdkYi0xMzVkLTRlMDgtYThiNy0xMmIyMmQ4MmMwZDYiLCJxdW90ZUlkIjoiOWU2NGYzMjEtYzMyNC00ZDI0LTg5MmYtYzQ3ZWY0ZThkZTkxIiwicGF5ZWUiOnsicGFydHlJZEluZm8iOnsicGFydHlJZFR5cGUiOiJNU0lTRE4iLCJwYXJ0eUlkZW50aWZpZXIiOiIyNTYxMjM0NTYiLCJmc3BJZCI6IjIxIn19LCJwYXllciI6eyJwYXJ0eUlkSW5mbyI6eyJwYXJ0eUlkVHlwZSI6Ik1TSVNETiIsInBhcnR5SWRlbnRpZmllciI6IjI1NjIwMTAwMDAxIiwiZnNwSWQiOiIyMCJ9LCJwZXJzb25hbEluZm8iOnsiY29tcGxleE5hbWUiOnsiZmlyc3ROYW1lIjoiTWF0cyIsImxhc3ROYW1lIjoiSGFnbWFuIn0sImRhdGVPZkJpcnRoIjoiMTk4My0xMC0yNSJ9fSwiYW1vdW50Ijp7ImFtb3VudCI6IjEwMCIsImN1cnJlbmN5IjoiVVNEIn0sInRyYW5zYWN0aW9uVHlwZSI6eyJzY2VuYXJpbyI6IlRSQU5TRkVSIiwiaW5pdGlhdG9yIjoiUEFZRVIiLCJpbml0aWF0b3JUeXBlIjoiQ09OU1VNRVIifSwibm90ZSI6ImhlaiJ9","condition":"uU0nuZNNPgilLlLX2n2r-sSE7-N6U4DukIj3rOLvzek","expiration":"2018-11-08T21:31:00.534+01:00"}},"metadata":{"event":{"id":"6abdcec7-0b96-4abf-803e-db6a72ec6432","type":"prepare","action":"prepare","createdAt":"2018-07-12T13:51:40.054Z","state":{"status":"success","code":0}}}}'
2018-07-12T13:51:40.173Z - debug: Producer::send() - start {"topicName":"topic-dfsp1-transfer-prepare"}
2018-07-12T13:51:40.173Z - debug: Producer::end
2018-07-12T13:51:40.787Z - info: start[1531403500787] time[0] tag[metricConsumeRecursiveProcessingTime]
2018-07-12T13:51:41.896Z - info: start[1531403501896] time[0] tag[metricConsumeRecursiveProcessingTime]
2018-07-12T13:51:43.001Z - info: start[1531403503001] time[0] tag[metricConsumeRecursiveProcessingTime]
2018-07-12T13:51:44.109Z - info: start[1531403504109] time[0] tag[metricConsumeRecursiveProcessingTime]
2018-07-12T13:51:44.456Z - info: start[1531403504109] time[1] tag[metricConsumeRecursiveConsumeProcessingTime]
2018-07-12T13:51:44.457Z - info: Notification::consumeMessage
2018-07-12T13:51:44.455Z - debug: Consumer::_consumerRecursive() - messages[1]: [{"value":{"from":"dfsp1","to":"dfsp2","id":"ad9e2b02-bac8-3b9e-a9e7-345eb9730e29","content":{"headers":{"content-type":"application/json","date":"2017-11-02T00:00:00.000Z","fspiop-destination":"dfsp2","fspiop-source":"dfsp1","content-length":1038},"payload":{"transferId":"ad9e2b02-bac8-3b9e-a9e7-345eb9730e29","payeeFsp":"dfsp2","payerFsp":"dfsp1","amount":{"amount":"100","currency":"USD"},"ilpPacket":"AQAAAAAAAABkEGcuZXdwMjEuaWQuODAwMjCCAhd7InRyYW5zYWN0aW9uSWQiOiJmODU0NzdkYi0xMzVkLTRlMDgtYThiNy0xMmIyMmQ4MmMwZDYiLCJxdW90ZUlkIjoiOWU2NGYzMjEtYzMyNC00ZDI0LTg5MmYtYzQ3ZWY0ZThkZTkxIiwicGF5ZWUiOnsicGFydHlJZEluZm8iOnsicGFydHlJZFR5cGUiOiJNU0lTRE4iLCJwYXJ0eUlkZW50aWZpZXIiOiIyNTYxMjM0NTYiLCJmc3BJZCI6IjIxIn19LCJwYXllciI6eyJwYXJ0eUlkSW5mbyI6eyJwYXJ0eUlkVHlwZSI6Ik1TSVNETiIsInBhcnR5SWRlbnRpZmllciI6IjI1NjIwMTAwMDAxIiwiZnNwSWQiOiIyMCJ9LCJwZXJzb25hbEluZm8iOnsiY29tcGxleE5hbWUiOnsiZmlyc3ROYW1lIjoiTWF0cyIsImxhc3ROYW1lIjoiSGFnbWFuIn0sImRhdGVPZkJpcnRoIjoiMTk4My0xMC0yNSJ9fSwiYW1vdW50Ijp7ImFtb3VudCI6IjEwMCIsImN1cnJlbmN5IjoiVVNEIn0sInRyYW5zYWN0aW9uVHlwZSI6eyJzY2VuYXJpbyI6IlRSQU5TRkVSIiwiaW5pdGlhdG9yIjoiUEFZRVIiLCJpbml0aWF0b3JUeXBlIjoiQ09OU1VNRVIifSwibm90ZSI6ImhlaiJ9","condition":"uU0nuZNNPgilLlLX2n2r-sSE7-N6U4DukIj3rOLvzek","expiration":"2018-11-08T21:31:00.534+01:00"}},"type":"application/json","metadata":{"event":{"id":"b82b7a46-a3f6-432d-b715-a6cc143d7898","type":"notification","action":"prepare","createdAt":"2018-07-12T13:51:40.054Z","state":{"status":"success","code":0,"description":"action successful"},"responseTo":"d43525e2-3d09-4f96-8e4a-6246c34243c6"},"protocol.createdAt":1531403504430}},"size":1587,"key":{"type":"Buffer","data":[56,53,56,55,54,55,51,55,45,100,101,49,49,45,52,48,48,98,45,57,55,100,102,45,98,49,53,57,99,51,98,100,53,53,51,54]},"topic":"topic-notification-event","offset":34,"partition":0,"timestamp":1531403504430}]}
2018-07-12T13:51:44.457Z - debug: Consumer::consume() - Sync Process - {"error":null,"messages":[{"value":{"from":"dfsp1","to":"dfsp2","id":"ad9e2b02-bac8-3b9e-a9e7-345eb9730e29","content":{"headers":{"content-type":"application/json","date":"2017-11-02T00:00:00.000Z","fspiop-destination":"dfsp2","fspiop-source":"dfsp1","content-length":1038},"payload":{"transferId":"ad9e2b02-bac8-3b9e-a9e7-345eb9730e29","payeeFsp":"dfsp2","payerFsp":"dfsp1","amount":{"amount":"100","currency":"USD"},"ilpPacket":"AQAAAAAAAABkEGcuZXdwMjEuaWQuODAwMjCCAhd7InRyYW5zYWN0aW9uSWQiOiJmODU0NzdkYi0xMzVkLTRlMDgtYThiNy0xMmIyMmQ4MmMwZDYiLCJxdW90ZUlkIjoiOWU2NGYzMjEtYzMyNC00ZDI0LTg5MmYtYzQ3ZWY0ZThkZTkxIiwicGF5ZWUiOnsicGFydHlJZEluZm8iOnsicGFydHlJZFR5cGUiOiJNU0lTRE4iLCJwYXJ0eUlkZW50aWZpZXIiOiIyNTYxMjM0NTYiLCJmc3BJZCI6IjIxIn19LCJwYXllciI6eyJwYXJ0eUlkSW5mbyI6eyJwYXJ0eUlkVHlwZSI6Ik1TSVNETiIsInBhcnR5SWRlbnRpZmllciI6IjI1NjIwMTAwMDAxIiwiZnNwSWQiOiIyMCJ9LCJwZXJzb25hbEluZm8iOnsiY29tcGxleE5hbWUiOnsiZmlyc3ROYW1lIjoiTWF0cyIsImxhc3ROYW1lIjoiSGFnbWFuIn0sImRhdGVPZkJpcnRoIjoiMTk4My0xMC0yNSJ9fSwiYW1vdW50Ijp7ImFtb3VudCI6IjEwMCIsImN1cnJlbmN5IjoiVVNEIn0sInRyYW5zYWN0aW9uVHlwZSI6eyJzY2VuYXJpbyI6IlRSQU5TRkVSIiwiaW5pdGlhdG9yIjoiUEFZRVIiLCJpbml0aWF0b3JUeXBlIjoiQ09OU1VNRVIifSwibm90ZSI6ImhlaiJ9","condition":"uU0nuZNNPgilLlLX2n2r-sSE7-N6U4DukIj3rOLvzek","expiration":"2018-11-08T21:31:00.534+01:00"}},"type":"application/json","metadata":{"event":{"id":"b82b7a46-a3f6-432d-b715-a6cc143d7898","type":"notification","action":"prepare","createdAt":"2018-07-12T13:51:40.054Z","state":{"status":"success","code":0,"description":"action successful"},"responseTo":"d43525e2-3d09-4f96-8e4a-6246c34243c6"},"protocol.createdAt":1531403504430}},"size":1587,"key":{"type":"Buffer","data":[56,53,56,55,54,55,51,55,45,100,101,49,49,45,52,48,48,98,45,57,55,100,102,45,98,49,53,57,99,51,98,100,53,53,51,54]},"topic":"topic-notification-event","offset":34,"partition":0,"timestamp":1531403504430}]}
2018-07-12T13:51:44.458Z - info: Notification:consumeMessage message: - [{"value":{"from":"dfsp1","to":"dfsp2","id":"ad9e2b02-bac8-3b9e-a9e7-345eb9730e29","content":{"headers":{"content-type":"application/json","date":"2017-11-02T00:00:00.000Z","fspiop-destination":"dfsp2","fspiop-source":"dfsp1","content-length":1038},"payload":{"transferId":"ad9e2b02-bac8-3b9e-a9e7-345eb9730e29","payeeFsp":"dfsp2","payerFsp":"dfsp1","amount":{"amount":"100","currency":"USD"},"ilpPacket":"AQAAAAAAAABkEGcuZXdwMjEuaWQuODAwMjCCAhd7InRyYW5zYWN0aW9uSWQiOiJmODU0NzdkYi0xMzVkLTRlMDgtYThiNy0xMmIyMmQ4MmMwZDYiLCJxdW90ZUlkIjoiOWU2NGYzMjEtYzMyNC00ZDI0LTg5MmYtYzQ3ZWY0ZThkZTkxIiwicGF5ZWUiOnsicGFydHlJZEluZm8iOnsicGFydHlJZFR5cGUiOiJNU0lTRE4iLCJwYXJ0eUlkZW50aWZpZXIiOiIyNTYxMjM0NTYiLCJmc3BJZCI6IjIxIn19LCJwYXllciI6eyJwYXJ0eUlkSW5mbyI6eyJwYXJ0eUlkVHlwZSI6Ik1TSVNETiIsInBhcnR5SWRlbnRpZmllciI6IjI1NjIwMTAwMDAxIiwiZnNwSWQiOiIyMCJ9LCJwZXJzb25hbEluZm8iOnsiY29tcGxleE5hbWUiOnsiZmlyc3ROYW1lIjoiTWF0cyIsImxhc3ROYW1lIjoiSGFnbWFuIn0sImRhdGVPZkJpcnRoIjoiMTk4My0xMC0yNSJ9fSwiYW1vdW50Ijp7ImFtb3VudCI6IjEwMCIsImN1cnJlbmN5IjoiVVNEIn0sInRyYW5zYWN0aW9uVHlwZSI6eyJzY2VuYXJpbyI6IlRSQU5TRkVSIiwiaW5pdGlhdG9yIjoiUEFZRVIiLCJpbml0aWF0b3JUeXBlIjoiQ09OU1VNRVIifSwibm90ZSI6ImhlaiJ9","condition":"uU0nuZNNPgilLlLX2n2r-sSE7-N6U4DukIj3rOLvzek","expiration":"2018-11-08T21:31:00.534+01:00"}},"type":"application/json","metadata":{"event":{"id":"b82b7a46-a3f6-432d-b715-a6cc143d7898","type":"notification","action":"prepare","createdAt":"2018-07-12T13:51:40.054Z","state":{"status":"success","code":0,"description":"action successful"},"responseTo":"d43525e2-3d09-4f96-8e4a-6246c34243c6"},"protocol.createdAt":1531403504430}},"size":1587,"key":{"type":"Buffer","data":[56,53,56,55,54,55,51,55,45,100,101,49,49,45,52,48,48,98,45,57,55,100,102,45,98,49,53,57,99,51,98,100,53,53,51,54]},"topic":"topic-notification-event","offset":34,"partition":0,"timestamp":1531403504430}]
2018-07-12T13:51:44.458Z - info: guid=ad9e2b02-bac8-3b9e-a9e7-345eb9730e29:uuid - startNotificationHandler:process
2018-07-12T13:51:44.458Z - info: Notification::consumeMessage::processMessage
2018-07-12T13:51:44.459Z - info: Notification::processMessage
2018-07-12T13:51:44.459Z - info: Notification::processMessage action: prepare
2018-07-12T13:51:44.459Z - info: Notification::processMessage status: success
2018-07-12T13:51:44.467Z - info: start[1531403504456] time[11] tag[metricConsumeSyncQueueProcessingTime]
2018-07-12T13:51:44.557Z - info: start[1531403504459] time[98] tag[metricMlAPIProcessMessage]
2018-07-12T13:51:44.568Z - info: start[1531403504557] time[11] tag[metricCommitMessageSyncProcessingTime]
2018-07-12T13:51:44.569Z - info: guid=ad9e2b02-bac8-3b9e-a9e7-345eb9730e29:uuid - endNotificationHandler:process
2018-07-12T13:51:44.569Z - info: start[1531403504457] time[111] tag[metricMlAPIConsumeMessageForEachMsg]
2018-07-12T13:51:44.569Z - info: start[1531403504457] time[112] tag[metricMlAPIConsumeMessage]
2018-07-12T13:51:44.570Z - info: start[1531403504570] time[0] tag[metricConsumeRecursiveProcessingTime]
2018-07-12T13:51:44.570Z - info: start[1531403504569] time[1] tag[metricConsumeSyncQueueResolveProcessingTime]
2018-07-12T13:51:45.680Z - info: start[1531403505680] time[0] tag[metricConsumeRecursiveProcessingTime]
2018-07-12T13:51:46.782Z - info: start[1531403506782] time[0] tag[metricConsumeRecursiveProcessingTime]
2018-07-12T13:51:47.891Z - info: start[1531403507890] time[1] tag[metricConsumeRecursiveProcessingTime]
2018-07-12T13:51:48.998Z - info: start[1531403508998] time[0] tag[metricConsumeRecursiveProcessingTime]
2018-07-12T13:51:50.106Z - info: start[1531403510106] time[0] tag[metricConsumeRecursiveProcessingTime]
Debugger listening on ws://127.0.0.1:52544/d7505669-c452-40f3-933a-e9649f20069c
For help see https://nodejs.org/en/docs/inspector

Process finished with exit code 130 (interrupted by signal 2: SIGINT)
