2018-07-12T08:28:32.897Z - [32minfo[39m: createConsumer::- Connecting...
2018-07-12T08:28:33.044Z - [32minfo[39m: node-rdkafka v0.11.4 ready - {"name":"consumer1#consumer-1"}
2018-07-12T08:28:33.045Z - [32minfo[39m: start[1531384112901] time[144] tag[metricConsumerConnectProcessingTime]
2018-07-12T08:28:33.050Z - [32minfo[39m: createConsumer::- Connected result=true
2018-07-12T08:28:33.051Z - [32minfo[39m: start[1531384113051] time[0] tag[metricConsumeRecursiveProcessingTime]
2018-07-12T08:28:33.051Z - [32minfo[39m: start[1531384113050] time[1] tag[metricConsumeProcessingTime]
2018-07-12T08:28:33.052Z - [32minfo[39m: Consumer created...
2018-07-12T08:28:34.064Z - [32minfo[39m: start[1531384114064] time[0] tag[metricConsumeRecursiveProcessingTime]
2018-07-12T08:28:35.080Z - [32minfo[39m: start[1531384115079] time[0] tag[metricConsumeRecursiveProcessingTime]
2018-07-12T08:28:36.343Z - [32minfo[39m: start[1531384116342] time[1] tag[metricConsumeRecursiveProcessingTime]
2018-07-12T08:28:37.356Z - [32minfo[39m: start[1531384117355] time[0] tag[metricConsumeRecursiveProcessingTime]
2018-07-12T08:28:38.368Z - [32minfo[39m: start[1531384118368] time[0] tag[metricConsumeRecursiveProcessingTime]
2018-07-12T08:28:39.384Z - [32minfo[39m: start[1531384119384] time[0] tag[metricConsumeRecursiveProcessingTime]
2018-07-12T08:28:40.398Z - [32minfo[39m: start[1531384120398] time[0] tag[metricConsumeRecursiveProcessingTime]
2018-07-12T08:28:41.413Z - [32minfo[39m: start[1531384121413] time[0] tag[metricConsumeRecursiveProcessingTime]
2018-07-12T08:28:42.427Z - [32minfo[39m: start[1531384122427] time[0] tag[metricConsumeRecursiveProcessingTime]
2018-07-12T08:28:43.441Z - [32minfo[39m: start[1531384123441] time[0] tag[metricConsumeRecursiveProcessingTime]
2018-07-12T08:28:44.456Z - [32minfo[39m: start[1531384124456] time[0] tag[metricConsumeRecursiveProcessingTime]
2018-07-12T08:28:45.472Z - [32minfo[39m: start[1531384125472] time[0] tag[metricConsumeRecursiveProcessingTime]
2018-07-12T08:28:46.488Z - [32minfo[39m: start[1531384126488] time[0] tag[metricConsumeRecursiveProcessingTime]
2018-07-12T08:28:47.503Z - [32minfo[39m: start[1531384127503] time[0] tag[metricConsumeRecursiveProcessingTime]
2018-07-12T08:28:48.520Z - [32minfo[39m: start[1531384128520] time[0] tag[metricConsumeRecursiveProcessingTime]
2018-07-12T08:28:49.533Z - [32minfo[39m: start[1531384129533] time[0] tag[metricConsumeRecursiveProcessingTime]
2018-07-12T08:28:50.545Z - [32minfo[39m: start[1531384130545] time[0] tag[metricConsumeRecursiveProcessingTime]
2018-07-12T08:28:51.561Z - [32minfo[39m: start[1531384131561] time[0] tag[metricConsumeRecursiveProcessingTime]
2018-07-12T08:28:52.578Z - [32minfo[39m: start[1531384132578] time[0] tag[metricConsumeRecursiveProcessingTime]
2018-07-12T08:28:53.595Z - [32minfo[39m: start[1531384133595] time[0] tag[metricConsumeRecursiveProcessingTime]
2018-07-12T08:28:54.611Z - [32minfo[39m: start[1531384134611] time[0] tag[metricConsumeRecursiveProcessingTime]
2018-07-12T08:28:55.628Z - [32minfo[39m: start[1531384135628] time[0] tag[metricConsumeRecursiveProcessingTime]
2018-07-12T08:28:56.644Z - [32minfo[39m: start[1531384136644] time[0] tag[metricConsumeRecursiveProcessingTime]
2018-07-12T08:28:57.662Z - [32minfo[39m: start[1531384137662] time[0] tag[metricConsumeRecursiveProcessingTime]
2018-07-12T08:28:58.677Z - [32minfo[39m: start[1531384138677] time[0] tag[metricConsumeRecursiveProcessingTime]
2018-07-12T08:28:59.694Z - [32minfo[39m: start[1531384139694] time[0] tag[metricConsumeRecursiveProcessingTime]
2018-07-12T08:29:00.709Z - [32minfo[39m: start[1531384140709] time[0] tag[metricConsumeRecursiveProcessingTime]
2018-07-12T08:29:01.071Z - [32minfo[39m: start[1531384140709] time[6] tag[metricConsumeRecursiveConsumeProcessingTime]
2018-07-12T08:29:01.074Z - [32minfo[39m: Processing a message batch of size 100
2018-07-12T08:29:01.074Z - [32minfo[39m: guid=1:uuid - receivedMessage:process
2018-07-12T08:29:01.075Z - [32minfo[39m: start[1] time[4] tag[metricTimeDiffFromMessageSendToDropoff]
2018-07-12T08:29:01.075Z - [32minfo[39m: start[1] time[379] tag[metricTimeDiffFromMessageSendToEnd]
2018-07-12T08:29:01.075Z - [32minfo[39m: start[1] time[375] tag[metricTimeDiffFromDropoffToEnd]
2018-07-12T08:29:01.075Z - [32minfo[39m: guid=2:uuid - receivedMessage:process
2018-07-12T08:29:01.075Z - [32minfo[39m: start[2] time[1] tag[metricTimeDiffFromMessageSendToDropoff]
2018-07-12T08:29:01.076Z - [32minfo[39m: start[2] time[376] tag[metricTimeDiffFromMessageSendToEnd]
2018-07-12T08:29:01.076Z - [32minfo[39m: start[2] time[375] tag[metricTimeDiffFromDropoffToEnd]
2018-07-12T08:29:01.076Z - [32minfo[39m: guid=3:uuid - receivedMessage:process
2018-07-12T08:29:01.076Z - [32minfo[39m: start[3] time[0] tag[metricTimeDiffFromMessageSendToDropoff]
2018-07-12T08:29:01.076Z - [32minfo[39m: start[3] time[376] tag[metricTimeDiffFromMessageSendToEnd]
2018-07-12T08:29:01.077Z - [32minfo[39m: start[3] time[376] tag[metricTimeDiffFromDropoffToEnd]
2018-07-12T08:29:01.077Z - [32minfo[39m: guid=4:uuid - receivedMessage:process
2018-07-12T08:29:01.077Z - [32minfo[39m: start[4] time[1] tag[metricTimeDiffFromMessageSendToDropoff]
2018-07-12T08:29:01.077Z - [32minfo[39m: start[4] time[377] tag[metricTimeDiffFromMessageSendToEnd]
2018-07-12T08:29:01.077Z - [32minfo[39m: start[4] time[376] tag[metricTimeDiffFromDropoffToEnd]
2018-07-12T08:29:01.077Z - [32minfo[39m: guid=5:uuid - receivedMessage:process
2018-07-12T08:29:01.078Z - [32minfo[39m: start[5] time[0] tag[metricTimeDiffFromMessageSendToDropoff]
2018-07-12T08:29:01.078Z - [32minfo[39m: start[5] time[376] tag[metricTimeDiffFromMessageSendToEnd]
2018-07-12T08:29:01.078Z - [32minfo[39m: start[5] time[376] tag[metricTimeDiffFromDropoffToEnd]
2018-07-12T08:29:01.078Z - [32minfo[39m: guid=6:uuid - receivedMessage:process
2018-07-12T08:29:01.078Z - [32minfo[39m: start[6] time[1] tag[metricTimeDiffFromMessageSendToDropoff]
2018-07-12T08:29:01.078Z - [32minfo[39m: start[6] time[377] tag[metricTimeDiffFromMessageSendToEnd]
2018-07-12T08:29:01.079Z - [32minfo[39m: start[6] time[376] tag[metricTimeDiffFromDropoffToEnd]
2018-07-12T08:29:01.079Z - [32minfo[39m: guid=7:uuid - receivedMessage:process
2018-07-12T08:29:01.079Z - [32minfo[39m: start[7] time[0] tag[metricTimeDiffFromMessageSendToDropoff]
2018-07-12T08:29:01.079Z - [32minfo[39m: start[7] time[377] tag[metricTimeDiffFromMessageSendToEnd]
2018-07-12T08:29:01.079Z - [32minfo[39m: start[7] time[377] tag[metricTimeDiffFromDropoffToEnd]
2018-07-12T08:29:01.079Z - [32minfo[39m: guid=8:uuid - receivedMessage:process
2018-07-12T08:29:01.080Z - [32minfo[39m: start[8] time[1] tag[metricTimeDiffFromMessageSendToDropoff]
2018-07-12T08:29:01.080Z - [32minfo[39m: start[8] time[377] tag[metricTimeDiffFromMessageSendToEnd]
2018-07-12T08:29:01.080Z - [32minfo[39m: start[8] time[376] tag[metricTimeDiffFromDropoffToEnd]
2018-07-12T08:29:01.080Z - [32minfo[39m: guid=9:uuid - receivedMessage:process
2018-07-12T08:29:01.080Z - [32minfo[39m: start[9] time[0] tag[metricTimeDiffFromMessageSendToDropoff]
2018-07-12T08:29:01.081Z - [32minfo[39m: start[9] time[377] tag[metricTimeDiffFromMessageSendToEnd]
2018-07-12T08:29:01.081Z - [32minfo[39m: start[9] time[377] tag[metricTimeDiffFromDropoffToEnd]
2018-07-12T08:29:01.081Z - [32minfo[39m: guid=10:uuid - receivedMessage:process
2018-07-12T08:29:01.081Z - [32minfo[39m: start[10] time[1] tag[metricTimeDiffFromMessageSendToDropoff]
2018-07-12T08:29:01.081Z - [32minfo[39m: start[10] time[378] tag[metricTimeDiffFromMessageSendToEnd]
2018-07-12T08:29:01.082Z - [32minfo[39m: start[10] time[377] tag[metricTimeDiffFromDropoffToEnd]
2018-07-12T08:29:01.082Z - [32minfo[39m: guid=11:uuid - receivedMessage:process
2018-07-12T08:29:01.082Z - [32minfo[39m: start[11] time[0] tag[metricTimeDiffFromMessageSendToDropoff]
2018-07-12T08:29:01.082Z - [32minfo[39m: start[11] time[378] tag[metricTimeDiffFromMessageSendToEnd]
2018-07-12T08:29:01.082Z - [32minfo[39m: start[11] time[378] tag[metricTimeDiffFromDropoffToEnd]
2018-07-12T08:29:01.082Z - [32minfo[39m: guid=12:uuid - receivedMessage:process
2018-07-12T08:29:01.083Z - [32minfo[39m: start[12] time[1] tag[metricTimeDiffFromMessageSendToDropoff]
2018-07-12T08:29:01.083Z - [32minfo[39m: start[12] time[378] tag[metricTimeDiffFromMessageSendToEnd]
2018-07-12T08:29:01.083Z - [32minfo[39m: start[12] time[377] tag[metricTimeDiffFromDropoffToEnd]
2018-07-12T08:29:01.083Z - [32minfo[39m: guid=13:uuid - receivedMessage:process
2018-07-12T08:29:01.083Z - [32minfo[39m: start[13] time[0] tag[metricTimeDiffFromMessageSendToDropoff]
2018-07-12T08:29:01.083Z - [32minfo[39m: start[13] time[378] tag[metricTimeDiffFromMessageSendToEnd]
2018-07-12T08:29:01.083Z - [32minfo[39m: start[13] time[378] tag[metricTimeDiffFromDropoffToEnd]
2018-07-12T08:29:01.084Z - [32minfo[39m: guid=14:uuid - receivedMessage:process
2018-07-12T08:29:01.084Z - [32minfo[39m: start[14] time[1] tag[metricTimeDiffFromMessageSendToDropoff]
2018-07-12T08:29:01.084Z - [32minfo[39m: start[14] time[379] tag[metricTimeDiffFromMessageSendToEnd]
2018-07-12T08:29:01.084Z - [32minfo[39m: start[14] time[378] tag[metricTimeDiffFromDropoffToEnd]
2018-07-12T08:29:01.084Z - [32minfo[39m: guid=15:uuid - receivedMessage:process
2018-07-12T08:29:01.085Z - [32minfo[39m: start[15] time[0] tag[metricTimeDiffFromMessageSendToDropoff]
2018-07-12T08:29:01.085Z - [32minfo[39m: start[15] time[378] tag[metricTimeDiffFromMessageSendToEnd]
2018-07-12T08:29:01.085Z - [32minfo[39m: start[15] time[378] tag[metricTimeDiffFromDropoffToEnd]
2018-07-12T08:29:01.085Z - [32minfo[39m: guid=16:uuid - receivedMessage:process
2018-07-12T08:29:01.085Z - [32minfo[39m: start[16] time[0] tag[metricTimeDiffFromMessageSendToDropoff]
2018-07-12T08:29:01.085Z - [32minfo[39m: start[16] time[379] tag[metricTimeDiffFromMessageSendToEnd]
2018-07-12T08:29:01.086Z - [32minfo[39m: start[16] time[379] tag[metricTimeDiffFromDropoffToEnd]
2018-07-12T08:29:01.086Z - [32minfo[39m: guid=17:uuid - receivedMessage:process
2018-07-12T08:29:01.086Z - [32minfo[39m: start[17] time[0] tag[metricTimeDiffFromMessageSendToDropoff]
2018-07-12T08:29:01.086Z - [32minfo[39m: start[17] time[379] tag[metricTimeDiffFromMessageSendToEnd]
2018-07-12T08:29:01.086Z - [32minfo[39m: start[17] time[379] tag[metricTimeDiffFromDropoffToEnd]
2018-07-12T08:29:01.086Z - [32minfo[39m: guid=18:uuid - receivedMessage:process
2018-07-12T08:29:01.087Z - [32minfo[39m: start[18] time[0] tag[metricTimeDiffFromMessageSendToDropoff]
2018-07-12T08:29:01.087Z - [32minfo[39m: start[18] time[379] tag[metricTimeDiffFromMessageSendToEnd]
2018-07-12T08:29:01.087Z - [32minfo[39m: start[18] time[379] tag[metricTimeDiffFromDropoffToEnd]
2018-07-12T08:29:01.087Z - [32minfo[39m: guid=19:uuid - receivedMessage:process
2018-07-12T08:29:01.087Z - [32minfo[39m: start[19] time[0] tag[metricTimeDiffFromMessageSendToDropoff]
2018-07-12T08:29:01.087Z - [32minfo[39m: start[19] time[379] tag[metricTimeDiffFromMessageSendToEnd]
2018-07-12T08:29:01.088Z - [32minfo[39m: start[19] time[379] tag[metricTimeDiffFromDropoffToEnd]
2018-07-12T08:29:01.088Z - [32minfo[39m: guid=20:uuid - receivedMessage:process
2018-07-12T08:29:01.088Z - [32minfo[39m: start[20] time[0] tag[metricTimeDiffFromMessageSendToDropoff]
2018-07-12T08:29:01.088Z - [32minfo[39m: start[20] time[380] tag[metricTimeDiffFromMessageSendToEnd]
2018-07-12T08:29:01.088Z - [32minfo[39m: start[20] time[380] tag[metricTimeDiffFromDropoffToEnd]
2018-07-12T08:29:01.088Z - [32minfo[39m: guid=21:uuid - receivedMessage:process
2018-07-12T08:29:01.089Z - [32minfo[39m: start[21] time[0] tag[metricTimeDiffFromMessageSendToDropoff]
2018-07-12T08:29:01.089Z - [32minfo[39m: start[21] time[379] tag[metricTimeDiffFromMessageSendToEnd]
2018-07-12T08:29:01.089Z - [32minfo[39m: start[21] time[379] tag[metricTimeDiffFromDropoffToEnd]
2018-07-12T08:29:01.089Z - [32minfo[39m: guid=22:uuid - receivedMessage:process
2018-07-12T08:29:01.089Z - [32minfo[39m: start[22] time[0] tag[metricTimeDiffFromMessageSendToDropoff]
2018-07-12T08:29:01.089Z - [32minfo[39m: start[22] time[380] tag[metricTimeDiffFromMessageSendToEnd]
2018-07-12T08:29:01.090Z - [32minfo[39m: start[22] time[380] tag[metricTimeDiffFromDropoffToEnd]
2018-07-12T08:29:01.090Z - [32minfo[39m: guid=23:uuid - receivedMessage:process
2018-07-12T08:29:01.090Z - [32minfo[39m: start[23] time[0] tag[metricTimeDiffFromMessageSendToDropoff]
2018-07-12T08:29:01.090Z - [32minfo[39m: start[23] time[380] tag[metricTimeDiffFromMessageSendToEnd]
2018-07-12T08:29:01.091Z - [32minfo[39m: start[23] time[380] tag[metricTimeDiffFromDropoffToEnd]
2018-07-12T08:29:01.091Z - [32minfo[39m: guid=24:uuid - receivedMessage:process
2018-07-12T08:29:01.091Z - [32minfo[39m: start[24] time[0] tag[metricTimeDiffFromMessageSendToDropoff]
2018-07-12T08:29:01.091Z - [32minfo[39m: start[24] time[381] tag[metricTimeDiffFromMessageSendToEnd]
2018-07-12T08:29:01.091Z - [32minfo[39m: start[24] time[381] tag[metricTimeDiffFromDropoffToEnd]
2018-07-12T08:29:01.092Z - [32minfo[39m: guid=25:uuid - receivedMessage:process
2018-07-12T08:29:01.092Z - [32minfo[39m: start[25] time[1] tag[metricTimeDiffFromMessageSendToDropoff]
2018-07-12T08:29:01.092Z - [32minfo[39m: start[25] time[382] tag[metricTimeDiffFromMessageSendToEnd]
2018-07-12T08:29:01.092Z - [32minfo[39m: start[25] time[381] tag[metricTimeDiffFromDropoffToEnd]
2018-07-12T08:29:01.092Z - [32minfo[39m: guid=26:uuid - receivedMessage:process
2018-07-12T08:29:01.092Z - [32minfo[39m: start[26] time[0] tag[metricTimeDiffFromMessageSendToDropoff]
2018-07-12T08:29:01.093Z - [32minfo[39m: start[26] time[381] tag[metricTimeDiffFromMessageSendToEnd]
2018-07-12T08:29:01.093Z - [32minfo[39m: start[26] time[381] tag[metricTimeDiffFromDropoffToEnd]
2018-07-12T08:29:01.093Z - [32minfo[39m: guid=27:uuid - receivedMessage:process
2018-07-12T08:29:01.093Z - [32minfo[39m: start[27] time[1] tag[metricTimeDiffFromMessageSendToDropoff]
2018-07-12T08:29:01.093Z - [32minfo[39m: start[27] time[382] tag[metricTimeDiffFromMessageSendToEnd]
2018-07-12T08:29:01.093Z - [32minfo[39m: start[27] time[381] tag[metricTimeDiffFromDropoffToEnd]
2018-07-12T08:29:01.093Z - [32minfo[39m: guid=28:uuid - receivedMessage:process
2018-07-12T08:29:01.094Z - [32minfo[39m: start[28] time[0] tag[metricTimeDiffFromMessageSendToDropoff]
2018-07-12T08:29:01.094Z - [32minfo[39m: start[28] time[381] tag[metricTimeDiffFromMessageSendToEnd]
2018-07-12T08:29:01.094Z - [32minfo[39m: start[28] time[381] tag[metricTimeDiffFromDropoffToEnd]
2018-07-12T08:29:01.094Z - [32minfo[39m: guid=29:uuid - receivedMessage:process
2018-07-12T08:29:01.094Z - [32minfo[39m: start[29] time[1] tag[metricTimeDiffFromMessageSendToDropoff]
2018-07-12T08:29:01.094Z - [32minfo[39m: start[29] time[382] tag[metricTimeDiffFromMessageSendToEnd]
2018-07-12T08:29:01.095Z - [32minfo[39m: start[29] time[381] tag[metricTimeDiffFromDropoffToEnd]
2018-07-12T08:29:01.095Z - [32minfo[39m: guid=30:uuid - receivedMessage:process
2018-07-12T08:29:01.095Z - [32minfo[39m: start[30] time[0] tag[metricTimeDiffFromMessageSendToDropoff]
2018-07-12T08:29:01.095Z - [32minfo[39m: start[30] time[382] tag[metricTimeDiffFromMessageSendToEnd]
2018-07-12T08:29:01.095Z - [32minfo[39m: start[30] time[382] tag[metricTimeDiffFromDropoffToEnd]
2018-07-12T08:29:01.095Z - [32minfo[39m: guid=31:uuid - receivedMessage:process
2018-07-12T08:29:01.095Z - [32minfo[39m: start[31] time[0] tag[metricTimeDiffFromMessageSendToDropoff]
2018-07-12T08:29:01.096Z - [32minfo[39m: start[31] time[381] tag[metricTimeDiffFromMessageSendToEnd]
2018-07-12T08:29:01.096Z - [32minfo[39m: start[31] time[381] tag[metricTimeDiffFromDropoffToEnd]
2018-07-12T08:29:01.096Z - [32minfo[39m: guid=32:uuid - receivedMessage:process
2018-07-12T08:29:01.096Z - [32minfo[39m: start[32] time[0] tag[metricTimeDiffFromMessageSendToDropoff]
2018-07-12T08:29:01.096Z - [32minfo[39m: start[32] time[382] tag[metricTimeDiffFromMessageSendToEnd]
2018-07-12T08:29:01.096Z - [32minfo[39m: start[32] time[382] tag[metricTimeDiffFromDropoffToEnd]
2018-07-12T08:29:01.097Z - [32minfo[39m: guid=33:uuid - receivedMessage:process
2018-07-12T08:29:01.097Z - [32minfo[39m: start[33] time[1] tag[metricTimeDiffFromMessageSendToDropoff]
2018-07-12T08:29:01.097Z - [32minfo[39m: start[33] time[383] tag[metricTimeDiffFromMessageSendToEnd]
2018-07-12T08:29:01.098Z - [32minfo[39m: start[33] time[382] tag[metricTimeDiffFromDropoffToEnd]
2018-07-12T08:29:01.098Z - [32minfo[39m: guid=34:uuid - receivedMessage:process
2018-07-12T08:29:01.098Z - [32minfo[39m: start[34] time[0] tag[metricTimeDiffFromMessageSendToDropoff]
2018-07-12T08:29:01.098Z - [32minfo[39m: start[34] time[383] tag[metricTimeDiffFromMessageSendToEnd]
2018-07-12T08:29:01.098Z - [32minfo[39m: start[34] time[383] tag[metricTimeDiffFromDropoffToEnd]
2018-07-12T08:29:01.098Z - [32minfo[39m: guid=35:uuid - receivedMessage:process
2018-07-12T08:29:01.099Z - [32minfo[39m: start[35] time[1] tag[metricTimeDiffFromMessageSendToDropoff]
2018-07-12T08:29:01.099Z - [32minfo[39m: start[35] time[383] tag[metricTimeDiffFromMessageSendToEnd]
2018-07-12T08:29:01.099Z - [32minfo[39m: start[35] time[382] tag[metricTimeDiffFromDropoffToEnd]
2018-07-12T08:29:01.099Z - [32minfo[39m: guid=36:uuid - receivedMessage:process
2018-07-12T08:29:01.100Z - [32minfo[39m: start[36] time[0] tag[metricTimeDiffFromMessageSendToDropoff]
2018-07-12T08:29:01.100Z - [32minfo[39m: start[36] time[383] tag[metricTimeDiffFromMessageSendToEnd]
2018-07-12T08:29:01.100Z - [32minfo[39m: start[36] time[383] tag[metricTimeDiffFromDropoffToEnd]
2018-07-12T08:29:01.100Z - [32minfo[39m: guid=37:uuid - receivedMessage:process
2018-07-12T08:29:01.100Z - [32minfo[39m: start[37] time[0] tag[metricTimeDiffFromMessageSendToDropoff]
2018-07-12T08:29:01.101Z - [32minfo[39m: start[37] time[383] tag[metricTimeDiffFromMessageSendToEnd]
2018-07-12T08:29:01.101Z - [32minfo[39m: start[37] time[383] tag[metricTimeDiffFromDropoffToEnd]
2018-07-12T08:29:01.101Z - [32minfo[39m: guid=38:uuid - receivedMessage:process
2018-07-12T08:29:01.101Z - [32minfo[39m: start[38] time[0] tag[metricTimeDiffFromMessageSendToDropoff]
2018-07-12T08:29:01.101Z - [32minfo[39m: start[38] time[384] tag[metricTimeDiffFromMessageSendToEnd]
2018-07-12T08:29:01.101Z - [32minfo[39m: start[38] time[384] tag[metricTimeDiffFromDropoffToEnd]
2018-07-12T08:29:01.101Z - [32minfo[39m: guid=39:uuid - receivedMessage:process
2018-07-12T08:29:01.102Z - [32minfo[39m: start[39] time[0] tag[metricTimeDiffFromMessageSendToDropoff]
2018-07-12T08:29:01.102Z - [32minfo[39m: start[39] time[383] tag[metricTimeDiffFromMessageSendToEnd]
2018-07-12T08:29:01.102Z - [32minfo[39m: start[39] time[383] tag[metricTimeDiffFromDropoffToEnd]
2018-07-12T08:29:01.102Z - [32minfo[39m: guid=40:uuid - receivedMessage:process
2018-07-12T08:29:01.102Z - [32minfo[39m: start[40] time[0] tag[metricTimeDiffFromMessageSendToDropoff]
2018-07-12T08:29:01.102Z - [32minfo[39m: start[40] time[384] tag[metricTimeDiffFromMessageSendToEnd]
2018-07-12T08:29:01.102Z - [32minfo[39m: start[40] time[384] tag[metricTimeDiffFromDropoffToEnd]
2018-07-12T08:29:01.103Z - [32minfo[39m: guid=41:uuid - receivedMessage:process
2018-07-12T08:29:01.103Z - [32minfo[39m: start[41] time[0] tag[metricTimeDiffFromMessageSendToDropoff]
2018-07-12T08:29:01.103Z - [32minfo[39m: start[41] time[384] tag[metricTimeDiffFromMessageSendToEnd]
2018-07-12T08:29:01.103Z - [32minfo[39m: start[41] time[384] tag[metricTimeDiffFromDropoffToEnd]
2018-07-12T08:29:01.103Z - [32minfo[39m: guid=42:uuid - receivedMessage:process
2018-07-12T08:29:01.103Z - [32minfo[39m: start[42] time[0] tag[metricTimeDiffFromMessageSendToDropoff]
2018-07-12T08:29:01.103Z - [32minfo[39m: start[42] time[384] tag[metricTimeDiffFromMessageSendToEnd]
2018-07-12T08:29:01.103Z - [32minfo[39m: start[42] time[384] tag[metricTimeDiffFromDropoffToEnd]
2018-07-12T08:29:01.104Z - [32minfo[39m: guid=43:uuid - receivedMessage:process
2018-07-12T08:29:01.104Z - [32minfo[39m: start[43] time[0] tag[metricTimeDiffFromMessageSendToDropoff]
2018-07-12T08:29:01.104Z - [32minfo[39m: start[43] time[384] tag[metricTimeDiffFromMessageSendToEnd]
2018-07-12T08:29:01.104Z - [32minfo[39m: start[43] time[384] tag[metricTimeDiffFromDropoffToEnd]
2018-07-12T08:29:01.104Z - [32minfo[39m: guid=44:uuid - receivedMessage:process
2018-07-12T08:29:01.105Z - [32minfo[39m: start[44] time[0] tag[metricTimeDiffFromMessageSendToDropoff]
2018-07-12T08:29:01.105Z - [32minfo[39m: start[44] time[384] tag[metricTimeDiffFromMessageSendToEnd]
2018-07-12T08:29:01.105Z - [32minfo[39m: start[44] time[384] tag[metricTimeDiffFromDropoffToEnd]
2018-07-12T08:29:01.105Z - [32minfo[39m: guid=45:uuid - receivedMessage:process
2018-07-12T08:29:01.105Z - [32minfo[39m: start[45] time[0] tag[metricTimeDiffFromMessageSendToDropoff]
2018-07-12T08:29:01.105Z - [32minfo[39m: start[45] time[384] tag[metricTimeDiffFromMessageSendToEnd]
2018-07-12T08:29:01.106Z - [32minfo[39m: start[45] time[384] tag[metricTimeDiffFromDropoffToEnd]
2018-07-12T08:29:01.106Z - [32minfo[39m: guid=46:uuid - receivedMessage:process
2018-07-12T08:29:01.106Z - [32minfo[39m: start[46] time[0] tag[metricTimeDiffFromMessageSendToDropoff]
2018-07-12T08:29:01.106Z - [32minfo[39m: start[46] time[385] tag[metricTimeDiffFromMessageSendToEnd]
2018-07-12T08:29:01.106Z - [32minfo[39m: start[46] time[385] tag[metricTimeDiffFromDropoffToEnd]
2018-07-12T08:29:01.106Z - [32minfo[39m: guid=47:uuid - receivedMessage:process
2018-07-12T08:29:01.106Z - [32minfo[39m: start[47] time[0] tag[metricTimeDiffFromMessageSendToDropoff]
2018-07-12T08:29:01.107Z - [32minfo[39m: start[47] time[384] tag[metricTimeDiffFromMessageSendToEnd]
2018-07-12T08:29:01.107Z - [32minfo[39m: start[47] time[384] tag[metricTimeDiffFromDropoffToEnd]
2018-07-12T08:29:01.107Z - [32minfo[39m: guid=48:uuid - receivedMessage:process
2018-07-12T08:29:01.107Z - [32minfo[39m: start[48] time[0] tag[metricTimeDiffFromMessageSendToDropoff]
2018-07-12T08:29:01.107Z - [32minfo[39m: start[48] time[385] tag[metricTimeDiffFromMessageSendToEnd]
2018-07-12T08:29:01.108Z - [32minfo[39m: start[48] time[385] tag[metricTimeDiffFromDropoffToEnd]
2018-07-12T08:29:01.108Z - [32minfo[39m: guid=49:uuid - receivedMessage:process
2018-07-12T08:29:01.108Z - [32minfo[39m: start[49] time[0] tag[metricTimeDiffFromMessageSendToDropoff]
2018-07-12T08:29:01.108Z - [32minfo[39m: start[49] time[385] tag[metricTimeDiffFromMessageSendToEnd]
2018-07-12T08:29:01.108Z - [32minfo[39m: start[49] time[385] tag[metricTimeDiffFromDropoffToEnd]
2018-07-12T08:29:01.108Z - [32minfo[39m: guid=50:uuid - receivedMessage:process
2018-07-12T08:29:01.108Z - [32minfo[39m: start[50] time[0] tag[metricTimeDiffFromMessageSendToDropoff]
2018-07-12T08:29:01.109Z - [32minfo[39m: start[50] time[385] tag[metricTimeDiffFromMessageSendToEnd]
2018-07-12T08:29:01.109Z - [32minfo[39m: start[50] time[385] tag[metricTimeDiffFromDropoffToEnd]
2018-07-12T08:29:01.109Z - [32minfo[39m: guid=51:uuid - receivedMessage:process
2018-07-12T08:29:01.109Z - [32minfo[39m: start[51] time[0] tag[metricTimeDiffFromMessageSendToDropoff]
2018-07-12T08:29:01.109Z - [32minfo[39m: start[51] time[385] tag[metricTimeDiffFromMessageSendToEnd]
2018-07-12T08:29:01.110Z - [32minfo[39m: start[51] time[385] tag[metricTimeDiffFromDropoffToEnd]
2018-07-12T08:29:01.110Z - [32minfo[39m: guid=52:uuid - receivedMessage:process
2018-07-12T08:29:01.110Z - [32minfo[39m: start[52] time[0] tag[metricTimeDiffFromMessageSendToDropoff]
2018-07-12T08:29:01.110Z - [32minfo[39m: start[52] time[386] tag[metricTimeDiffFromMessageSendToEnd]
2018-07-12T08:29:01.110Z - [32minfo[39m: start[52] time[386] tag[metricTimeDiffFromDropoffToEnd]
2018-07-12T08:29:01.110Z - [32minfo[39m: guid=53:uuid - receivedMessage:process
2018-07-12T08:29:01.110Z - [32minfo[39m: start[53] time[0] tag[metricTimeDiffFromMessageSendToDropoff]
2018-07-12T08:29:01.110Z - [32minfo[39m: start[53] time[385] tag[metricTimeDiffFromMessageSendToEnd]
2018-07-12T08:29:01.111Z - [32minfo[39m: start[53] time[385] tag[metricTimeDiffFromDropoffToEnd]
2018-07-12T08:29:01.111Z - [32minfo[39m: guid=54:uuid - receivedMessage:process
2018-07-12T08:29:01.111Z - [32minfo[39m: start[54] time[1] tag[metricTimeDiffFromMessageSendToDropoff]
2018-07-12T08:29:01.111Z - [32minfo[39m: start[54] time[386] tag[metricTimeDiffFromMessageSendToEnd]
2018-07-12T08:29:01.111Z - [32minfo[39m: start[54] time[385] tag[metricTimeDiffFromDropoffToEnd]
2018-07-12T08:29:01.112Z - [32minfo[39m: guid=55:uuid - receivedMessage:process
2018-07-12T08:29:01.112Z - [32minfo[39m: start[55] time[0] tag[metricTimeDiffFromMessageSendToDropoff]
2018-07-12T08:29:01.112Z - [32minfo[39m: start[55] time[386] tag[metricTimeDiffFromMessageSendToEnd]
2018-07-12T08:29:01.112Z - [32minfo[39m: start[55] time[386] tag[metricTimeDiffFromDropoffToEnd]
2018-07-12T08:29:01.112Z - [32minfo[39m: guid=56:uuid - receivedMessage:process
2018-07-12T08:29:01.112Z - [32minfo[39m: start[56] time[1] tag[metricTimeDiffFromMessageSendToDropoff]
2018-07-12T08:29:01.113Z - [32minfo[39m: start[56] time[386] tag[metricTimeDiffFromMessageSendToEnd]
2018-07-12T08:29:01.113Z - [32minfo[39m: start[56] time[385] tag[metricTimeDiffFromDropoffToEnd]
2018-07-12T08:29:01.113Z - [32minfo[39m: guid=57:uuid - receivedMessage:process
2018-07-12T08:29:01.113Z - [32minfo[39m: start[57] time[0] tag[metricTimeDiffFromMessageSendToDropoff]
2018-07-12T08:29:01.113Z - [32minfo[39m: start[57] time[386] tag[metricTimeDiffFromMessageSendToEnd]
2018-07-12T08:29:01.114Z - [32minfo[39m: start[57] time[386] tag[metricTimeDiffFromDropoffToEnd]
2018-07-12T08:29:01.114Z - [32minfo[39m: guid=58:uuid - receivedMessage:process
2018-07-12T08:29:01.114Z - [32minfo[39m: start[58] time[1] tag[metricTimeDiffFromMessageSendToDropoff]
2018-07-12T08:29:01.114Z - [32minfo[39m: start[58] time[387] tag[metricTimeDiffFromMessageSendToEnd]
2018-07-12T08:29:01.114Z - [32minfo[39m: start[58] time[386] tag[metricTimeDiffFromDropoffToEnd]
2018-07-12T08:29:01.115Z - [32minfo[39m: guid=59:uuid - receivedMessage:process
2018-07-12T08:29:01.115Z - [32minfo[39m: start[59] time[0] tag[metricTimeDiffFromMessageSendToDropoff]
2018-07-12T08:29:01.115Z - [32minfo[39m: start[59] time[386] tag[metricTimeDiffFromMessageSendToEnd]
2018-07-12T08:29:01.115Z - [32minfo[39m: start[59] time[386] tag[metricTimeDiffFromDropoffToEnd]
2018-07-12T08:29:01.115Z - [32minfo[39m: guid=60:uuid - receivedMessage:process
2018-07-12T08:29:01.115Z - [32minfo[39m: start[60] time[1] tag[metricTimeDiffFromMessageSendToDropoff]
2018-07-12T08:29:01.116Z - [32minfo[39m: start[60] time[387] tag[metricTimeDiffFromMessageSendToEnd]
2018-07-12T08:29:01.116Z - [32minfo[39m: start[60] time[386] tag[metricTimeDiffFromDropoffToEnd]
2018-07-12T08:29:01.116Z - [32minfo[39m: guid=61:uuid - receivedMessage:process
2018-07-12T08:29:01.116Z - [32minfo[39m: start[61] time[0] tag[metricTimeDiffFromMessageSendToDropoff]
2018-07-12T08:29:01.116Z - [32minfo[39m: start[61] time[387] tag[metricTimeDiffFromMessageSendToEnd]
2018-07-12T08:29:01.116Z - [32minfo[39m: start[61] time[387] tag[metricTimeDiffFromDropoffToEnd]
2018-07-12T08:29:01.116Z - [32minfo[39m: guid=62:uuid - receivedMessage:process
2018-07-12T08:29:01.117Z - [32minfo[39m: start[62] time[0] tag[metricTimeDiffFromMessageSendToDropoff]
2018-07-12T08:29:01.117Z - [32minfo[39m: start[62] time[386] tag[metricTimeDiffFromMessageSendToEnd]
2018-07-12T08:29:01.117Z - [32minfo[39m: start[62] time[386] tag[metricTimeDiffFromDropoffToEnd]
2018-07-12T08:29:01.117Z - [32minfo[39m: guid=63:uuid - receivedMessage:process
2018-07-12T08:29:01.117Z - [32minfo[39m: start[63] time[0] tag[metricTimeDiffFromMessageSendToDropoff]
2018-07-12T08:29:01.117Z - [32minfo[39m: start[63] time[387] tag[metricTimeDiffFromMessageSendToEnd]
2018-07-12T08:29:01.118Z - [32minfo[39m: start[63] time[387] tag[metricTimeDiffFromDropoffToEnd]
2018-07-12T08:29:01.118Z - [32minfo[39m: guid=64:uuid - receivedMessage:process
2018-07-12T08:29:01.118Z - [32minfo[39m: start[64] time[0] tag[metricTimeDiffFromMessageSendToDropoff]
2018-07-12T08:29:01.118Z - [32minfo[39m: start[64] time[387] tag[metricTimeDiffFromMessageSendToEnd]
2018-07-12T08:29:01.118Z - [32minfo[39m: start[64] time[387] tag[metricTimeDiffFromDropoffToEnd]
2018-07-12T08:29:01.119Z - [32minfo[39m: guid=65:uuid - receivedMessage:process
2018-07-12T08:29:01.119Z - [32minfo[39m: start[65] time[0] tag[metricTimeDiffFromMessageSendToDropoff]
2018-07-12T08:29:01.119Z - [32minfo[39m: start[65] time[388] tag[metricTimeDiffFromMessageSendToEnd]
2018-07-12T08:29:01.119Z - [32minfo[39m: start[65] time[388] tag[metricTimeDiffFromDropoffToEnd]
2018-07-12T08:29:01.119Z - [32minfo[39m: guid=66:uuid - receivedMessage:process
2018-07-12T08:29:01.119Z - [32minfo[39m: start[66] time[0] tag[metricTimeDiffFromMessageSendToDropoff]
2018-07-12T08:29:01.120Z - [32minfo[39m: start[66] time[387] tag[metricTimeDiffFromMessageSendToEnd]
2018-07-12T08:29:01.120Z - [32minfo[39m: start[66] time[387] tag[metricTimeDiffFromDropoffToEnd]
2018-07-12T08:29:01.120Z - [32minfo[39m: guid=67:uuid - receivedMessage:process
2018-07-12T08:29:01.120Z - [32minfo[39m: start[67] time[0] tag[metricTimeDiffFromMessageSendToDropoff]
2018-07-12T08:29:01.120Z - [32minfo[39m: start[67] time[388] tag[metricTimeDiffFromMessageSendToEnd]
2018-07-12T08:29:01.120Z - [32minfo[39m: start[67] time[388] tag[metricTimeDiffFromDropoffToEnd]
2018-07-12T08:29:01.121Z - [32minfo[39m: guid=68:uuid - receivedMessage:process
2018-07-12T08:29:01.121Z - [32minfo[39m: start[68] time[0] tag[metricTimeDiffFromMessageSendToDropoff]
2018-07-12T08:29:01.121Z - [32minfo[39m: start[68] time[388] tag[metricTimeDiffFromMessageSendToEnd]
2018-07-12T08:29:01.121Z - [32minfo[39m: start[68] time[388] tag[metricTimeDiffFromDropoffToEnd]
2018-07-12T08:29:01.121Z - [32minfo[39m: guid=69:uuid - receivedMessage:process
2018-07-12T08:29:01.121Z - [32minfo[39m: start[69] time[1] tag[metricTimeDiffFromMessageSendToDropoff]
2018-07-12T08:29:01.122Z - [32minfo[39m: start[69] time[388] tag[metricTimeDiffFromMessageSendToEnd]
2018-07-12T08:29:01.122Z - [32minfo[39m: start[69] time[387] tag[metricTimeDiffFromDropoffToEnd]
2018-07-12T08:29:01.122Z - [32minfo[39m: guid=70:uuid - receivedMessage:process
2018-07-12T08:29:01.122Z - [32minfo[39m: start[70] time[0] tag[metricTimeDiffFromMessageSendToDropoff]
2018-07-12T08:29:01.122Z - [32minfo[39m: start[70] time[388] tag[metricTimeDiffFromMessageSendToEnd]
2018-07-12T08:29:01.123Z - [32minfo[39m: start[70] time[388] tag[metricTimeDiffFromDropoffToEnd]
2018-07-12T08:29:01.123Z - [32minfo[39m: guid=71:uuid - receivedMessage:process
2018-07-12T08:29:01.123Z - [32minfo[39m: start[71] time[1] tag[metricTimeDiffFromMessageSendToDropoff]
2018-07-12T08:29:01.123Z - [32minfo[39m: start[71] time[389] tag[metricTimeDiffFromMessageSendToEnd]
2018-07-12T08:29:01.123Z - [32minfo[39m: start[71] time[388] tag[metricTimeDiffFromDropoffToEnd]
2018-07-12T08:29:01.123Z - [32minfo[39m: guid=72:uuid - receivedMessage:process
2018-07-12T08:29:01.124Z - [32minfo[39m: start[72] time[0] tag[metricTimeDiffFromMessageSendToDropoff]
2018-07-12T08:29:01.124Z - [32minfo[39m: start[72] time[388] tag[metricTimeDiffFromMessageSendToEnd]
2018-07-12T08:29:01.124Z - [32minfo[39m: start[72] time[388] tag[metricTimeDiffFromDropoffToEnd]
2018-07-12T08:29:01.124Z - [32minfo[39m: guid=73:uuid - receivedMessage:process
2018-07-12T08:29:01.124Z - [32minfo[39m: start[73] time[1] tag[metricTimeDiffFromMessageSendToDropoff]
2018-07-12T08:29:01.125Z - [32minfo[39m: start[73] time[389] tag[metricTimeDiffFromMessageSendToEnd]
2018-07-12T08:29:01.125Z - [32minfo[39m: start[73] time[388] tag[metricTimeDiffFromDropoffToEnd]
2018-07-12T08:29:01.125Z - [32minfo[39m: guid=74:uuid - receivedMessage:process
2018-07-12T08:29:01.125Z - [32minfo[39m: start[74] time[0] tag[metricTimeDiffFromMessageSendToDropoff]
2018-07-12T08:29:01.125Z - [32minfo[39m: start[74] time[389] tag[metricTimeDiffFromMessageSendToEnd]
2018-07-12T08:29:01.125Z - [32minfo[39m: start[74] time[389] tag[metricTimeDiffFromDropoffToEnd]
2018-07-12T08:29:01.126Z - [32minfo[39m: guid=75:uuid - receivedMessage:process
2018-07-12T08:29:01.126Z - [32minfo[39m: start[75] time[1] tag[metricTimeDiffFromMessageSendToDropoff]
2018-07-12T08:29:01.126Z - [32minfo[39m: start[75] time[390] tag[metricTimeDiffFromMessageSendToEnd]
2018-07-12T08:29:01.126Z - [32minfo[39m: start[75] time[389] tag[metricTimeDiffFromDropoffToEnd]
2018-07-12T08:29:01.126Z - [32minfo[39m: guid=76:uuid - receivedMessage:process
2018-07-12T08:29:01.127Z - [32minfo[39m: start[76] time[0] tag[metricTimeDiffFromMessageSendToDropoff]
2018-07-12T08:29:01.127Z - [32minfo[39m: start[76] time[389] tag[metricTimeDiffFromMessageSendToEnd]
2018-07-12T08:29:01.127Z - [32minfo[39m: start[76] time[389] tag[metricTimeDiffFromDropoffToEnd]
2018-07-12T08:29:01.127Z - [32minfo[39m: guid=77:uuid - receivedMessage:process
2018-07-12T08:29:01.128Z - [32minfo[39m: start[77] time[1] tag[metricTimeDiffFromMessageSendToDropoff]
2018-07-12T08:29:01.128Z - [32minfo[39m: start[77] time[390] tag[metricTimeDiffFromMessageSendToEnd]
2018-07-12T08:29:01.128Z - [32minfo[39m: start[77] time[389] tag[metricTimeDiffFromDropoffToEnd]
2018-07-12T08:29:01.128Z - [32minfo[39m: guid=78:uuid - receivedMessage:process
2018-07-12T08:29:01.128Z - [32minfo[39m: start[78] time[0] tag[metricTimeDiffFromMessageSendToDropoff]
2018-07-12T08:29:01.129Z - [32minfo[39m: start[78] time[390] tag[metricTimeDiffFromMessageSendToEnd]
2018-07-12T08:29:01.129Z - [32minfo[39m: start[78] time[390] tag[metricTimeDiffFromDropoffToEnd]
2018-07-12T08:29:01.129Z - [32minfo[39m: guid=79:uuid - receivedMessage:process
2018-07-12T08:29:01.129Z - [32minfo[39m: start[79] time[1] tag[metricTimeDiffFromMessageSendToDropoff]
2018-07-12T08:29:01.129Z - [32minfo[39m: start[79] time[391] tag[metricTimeDiffFromMessageSendToEnd]
2018-07-12T08:29:01.130Z - [32minfo[39m: start[79] time[390] tag[metricTimeDiffFromDropoffToEnd]
2018-07-12T08:29:01.130Z - [32minfo[39m: guid=80:uuid - receivedMessage:process
2018-07-12T08:29:01.130Z - [32minfo[39m: start[80] time[0] tag[metricTimeDiffFromMessageSendToDropoff]
2018-07-12T08:29:01.130Z - [32minfo[39m: start[80] time[391] tag[metricTimeDiffFromMessageSendToEnd]
2018-07-12T08:29:01.130Z - [32minfo[39m: start[80] time[391] tag[metricTimeDiffFromDropoffToEnd]
2018-07-12T08:29:01.131Z - [32minfo[39m: guid=81:uuid - receivedMessage:process
2018-07-12T08:29:01.131Z - [32minfo[39m: start[81] time[1] tag[metricTimeDiffFromMessageSendToDropoff]
2018-07-12T08:29:01.131Z - [32minfo[39m: start[81] time[392] tag[metricTimeDiffFromMessageSendToEnd]
2018-07-12T08:29:01.131Z - [32minfo[39m: start[81] time[391] tag[metricTimeDiffFromDropoffToEnd]
2018-07-12T08:29:01.131Z - [32minfo[39m: guid=82:uuid - receivedMessage:process
2018-07-12T08:29:01.132Z - [32minfo[39m: start[82] time[0] tag[metricTimeDiffFromMessageSendToDropoff]
2018-07-12T08:29:01.132Z - [32minfo[39m: start[82] time[391] tag[metricTimeDiffFromMessageSendToEnd]
2018-07-12T08:29:01.132Z - [32minfo[39m: start[82] time[391] tag[metricTimeDiffFromDropoffToEnd]
2018-07-12T08:29:01.132Z - [32minfo[39m: guid=83:uuid - receivedMessage:process
2018-07-12T08:29:01.132Z - [32minfo[39m: start[83] time[1] tag[metricTimeDiffFromMessageSendToDropoff]
2018-07-12T08:29:01.132Z - [32minfo[39m: start[83] time[392] tag[metricTimeDiffFromMessageSendToEnd]
2018-07-12T08:29:01.133Z - [32minfo[39m: start[83] time[391] tag[metricTimeDiffFromDropoffToEnd]
2018-07-12T08:29:01.133Z - [32minfo[39m: guid=84:uuid - receivedMessage:process
2018-07-12T08:29:01.133Z - [32minfo[39m: start[84] time[0] tag[metricTimeDiffFromMessageSendToDropoff]
2018-07-12T08:29:01.133Z - [32minfo[39m: start[84] time[392] tag[metricTimeDiffFromMessageSendToEnd]
2018-07-12T08:29:01.133Z - [32minfo[39m: start[84] time[392] tag[metricTimeDiffFromDropoffToEnd]
2018-07-12T08:29:01.134Z - [32minfo[39m: guid=85:uuid - receivedMessage:process
2018-07-12T08:29:01.134Z - [32minfo[39m: start[85] time[0] tag[metricTimeDiffFromMessageSendToDropoff]
2018-07-12T08:29:01.134Z - [32minfo[39m: start[85] time[392] tag[metricTimeDiffFromMessageSendToEnd]
2018-07-12T08:29:01.134Z - [32minfo[39m: start[85] time[392] tag[metricTimeDiffFromDropoffToEnd]
2018-07-12T08:29:01.134Z - [32minfo[39m: guid=86:uuid - receivedMessage:process
2018-07-12T08:29:01.135Z - [32minfo[39m: start[86] time[0] tag[metricTimeDiffFromMessageSendToDropoff]
2018-07-12T08:29:01.135Z - [32minfo[39m: start[86] time[392] tag[metricTimeDiffFromMessageSendToEnd]
2018-07-12T08:29:01.135Z - [32minfo[39m: start[86] time[392] tag[metricTimeDiffFromDropoffToEnd]
2018-07-12T08:29:01.135Z - [32minfo[39m: guid=87:uuid - receivedMessage:process
2018-07-12T08:29:01.136Z - [32minfo[39m: start[87] time[0] tag[metricTimeDiffFromMessageSendToDropoff]
2018-07-12T08:29:01.136Z - [32minfo[39m: start[87] time[392] tag[metricTimeDiffFromMessageSendToEnd]
2018-07-12T08:29:01.136Z - [32minfo[39m: start[87] time[392] tag[metricTimeDiffFromDropoffToEnd]
2018-07-12T08:29:01.136Z - [32minfo[39m: guid=88:uuid - receivedMessage:process
2018-07-12T08:29:01.136Z - [32minfo[39m: start[88] time[1] tag[metricTimeDiffFromMessageSendToDropoff]
2018-07-12T08:29:01.137Z - [32minfo[39m: start[88] time[393] tag[metricTimeDiffFromMessageSendToEnd]
2018-07-12T08:29:01.137Z - [32minfo[39m: start[88] time[392] tag[metricTimeDiffFromDropoffToEnd]
2018-07-12T08:29:01.137Z - [32minfo[39m: guid=89:uuid - receivedMessage:process
2018-07-12T08:29:01.137Z - [32minfo[39m: start[89] time[0] tag[metricTimeDiffFromMessageSendToDropoff]
2018-07-12T08:29:01.138Z - [32minfo[39m: start[89] time[393] tag[metricTimeDiffFromMessageSendToEnd]
2018-07-12T08:29:01.138Z - [32minfo[39m: start[89] time[393] tag[metricTimeDiffFromDropoffToEnd]
2018-07-12T08:29:01.138Z - [32minfo[39m: guid=90:uuid - receivedMessage:process
2018-07-12T08:29:01.138Z - [32minfo[39m: start[90] time[1] tag[metricTimeDiffFromMessageSendToDropoff]
2018-07-12T08:29:01.139Z - [32minfo[39m: start[90] time[394] tag[metricTimeDiffFromMessageSendToEnd]
2018-07-12T08:29:01.139Z - [32minfo[39m: start[90] time[393] tag[metricTimeDiffFromDropoffToEnd]
2018-07-12T08:29:01.139Z - [32minfo[39m: guid=91:uuid - receivedMessage:process
2018-07-12T08:29:01.139Z - [32minfo[39m: start[91] time[0] tag[metricTimeDiffFromMessageSendToDropoff]
2018-07-12T08:29:01.139Z - [32minfo[39m: start[91] time[394] tag[metricTimeDiffFromMessageSendToEnd]
2018-07-12T08:29:01.140Z - [32minfo[39m: start[91] time[394] tag[metricTimeDiffFromDropoffToEnd]
2018-07-12T08:29:01.140Z - [32minfo[39m: guid=92:uuid - receivedMessage:process
2018-07-12T08:29:01.140Z - [32minfo[39m: start[92] time[1] tag[metricTimeDiffFromMessageSendToDropoff]
2018-07-12T08:29:01.140Z - [32minfo[39m: start[92] time[395] tag[metricTimeDiffFromMessageSendToEnd]
2018-07-12T08:29:01.140Z - [32minfo[39m: start[92] time[394] tag[metricTimeDiffFromDropoffToEnd]
2018-07-12T08:29:01.141Z - [32minfo[39m: guid=93:uuid - receivedMessage:process
2018-07-12T08:29:01.141Z - [32minfo[39m: start[93] time[0] tag[metricTimeDiffFromMessageSendToDropoff]
2018-07-12T08:29:01.141Z - [32minfo[39m: start[93] time[395] tag[metricTimeDiffFromMessageSendToEnd]
2018-07-12T08:29:01.141Z - [32minfo[39m: start[93] time[395] tag[metricTimeDiffFromDropoffToEnd]
2018-07-12T08:29:01.141Z - [32minfo[39m: guid=94:uuid - receivedMessage:process
2018-07-12T08:29:01.143Z - [32minfo[39m: start[94] time[1] tag[metricTimeDiffFromMessageSendToDropoff]
2018-07-12T08:29:01.143Z - [32minfo[39m: start[94] time[395] tag[metricTimeDiffFromMessageSendToEnd]
2018-07-12T08:29:01.144Z - [32minfo[39m: start[94] time[394] tag[metricTimeDiffFromDropoffToEnd]
2018-07-12T08:29:01.144Z - [32minfo[39m: guid=95:uuid - receivedMessage:process
2018-07-12T08:29:01.144Z - [32minfo[39m: start[95] time[0] tag[metricTimeDiffFromMessageSendToDropoff]
2018-07-12T08:29:01.144Z - [32minfo[39m: start[95] time[397] tag[metricTimeDiffFromMessageSendToEnd]
2018-07-12T08:29:01.144Z - [32minfo[39m: start[95] time[397] tag[metricTimeDiffFromDropoffToEnd]
2018-07-12T08:29:01.145Z - [32minfo[39m: guid=96:uuid - receivedMessage:process
2018-07-12T08:29:01.145Z - [32minfo[39m: start[96] time[0] tag[metricTimeDiffFromMessageSendToDropoff]
2018-07-12T08:29:01.145Z - [32minfo[39m: start[96] time[397] tag[metricTimeDiffFromMessageSendToEnd]
2018-07-12T08:29:01.145Z - [32minfo[39m: start[96] time[397] tag[metricTimeDiffFromDropoffToEnd]
2018-07-12T08:29:01.145Z - [32minfo[39m: guid=97:uuid - receivedMessage:process
2018-07-12T08:29:01.146Z - [32minfo[39m: start[97] time[0] tag[metricTimeDiffFromMessageSendToDropoff]
2018-07-12T08:29:01.146Z - [32minfo[39m: start[97] time[397] tag[metricTimeDiffFromMessageSendToEnd]
2018-07-12T08:29:01.146Z - [32minfo[39m: start[97] time[397] tag[metricTimeDiffFromDropoffToEnd]
2018-07-12T08:29:01.146Z - [32minfo[39m: guid=98:uuid - receivedMessage:process
2018-07-12T08:29:01.146Z - [32minfo[39m: start[98] time[0] tag[metricTimeDiffFromMessageSendToDropoff]
2018-07-12T08:29:01.147Z - [32minfo[39m: start[98] time[397] tag[metricTimeDiffFromMessageSendToEnd]
2018-07-12T08:29:01.147Z - [32minfo[39m: start[98] time[397] tag[metricTimeDiffFromDropoffToEnd]
2018-07-12T08:29:01.147Z - [32minfo[39m: guid=99:uuid - receivedMessage:process
2018-07-12T08:29:01.147Z - [32minfo[39m: start[99] time[1] tag[metricTimeDiffFromMessageSendToDropoff]
2018-07-12T08:29:01.148Z - [32minfo[39m: start[99] time[398] tag[metricTimeDiffFromMessageSendToEnd]
2018-07-12T08:29:01.148Z - [32minfo[39m: start[99] time[397] tag[metricTimeDiffFromDropoffToEnd]
2018-07-12T08:29:01.148Z - [32minfo[39m: guid=100:uuid - receivedMessage:process
2018-07-12T08:29:01.148Z - [32minfo[39m: start[100] time[0] tag[metricTimeDiffFromMessageSendToDropoff]
2018-07-12T08:29:01.148Z - [32minfo[39m: start[100] time[398] tag[metricTimeDiffFromMessageSendToEnd]
2018-07-12T08:29:01.148Z - [32minfo[39m: start[100] time[398] tag[metricTimeDiffFromDropoffToEnd]
2018-07-12T08:29:01.149Z - [32minfo[39m: start[100] time[75] tag[metricEndOfCallBack]
2018-07-12T08:29:01.155Z - [32minfo[39m: start[1531384141154] time[76] tag[metricOfPerfObsCallBackConsumerFunction]
2018-07-12T08:29:01.155Z - [32minfo[39m: start[1531384141073] time[82] tag[metricConsumeSyncQueueProcessingTime]
2018-07-12T08:29:01.177Z - [32minfo[39m: start[1531384141177] time[0] tag[metricConsumeRecursiveProcessingTime]
2018-07-12T08:29:01.177Z - [32minfo[39m: start[1531384141176] time[1] tag[metricConsumeSyncQueueResolveProcessingTime]
2018-07-12T08:29:01.219Z - [32minfo[39m: start[1531384141177] time[6] tag[metricConsumeRecursiveConsumeProcessingTime]
2018-07-12T08:29:01.220Z - [32minfo[39m: Processing a message batch of size 100
2018-07-12T08:29:01.221Z - [32minfo[39m: guid=101:uuid - receivedMessage:process
2018-07-12T08:29:01.221Z - [32minfo[39m: start[101] time[0] tag[metricTimeDiffFromMessageSendToDropoff]
2018-07-12T08:29:01.221Z - [32minfo[39m: start[101] time[470] tag[metricTimeDiffFromMessageSendToEnd]
2018-07-12T08:29:01.221Z - [32minfo[39m: start[101] time[470] tag[metricTimeDiffFromDropoffToEnd]
2018-07-12T08:29:01.222Z - [32minfo[39m: guid=102:uuid - receivedMessage:process
2018-07-12T08:29:01.222Z - [32minfo[39m: start[102] time[0] tag[metricTimeDiffFromMessageSendToDropoff]
2018-07-12T08:29:01.222Z - [32minfo[39m: start[102] time[471] tag[metricTimeDiffFromMessageSendToEnd]
2018-07-12T08:29:01.222Z - [32minfo[39m: start[102] time[471] tag[metricTimeDiffFromDropoffToEnd]
2018-07-12T08:29:01.222Z - [32minfo[39m: guid=103:uuid - receivedMessage:process
2018-07-12T08:29:01.223Z - [32minfo[39m: start[103] time[0] tag[metricTimeDiffFromMessageSendToDropoff]
2018-07-12T08:29:01.223Z - [32minfo[39m: start[103] time[470] tag[metricTimeDiffFromMessageSendToEnd]
2018-07-12T08:29:01.223Z - [32minfo[39m: start[103] time[470] tag[metricTimeDiffFromDropoffToEnd]
2018-07-12T08:29:01.223Z - [32minfo[39m: guid=104:uuid - receivedMessage:process
2018-07-12T08:29:01.223Z - [32minfo[39m: start[104] time[0] tag[metricTimeDiffFromMessageSendToDropoff]
2018-07-12T08:29:01.224Z - [32minfo[39m: start[104] time[471] tag[metricTimeDiffFromMessageSendToEnd]
2018-07-12T08:29:01.224Z - [32minfo[39m: start[104] time[471] tag[metricTimeDiffFromDropoffToEnd]
2018-07-12T08:29:01.224Z - [32minfo[39m: guid=105:uuid - receivedMessage:process
2018-07-12T08:29:01.224Z - [32minfo[39m: start[105] time[0] tag[metricTimeDiffFromMessageSendToDropoff]
2018-07-12T08:29:01.225Z - [32minfo[39m: start[105] time[471] tag[metricTimeDiffFromMessageSendToEnd]
2018-07-12T08:29:01.225Z - [32minfo[39m: start[105] time[471] tag[metricTimeDiffFromDropoffToEnd]
2018-07-12T08:29:01.225Z - [32minfo[39m: guid=106:uuid - receivedMessage:process
2018-07-12T08:29:01.225Z - [32minfo[39m: start[106] time[1] tag[metricTimeDiffFromMessageSendToDropoff]
2018-07-12T08:29:01.225Z - [32minfo[39m: start[106] time[472] tag[metricTimeDiffFromMessageSendToEnd]
2018-07-12T08:29:01.226Z - [32minfo[39m: start[106] time[471] tag[metricTimeDiffFromDropoffToEnd]
2018-07-12T08:29:01.226Z - [32minfo[39m: guid=107:uuid - receivedMessage:process
2018-07-12T08:29:01.226Z - [32minfo[39m: start[107] time[0] tag[metricTimeDiffFromMessageSendToDropoff]
2018-07-12T08:29:01.226Z - [32minfo[39m: start[107] time[472] tag[metricTimeDiffFromMessageSendToEnd]
2018-07-12T08:29:01.227Z - [32minfo[39m: start[107] time[472] tag[metricTimeDiffFromDropoffToEnd]
2018-07-12T08:29:01.227Z - [32minfo[39m: guid=108:uuid - receivedMessage:process
2018-07-12T08:29:01.227Z - [32minfo[39m: start[108] time[1] tag[metricTimeDiffFromMessageSendToDropoff]
2018-07-12T08:29:01.227Z - [32minfo[39m: start[108] time[473] tag[metricTimeDiffFromMessageSendToEnd]
2018-07-12T08:29:01.227Z - [32minfo[39m: start[108] time[472] tag[metricTimeDiffFromDropoffToEnd]
2018-07-12T08:29:01.228Z - [32minfo[39m: guid=109:uuid - receivedMessage:process
2018-07-12T08:29:01.228Z - [32minfo[39m: start[109] time[0] tag[metricTimeDiffFromMessageSendToDropoff]
2018-07-12T08:29:01.228Z - [32minfo[39m: start[109] time[473] tag[metricTimeDiffFromMessageSendToEnd]
2018-07-12T08:29:01.228Z - [32minfo[39m: start[109] time[473] tag[metricTimeDiffFromDropoffToEnd]
2018-07-12T08:29:01.229Z - [32minfo[39m: guid=110:uuid - receivedMessage:process
2018-07-12T08:29:01.229Z - [32minfo[39m: start[110] time[0] tag[metricTimeDiffFromMessageSendToDropoff]
2018-07-12T08:29:01.229Z - [32minfo[39m: start[110] time[473] tag[metricTimeDiffFromMessageSendToEnd]
2018-07-12T08:29:01.229Z - [32minfo[39m: start[110] time[473] tag[metricTimeDiffFromDropoffToEnd]
2018-07-12T08:29:01.230Z - [32minfo[39m: guid=111:uuid - receivedMessage:process
2018-07-12T08:29:01.230Z - [32minfo[39m: start[111] time[0] tag[metricTimeDiffFromMessageSendToDropoff]
2018-07-12T08:29:01.230Z - [32minfo[39m: start[111] time[473] tag[metricTimeDiffFromMessageSendToEnd]
2018-07-12T08:29:01.230Z - [32minfo[39m: start[111] time[473] tag[metricTimeDiffFromDropoffToEnd]
2018-07-12T08:29:01.230Z - [32minfo[39m: guid=112:uuid - receivedMessage:process
2018-07-12T08:29:01.230Z - [32minfo[39m: start[112] time[0] tag[metricTimeDiffFromMessageSendToDropoff]
2018-07-12T08:29:01.231Z - [32minfo[39m: start[112] time[473] tag[metricTimeDiffFromMessageSendToEnd]
2018-07-12T08:29:01.231Z - [32minfo[39m: start[112] time[473] tag[metricTimeDiffFromDropoffToEnd]
2018-07-12T08:29:01.231Z - [32minfo[39m: guid=113:uuid - receivedMessage:process
2018-07-12T08:29:01.231Z - [32minfo[39m: start[113] time[0] tag[metricTimeDiffFromMessageSendToDropoff]
2018-07-12T08:29:01.231Z - [32minfo[39m: start[113] time[474] tag[metricTimeDiffFromMessageSendToEnd]
2018-07-12T08:29:01.232Z - [32minfo[39m: start[113] time[474] tag[metricTimeDiffFromDropoffToEnd]
2018-07-12T08:29:01.232Z - [32minfo[39m: guid=114:uuid - receivedMessage:process
2018-07-12T08:29:01.232Z - [32minfo[39m: start[114] time[0] tag[metricTimeDiffFromMessageSendToDropoff]
2018-07-12T08:29:01.232Z - [32minfo[39m: start[114] time[474] tag[metricTimeDiffFromMessageSendToEnd]
2018-07-12T08:29:01.232Z - [32minfo[39m: start[114] time[474] tag[metricTimeDiffFromDropoffToEnd]
2018-07-12T08:29:01.232Z - [32minfo[39m: guid=115:uuid - receivedMessage:process
2018-07-12T08:29:01.233Z - [32minfo[39m: start[115] time[0] tag[metricTimeDiffFromMessageSendToDropoff]
2018-07-12T08:29:01.233Z - [32minfo[39m: start[115] time[474] tag[metricTimeDiffFromMessageSendToEnd]
2018-07-12T08:29:01.233Z - [32minfo[39m: start[115] time[474] tag[metricTimeDiffFromDropoffToEnd]
2018-07-12T08:29:01.234Z - [32minfo[39m: guid=116:uuid - receivedMessage:process
2018-07-12T08:29:01.234Z - [32minfo[39m: start[116] time[1] tag[metricTimeDiffFromMessageSendToDropoff]
2018-07-12T08:29:01.234Z - [32minfo[39m: start[116] time[475] tag[metricTimeDiffFromMessageSendToEnd]
2018-07-12T08:29:01.234Z - [32minfo[39m: start[116] time[474] tag[metricTimeDiffFromDropoffToEnd]
2018-07-12T08:29:01.235Z - [32minfo[39m: guid=117:uuid - receivedMessage:process
2018-07-12T08:29:01.235Z - [32minfo[39m: start[117] time[0] tag[metricTimeDiffFromMessageSendToDropoff]
2018-07-12T08:29:01.235Z - [32minfo[39m: start[117] time[475] tag[metricTimeDiffFromMessageSendToEnd]
2018-07-12T08:29:01.235Z - [32minfo[39m: start[117] time[475] tag[metricTimeDiffFromDropoffToEnd]
2018-07-12T08:29:01.236Z - [32minfo[39m: guid=118:uuid - receivedMessage:process
2018-07-12T08:29:01.236Z - [32minfo[39m: start[118] time[0] tag[metricTimeDiffFromMessageSendToDropoff]
2018-07-12T08:29:01.236Z - [32minfo[39m: start[118] time[475] tag[metricTimeDiffFromMessageSendToEnd]
2018-07-12T08:29:01.236Z - [32minfo[39m: start[118] time[475] tag[metricTimeDiffFromDropoffToEnd]
2018-07-12T08:29:01.237Z - [32minfo[39m: guid=119:uuid - receivedMessage:process
2018-07-12T08:29:01.237Z - [32minfo[39m: start[119] time[0] tag[metricTimeDiffFromMessageSendToDropoff]
2018-07-12T08:29:01.237Z - [32minfo[39m: start[119] time[475] tag[metricTimeDiffFromMessageSendToEnd]
2018-07-12T08:29:01.237Z - [32minfo[39m: start[119] time[475] tag[metricTimeDiffFromDropoffToEnd]
2018-07-12T08:29:01.237Z - [32minfo[39m: guid=120:uuid - receivedMessage:process
2018-07-12T08:29:01.238Z - [32minfo[39m: start[120] time[0] tag[metricTimeDiffFromMessageSendToDropoff]
2018-07-12T08:29:01.238Z - [32minfo[39m: start[120] time[475] tag[metricTimeDiffFromMessageSendToEnd]
2018-07-12T08:29:01.238Z - [32minfo[39m: start[120] time[475] tag[metricTimeDiffFromDropoffToEnd]
2018-07-12T08:29:01.238Z - [32minfo[39m: guid=121:uuid - receivedMessage:process
2018-07-12T08:29:01.238Z - [32minfo[39m: start[121] time[0] tag[metricTimeDiffFromMessageSendToDropoff]
2018-07-12T08:29:01.238Z - [32minfo[39m: start[121] time[476] tag[metricTimeDiffFromMessageSendToEnd]
2018-07-12T08:29:01.238Z - [32minfo[39m: start[121] time[476] tag[metricTimeDiffFromDropoffToEnd]
2018-07-12T08:29:01.239Z - [32minfo[39m: guid=122:uuid - receivedMessage:process
2018-07-12T08:29:01.239Z - [32minfo[39m: start[122] time[1] tag[metricTimeDiffFromMessageSendToDropoff]
2018-07-12T08:29:01.239Z - [32minfo[39m: start[122] time[477] tag[metricTimeDiffFromMessageSendToEnd]
2018-07-12T08:29:01.239Z - [32minfo[39m: start[122] time[476] tag[metricTimeDiffFromDropoffToEnd]
2018-07-12T08:29:01.239Z - [32minfo[39m: guid=123:uuid - receivedMessage:process
2018-07-12T08:29:01.239Z - [32minfo[39m: start[123] time[0] tag[metricTimeDiffFromMessageSendToDropoff]
2018-07-12T08:29:01.240Z - [32minfo[39m: start[123] time[476] tag[metricTimeDiffFromMessageSendToEnd]
2018-07-12T08:29:01.240Z - [32minfo[39m: start[123] time[476] tag[metricTimeDiffFromDropoffToEnd]
2018-07-12T08:29:01.240Z - [32minfo[39m: guid=124:uuid - receivedMessage:process
2018-07-12T08:29:01.240Z - [32minfo[39m: start[124] time[1] tag[metricTimeDiffFromMessageSendToDropoff]
2018-07-12T08:29:01.243Z - [32minfo[39m: start[124] time[477] tag[metricTimeDiffFromMessageSendToEnd]
2018-07-12T08:29:01.244Z - [32minfo[39m: start[124] time[476] tag[metricTimeDiffFromDropoffToEnd]
2018-07-12T08:29:01.244Z - [32minfo[39m: guid=125:uuid - receivedMessage:process
2018-07-12T08:29:01.244Z - [32minfo[39m: start[125] time[0] tag[metricTimeDiffFromMessageSendToDropoff]
2018-07-12T08:29:01.245Z - [32minfo[39m: start[125] time[480] tag[metricTimeDiffFromMessageSendToEnd]
2018-07-12T08:29:01.245Z - [32minfo[39m: start[125] time[480] tag[metricTimeDiffFromDropoffToEnd]
2018-07-12T08:29:01.245Z - [32minfo[39m: guid=126:uuid - receivedMessage:process
2018-07-12T08:29:01.246Z - [32minfo[39m: start[126] time[1] tag[metricTimeDiffFromMessageSendToDropoff]
2018-07-12T08:29:01.246Z - [32minfo[39m: start[126] time[481] tag[metricTimeDiffFromMessageSendToEnd]
2018-07-12T08:29:01.246Z - [32minfo[39m: start[126] time[480] tag[metricTimeDiffFromDropoffToEnd]
2018-07-12T08:29:01.246Z - [32minfo[39m: guid=127:uuid - receivedMessage:process
2018-07-12T08:29:01.246Z - [32minfo[39m: start[127] time[0] tag[metricTimeDiffFromMessageSendToDropoff]
2018-07-12T08:29:01.247Z - [32minfo[39m: start[127] time[481] tag[metricTimeDiffFromMessageSendToEnd]
2018-07-12T08:29:01.247Z - [32minfo[39m: start[127] time[481] tag[metricTimeDiffFromDropoffToEnd]
2018-07-12T08:29:01.247Z - [32minfo[39m: guid=128:uuid - receivedMessage:process
2018-07-12T08:29:01.247Z - [32minfo[39m: start[128] time[1] tag[metricTimeDiffFromMessageSendToDropoff]
2018-07-12T08:29:01.248Z - [32minfo[39m: start[128] time[482] tag[metricTimeDiffFromMessageSendToEnd]
2018-07-12T08:29:01.248Z - [32minfo[39m: start[128] time[481] tag[metricTimeDiffFromDropoffToEnd]
2018-07-12T08:29:01.248Z - [32minfo[39m: guid=129:uuid - receivedMessage:process
2018-07-12T08:29:01.248Z - [32minfo[39m: start[129] time[0] tag[metricTimeDiffFromMessageSendToDropoff]
2018-07-12T08:29:01.249Z - [32minfo[39m: start[129] time[482] tag[metricTimeDiffFromMessageSendToEnd]
2018-07-12T08:29:01.249Z - [32minfo[39m: start[129] time[482] tag[metricTimeDiffFromDropoffToEnd]
2018-07-12T08:29:01.249Z - [32minfo[39m: guid=130:uuid - receivedMessage:process
2018-07-12T08:29:01.249Z - [32minfo[39m: start[130] time[1] tag[metricTimeDiffFromMessageSendToDropoff]
2018-07-12T08:29:01.249Z - [32minfo[39m: start[130] time[483] tag[metricTimeDiffFromMessageSendToEnd]
2018-07-12T08:29:01.250Z - [32minfo[39m: start[130] time[482] tag[metricTimeDiffFromDropoffToEnd]
2018-07-12T08:29:01.251Z - [32minfo[39m: guid=131:uuid - receivedMessage:process
2018-07-12T08:29:01.252Z - [32minfo[39m: start[131] time[0] tag[metricTimeDiffFromMessageSendToDropoff]
2018-07-12T08:29:01.252Z - [32minfo[39m: start[131] time[484] tag[metricTimeDiffFromMessageSendToEnd]
2018-07-12T08:29:01.252Z - [32minfo[39m: start[131] time[484] tag[metricTimeDiffFromDropoffToEnd]
2018-07-12T08:29:01.252Z - [32minfo[39m: guid=132:uuid - receivedMessage:process
2018-07-12T08:29:01.252Z - [32minfo[39m: start[132] time[1] tag[metricTimeDiffFromMessageSendToDropoff]
2018-07-12T08:29:01.252Z - [32minfo[39m: start[132] time[485] tag[metricTimeDiffFromMessageSendToEnd]
2018-07-12T08:29:01.253Z - [32minfo[39m: start[132] time[484] tag[metricTimeDiffFromDropoffToEnd]
2018-07-12T08:29:01.253Z - [32minfo[39m: guid=133:uuid - receivedMessage:process
2018-07-12T08:29:01.253Z - [32minfo[39m: start[133] time[0] tag[metricTimeDiffFromMessageSendToDropoff]
2018-07-12T08:29:01.253Z - [32minfo[39m: start[133] time[485] tag[metricTimeDiffFromMessageSendToEnd]
2018-07-12T08:29:01.254Z - [32minfo[39m: start[133] time[485] tag[metricTimeDiffFromDropoffToEnd]
2018-07-12T08:29:01.254Z - [32minfo[39m: guid=134:uuid - receivedMessage:process
2018-07-12T08:29:01.254Z - [32minfo[39m: start[134] time[0] tag[metricTimeDiffFromMessageSendToDropoff]
2018-07-12T08:29:01.254Z - [32minfo[39m: start[134] time[485] tag[metricTimeDiffFromMessageSendToEnd]
2018-07-12T08:29:01.254Z - [32minfo[39m: start[134] time[485] tag[metricTimeDiffFromDropoffToEnd]
2018-07-12T08:29:01.254Z - [32minfo[39m: guid=135:uuid - receivedMessage:process
2018-07-12T08:29:01.255Z - [32minfo[39m: start[135] time[0] tag[metricTimeDiffFromMessageSendToDropoff]
2018-07-12T08:29:01.255Z - [32minfo[39m: start[135] time[485] tag[metricTimeDiffFromMessageSendToEnd]
2018-07-12T08:29:01.255Z - [32minfo[39m: start[135] time[485] tag[metricTimeDiffFromDropoffToEnd]
2018-07-12T08:29:01.255Z - [32minfo[39m: guid=136:uuid - receivedMessage:process
2018-07-12T08:29:01.256Z - [32minfo[39m: start[136] time[0] tag[metricTimeDiffFromMessageSendToDropoff]
2018-07-12T08:29:01.256Z - [32minfo[39m: start[136] time[485] tag[metricTimeDiffFromMessageSendToEnd]
2018-07-12T08:29:01.256Z - [32minfo[39m: start[136] time[485] tag[metricTimeDiffFromDropoffToEnd]
2018-07-12T08:29:01.256Z - [32minfo[39m: guid=137:uuid - receivedMessage:process
2018-07-12T08:29:01.256Z - [32minfo[39m: start[137] time[0] tag[metricTimeDiffFromMessageSendToDropoff]
2018-07-12T08:29:01.256Z - [32minfo[39m: start[137] time[486] tag[metricTimeDiffFromMessageSendToEnd]
2018-07-12T08:29:01.257Z - [32minfo[39m: start[137] time[486] tag[metricTimeDiffFromDropoffToEnd]
2018-07-12T08:29:01.257Z - [32minfo[39m: guid=138:uuid - receivedMessage:process
2018-07-12T08:29:01.257Z - [32minfo[39m: start[138] time[0] tag[metricTimeDiffFromMessageSendToDropoff]
2018-07-12T08:29:01.257Z - [32minfo[39m: start[138] time[486] tag[metricTimeDiffFromMessageSendToEnd]
2018-07-12T08:29:01.258Z - [32minfo[39m: start[138] time[486] tag[metricTimeDiffFromDropoffToEnd]
2018-07-12T08:29:01.258Z - [32minfo[39m: guid=139:uuid - receivedMessage:process
2018-07-12T08:29:01.258Z - [32minfo[39m: start[139] time[0] tag[metricTimeDiffFromMessageSendToDropoff]
2018-07-12T08:29:01.258Z - [32minfo[39m: start[139] time[487] tag[metricTimeDiffFromMessageSendToEnd]
2018-07-12T08:29:01.259Z - [32minfo[39m: start[139] time[487] tag[metricTimeDiffFromDropoffToEnd]
2018-07-12T08:29:01.259Z - [32minfo[39m: guid=140:uuid - receivedMessage:process
2018-07-12T08:29:01.259Z - [32minfo[39m: start[140] time[0] tag[metricTimeDiffFromMessageSendToDropoff]
2018-07-12T08:29:01.259Z - [32minfo[39m: start[140] time[487] tag[metricTimeDiffFromMessageSendToEnd]
2018-07-12T08:29:01.260Z - [32minfo[39m: start[140] time[487] tag[metricTimeDiffFromDropoffToEnd]
2018-07-12T08:29:01.260Z - [32minfo[39m: guid=141:uuid - receivedMessage:process
2018-07-12T08:29:01.260Z - [32minfo[39m: start[141] time[0] tag[metricTimeDiffFromMessageSendToDropoff]
2018-07-12T08:29:01.260Z - [32minfo[39m: start[141] time[488] tag[metricTimeDiffFromMessageSendToEnd]
2018-07-12T08:29:01.260Z - [32minfo[39m: start[141] time[488] tag[metricTimeDiffFromDropoffToEnd]
2018-07-12T08:29:01.261Z - [32minfo[39m: guid=142:uuid - receivedMessage:process
2018-07-12T08:29:01.261Z - [32minfo[39m: start[142] time[0] tag[metricTimeDiffFromMessageSendToDropoff]
2018-07-12T08:29:01.261Z - [32minfo[39m: start[142] time[488] tag[metricTimeDiffFromMessageSendToEnd]
2018-07-12T08:29:01.261Z - [32minfo[39m: start[142] time[488] tag[metricTimeDiffFromDropoffToEnd]
2018-07-12T08:29:01.261Z - [32minfo[39m: guid=143:uuid - receivedMessage:process
2018-07-12T08:29:01.262Z - [32minfo[39m: start[143] time[0] tag[metricTimeDiffFromMessageSendToDropoff]
2018-07-12T08:29:01.262Z - [32minfo[39m: start[143] time[488] tag[metricTimeDiffFromMessageSendToEnd]
2018-07-12T08:29:01.262Z - [32minfo[39m: start[143] time[488] tag[metricTimeDiffFromDropoffToEnd]
2018-07-12T08:29:01.262Z - [32minfo[39m: guid=144:uuid - receivedMessage:process
2018-07-12T08:29:01.262Z - [32minfo[39m: start[144] time[0] tag[metricTimeDiffFromMessageSendToDropoff]
2018-07-12T08:29:01.263Z - [32minfo[39m: start[144] time[488] tag[metricTimeDiffFromMessageSendToEnd]
2018-07-12T08:29:01.263Z - [32minfo[39m: start[144] time[488] tag[metricTimeDiffFromDropoffToEnd]
2018-07-12T08:29:01.263Z - [32minfo[39m: guid=145:uuid - receivedMessage:process
2018-07-12T08:29:01.263Z - [32minfo[39m: start[145] time[0] tag[metricTimeDiffFromMessageSendToDropoff]
2018-07-12T08:29:01.263Z - [32minfo[39m: start[145] time[489] tag[metricTimeDiffFromMessageSendToEnd]
2018-07-12T08:29:01.263Z - [32minfo[39m: start[145] time[489] tag[metricTimeDiffFromDropoffToEnd]
2018-07-12T08:29:01.264Z - [32minfo[39m: guid=146:uuid - receivedMessage:process
2018-07-12T08:29:01.264Z - [32minfo[39m: start[146] time[0] tag[metricTimeDiffFromMessageSendToDropoff]
2018-07-12T08:29:01.264Z - [32minfo[39m: start[146] time[489] tag[metricTimeDiffFromMessageSendToEnd]
2018-07-12T08:29:01.264Z - [32minfo[39m: start[146] time[489] tag[metricTimeDiffFromDropoffToEnd]
2018-07-12T08:29:01.264Z - [32minfo[39m: guid=147:uuid - receivedMessage:process
2018-07-12T08:29:01.264Z - [32minfo[39m: start[147] time[0] tag[metricTimeDiffFromMessageSendToDropoff]
2018-07-12T08:29:01.265Z - [32minfo[39m: start[147] time[489] tag[metricTimeDiffFromMessageSendToEnd]
2018-07-12T08:29:01.265Z - [32minfo[39m: start[147] time[489] tag[metricTimeDiffFromDropoffToEnd]
2018-07-12T08:29:01.265Z - [32minfo[39m: guid=148:uuid - receivedMessage:process
2018-07-12T08:29:01.265Z - [32minfo[39m: start[148] time[1] tag[metricTimeDiffFromMessageSendToDropoff]
2018-07-12T08:29:01.265Z - [32minfo[39m: start[148] time[490] tag[metricTimeDiffFromMessageSendToEnd]
2018-07-12T08:29:01.266Z - [32minfo[39m: start[148] time[489] tag[metricTimeDiffFromDropoffToEnd]
2018-07-12T08:29:01.266Z - [32minfo[39m: guid=149:uuid - receivedMessage:process
2018-07-12T08:29:01.266Z - [32minfo[39m: start[149] time[0] tag[metricTimeDiffFromMessageSendToDropoff]
2018-07-12T08:29:01.266Z - [32minfo[39m: start[149] time[490] tag[metricTimeDiffFromMessageSendToEnd]
2018-07-12T08:29:01.266Z - [32minfo[39m: start[149] time[490] tag[metricTimeDiffFromDropoffToEnd]
2018-07-12T08:29:01.267Z - [32minfo[39m: guid=150:uuid - receivedMessage:process
2018-07-12T08:29:01.267Z - [32minfo[39m: start[150] time[0] tag[metricTimeDiffFromMessageSendToDropoff]
2018-07-12T08:29:01.267Z - [32minfo[39m: start[150] time[490] tag[metricTimeDiffFromMessageSendToEnd]
2018-07-12T08:29:01.268Z - [32minfo[39m: start[150] time[490] tag[metricTimeDiffFromDropoffToEnd]
2018-07-12T08:29:01.268Z - [32minfo[39m: guid=151:uuid - receivedMessage:process
2018-07-12T08:29:01.268Z - [32minfo[39m: start[151] time[0] tag[metricTimeDiffFromMessageSendToDropoff]
2018-07-12T08:29:01.268Z - [32minfo[39m: start[151] time[491] tag[metricTimeDiffFromMessageSendToEnd]
2018-07-12T08:29:01.269Z - [32minfo[39m: start[151] time[491] tag[metricTimeDiffFromDropoffToEnd]
2018-07-12T08:29:01.269Z - [32minfo[39m: guid=152:uuid - receivedMessage:process
2018-07-12T08:29:01.269Z - [32minfo[39m: start[152] time[0] tag[metricTimeDiffFromMessageSendToDropoff]
2018-07-12T08:29:01.270Z - [32minfo[39m: start[152] time[491] tag[metricTimeDiffFromMessageSendToEnd]
2018-07-12T08:29:01.270Z - [32minfo[39m: start[152] time[491] tag[metricTimeDiffFromDropoffToEnd]
2018-07-12T08:29:01.270Z - [32minfo[39m: guid=153:uuid - receivedMessage:process
2018-07-12T08:29:01.270Z - [32minfo[39m: start[153] time[0] tag[metricTimeDiffFromMessageSendToDropoff]
2018-07-12T08:29:01.270Z - [32minfo[39m: start[153] time[492] tag[metricTimeDiffFromMessageSendToEnd]
2018-07-12T08:29:01.271Z - [32minfo[39m: start[153] time[492] tag[metricTimeDiffFromDropoffToEnd]
2018-07-12T08:29:01.271Z - [32minfo[39m: guid=154:uuid - receivedMessage:process
2018-07-12T08:29:01.271Z - [32minfo[39m: start[154] time[0] tag[metricTimeDiffFromMessageSendToDropoff]
2018-07-12T08:29:01.271Z - [32minfo[39m: start[154] time[492] tag[metricTimeDiffFromMessageSendToEnd]
2018-07-12T08:29:01.271Z - [32minfo[39m: start[154] time[492] tag[metricTimeDiffFromDropoffToEnd]
2018-07-12T08:29:01.272Z - [32minfo[39m: guid=155:uuid - receivedMessage:process
2018-07-12T08:29:01.272Z - [32minfo[39m: start[155] time[0] tag[metricTimeDiffFromMessageSendToDropoff]
2018-07-12T08:29:01.272Z - [32minfo[39m: start[155] time[493] tag[metricTimeDiffFromMessageSendToEnd]
2018-07-12T08:29:01.272Z - [32minfo[39m: start[155] time[493] tag[metricTimeDiffFromDropoffToEnd]
2018-07-12T08:29:01.273Z - [32minfo[39m: guid=156:uuid - receivedMessage:process
2018-07-12T08:29:01.273Z - [32minfo[39m: start[156] time[0] tag[metricTimeDiffFromMessageSendToDropoff]
2018-07-12T08:29:01.273Z - [32minfo[39m: start[156] time[493] tag[metricTimeDiffFromMessageSendToEnd]
2018-07-12T08:29:01.273Z - [32minfo[39m: start[156] time[49